Unknown:
\\chips.eng.utah.edu\home\banerji\.win_desktop\Metamaterials and Advanced Antenna Theory (2017)\proj1\proj1\Result\Model.inf
\\chips.eng.utah.edu\home\banerji\.win_desktop\Metamaterials and Advanced Antenna Theory (2017)\proj1\proj1\Result\Model.log
\\chips.eng.utah.edu\home\banerji\.win_desktop\Metamaterials and Advanced Antenna Theory (2017)\proj1\proj1\Result\Model.pmi
\\chips.eng.utah.edu\home\banerji\.win_desktop\Metamaterials and Advanced Antenna Theory (2017)\proj1\proj1\Result\MCalc.log
\\chips.eng.utah.edu\home\banerji\.win_desktop\Metamaterials and Advanced Antenna Theory (2017)\proj1\proj1\Result\m^fifx.dsc
\\chips.eng.utah.edu\home\banerji\.win_desktop\Metamaterials and Advanced Antenna Theory (2017)\proj1\proj1\Result\m^fqq.dsc
\\chips.eng.utah.edu\home\banerji\.win_desktop\Metamaterials and Advanced Antenna Theory (2017)\proj1\proj1\Result\Model.axg
\\chips.eng.utah.edu\home\banerji\.win_desktop\Metamaterials and Advanced Antenna Theory (2017)\proj1\proj1\Result\3d.slm
\\chips.eng.utah.edu\home\banerji\.win_desktop\Metamaterials and Advanced Antenna Theory (2017)\proj1\proj1\Result\Port2_1.m2d
\\chips.eng.utah.edu\home\banerji\.win_desktop\Metamaterials and Advanced Antenna Theory (2017)\proj1\proj1\Result\m^ppex.dsc
\\chips.eng.utah.edu\home\banerji\.win_desktop\Metamaterials and Advanced Antenna Theory (2017)\proj1\proj1\Result\Model.ddi
\\chips.eng.utah.edu\home\banerji\.win_desktop\Metamaterials and Advanced Antenna Theory (2017)\proj1\proj1\Result\Port1_1.m2d
\\chips.eng.utah.edu\home\banerji\.win_desktop\Metamaterials and Advanced Antenna Theory (2017)\proj1\proj1\Result\adapt_Port2_e1.prt
\\chips.eng.utah.edu\home\banerji\.win_desktop\Metamaterials and Advanced Antenna Theory (2017)\proj1\proj1\Result\MCalc.ddi
\\chips.eng.utah.edu\home\banerji\.win_desktop\Metamaterials and Advanced Antenna Theory (2017)\proj1\proj1\Result\m^fb.dsc
\\chips.eng.utah.edu\home\banerji\.win_desktop\Metamaterials and Advanced Antenna Theory (2017)\proj1\proj1\Result\p^a.dsc
\\chips.eng.utah.edu\home\banerji\.win_desktop\Metamaterials and Advanced Antenna Theory (2017)\proj1\proj1\Result\Model.elg
\\chips.eng.utah.edu\home\banerji\.win_desktop\Metamaterials and Advanced Antenna Theory (2017)\proj1\proj1\Result\adapt_Port1_e1.prt
\\chips.eng.utah.edu\home\banerji\.win_desktop\Metamaterials and Advanced Antenna Theory (2017)\proj1\proj1\Result\adapt_Port1_h1.prt
\\chips.eng.utah.edu\home\banerji\.win_desktop\Metamaterials and Advanced Antenna Theory (2017)\proj1\proj1\Result\adapt_Port2_h1.prt
\\chips.eng.utah.edu\home\banerji\.win_desktop\Metamaterials and Advanced Antenna Theory (2017)\proj1\proj1\Result\Postprocessing.log
\\chips.eng.utah.edu\home\banerji\.win_desktop\Metamaterials and Advanced Antenna Theory (2017)\proj1\proj1\Result\Model.mlg
Mesh:
\\chips.eng.utah.edu\home\banerji\.win_desktop\Metamaterials and Advanced Antenna Theory (2017)\proj1\proj1\Result\Model.mss
\\chips.eng.utah.edu\home\banerji\.win_desktop\Metamaterials and Advanced Antenna Theory (2017)\proj1\proj1\Result\Model.ntr
\\chips.eng.utah.edu\home\banerji\.win_desktop\Metamaterials and Advanced Antenna Theory (2017)\proj1\proj1\Result\mesher_shapes.fsi
\\chips.eng.utah.edu\home\banerji\.win_desktop\Metamaterials and Advanced Antenna Theory (2017)\proj1\proj1\Result\Rho.mat
\\chips.eng.utah.edu\home\banerji\.win_desktop\Metamaterials and Advanced Antenna Theory (2017)\proj1\proj1\Result\Model.xcfd
\\chips.eng.utah.edu\home\banerji\.win_desktop\Metamaterials and Advanced Antenna Theory (2017)\proj1\proj1\Result\dsd.mat
\\chips.eng.utah.edu\home\banerji\.win_desktop\Metamaterials and Advanced Antenna Theory (2017)\proj1\proj1\Result\m^fqq.mem
\\chips.eng.utah.edu\home\banerji\.win_desktop\Metamaterials and Advanced Antenna Theory (2017)\proj1\proj1\Result\Model.fmm
\\chips.eng.utah.edu\home\banerji\.win_desktop\Metamaterials and Advanced Antenna Theory (2017)\proj1\proj1\Result\Model.fwf
\\chips.eng.utah.edu\home\banerji\.win_desktop\Metamaterials and Advanced Antenna Theory (2017)\proj1\proj1\Result\MCalc.fmp
\\chips.eng.utah.edu\home\banerji\.win_desktop\Metamaterials and Advanced Antenna Theory (2017)\proj1\proj1\Result\Port1.wgi
\\chips.eng.utah.edu\home\banerji\.win_desktop\Metamaterials and Advanced Antenna Theory (2017)\proj1\proj1\Result\Model.spi
\\chips.eng.utah.edu\home\banerji\.win_desktop\Metamaterials and Advanced Antenna Theory (2017)\proj1\proj1\Result\Model.fmf
\\chips.eng.utah.edu\home\banerji\.win_desktop\Metamaterials and Advanced Antenna Theory (2017)\proj1\proj1\Result\Model^PEC.fpf
\\chips.eng.utah.edu\home\banerji\.win_desktop\Metamaterials and Advanced Antenna Theory (2017)\proj1\proj1\Result\p^a.mem
\\chips.eng.utah.edu\home\banerji\.win_desktop\Metamaterials and Advanced Antenna Theory (2017)\proj1\proj1\Result\Model.fpc
\\chips.eng.utah.edu\home\banerji\.win_desktop\Metamaterials and Advanced Antenna Theory (2017)\proj1\proj1\Result\Meta.m2h
\\chips.eng.utah.edu\home\banerji\.win_desktop\Metamaterials and Advanced Antenna Theory (2017)\proj1\proj1\Result\HexMatrix_MCalc.m2h
\\chips.eng.utah.edu\home\banerji\.win_desktop\Metamaterials and Advanced Antenna Theory (2017)\proj1\proj1\Result\S2HMatrix.m2h
\\chips.eng.utah.edu\home\banerji\.win_desktop\Metamaterials and Advanced Antenna Theory (2017)\proj1\proj1\Result\Port2.wgi
\\chips.eng.utah.edu\home\banerji\.win_desktop\Metamaterials and Advanced Antenna Theory (2017)\proj1\proj1\Result\Meta.mat
\\chips.eng.utah.edu\home\banerji\.win_desktop\Metamaterials and Advanced Antenna Theory (2017)\proj1\proj1\Result\PEC.mat
\\chips.eng.utah.edu\home\banerji\.win_desktop\Metamaterials and Advanced Antenna Theory (2017)\proj1\proj1\Result\dA.mat
\\chips.eng.utah.edu\home\banerji\.win_desktop\Metamaterials and Advanced Antenna Theory (2017)\proj1\proj1\Result\ds.mat
\\chips.eng.utah.edu\home\banerji\.win_desktop\Metamaterials and Advanced Antenna Theory (2017)\proj1\proj1\Result\dad.mat
\\chips.eng.utah.edu\home\banerji\.win_desktop\Metamaterials and Advanced Antenna Theory (2017)\proj1\proj1\Result\dsMCalc.mat
\\chips.eng.utah.edu\home\banerji\.win_desktop\Metamaterials and Advanced Antenna Theory (2017)\proj1\proj1\Result\HexMatrix.m2h
\\chips.eng.utah.edu\home\banerji\.win_desktop\Metamaterials and Advanced Antenna Theory (2017)\proj1\proj1\Result\Meta.spi
\\chips.eng.utah.edu\home\banerji\.win_desktop\Metamaterials and Advanced Antenna Theory (2017)\proj1\proj1\Result\p1.spi
\\chips.eng.utah.edu\home\banerji\.win_desktop\Metamaterials and Advanced Antenna Theory (2017)\proj1\proj1\Result\p2.spi
\\chips.eng.utah.edu\home\banerji\.win_desktop\Metamaterials and Advanced Antenna Theory (2017)\proj1\proj1\Result\Meta.wgi
\\chips.eng.utah.edu\home\banerji\.win_desktop\Metamaterials and Advanced Antenna Theory (2017)\proj1\proj1\Result\MCalc.xcfd
\\chips.eng.utah.edu\home\banerji\.win_desktop\Metamaterials and Advanced Antenna Theory (2017)\proj1\proj1\Result\p^m.mem
\\chips.eng.utah.edu\home\banerji\.win_desktop\Metamaterials and Advanced Antenna Theory (2017)\proj1\proj1\Result\Mue.mat
\\chips.eng.utah.edu\home\banerji\.win_desktop\Metamaterials and Advanced Antenna Theory (2017)\proj1\proj1\Result\Eps.mat
\\chips.eng.utah.edu\home\banerji\.win_desktop\Metamaterials and Advanced Antenna Theory (2017)\proj1\proj1\Result\Kappa.mat
\\chips.eng.utah.edu\home\banerji\.win_desktop\Metamaterials and Advanced Antenna Theory (2017)\proj1\proj1\Result\s^pm.mem
