The power loss curve (1D) will be computed using some subvolume electric 3D
field monitors. Only the losses in the corresponding volume will be taken into
account.

--------------------------------------------------------------------------------
*** Warning ***

This software is licensed for educational purposes only.

--------------------------------------------------------------------------------
Build version: 2016.7 Release from 2016-11-11 (change 480100)

Starting adaptive port meshing.

--------------------------------------------------------------------------------
Mode calculation for port 1:

--------------------------------------------------------------------------------

--------------------------------------------------------------------------------

--------------------------------------------------------------------------------
*** Warning ***

Waveguide port 1 touches transversal open boundary! This may lead to inaccurate
results. Please check your structure.

--------------------------------------------------------------------------------
Port mode solver: Detected dispersive material(s) at port 1. 
Using a constant approximation of dispersive material(s) at 20 GHz and
neglecting loss terms. 

--------------------------------------------------------------------------------
  -------------------------------- F-Calc 20 ---------------------------------
  Port   Mode   Type        Z-Wave        Z-Wave-Sigma  Z-Line        F-Cutoff
  1      1      QTEM        242           0             54.8          ---
  ----------------------------------------------------------------------------

*** Warning ***

Some higher order propagating modes at port 1 are not considered in time domain
calculation. This possibly leads to an inaccurate energy balance. Consider to
increase the number of modes or decrease the upper frequency limit. More...

--------------------------------------------------------------------------------
Pass 1 successfully completed. 

--------------------------------------------------------------------------------

--------------------------------------------------------------------------------
  -------------------------------- F-Calc 20 ---------------------------------
  Port   Mode   Type        Z-Wave        Z-Wave-Sigma  Z-Line        F-Cutoff
  1      1      QTEM        256           6.46          55            ---
  ----------------------------------------------------------------------------

Pass 2 successfully completed. Delta (Line Imp.): 0.340685%

--------------------------------------------------------------------------------

--------------------------------------------------------------------------------
  -------------------------------- F-Calc 20 ---------------------------------
  Port   Mode   Type        Z-Wave        Z-Wave-Sigma  Z-Line        F-Cutoff
  1      1      QTEM        271           0             55.1          ---
  ----------------------------------------------------------------------------

Pass 3 successfully completed. Delta (Line Imp.): 0.130244%
Mode calculation for port 2:

--------------------------------------------------------------------------------

--------------------------------------------------------------------------------

--------------------------------------------------------------------------------
*** Warning ***

Waveguide port 2 touches transversal open boundary! This may lead to inaccurate
results. Please check your structure.

--------------------------------------------------------------------------------
Port mode solver: Detected dispersive material(s) at port 2. 
Using a constant approximation of dispersive material(s) at 20 GHz and
neglecting loss terms. 

--------------------------------------------------------------------------------
  -------------------------------- F-Calc 20 ---------------------------------
  Port   Mode   Type        Z-Wave        Z-Wave-Sigma  Z-Line        F-Cutoff
  2      1      QTEM        242           0             54.8          ---
  ----------------------------------------------------------------------------

*** Warning ***

Some higher order propagating modes at port 2 are not considered in time domain
calculation. This possibly leads to an inaccurate energy balance. Consider to
increase the number of modes or decrease the upper frequency limit. More...

--------------------------------------------------------------------------------
Pass 1 successfully completed. 

--------------------------------------------------------------------------------

--------------------------------------------------------------------------------
  -------------------------------- F-Calc 20 ---------------------------------
  Port   Mode   Type        Z-Wave        Z-Wave-Sigma  Z-Line        F-Cutoff
  2      1      QTEM        256           6.46          55            ---
  ----------------------------------------------------------------------------

Pass 2 successfully completed. Delta (Line Imp.): 0.340685%

--------------------------------------------------------------------------------

--------------------------------------------------------------------------------
  -------------------------------- F-Calc 20 ---------------------------------
  Port   Mode   Type        Z-Wave        Z-Wave-Sigma  Z-Line        F-Cutoff
  2      1      QTEM        271           0             55.1          ---
  ----------------------------------------------------------------------------

Pass 3 successfully completed. Delta (Line Imp.): 0.130244%
Adaptive port meshing finished. 

--------------------------------------------------------------------------------
The power loss curve (1D) will be computed using some subvolume electric 3D
field monitors. Only the losses in the corresponding volume will be taken into
account.

--------------------------------------------------------------------------------

Solver started at: 12:53 AM Wednesday, 06. December 2017

  Module:  Time Domain: S-Parameter (Win 64)
  Version: 2016.7 Release from 2016-11-11 (change 480100)


--------------------------------------------------------------------------------

--------------------------------------------------------------------------------
======================================================================
 Solver cycle: 1
======================================================================

Stimulation at port 1 (mode 1) 


--------------------------------------------------------------------------------
Units settings: 

  Dimensions: mm
  Frequency:  GHz
  Time:       ns

--------------------------------------------------------------------------------
Mesh statistics:

   Hexahedral mesh type: FPBA [accuracy enhancement is enabled]

   Parallelization type: domain decomposition
      Number of parallel working threads: 2
      Number of calculation domains used: 2

   Used point accuracy enhancement value: 3.00%.
   PBA fill limit: 85.37% (inverse)


--------------------------------------------------------------------------------
*** Warning ***

Waveguide port 1 touches transversal open boundary! This may lead to inaccurate
results. Please check your structure.

--------------------------------------------------------------------------------
*** Warning ***

Waveguide port 2 touches transversal open boundary! This may lead to inaccurate
results. Please check your structure.

--------------------------------------------------------------------------------
Port mode solver: Detected dispersive material(s) at port 1, 2. 
Using a constant approximation of dispersive material(s) at 20 GHz and
neglecting loss terms. 

--------------------------------------------------------------------------------
Boundary conditions: 

  YZsymmetry: magnetic
  XZsymmetry: none
  XYsymmetry: none

  Xmin: expanded open
  Xmax: expanded open, 4 Layer, depth 1.7713 mm

  Ymin: expanded open, 4 Layer, depth 1.78461 mm
  Ymax: expanded open, 4 Layer, depth 1.98571 mm

  Zmin: open, 4 Layer, depth 1.07169 mm
  Zmax: open, 4 Layer, depth 1.07169 mm

  PML-Type: Convolution PML

--------------------------------------------------------------------------------
Frequency settings: 

  Fmin:         0
  Fmax:         40
  Nfsteps(lin): 1001

--------------------------------------------------------------------------------
Waveguide boundaries:

Port: 1

  -------------------------------- F-Calc 20 ---------------------------------
  Port   Mode   Type        Z-Wave        Z-Wave-Sigma  Z-Line        F-Cutoff
  1      1      QTEM        242           0             55.1          ---
  ----------------------------------------------------------------------------

Port: 2

  -------------------------------- F-Calc 20 ---------------------------------
  Port   Mode   Type        Z-Wave        Z-Wave-Sigma  Z-Line        F-Cutoff
  2      1      QTEM        242           0             55.1          ---
  ----------------------------------------------------------------------------

*** Warning ***

Some higher order propagating modes at port 1 are not considered in time domain
calculation. This possibly leads to an inaccurate energy balance. Consider to
increase the number of modes or decrease the upper frequency limit. More...

--------------------------------------------------------------------------------
*** Warning ***

Some higher order propagating modes at port 2 are not considered in time domain
calculation. This possibly leads to an inaccurate energy balance. Consider to
increase the number of modes or decrease the upper frequency limit. More...

--------------------------------------------------------------------------------
Field update statistics:

  Number of components in total: 	1033067
  Number of lossy metal components:	23754
  Number of disp. elements:		89598

Subcycling state:      Automatically deactivated

--------------------------------------------------------------------------------

--------------------------------------------------------------------------------

--------------------------------------------------------------------------------
Steady state energy criterion met, solver finished successfully.

--------------------------------------------------------------------------------
Frequency domain results normalized to default signal.

--------------------------------------------------------------------------------

  ----------------------------------------------------------------------------
                      Peak memory used (kB)         Free physical memory (kB) 
                                                    At begin     Minimum      
  ----------------------------------------------------------------------------
  Matrices calc.      239692                        -900719925474099212050764  
  
  Solver run total    230936                        12307572     12074400     
  ----------------------------------------------------------------------------

--------------------------------------------------------------------------------
Solver Statistics:

  Hardware:
     Computer name:                 	ECELAB23 

     Number of CPU threads:             4
     Hardware info:                  	Hardware acceleration not activated

  Number of mesh cells:             	166158
  Excitation duration:              	8.88637187e-002 ns 
  Calculation time for excitation:  	3      	s
  Number of calculated pulse widths:	17.1547 
  Steady state accuracy limit:      	-40	dB 
  Simulated number of time steps:   	12060  
  Maximum number of time steps:     	14060  
  Time step width:
     without subcycles:             	1.26404165e-004 ns
     used:                          	1.26404165e-004 ns

  Matrix calculation time:          	32     	s
  Solver setup time:                	6      	s
  Solver loop time:                 	54     	s
  Solver post processing time:      	3      	s
                                    	------------
  Total solver time:                	95     	s  ( = 0 h, 1 m, 35 s )

--------------------------------------------------------------------------------

  Adaptive port meshing time:       	45     	s
  Total solver time (all cycles):   	96     	s  ( = 0 h, 1 m, 36 s )
                                    	------------
  Total simulation time:            	141    	s  ( = 0 h, 2 m, 21 s )

--------------------------------------------------------------------------------
Solver finished at: 12:55 AM Wednesday, 06. December 2017


--------------------------------------------------------------------------------
Parametric 1D storage is switched off.

--------------------------------------------------------------------------------
