*** Warning ***

This software is licensed for educational purposes only.

--------------------------------------------------------------------------------
Build version: 2016.7 Release from 2016-11-11 (change 480100)

Starting adaptive port meshing.

--------------------------------------------------------------------------------
Mode calculation for port 1:

--------------------------------------------------------------------------------

--------------------------------------------------------------------------------

--------------------------------------------------------------------------------
  ------------------------------- F-Calc 12.5 --------------------------------
  Port   Mode   Type        Z-Wave        Z-Wave-Sigma  Z-Line        F-Cutoff
  1      1      TEM         377           8.61e-006     395           0.0
  ----------------------------------------------------------------------------

Pass 1 successfully completed. 

--------------------------------------------------------------------------------

--------------------------------------------------------------------------------
  ------------------------------- F-Calc 12.5 --------------------------------
  Port   Mode   Type        Z-Wave        Z-Wave-Sigma  Z-Line        F-Cutoff
  1      1      TEM         377           8.77e-006     395           0.0
  ----------------------------------------------------------------------------

