Port monitor named: Port1_e1.prt

nx        = 17
ny        = 49
nz        = 3

nu        = 17
nv        = 49
iu        = 1
iv        = 1

idir      = 2
dcut      = -4.666667e-003
icut      = 1
type      = 0
frequency = 1.250000e+010

fcutoff   = 0.000000e+000
alpha     = 0.000000e+000
beta      = 2.619806e+002
accuracy  = 3.008309e-014

type          = TEM
wave imp.     = 3.767303e+002
wave imp.sig. = 8.768547e-006
line imp.     = 3.945110e+002

ref. port     = 0

0.000000e+000  0.000000e+000  0.000000e+000  0.000000e+000  0.000000e+000  0.000000e+000  0.000000e+000  0.000000e+000  0.000000e+000  0.000000e+000  0.000000e+000  0.000000e+000  0.000000e+000  0.000000e+000  0.000000e+000  0.000000e+000  0.000000e+000  
1.406838e-007  2.710347e-007  -6.554170e-007  -5.876645e-006  3.064124e-005  -1.025134e-005  -6.817566e-006  -5.177239e-006  -1.463924e-005  -1.146226e-005  -1.670819e-005  2.159067e-005  -1.999651e-005  1.991642e-006  -1.166983e-005  -2.364591e-006  0.000000e+000  
2.852456e-007  5.692073e-007  -1.200547e-006  -1.302012e-005  6.580951e-005  -2.463045e-005  -1.344209e-005  -9.249439e-006  -3.029609e-005  -2.228843e-005  -3.598159e-005  4.591087e-005  -4.420182e-005  6.470557e-006  -2.388999e-005  -4.637674e-006  0.000000e+000  
4.371653e-007  9.201178e-007  -1.487606e-006  -2.291235e-005  1.108984e-004  -4.852555e-005  -1.931360e-005  -1.080511e-005  -4.828752e-005  -3.147581e-005  -6.092705e-005  7.610831e-005  -7.776909e-005  1.662160e-005  -3.730462e-005  -6.711250e-006  0.000000e+000  
5.991353e-007  1.345259e-006  -1.286322e-006  -3.750546e-005  1.732315e-004  -9.021654e-005  -2.295660e-005  -7.766903e-006  -7.062927e-005  -3.716951e-005  -9.585760e-005  1.162465e-004  -1.279518e-004  3.719832e-005  -5.276883e-005  -8.441462e-006  0.000000e+000  
8.088255e-007  1.969920e-006  9.372355e-008  -1.815163e-005  9.816140e-005  -2.886490e-005  -1.992988e-005  -2.980087e-005  -6.413792e-005  -3.481633e-005  -3.925873e-005  7.597919e-005  -5.422902e-005  2.502159e-005  -4.534298e-005  -9.793298e-006  0.000000e+000  
1.035398e-006  2.706895e-006  2.079069e-006  -4.667921e-006  4.353717e-005  1.429112e-005  -1.398822e-005  -4.851293e-005  -6.489915e-005  -2.879147e-005  7.458900e-006  4.778953e-005  -6.806432e-007  2.737624e-005  -4.164238e-005  -1.068547e-005  0.000000e+000  
1.276736e-006  3.528895e-006  4.290690e-006  6.413091e-006  -4.920110e-006  5.796001e-005  -7.078531e-006  -7.026091e-005  -7.152634e-005  -2.278213e-005  5.482946e-005  2.397019e-005  4.552414e-005  3.826233e-005  -4.148309e-005  -1.130161e-005  0.000000e+000  
1.529216e-006  4.406005e-006  6.451999e-006  1.807881e-005  -6.034822e-005  1.200315e-004  -4.565442e-007  -1.016234e-004  -8.360402e-005  -1.991198e-005  1.131566e-004  -2.424949e-006  9.439387e-005  5.443548e-005  -4.525463e-005  -1.169953e-005  0.000000e+000  
1.830508e-006  5.461941e-006  8.515273e-006  1.091136e-005  -1.807607e-005  8.587243e-005  3.473088e-006  -7.407792e-005  -6.187571e-005  -2.603424e-005  1.231834e-005  6.717680e-005  5.741686e-005  7.702053e-005  -5.563522e-005  -1.179473e-005  0.000000e+000  
2.133272e-006  6.546641e-006  1.061125e-005  5.605425e-006  7.750098e-006  8.741015e-005  6.391511e-006  -6.502725e-005  -4.344870e-005  -3.252394e-005  -8.892804e-005  1.410398e-004  1.628738e-005  1.163507e-004  -7.456788e-005  -1.110527e-005  0.000000e+000  
2.501357e-006  7.926550e-006  1.386494e-005  1.477400e-005  1.555762e-005  4.675027e-005  7.224096e-006  -3.146313e-005  -2.675196e-005  -2.678511e-005  -4.443278e-005  8.523500e-005  3.088727e-005  6.211979e-005  -3.909364e-005  -7.996841e-006  0.000000e+000  
2.836613e-006  9.266581e-006  1.750944e-005  2.393966e-005  1.701555e-005  2.763927e-005  7.783422e-006  -1.189891e-005  -8.875931e-006  -1.702106e-005  -2.619238e-005  4.841009e-005  2.823901e-005  3.178035e-005  -1.366703e-005  -3.974519e-006  0.000000e+000  
3.113066e-006  1.046574e-005  2.129478e-005  3.425490e-005  1.528151e-005  1.795006e-005  8.286233e-006  3.568452e-007  1.161325e-005  -7.022525e-006  -2.283293e-005  2.135173e-005  2.113770e-005  9.631493e-006  7.506365e-006  1.533006e-007  0.000000e+000  
3.301981e-006  1.139477e-005  2.491453e-005  4.735813e-005  1.027860e-005  1.215062e-005  8.224110e-006  6.687507e-006  3.916059e-005  2.330372e-006  -3.065866e-005  -1.141470e-006  1.678321e-005  -1.495943e-005  2.895324e-005  3.854737e-006  0.000000e+000  
3.375206e-006  1.190209e-005  2.784086e-005  6.568578e-005  -4.200688e-007  8.150715e-006  7.383558e-006  2.875413e-006  8.320065e-005  1.080549e-005  -5.108149e-005  -2.246256e-005  2.330719e-005  -5.431917e-005  5.546173e-005  6.503956e-006  0.000000e+000  
3.310389e-006  1.183347e-005  2.906496e-005  9.315913e-005  -2.235735e-005  6.784199e-006  7.761501e-006  -2.625610e-005  1.637620e-004  1.687933e-005  -9.055113e-005  -4.559760e-005  5.677936e-005  -1.301821e-004  9.378985e-005  6.977835e-006  0.000000e+000  
2.975666e-006  1.061763e-005  2.473267e-005  5.322473e-005  -3.961721e-006  1.605824e-005  2.716241e-005  3.860076e-005  2.848288e-005  1.037566e-005  -4.275985e-006  -6.684886e-005  -8.017513e-006  -1.092259e-005  5.939146e-006  3.343672e-007  0.000000e+000  
2.388082e-006  8.433628e-006  1.825007e-005  2.788351e-005  -9.305528e-006  2.908696e-005  4.635382e-005  1.164113e-004  -1.036754e-004  2.352087e-006  9.619524e-005  -1.122510e-004  -5.127406e-005  1.017465e-004  -7.864027e-005  -6.883999e-006  0.000000e+000  
1.475925e-006  5.218820e-006  1.081660e-005  1.457062e-005  2.219919e-006  1.696668e-005  2.744095e-005  3.568232e-005  -2.766194e-005  -2.481125e-007  2.531239e-005  -5.328861e-005  -2.324684e-005  2.454420e-005  -3.875500e-005  -6.828132e-006  0.000000e+000  
4.067772e-007  1.635893e-006  3.749028e-006  4.963587e-006  1.427601e-006  6.607169e-006  1.038558e-005  9.847257e-006  -7.885074e-006  -1.766651e-006  3.751121e-006  -2.293994e-005  -1.108477e-005  2.971998e-006  -1.684722e-005  -3.948646e-006  0.000000e+000  
-7.448429e-007  -2.122476e-006  -3.140207e-006  -3.554725e-006  -3.397916e-006  -3.216663e-006  -3.078779e-006  -2.988036e-006  -2.942908e-006  -2.934631e-006  -2.907127e-006  -2.746751e-006  -2.214568e-006  -1.742769e-006  -1.016770e-006  -2.962402e-007  0.000000e+000  
-1.918701e-006  -5.952271e-006  -1.014916e-005  -1.219289e-005  -8.262001e-006  -1.302646e-005  -1.650392e-005  -1.578206e-005  2.023092e-006  -4.113832e-006  -9.619520e-006  1.734730e-005  6.606288e-006  -6.465078e-006  1.485193e-005  3.375955e-006  0.000000e+000  
-3.053627e-006  -9.749655e-006  -1.758542e-005  -2.217902e-005  -9.168130e-006  -2.332745e-005  -3.342240e-005  -4.147841e-005  2.188085e-005  -5.661445e-006  -3.134858e-005  4.737353e-005  1.861713e-005  -2.805293e-005  3.688673e-005  6.318074e-006  0.000000e+000  
-4.071704e-006  -1.332085e-005  -2.566512e-005  -3.619588e-005  2.174071e-006  -3.528752e-005  -5.203702e-005  -1.219259e-004  9.805973e-005  -8.291788e-006  -1.025262e-004  1.057042e-004  4.638540e-005  -1.052540e-004  7.702715e-005  6.488825e-006  0.000000e+000  
-4.777575e-006  -1.592298e-005  -3.297111e-005  -6.252219e-005  -3.378086e-006  -2.193258e-005  -3.235148e-005  -4.369498e-005  -3.385373e-005  -1.630973e-005  -2.419269e-006  5.935068e-005  2.823904e-006  7.475472e-006  -7.166873e-006  -5.762225e-007  0.000000e+000  
-5.245598e-006  -1.764226e-005  -3.840708e-005  -1.039538e-004  1.476427e-005  -1.197751e-005  -1.208628e-005  2.179978e-005  -1.687727e-004  -2.272069e-005  8.342158e-005  3.652822e-005  -6.230079e-005  1.269197e-004  -9.440235e-005  -7.007885e-006  0.000000e+000  
-5.406202e-006  -1.810532e-005  -3.817151e-005  -7.805302e-005  -7.401911e-006  -1.239419e-005  -1.069654e-005  -6.726577e-006  -8.788977e-005  -1.645523e-005  4.368435e-005  1.158249e-005  -2.896259e-005  5.133217e-005  -5.541765e-005  -6.343609e-006  0.000000e+000  
-5.420199e-006  -1.799591e-005  -3.639619e-005  -6.188286e-005  -1.842014e-005  -1.475218e-005  -1.004692e-005  -9.860001e-006  -4.351701e-005  -7.608696e-006  2.319152e-005  -1.245035e-005  -2.228704e-005  1.240459e-005  -2.801505e-005  -3.477553e-006  0.000000e+000  
-5.299354e-006  -1.743390e-005  -3.407023e-005  -5.177273e-005  -2.397648e-005  -1.762268e-005  -7.925611e-006  -2.938736e-006  -1.572075e-005  2.405126e-006  1.584523e-005  -3.912553e-005  -2.576189e-005  -1.160402e-005  -5.358314e-006  4.524197e-007  0.000000e+000  
-5.059165e-006  -1.652208e-005  -3.166141e-005  -4.564724e-005  -2.686999e-005  -2.188469e-005  -4.270120e-006  9.402203e-006  4.754425e-006  1.348972e-005  2.099097e-005  -7.284137e-005  -3.028119e-005  -3.319366e-005  1.745072e-005  4.788755e-006  0.000000e+000  
-4.714496e-006  -1.532458e-005  -2.934223e-005  -4.237103e-005  -2.810825e-005  -3.049764e-005  6.694219e-007  2.757650e-005  2.207749e-005  2.485632e-005  4.393157e-005  -1.206276e-004  -2.650834e-005  -6.366026e-005  4.511196e-005  8.938448e-006  0.000000e+000  
-4.278049e-006  -1.386229e-005  -2.709989e-005  -4.144599e-005  -2.680981e-005  -4.992666e-005  6.996507e-006  5.614766e-005  3.739788e-005  3.249891e-005  9.943286e-005  -1.951142e-004  3.035491e-006  -1.206708e-004  8.373786e-005  1.198101e-005  0.000000e+000  
-3.871255e-006  -1.248768e-005  -2.524349e-005  -5.556614e-005  -1.289885e-005  -1.442083e-005  1.388287e-005  5.537383e-005  5.423845e-005  2.679129e-005  1.669837e-005  -1.464771e-004  -1.258934e-005  -8.925457e-005  6.847263e-005  1.233260e-005  0.000000e+000  
-3.420977e-006  -1.090710e-005  -2.251302e-005  -7.375959e-005  5.125111e-006  1.491072e-005  1.801879e-005  6.346957e-005  7.491449e-005  1.854425e-005  -4.960619e-005  -1.174926e-004  -1.048152e-006  -8.601792e-005  6.353132e-005  1.146463e-005  0.000000e+000  
-2.823962e-006  -8.684850e-006  -1.645897e-005  -3.933323e-005  -3.191635e-006  1.357943e-006  1.101148e-005  3.609373e-005  4.198742e-005  1.077264e-005  -3.023383e-005  -7.226594e-005  -2.479120e-005  -4.733769e-005  3.385760e-005  8.853054e-006  0.000000e+000  
-2.210955e-006  -6.318940e-006  -9.271070e-006  -9.902628e-006  -7.419633e-006  -1.401064e-005  -8.519627e-007  1.492138e-005  1.736970e-005  5.163250e-006  -1.295579e-005  -3.598287e-005  -3.508248e-005  -2.659146e-005  1.197625e-005  5.814714e-006  0.000000e+000  
-1.621520e-006  -4.039822e-006  -2.257421e-006  1.925533e-005  -9.984763e-006  -3.529210e-005  -1.353837e-005  -1.988858e-006  -3.964150e-006  8.594838e-007  4.134606e-006  -2.078068e-006  -4.720462e-005  -9.873027e-006  -6.537937e-006  3.096097e-006  0.000000e+000  
-1.094014e-006  -2.076129e-006  3.274701e-006  5.268083e-005  -1.152864e-005  -7.022143e-005  -2.301302e-005  -1.469714e-005  -2.683789e-005  -3.102338e-006  2.297708e-005  3.574116e-005  -7.583212e-005  1.505691e-005  -2.535543e-005  1.302885e-006  0.000000e+000  
-7.314628e-007  -8.287210e-007  5.335561e-006  3.258781e-005  2.073614e-005  -7.968834e-005  -2.168741e-005  1.798087e-005  7.219266e-006  -6.709548e-006  -4.387815e-005  5.429100e-005  -6.866968e-005  -4.442192e-006  -1.408007e-005  1.106567e-006  0.000000e+000  
-4.368642e-007  1.071271e-007  6.347130e-006  1.456315e-005  6.523590e-005  -1.191357e-004  -1.653819e-005  6.097860e-005  4.160072e-005  -6.916125e-006  -1.269452e-004  8.748642e-005  -8.549819e-005  -1.299091e-005  -3.891075e-006  1.584441e-006  0.000000e+000  
-2.395184e-007  6.864147e-007  7.140257e-006  1.900054e-005  1.011122e-005  -5.919883e-005  -7.900692e-006  3.918536e-005  3.847501e-005  1.304564e-006  -6.047317e-005  3.899797e-005  -3.028645e-005  -1.209550e-005  5.099590e-006  2.265235e-006  0.000000e+000  
-9.412568e-008  1.061291e-006  7.733465e-006  2.427358e-005  -3.878637e-005  -1.638569e-005  1.389684e-006  2.479086e-005  3.930736e-005  1.220119e-005  -8.831473e-006  -1.197207e-006  1.695229e-005  -1.042521e-005  1.483206e-005  2.994869e-006  0.000000e+000  
0.000000e+000  1.232167e-006  7.961775e-006  3.297497e-005  -9.418802e-005  2.663677e-005  9.808059e-006  1.197232e-005  4.480549e-005  2.243734e-005  3.990040e-005  -4.191641e-005  6.888414e-005  -1.384776e-005  2.587511e-005  3.556123e-006  0.000000e+000  
5.189915e-008  1.199700e-006  7.513992e-006  4.828139e-005  -1.701633e-004  8.825766e-005  1.528252e-005  -5.150156e-006  5.662205e-005  2.834203e-005  9.720383e-005  -9.211822e-005  1.397449e-004  -2.984976e-005  3.908597e-005  3.679492e-006  0.000000e+000  
6.434110e-008  1.026706e-006  6.167636e-006  3.070691e-005  -1.086071e-004  4.695956e-005  1.362338e-005  1.477839e-006  3.818914e-005  2.519308e-005  6.228625e-005  -5.894136e-005  8.676892e-005  -1.161817e-005  2.762955e-005  3.165351e-006  0.000000e+000  
5.537470e-008  7.464093e-007  4.323146e-006  1.808400e-005  -6.429134e-005  2.354676e-005  9.683298e-006  3.196139e-006  2.375502e-005  1.826149e-005  3.703559e-005  -3.488764e-005  5.024686e-005  -3.349190e-006  1.770878e-005  2.288598e-006  0.000000e+000  
3.150701e-008  3.920098e-007  2.217136e-006  8.369677e-006  -2.988583e-005  9.698789e-006  4.949240e-006  2.198792e-006  1.142552e-005  9.497274e-006  1.727608e-005  -1.620146e-005  2.302734e-005  -4.901366e-007  8.657819e-006  1.195018e-006  0.000000e+000  
0.000000e+000  0.000000e+000  0.000000e+000  0.000000e+000  0.000000e+000  0.000000e+000  0.000000e+000  0.000000e+000  0.000000e+000  0.000000e+000  0.000000e+000  0.000000e+000  0.000000e+000  0.000000e+000  0.000000e+000  0.000000e+000  0.000000e+000  

5.958691e+003  5.958691e+003  5.958691e+003  5.958691e+003  5.958691e+003  5.958691e+003  5.958691e+003  5.958691e+003  5.958691e+003  5.958691e+003  5.958691e+003  5.958690e+003  5.958691e+003  5.958691e+003  5.958691e+003  5.958690e+003  5.958690e+003  
5.958691e+003  5.958691e+003  5.958691e+003  5.958691e+003  5.958691e+003  5.958691e+003  5.958691e+003  5.958691e+003  5.958691e+003  5.958691e+003  5.958691e+003  5.958690e+003  5.958691e+003  5.958691e+003  5.958691e+003  5.958690e+003  5.958690e+003  
5.958691e+003  5.958691e+003  5.958691e+003  5.958691e+003  5.958691e+003  5.958691e+003  5.958691e+003  5.958691e+003  5.958691e+003  5.958691e+003  5.958691e+003  5.958690e+003  5.958691e+003  5.958691e+003  5.958691e+003  5.958690e+003  5.958690e+003  
5.958691e+003  5.958691e+003  5.958691e+003  5.958691e+003  5.958691e+003  5.958691e+003  5.958691e+003  5.958691e+003  5.958691e+003  5.958691e+003  5.958691e+003  5.958690e+003  5.958691e+003  5.958691e+003  5.958691e+003  5.958690e+003  5.958690e+003  
5.958690e+003  5.958690e+003  5.958690e+003  5.958690e+003  5.958691e+003  5.958690e+003  5.958690e+003  5.958690e+003  5.958690e+003  5.958690e+003  5.958690e+003  5.958691e+003  5.958690e+003  5.958691e+003  5.958691e+003  5.958691e+003  5.958691e+003  
5.958690e+003  5.958690e+003  5.958690e+003  5.958690e+003  5.958690e+003  5.958690e+003  5.958690e+003  5.958690e+003  5.958690e+003  5.958690e+003  5.958690e+003  5.958691e+003  5.958690e+003  5.958691e+003  5.958691e+003  5.958691e+003  5.958691e+003  
5.958690e+003  5.958690e+003  5.958690e+003  5.958690e+003  5.958690e+003  5.958690e+003  5.958690e+003  5.958690e+003  5.958690e+003  5.958690e+003  5.958690e+003  5.958691e+003  5.958690e+003  5.958691e+003  5.958691e+003  5.958691e+003  5.958691e+003  
5.958690e+003  5.958690e+003  5.958690e+003  5.958690e+003  5.958690e+003  5.958690e+003  5.958690e+003  5.958690e+003  5.958690e+003  5.958690e+003  5.958690e+003  5.958691e+003  5.958690e+003  5.958691e+003  5.958691e+003  5.958691e+003  5.958691e+003  
5.958691e+003  5.958691e+003  5.958691e+003  5.958691e+003  5.958691e+003  5.958691e+003  5.958691e+003  5.958691e+003  5.958691e+003  5.958691e+003  5.958691e+003  5.958691e+003  5.958691e+003  5.958691e+003  5.958691e+003  5.958691e+003  5.958691e+003  
5.958691e+003  5.958691e+003  5.958691e+003  5.958691e+003  5.958691e+003  5.958691e+003  5.958691e+003  5.958691e+003  5.958691e+003  5.958691e+003  5.958691e+003  5.958690e+003  5.958691e+003  5.958691e+003  5.958691e+003  5.958691e+003  5.958691e+003  
5.958690e+003  5.958690e+003  5.958690e+003  5.958690e+003  5.958690e+003  5.958690e+003  5.958690e+003  5.958690e+003  5.958690e+003  5.958690e+003  5.958690e+003  5.958691e+003  5.958690e+003  5.958690e+003  5.958690e+003  5.958690e+003  5.958690e+003  
5.958690e+003  5.958690e+003  5.958690e+003  5.958690e+003  5.958690e+003  5.958690e+003  5.958690e+003  5.958690e+003  5.958690e+003  5.958690e+003  5.958690e+003  5.958690e+003  5.958690e+003  5.958690e+003  5.958690e+003  5.958690e+003  5.958690e+003  
5.958690e+003  5.958690e+003  5.958690e+003  5.958690e+003  5.958690e+003  5.958690e+003  5.958690e+003  5.958690e+003  5.958690e+003  5.958690e+003  5.958690e+003  5.958690e+003  5.958690e+003  5.958690e+003  5.958690e+003  5.958690e+003  5.958690e+003  
5.958690e+003  5.958690e+003  5.958690e+003  5.958690e+003  5.958690e+003  5.958690e+003  5.958690e+003  5.958690e+003  5.958690e+003  5.958690e+003  5.958690e+003  5.958690e+003  5.958690e+003  5.958690e+003  5.958690e+003  5.958690e+003  5.958690e+003  
5.958690e+003  5.958690e+003  5.958690e+003  5.958690e+003  5.958690e+003  5.958690e+003  5.958690e+003  5.958690e+003  5.958690e+003  5.958690e+003  5.958690e+003  5.958690e+003  5.958690e+003  5.958690e+003  5.958690e+003  5.958690e+003  5.958690e+003  
5.958690e+003  5.958690e+003  5.958690e+003  5.958690e+003  5.958690e+003  5.958690e+003  5.958690e+003  5.958690e+003  5.958690e+003  5.958690e+003  5.958691e+003  5.958690e+003  5.958690e+003  5.958690e+003  5.958690e+003  5.958690e+003  5.958690e+003  
5.958690e+003  5.958690e+003  5.958690e+003  5.958690e+003  5.958690e+003  5.958690e+003  5.958690e+003  5.958690e+003  5.958691e+003  5.958690e+003  5.958690e+003  5.958690e+003  5.958690e+003  5.958690e+003  5.958690e+003  5.958690e+003  5.958690e+003  
5.958690e+003  5.958690e+003  5.958690e+003  5.958690e+003  5.958690e+003  5.958690e+003  5.958690e+003  5.958690e+003  5.958691e+003  5.958690e+003  5.958690e+003  5.958690e+003  5.958690e+003  5.958690e+003  5.958690e+003  5.958690e+003  5.958690e+003  
5.958691e+003  5.958691e+003  5.958691e+003  5.958691e+003  5.958691e+003  5.958691e+003  5.958691e+003  5.958691e+003  5.958690e+003  5.958691e+003  5.958691e+003  5.958690e+003  5.958691e+003  5.958691e+003  5.958690e+003  5.958691e+003  5.958691e+003  
5.958691e+003  5.958691e+003  5.958691e+003  5.958691e+003  5.958691e+003  5.958691e+003  5.958691e+003  5.958691e+003  5.958690e+003  5.958691e+003  5.958691e+003  5.958690e+003  5.958691e+003  5.958691e+003  5.958691e+003  5.958691e+003  5.958691e+003  
5.958691e+003  5.958691e+003  5.958691e+003  5.958691e+003  5.958691e+003  5.958691e+003  5.958691e+003  5.958691e+003  5.958690e+003  5.958691e+003  5.958691e+003  5.958690e+003  5.958691e+003  5.958691e+003  5.958691e+003  5.958691e+003  5.958691e+003  
5.958691e+003  5.958691e+003  5.958691e+003  5.958691e+003  5.958691e+003  5.958691e+003  5.958691e+003  5.958691e+003  5.958690e+003  5.958691e+003  5.958691e+003  5.958690e+003  5.958691e+003  5.958691e+003  5.958691e+003  5.958691e+003  5.958691e+003  
5.958691e+003  5.958691e+003  5.958691e+003  5.958691e+003  5.958691e+003  5.958691e+003  5.958691e+003  5.958691e+003  5.958690e+003  5.958691e+003  5.958691e+003  5.958690e+003  5.958691e+003  5.958691e+003  5.958691e+003  5.958691e+003  5.958691e+003  
5.958691e+003  5.958691e+003  5.958691e+003  5.958691e+003  5.958691e+003  5.958691e+003  5.958691e+003  5.958691e+003  5.958690e+003  5.958691e+003  5.958691e+003  5.958690e+003  5.958691e+003  5.958691e+003  5.958690e+003  5.958691e+003  5.958691e+003  
5.958690e+003  5.958690e+003  5.958690e+003  5.958690e+003  5.958690e+003  5.958690e+003  5.958690e+003  5.958690e+003  5.958691e+003  5.958690e+003  5.958690e+003  5.958690e+003  5.958690e+003  5.958690e+003  5.958690e+003  5.958690e+003  5.958690e+003  
5.958690e+003  5.958690e+003  5.958690e+003  5.958690e+003  5.958690e+003  5.958690e+003  5.958690e+003  5.958690e+003  5.958691e+003  5.958690e+003  5.958690e+003  5.958690e+003  5.958690e+003  5.958690e+003  5.958690e+003  5.958690e+003  5.958690e+003  
5.958690e+003  5.958690e+003  5.958690e+003  5.958690e+003  5.958690e+003  5.958690e+003  5.958690e+003  5.958690e+003  5.958690e+003  5.958690e+003  5.958691e+003  5.958690e+003  5.958690e+003  5.958690e+003  5.958690e+003  5.958690e+003  5.958690e+003  
5.958690e+003  5.958690e+003  5.958690e+003  5.958690e+003  5.958690e+003  5.958690e+003  5.958690e+003  5.958690e+003  5.958690e+003  5.958690e+003  5.958690e+003  5.958690e+003  5.958690e+003  5.958690e+003  5.958690e+003  5.958690e+003  5.958690e+003  
5.958690e+003  5.958690e+003  5.958690e+003  5.958690e+003  5.958690e+003  5.958690e+003  5.958690e+003  5.958690e+003  5.958690e+003  5.958690e+003  5.958690e+003  5.958690e+003  5.958690e+003  5.958690e+003  5.958690e+003  5.958690e+003  5.958690e+003  
5.958690e+003  5.958690e+003  5.958690e+003  5.958690e+003  5.958690e+003  5.958690e+003  5.958690e+003  5.958690e+003  5.958690e+003  5.958690e+003  5.958690e+003  5.958690e+003  5.958690e+003  5.958690e+003  5.958690e+003  5.958690e+003  5.958690e+003  
5.958690e+003  5.958690e+003  5.958690e+003  5.958690e+003  5.958690e+003  5.958690e+003  5.958690e+003  5.958690e+003  5.958690e+003  5.958690e+003  5.958690e+003  5.958691e+003  5.958690e+003  5.958690e+003  5.958690e+003  5.958690e+003  5.958690e+003  
5.958690e+003  5.958690e+003  5.958690e+003  5.958690e+003  5.958690e+003  5.958690e+003  5.958690e+003  5.958690e+003  5.958690e+003  5.958690e+003  5.958690e+003  5.958691e+003  5.958690e+003  5.958690e+003  5.958690e+003  5.958690e+003  5.958690e+003  
5.958691e+003  5.958691e+003  5.958691e+003  5.958691e+003  5.958691e+003  5.958691e+003  5.958691e+003  5.958691e+003  5.958691e+003  5.958691e+003  5.958691e+003  5.958691e+003  5.958691e+003  5.958691e+003  5.958691e+003  5.958691e+003  5.958691e+003  
5.958691e+003  5.958691e+003  5.958691e+003  5.958691e+003  5.958691e+003  5.958691e+003  5.958691e+003  5.958691e+003  5.958691e+003  5.958691e+003  5.958691e+003  5.958691e+003  5.958691e+003  5.958691e+003  5.958691e+003  5.958691e+003  5.958691e+003  
5.958690e+003  5.958690e+003  5.958690e+003  5.958690e+003  5.958690e+003  5.958690e+003  5.958690e+003  5.958690e+003  5.958690e+003  5.958690e+003  5.958690e+003  5.958690e+003  5.958690e+003  5.958690e+003  5.958690e+003  5.958690e+003  5.958690e+003  
5.958690e+003  5.958690e+003  5.958690e+003  5.958690e+003  5.958690e+003  5.958690e+003  5.958690e+003  5.958690e+003  5.958690e+003  5.958690e+003  5.958690e+003  5.958690e+003  5.958690e+003  5.958690e+003  5.958690e+003  5.958690e+003  5.958690e+003  
5.958690e+003  5.958690e+003  5.958690e+003  5.958690e+003  5.958690e+003  5.958690e+003  5.958690e+003  5.958690e+003  5.958690e+003  5.958690e+003  5.958690e+003  5.958690e+003  5.958690e+003  5.958690e+003  5.958690e+003  5.958690e+003  5.958690e+003  
5.958690e+003  5.958690e+003  5.958690e+003  5.958690e+003  5.958690e+003  5.958690e+003  5.958690e+003  5.958690e+003  5.958690e+003  5.958690e+003  5.958690e+003  5.958690e+003  5.958690e+003  5.958690e+003  5.958690e+003  5.958690e+003  5.958690e+003  
5.958691e+003  5.958691e+003  5.958691e+003  5.958691e+003  5.958691e+003  5.958691e+003  5.958691e+003  5.958691e+003  5.958691e+003  5.958691e+003  5.958691e+003  5.958691e+003  5.958691e+003  5.958691e+003  5.958691e+003  5.958691e+003  5.958691e+003  
5.958691e+003  5.958691e+003  5.958691e+003  5.958691e+003  5.958691e+003  5.958691e+003  5.958691e+003  5.958691e+003  5.958691e+003  5.958691e+003  5.958691e+003  5.958691e+003  5.958691e+003  5.958691e+003  5.958691e+003  5.958691e+003  5.958691e+003  
5.958690e+003  5.958690e+003  5.958690e+003  5.958690e+003  5.958690e+003  5.958690e+003  5.958690e+003  5.958690e+003  5.958690e+003  5.958690e+003  5.958690e+003  5.958691e+003  5.958690e+003  5.958691e+003  5.958691e+003  5.958691e+003  5.958691e+003  
5.958690e+003  5.958690e+003  5.958690e+003  5.958690e+003  5.958690e+003  5.958690e+003  5.958690e+003  5.958690e+003  5.958690e+003  5.958690e+003  5.958690e+003  5.958691e+003  5.958690e+003  5.958690e+003  5.958691e+003  5.958691e+003  5.958691e+003  
5.958690e+003  5.958690e+003  5.958690e+003  5.958690e+003  5.958690e+003  5.958690e+003  5.958690e+003  5.958690e+003  5.958690e+003  5.958690e+003  5.958690e+003  5.958691e+003  5.958690e+003  5.958691e+003  5.958690e+003  5.958691e+003  5.958691e+003  
5.958690e+003  5.958690e+003  5.958690e+003  5.958690e+003  5.958690e+003  5.958690e+003  5.958690e+003  5.958690e+003  5.958690e+003  5.958690e+003  5.958690e+003  5.958691e+003  5.958690e+003  5.958691e+003  5.958690e+003  5.958691e+003  5.958691e+003  
5.958691e+003  5.958691e+003  5.958691e+003  5.958691e+003  5.958691e+003  5.958691e+003  5.958691e+003  5.958691e+003  5.958691e+003  5.958691e+003  5.958691e+003  5.958690e+003  5.958691e+003  5.958690e+003  5.958691e+003  5.958690e+003  5.958690e+003  
5.958691e+003  5.958691e+003  5.958691e+003  5.958691e+003  5.958691e+003  5.958691e+003  5.958691e+003  5.958691e+003  5.958691e+003  5.958691e+003  5.958691e+003  5.958690e+003  5.958691e+003  5.958691e+003  5.958691e+003  5.958690e+003  5.958690e+003  
5.958691e+003  5.958691e+003  5.958691e+003  5.958691e+003  5.958691e+003  5.958691e+003  5.958691e+003  5.958691e+003  5.958691e+003  5.958691e+003  5.958691e+003  5.958691e+003  5.958691e+003  5.958691e+003  5.958691e+003  5.958690e+003  5.958690e+003  
5.958691e+003  5.958691e+003  5.958691e+003  5.958691e+003  5.958691e+003  5.958691e+003  5.958691e+003  5.958691e+003  5.958691e+003  5.958691e+003  5.958691e+003  5.958691e+003  5.958691e+003  5.958691e+003  5.958691e+003  5.958690e+003  5.958690e+003  
0.000000e+000  0.000000e+000  0.000000e+000  0.000000e+000  0.000000e+000  0.000000e+000  0.000000e+000  0.000000e+000  0.000000e+000  0.000000e+000  0.000000e+000  0.000000e+000  0.000000e+000  0.000000e+000  0.000000e+000  0.000000e+000  0.000000e+000  

0.000000e+000  0.000000e+000  0.000000e+000  0.000000e+000  0.000000e+000  0.000000e+000  0.000000e+000  0.000000e+000  0.000000e+000  0.000000e+000  0.000000e+000  0.000000e+000  0.000000e+000  0.000000e+000  0.000000e+000  0.000000e+000  0.000000e+000  
0.000000e+000  0.000000e+000  0.000000e+000  0.000000e+000  0.000000e+000  0.000000e+000  0.000000e+000  0.000000e+000  0.000000e+000  0.000000e+000  0.000000e+000  0.000000e+000  0.000000e+000  0.000000e+000  0.000000e+000  0.000000e+000  0.000000e+000  
0.000000e+000  0.000000e+000  0.000000e+000  0.000000e+000  0.000000e+000  0.000000e+000  0.000000e+000  0.000000e+000  0.000000e+000  0.000000e+000  0.000000e+000  0.000000e+000  0.000000e+000  0.000000e+000  0.000000e+000  0.000000e+000  0.000000e+000  
0.000000e+000  0.000000e+000  0.000000e+000  0.000000e+000  0.000000e+000  0.000000e+000  0.000000e+000  0.000000e+000  0.000000e+000  0.000000e+000  0.000000e+000  0.000000e+000  0.000000e+000  0.000000e+000  0.000000e+000  0.000000e+000  0.000000e+000  
0.000000e+000  0.000000e+000  0.000000e+000  0.000000e+000  0.000000e+000  0.000000e+000  0.000000e+000  0.000000e+000  0.000000e+000  0.000000e+000  0.000000e+000  0.000000e+000  0.000000e+000  0.000000e+000  0.000000e+000  0.000000e+000  0.000000e+000  
0.000000e+000  0.000000e+000  0.000000e+000  0.000000e+000  0.000000e+000  0.000000e+000  0.000000e+000  0.000000e+000  0.000000e+000  0.000000e+000  0.000000e+000  0.000000e+000  0.000000e+000  0.000000e+000  0.000000e+000  0.000000e+000  0.000000e+000  
0.000000e+000  0.000000e+000  0.000000e+000  0.000000e+000  0.000000e+000  0.000000e+000  0.000000e+000  0.000000e+000  0.000000e+000  0.000000e+000  0.000000e+000  0.000000e+000  0.000000e+000  0.000000e+000  0.000000e+000  0.000000e+000  0.000000e+000  
0.000000e+000  0.000000e+000  0.000000e+000  0.000000e+000  0.000000e+000  0.000000e+000  0.000000e+000  0.000000e+000  0.000000e+000  0.000000e+000  0.000000e+000  0.000000e+000  0.000000e+000  0.000000e+000  0.000000e+000  0.000000e+000  0.000000e+000  
0.000000e+000  0.000000e+000  0.000000e+000  0.000000e+000  0.000000e+000  0.000000e+000  0.000000e+000  0.000000e+000  0.000000e+000  0.000000e+000  0.000000e+000  0.000000e+000  0.000000e+000  0.000000e+000  0.000000e+000  0.000000e+000  0.000000e+000  
0.000000e+000  0.000000e+000  0.000000e+000  0.000000e+000  0.000000e+000  0.000000e+000  0.000000e+000  0.000000e+000  0.000000e+000  0.000000e+000  0.000000e+000  0.000000e+000  0.000000e+000  0.000000e+000  0.000000e+000  0.000000e+000  0.000000e+000  
0.000000e+000  0.000000e+000  0.000000e+000  0.000000e+000  0.000000e+000  0.000000e+000  0.000000e+000  0.000000e+000  0.000000e+000  0.000000e+000  0.000000e+000  0.000000e+000  0.000000e+000  0.000000e+000  0.000000e+000  0.000000e+000  0.000000e+000  
0.000000e+000  0.000000e+000  0.000000e+000  0.000000e+000  0.000000e+000  0.000000e+000  0.000000e+000  0.000000e+000  0.000000e+000  0.000000e+000  0.000000e+000  0.000000e+000  0.000000e+000  0.000000e+000  0.000000e+000  0.000000e+000  0.000000e+000  
0.000000e+000  0.000000e+000  0.000000e+000  0.000000e+000  0.000000e+000  0.000000e+000  0.000000e+000  0.000000e+000  0.000000e+000  0.000000e+000  0.000000e+000  0.000000e+000  0.000000e+000  0.000000e+000  0.000000e+000  0.000000e+000  0.000000e+000  
0.000000e+000  0.000000e+000  0.000000e+000  0.000000e+000  0.000000e+000  0.000000e+000  0.000000e+000  0.000000e+000  0.000000e+000  0.000000e+000  0.000000e+000  0.000000e+000  0.000000e+000  0.000000e+000  0.000000e+000  0.000000e+000  0.000000e+000  
0.000000e+000  0.000000e+000  0.000000e+000  0.000000e+000  0.000000e+000  0.000000e+000  0.000000e+000  0.000000e+000  0.000000e+000  0.000000e+000  0.000000e+000  0.000000e+000  0.000000e+000  0.000000e+000  0.000000e+000  0.000000e+000  0.000000e+000  
0.000000e+000  0.000000e+000  0.000000e+000  0.000000e+000  0.000000e+000  0.000000e+000  0.000000e+000  0.000000e+000  0.000000e+000  0.000000e+000  0.000000e+000  0.000000e+000  0.000000e+000  0.000000e+000  0.000000e+000  0.000000e+000  0.000000e+000  
0.000000e+000  0.000000e+000  0.000000e+000  0.000000e+000  0.000000e+000  0.000000e+000  0.000000e+000  0.000000e+000  0.000000e+000  0.000000e+000  0.000000e+000  0.000000e+000  0.000000e+000  0.000000e+000  0.000000e+000  0.000000e+000  0.000000e+000  
0.000000e+000  0.000000e+000  0.000000e+000  0.000000e+000  0.000000e+000  0.000000e+000  0.000000e+000  0.000000e+000  0.000000e+000  0.000000e+000  0.000000e+000  0.000000e+000  0.000000e+000  0.000000e+000  0.000000e+000  0.000000e+000  0.000000e+000  
0.000000e+000  0.000000e+000  0.000000e+000  0.000000e+000  0.000000e+000  0.000000e+000  0.000000e+000  0.000000e+000  0.000000e+000  0.000000e+000  0.000000e+000  0.000000e+000  0.000000e+000  0.000000e+000  0.000000e+000  0.000000e+000  0.000000e+000  
0.000000e+000  0.000000e+000  0.000000e+000  0.000000e+000  0.000000e+000  0.000000e+000  0.000000e+000  0.000000e+000  0.000000e+000  0.000000e+000  0.000000e+000  0.000000e+000  0.000000e+000  0.000000e+000  0.000000e+000  0.000000e+000  0.000000e+000  
0.000000e+000  0.000000e+000  0.000000e+000  0.000000e+000  0.000000e+000  0.000000e+000  0.000000e+000  0.000000e+000  0.000000e+000  0.000000e+000  0.000000e+000  0.000000e+000  0.000000e+000  0.000000e+000  0.000000e+000  0.000000e+000  0.000000e+000  
0.000000e+000  0.000000e+000  0.000000e+000  0.000000e+000  0.000000e+000  0.000000e+000  0.000000e+000  0.000000e+000  0.000000e+000  0.000000e+000  0.000000e+000  0.000000e+000  0.000000e+000  0.000000e+000  0.000000e+000  0.000000e+000  0.000000e+000  
0.000000e+000  0.000000e+000  0.000000e+000  0.000000e+000  0.000000e+000  0.000000e+000  0.000000e+000  0.000000e+000  0.000000e+000  0.000000e+000  0.000000e+000  0.000000e+000  0.000000e+000  0.000000e+000  0.000000e+000  0.000000e+000  0.000000e+000  
0.000000e+000  0.000000e+000  0.000000e+000  0.000000e+000  0.000000e+000  0.000000e+000  0.000000e+000  0.000000e+000  0.000000e+000  0.000000e+000  0.000000e+000  0.000000e+000  0.000000e+000  0.000000e+000  0.000000e+000  0.000000e+000  0.000000e+000  
0.000000e+000  0.000000e+000  0.000000e+000  0.000000e+000  0.000000e+000  0.000000e+000  0.000000e+000  0.000000e+000  0.000000e+000  0.000000e+000  0.000000e+000  0.000000e+000  0.000000e+000  0.000000e+000  0.000000e+000  0.000000e+000  0.000000e+000  
0.000000e+000  0.000000e+000  0.000000e+000  0.000000e+000  0.000000e+000  0.000000e+000  0.000000e+000  0.000000e+000  0.000000e+000  0.000000e+000  0.000000e+000  0.000000e+000  0.000000e+000  0.000000e+000  0.000000e+000  0.000000e+000  0.000000e+000  
0.000000e+000  0.000000e+000  0.000000e+000  0.000000e+000  0.000000e+000  0.000000e+000  0.000000e+000  0.000000e+000  0.000000e+000  0.000000e+000  0.000000e+000  0.000000e+000  0.000000e+000  0.000000e+000  0.000000e+000  0.000000e+000  0.000000e+000  
0.000000e+000  0.000000e+000  0.000000e+000  0.000000e+000  0.000000e+000  0.000000e+000  0.000000e+000  0.000000e+000  0.000000e+000  0.000000e+000  0.000000e+000  0.000000e+000  0.000000e+000  0.000000e+000  0.000000e+000  0.000000e+000  0.000000e+000  
0.000000e+000  0.000000e+000  0.000000e+000  0.000000e+000  0.000000e+000  0.000000e+000  0.000000e+000  0.000000e+000  0.000000e+000  0.000000e+000  0.000000e+000  0.000000e+000  0.000000e+000  0.000000e+000  0.000000e+000  0.000000e+000  0.000000e+000  
0.000000e+000  0.000000e+000  0.000000e+000  0.000000e+000  0.000000e+000  0.000000e+000  0.000000e+000  0.000000e+000  0.000000e+000  0.000000e+000  0.000000e+000  0.000000e+000  0.000000e+000  0.000000e+000  0.000000e+000  0.000000e+000  0.000000e+000  
0.000000e+000  0.000000e+000  0.000000e+000  0.000000e+000  0.000000e+000  0.000000e+000  0.000000e+000  0.000000e+000  0.000000e+000  0.000000e+000  0.000000e+000  0.000000e+000  0.000000e+000  0.000000e+000  0.000000e+000  0.000000e+000  0.000000e+000  
0.000000e+000  0.000000e+000  0.000000e+000  0.000000e+000  0.000000e+000  0.000000e+000  0.000000e+000  0.000000e+000  0.000000e+000  0.000000e+000  0.000000e+000  0.000000e+000  0.000000e+000  0.000000e+000  0.000000e+000  0.000000e+000  0.000000e+000  
0.000000e+000  0.000000e+000  0.000000e+000  0.000000e+000  0.000000e+000  0.000000e+000  0.000000e+000  0.000000e+000  0.000000e+000  0.000000e+000  0.000000e+000  0.000000e+000  0.000000e+000  0.000000e+000  0.000000e+000  0.000000e+000  0.000000e+000  
0.000000e+000  0.000000e+000  0.000000e+000  0.000000e+000  0.000000e+000  0.000000e+000  0.000000e+000  0.000000e+000  0.000000e+000  0.000000e+000  0.000000e+000  0.000000e+000  0.000000e+000  0.000000e+000  0.000000e+000  0.000000e+000  0.000000e+000  
0.000000e+000  0.000000e+000  0.000000e+000  0.000000e+000  0.000000e+000  0.000000e+000  0.000000e+000  0.000000e+000  0.000000e+000  0.000000e+000  0.000000e+000  0.000000e+000  0.000000e+000  0.000000e+000  0.000000e+000  0.000000e+000  0.000000e+000  
0.000000e+000  0.000000e+000  0.000000e+000  0.000000e+000  0.000000e+000  0.000000e+000  0.000000e+000  0.000000e+000  0.000000e+000  0.000000e+000  0.000000e+000  0.000000e+000  0.000000e+000  0.000000e+000  0.000000e+000  0.000000e+000  0.000000e+000  
0.000000e+000  0.000000e+000  0.000000e+000  0.000000e+000  0.000000e+000  0.000000e+000  0.000000e+000  0.000000e+000  0.000000e+000  0.000000e+000  0.000000e+000  0.000000e+000  0.000000e+000  0.000000e+000  0.000000e+000  0.000000e+000  0.000000e+000  
0.000000e+000  0.000000e+000  0.000000e+000  0.000000e+000  0.000000e+000  0.000000e+000  0.000000e+000  0.000000e+000  0.000000e+000  0.000000e+000  0.000000e+000  0.000000e+000  0.000000e+000  0.000000e+000  0.000000e+000  0.000000e+000  0.000000e+000  
0.000000e+000  0.000000e+000  0.000000e+000  0.000000e+000  0.000000e+000  0.000000e+000  0.000000e+000  0.000000e+000  0.000000e+000  0.000000e+000  0.000000e+000  0.000000e+000  0.000000e+000  0.000000e+000  0.000000e+000  0.000000e+000  0.000000e+000  
0.000000e+000  0.000000e+000  0.000000e+000  0.000000e+000  0.000000e+000  0.000000e+000  0.000000e+000  0.000000e+000  0.000000e+000  0.000000e+000  0.000000e+000  0.000000e+000  0.000000e+000  0.000000e+000  0.000000e+000  0.000000e+000  0.000000e+000  
0.000000e+000  0.000000e+000  0.000000e+000  0.000000e+000  0.000000e+000  0.000000e+000  0.000000e+000  0.000000e+000  0.000000e+000  0.000000e+000  0.000000e+000  0.000000e+000  0.000000e+000  0.000000e+000  0.000000e+000  0.000000e+000  0.000000e+000  
0.000000e+000  0.000000e+000  0.000000e+000  0.000000e+000  0.000000e+000  0.000000e+000  0.000000e+000  0.000000e+000  0.000000e+000  0.000000e+000  0.000000e+000  0.000000e+000  0.000000e+000  0.000000e+000  0.000000e+000  0.000000e+000  0.000000e+000  
0.000000e+000  0.000000e+000  0.000000e+000  0.000000e+000  0.000000e+000  0.000000e+000  0.000000e+000  0.000000e+000  0.000000e+000  0.000000e+000  0.000000e+000  0.000000e+000  0.000000e+000  0.000000e+000  0.000000e+000  0.000000e+000  0.000000e+000  
0.000000e+000  0.000000e+000  0.000000e+000  0.000000e+000  0.000000e+000  0.000000e+000  0.000000e+000  0.000000e+000  0.000000e+000  0.000000e+000  0.000000e+000  0.000000e+000  0.000000e+000  0.000000e+000  0.000000e+000  0.000000e+000  0.000000e+000  
0.000000e+000  0.000000e+000  0.000000e+000  0.000000e+000  0.000000e+000  0.000000e+000  0.000000e+000  0.000000e+000  0.000000e+000  0.000000e+000  0.000000e+000  0.000000e+000  0.000000e+000  0.000000e+000  0.000000e+000  0.000000e+000  0.000000e+000  
0.000000e+000  0.000000e+000  0.000000e+000  0.000000e+000  0.000000e+000  0.000000e+000  0.000000e+000  0.000000e+000  0.000000e+000  0.000000e+000  0.000000e+000  0.000000e+000  0.000000e+000  0.000000e+000  0.000000e+000  0.000000e+000  0.000000e+000  
0.000000e+000  0.000000e+000  0.000000e+000  0.000000e+000  0.000000e+000  0.000000e+000  0.000000e+000  0.000000e+000  0.000000e+000  0.000000e+000  0.000000e+000  0.000000e+000  0.000000e+000  0.000000e+000  0.000000e+000  0.000000e+000  0.000000e+000  
0.000000e+000  0.000000e+000  0.000000e+000  0.000000e+000  0.000000e+000  0.000000e+000  0.000000e+000  0.000000e+000  0.000000e+000  0.000000e+000  0.000000e+000  0.000000e+000  0.000000e+000  0.000000e+000  0.000000e+000  0.000000e+000  0.000000e+000  
0.000000e+000  0.000000e+000  0.000000e+000  0.000000e+000  0.000000e+000  0.000000e+000  0.000000e+000  0.000000e+000  0.000000e+000  0.000000e+000  0.000000e+000  0.000000e+000  0.000000e+000  0.000000e+000  0.000000e+000  0.000000e+000  0.000000e+000  

0.000000e+000  0.000000e+000  0.000000e+000  0.000000e+000  0.000000e+000  0.000000e+000  0.000000e+000  0.000000e+000  0.000000e+000  0.000000e+000  0.000000e+000  0.000000e+000  0.000000e+000  0.000000e+000  0.000000e+000  0.000000e+000  0.000000e+000  
0.000000e+000  0.000000e+000  0.000000e+000  0.000000e+000  0.000000e+000  0.000000e+000  0.000000e+000  0.000000e+000  0.000000e+000  0.000000e+000  0.000000e+000  0.000000e+000  0.000000e+000  0.000000e+000  0.000000e+000  0.000000e+000  0.000000e+000  
0.000000e+000  0.000000e+000  0.000000e+000  0.000000e+000  0.000000e+000  0.000000e+000  0.000000e+000  0.000000e+000  0.000000e+000  0.000000e+000  0.000000e+000  0.000000e+000  0.000000e+000  0.000000e+000  0.000000e+000  0.000000e+000  0.000000e+000  
0.000000e+000  0.000000e+000  0.000000e+000  0.000000e+000  0.000000e+000  0.000000e+000  0.000000e+000  0.000000e+000  0.000000e+000  0.000000e+000  0.000000e+000  0.000000e+000  0.000000e+000  0.000000e+000  0.000000e+000  0.000000e+000  0.000000e+000  
0.000000e+000  0.000000e+000  0.000000e+000  0.000000e+000  0.000000e+000  0.000000e+000  0.000000e+000  0.000000e+000  0.000000e+000  0.000000e+000  0.000000e+000  0.000000e+000  0.000000e+000  0.000000e+000  0.000000e+000  0.000000e+000  0.000000e+000  
0.000000e+000  0.000000e+000  0.000000e+000  0.000000e+000  0.000000e+000  0.000000e+000  0.000000e+000  0.000000e+000  0.000000e+000  0.000000e+000  0.000000e+000  0.000000e+000  0.000000e+000  0.000000e+000  0.000000e+000  0.000000e+000  0.000000e+000  
0.000000e+000  0.000000e+000  0.000000e+000  0.000000e+000  0.000000e+000  0.000000e+000  0.000000e+000  0.000000e+000  0.000000e+000  0.000000e+000  0.000000e+000  0.000000e+000  0.000000e+000  0.000000e+000  0.000000e+000  0.000000e+000  0.000000e+000  
0.000000e+000  0.000000e+000  0.000000e+000  0.000000e+000  0.000000e+000  0.000000e+000  0.000000e+000  0.000000e+000  0.000000e+000  0.000000e+000  0.000000e+000  0.000000e+000  0.000000e+000  0.000000e+000  0.000000e+000  0.000000e+000  0.000000e+000  
0.000000e+000  0.000000e+000  0.000000e+000  0.000000e+000  0.000000e+000  0.000000e+000  0.000000e+000  0.000000e+000  0.000000e+000  0.000000e+000  0.000000e+000  0.000000e+000  0.000000e+000  0.000000e+000  0.000000e+000  0.000000e+000  0.000000e+000  
0.000000e+000  0.000000e+000  0.000000e+000  0.000000e+000  0.000000e+000  0.000000e+000  0.000000e+000  0.000000e+000  0.000000e+000  0.000000e+000  0.000000e+000  0.000000e+000  0.000000e+000  0.000000e+000  0.000000e+000  0.000000e+000  0.000000e+000  
0.000000e+000  0.000000e+000  0.000000e+000  0.000000e+000  0.000000e+000  0.000000e+000  0.000000e+000  0.000000e+000  0.000000e+000  0.000000e+000  0.000000e+000  0.000000e+000  0.000000e+000  0.000000e+000  0.000000e+000  0.000000e+000  0.000000e+000  
0.000000e+000  0.000000e+000  0.000000e+000  0.000000e+000  0.000000e+000  0.000000e+000  0.000000e+000  0.000000e+000  0.000000e+000  0.000000e+000  0.000000e+000  0.000000e+000  0.000000e+000  0.000000e+000  0.000000e+000  0.000000e+000  0.000000e+000  
0.000000e+000  0.000000e+000  0.000000e+000  0.000000e+000  0.000000e+000  0.000000e+000  0.000000e+000  0.000000e+000  0.000000e+000  0.000000e+000  0.000000e+000  0.000000e+000  0.000000e+000  0.000000e+000  0.000000e+000  0.000000e+000  0.000000e+000  
0.000000e+000  0.000000e+000  0.000000e+000  0.000000e+000  0.000000e+000  0.000000e+000  0.000000e+000  0.000000e+000  0.000000e+000  0.000000e+000  0.000000e+000  0.000000e+000  0.000000e+000  0.000000e+000  0.000000e+000  0.000000e+000  0.000000e+000  
0.000000e+000  0.000000e+000  0.000000e+000  0.000000e+000  0.000000e+000  0.000000e+000  0.000000e+000  0.000000e+000  0.000000e+000  0.000000e+000  0.000000e+000  0.000000e+000  0.000000e+000  0.000000e+000  0.000000e+000  0.000000e+000  0.000000e+000  
0.000000e+000  0.000000e+000  0.000000e+000  0.000000e+000  0.000000e+000  0.000000e+000  0.000000e+000  0.000000e+000  0.000000e+000  0.000000e+000  0.000000e+000  0.000000e+000  0.000000e+000  0.000000e+000  0.000000e+000  0.000000e+000  0.000000e+000  
0.000000e+000  0.000000e+000  0.000000e+000  0.000000e+000  0.000000e+000  0.000000e+000  0.000000e+000  0.000000e+000  0.000000e+000  0.000000e+000  0.000000e+000  0.000000e+000  0.000000e+000  0.000000e+000  0.000000e+000  0.000000e+000  0.000000e+000  
0.000000e+000  0.000000e+000  0.000000e+000  0.000000e+000  0.000000e+000  0.000000e+000  0.000000e+000  0.000000e+000  0.000000e+000  0.000000e+000  0.000000e+000  0.000000e+000  0.000000e+000  0.000000e+000  0.000000e+000  0.000000e+000  0.000000e+000  
0.000000e+000  0.000000e+000  0.000000e+000  0.000000e+000  0.000000e+000  0.000000e+000  0.000000e+000  0.000000e+000  0.000000e+000  0.000000e+000  0.000000e+000  0.000000e+000  0.000000e+000  0.000000e+000  0.000000e+000  0.000000e+000  0.000000e+000  
0.000000e+000  0.000000e+000  0.000000e+000  0.000000e+000  0.000000e+000  0.000000e+000  0.000000e+000  0.000000e+000  0.000000e+000  0.000000e+000  0.000000e+000  0.000000e+000  0.000000e+000  0.000000e+000  0.000000e+000  0.000000e+000  0.000000e+000  
0.000000e+000  0.000000e+000  0.000000e+000  0.000000e+000  0.000000e+000  0.000000e+000  0.000000e+000  0.000000e+000  0.000000e+000  0.000000e+000  0.000000e+000  0.000000e+000  0.000000e+000  0.000000e+000  0.000000e+000  0.000000e+000  0.000000e+000  
0.000000e+000  0.000000e+000  0.000000e+000  0.000000e+000  0.000000e+000  0.000000e+000  0.000000e+000  0.000000e+000  0.000000e+000  0.000000e+000  0.000000e+000  0.000000e+000  0.000000e+000  0.000000e+000  0.000000e+000  0.000000e+000  0.000000e+000  
0.000000e+000  0.000000e+000  0.000000e+000  0.000000e+000  0.000000e+000  0.000000e+000  0.000000e+000  0.000000e+000  0.000000e+000  0.000000e+000  0.000000e+000  0.000000e+000  0.000000e+000  0.000000e+000  0.000000e+000  0.000000e+000  0.000000e+000  
0.000000e+000  0.000000e+000  0.000000e+000  0.000000e+000  0.000000e+000  0.000000e+000  0.000000e+000  0.000000e+000  0.000000e+000  0.000000e+000  0.000000e+000  0.000000e+000  0.000000e+000  0.000000e+000  0.000000e+000  0.000000e+000  0.000000e+000  
0.000000e+000  0.000000e+000  0.000000e+000  0.000000e+000  0.000000e+000  0.000000e+000  0.000000e+000  0.000000e+000  0.000000e+000  0.000000e+000  0.000000e+000  0.000000e+000  0.000000e+000  0.000000e+000  0.000000e+000  0.000000e+000  0.000000e+000  
0.000000e+000  0.000000e+000  0.000000e+000  0.000000e+000  0.000000e+000  0.000000e+000  0.000000e+000  0.000000e+000  0.000000e+000  0.000000e+000  0.000000e+000  0.000000e+000  0.000000e+000  0.000000e+000  0.000000e+000  0.000000e+000  0.000000e+000  
0.000000e+000  0.000000e+000  0.000000e+000  0.000000e+000  0.000000e+000  0.000000e+000  0.000000e+000  0.000000e+000  0.000000e+000  0.000000e+000  0.000000e+000  0.000000e+000  0.000000e+000  0.000000e+000  0.000000e+000  0.000000e+000  0.000000e+000  
0.000000e+000  0.000000e+000  0.000000e+000  0.000000e+000  0.000000e+000  0.000000e+000  0.000000e+000  0.000000e+000  0.000000e+000  0.000000e+000  0.000000e+000  0.000000e+000  0.000000e+000  0.000000e+000  0.000000e+000  0.000000e+000  0.000000e+000  
0.000000e+000  0.000000e+000  0.000000e+000  0.000000e+000  0.000000e+000  0.000000e+000  0.000000e+000  0.000000e+000  0.000000e+000  0.000000e+000  0.000000e+000  0.000000e+000  0.000000e+000  0.000000e+000  0.000000e+000  0.000000e+000  0.000000e+000  
0.000000e+000  0.000000e+000  0.000000e+000  0.000000e+000  0.000000e+000  0.000000e+000  0.000000e+000  0.000000e+000  0.000000e+000  0.000000e+000  0.000000e+000  0.000000e+000  0.000000e+000  0.000000e+000  0.000000e+000  0.000000e+000  0.000000e+000  
0.000000e+000  0.000000e+000  0.000000e+000  0.000000e+000  0.000000e+000  0.000000e+000  0.000000e+000  0.000000e+000  0.000000e+000  0.000000e+000  0.000000e+000  0.000000e+000  0.000000e+000  0.000000e+000  0.000000e+000  0.000000e+000  0.000000e+000  
0.000000e+000  0.000000e+000  0.000000e+000  0.000000e+000  0.000000e+000  0.000000e+000  0.000000e+000  0.000000e+000  0.000000e+000  0.000000e+000  0.000000e+000  0.000000e+000  0.000000e+000  0.000000e+000  0.000000e+000  0.000000e+000  0.000000e+000  
0.000000e+000  0.000000e+000  0.000000e+000  0.000000e+000  0.000000e+000  0.000000e+000  0.000000e+000  0.000000e+000  0.000000e+000  0.000000e+000  0.000000e+000  0.000000e+000  0.000000e+000  0.000000e+000  0.000000e+000  0.000000e+000  0.000000e+000  
0.000000e+000  0.000000e+000  0.000000e+000  0.000000e+000  0.000000e+000  0.000000e+000  0.000000e+000  0.000000e+000  0.000000e+000  0.000000e+000  0.000000e+000  0.000000e+000  0.000000e+000  0.000000e+000  0.000000e+000  0.000000e+000  0.000000e+000  
0.000000e+000  0.000000e+000  0.000000e+000  0.000000e+000  0.000000e+000  0.000000e+000  0.000000e+000  0.000000e+000  0.000000e+000  0.000000e+000  0.000000e+000  0.000000e+000  0.000000e+000  0.000000e+000  0.000000e+000  0.000000e+000  0.000000e+000  
0.000000e+000  0.000000e+000  0.000000e+000  0.000000e+000  0.000000e+000  0.000000e+000  0.000000e+000  0.000000e+000  0.000000e+000  0.000000e+000  0.000000e+000  0.000000e+000  0.000000e+000  0.000000e+000  0.000000e+000  0.000000e+000  0.000000e+000  
0.000000e+000  0.000000e+000  0.000000e+000  0.000000e+000  0.000000e+000  0.000000e+000  0.000000e+000  0.000000e+000  0.000000e+000  0.000000e+000  0.000000e+000  0.000000e+000  0.000000e+000  0.000000e+000  0.000000e+000  0.000000e+000  0.000000e+000  
0.000000e+000  0.000000e+000  0.000000e+000  0.000000e+000  0.000000e+000  0.000000e+000  0.000000e+000  0.000000e+000  0.000000e+000  0.000000e+000  0.000000e+000  0.000000e+000  0.000000e+000  0.000000e+000  0.000000e+000  0.000000e+000  0.000000e+000  
0.000000e+000  0.000000e+000  0.000000e+000  0.000000e+000  0.000000e+000  0.000000e+000  0.000000e+000  0.000000e+000  0.000000e+000  0.000000e+000  0.000000e+000  0.000000e+000  0.000000e+000  0.000000e+000  0.000000e+000  0.000000e+000  0.000000e+000  
0.000000e+000  0.000000e+000  0.000000e+000  0.000000e+000  0.000000e+000  0.000000e+000  0.000000e+000  0.000000e+000  0.000000e+000  0.000000e+000  0.000000e+000  0.000000e+000  0.000000e+000  0.000000e+000  0.000000e+000  0.000000e+000  0.000000e+000  
0.000000e+000  0.000000e+000  0.000000e+000  0.000000e+000  0.000000e+000  0.000000e+000  0.000000e+000  0.000000e+000  0.000000e+000  0.000000e+000  0.000000e+000  0.000000e+000  0.000000e+000  0.000000e+000  0.000000e+000  0.000000e+000  0.000000e+000  
0.000000e+000  0.000000e+000  0.000000e+000  0.000000e+000  0.000000e+000  0.000000e+000  0.000000e+000  0.000000e+000  0.000000e+000  0.000000e+000  0.000000e+000  0.000000e+000  0.000000e+000  0.000000e+000  0.000000e+000  0.000000e+000  0.000000e+000  
0.000000e+000  0.000000e+000  0.000000e+000  0.000000e+000  0.000000e+000  0.000000e+000  0.000000e+000  0.000000e+000  0.000000e+000  0.000000e+000  0.000000e+000  0.000000e+000  0.000000e+000  0.000000e+000  0.000000e+000  0.000000e+000  0.000000e+000  
0.000000e+000  0.000000e+000  0.000000e+000  0.000000e+000  0.000000e+000  0.000000e+000  0.000000e+000  0.000000e+000  0.000000e+000  0.000000e+000  0.000000e+000  0.000000e+000  0.000000e+000  0.000000e+000  0.000000e+000  0.000000e+000  0.000000e+000  
0.000000e+000  0.000000e+000  0.000000e+000  0.000000e+000  0.000000e+000  0.000000e+000  0.000000e+000  0.000000e+000  0.000000e+000  0.000000e+000  0.000000e+000  0.000000e+000  0.000000e+000  0.000000e+000  0.000000e+000  0.000000e+000  0.000000e+000  
0.000000e+000  0.000000e+000  0.000000e+000  0.000000e+000  0.000000e+000  0.000000e+000  0.000000e+000  0.000000e+000  0.000000e+000  0.000000e+000  0.000000e+000  0.000000e+000  0.000000e+000  0.000000e+000  0.000000e+000  0.000000e+000  0.000000e+000  
0.000000e+000  0.000000e+000  0.000000e+000  0.000000e+000  0.000000e+000  0.000000e+000  0.000000e+000  0.000000e+000  0.000000e+000  0.000000e+000  0.000000e+000  0.000000e+000  0.000000e+000  0.000000e+000  0.000000e+000  0.000000e+000  0.000000e+000  
0.000000e+000  0.000000e+000  0.000000e+000  0.000000e+000  0.000000e+000  0.000000e+000  0.000000e+000  0.000000e+000  0.000000e+000  0.000000e+000  0.000000e+000  0.000000e+000  0.000000e+000  0.000000e+000  0.000000e+000  0.000000e+000  0.000000e+000  
0.000000e+000  0.000000e+000  0.000000e+000  0.000000e+000  0.000000e+000  0.000000e+000  0.000000e+000  0.000000e+000  0.000000e+000  0.000000e+000  0.000000e+000  0.000000e+000  0.000000e+000  0.000000e+000  0.000000e+000  0.000000e+000  0.000000e+000  

0.000000e+000  0.000000e+000  0.000000e+000  0.000000e+000  0.000000e+000  0.000000e+000  0.000000e+000  0.000000e+000  0.000000e+000  0.000000e+000  0.000000e+000  0.000000e+000  0.000000e+000  0.000000e+000  0.000000e+000  0.000000e+000  0.000000e+000  
0.000000e+000  0.000000e+000  0.000000e+000  0.000000e+000  0.000000e+000  0.000000e+000  0.000000e+000  0.000000e+000  0.000000e+000  0.000000e+000  0.000000e+000  0.000000e+000  0.000000e+000  0.000000e+000  0.000000e+000  0.000000e+000  0.000000e+000  
0.000000e+000  0.000000e+000  0.000000e+000  0.000000e+000  0.000000e+000  0.000000e+000  0.000000e+000  0.000000e+000  0.000000e+000  0.000000e+000  0.000000e+000  0.000000e+000  0.000000e+000  0.000000e+000  0.000000e+000  0.000000e+000  0.000000e+000  
0.000000e+000  0.000000e+000  0.000000e+000  0.000000e+000  0.000000e+000  0.000000e+000  0.000000e+000  0.000000e+000  0.000000e+000  0.000000e+000  0.000000e+000  0.000000e+000  0.000000e+000  0.000000e+000  0.000000e+000  0.000000e+000  0.000000e+000  
0.000000e+000  0.000000e+000  0.000000e+000  0.000000e+000  0.000000e+000  0.000000e+000  0.000000e+000  0.000000e+000  0.000000e+000  0.000000e+000  0.000000e+000  0.000000e+000  0.000000e+000  0.000000e+000  0.000000e+000  0.000000e+000  0.000000e+000  
0.000000e+000  0.000000e+000  0.000000e+000  0.000000e+000  0.000000e+000  0.000000e+000  0.000000e+000  0.000000e+000  0.000000e+000  0.000000e+000  0.000000e+000  0.000000e+000  0.000000e+000  0.000000e+000  0.000000e+000  0.000000e+000  0.000000e+000  
0.000000e+000  0.000000e+000  0.000000e+000  0.000000e+000  0.000000e+000  0.000000e+000  0.000000e+000  0.000000e+000  0.000000e+000  0.000000e+000  0.000000e+000  0.000000e+000  0.000000e+000  0.000000e+000  0.000000e+000  0.000000e+000  0.000000e+000  
0.000000e+000  0.000000e+000  0.000000e+000  0.000000e+000  0.000000e+000  0.000000e+000  0.000000e+000  0.000000e+000  0.000000e+000  0.000000e+000  0.000000e+000  0.000000e+000  0.000000e+000  0.000000e+000  0.000000e+000  0.000000e+000  0.000000e+000  
0.000000e+000  0.000000e+000  0.000000e+000  0.000000e+000  0.000000e+000  0.000000e+000  0.000000e+000  0.000000e+000  0.000000e+000  0.000000e+000  0.000000e+000  0.000000e+000  0.000000e+000  0.000000e+000  0.000000e+000  0.000000e+000  0.000000e+000  
0.000000e+000  0.000000e+000  0.000000e+000  0.000000e+000  0.000000e+000  0.000000e+000  0.000000e+000  0.000000e+000  0.000000e+000  0.000000e+000  0.000000e+000  0.000000e+000  0.000000e+000  0.000000e+000  0.000000e+000  0.000000e+000  0.000000e+000  
0.000000e+000  0.000000e+000  0.000000e+000  0.000000e+000  0.000000e+000  0.000000e+000  0.000000e+000  0.000000e+000  0.000000e+000  0.000000e+000  0.000000e+000  0.000000e+000  0.000000e+000  0.000000e+000  0.000000e+000  0.000000e+000  0.000000e+000  
0.000000e+000  0.000000e+000  0.000000e+000  0.000000e+000  0.000000e+000  0.000000e+000  0.000000e+000  0.000000e+000  0.000000e+000  0.000000e+000  0.000000e+000  0.000000e+000  0.000000e+000  0.000000e+000  0.000000e+000  0.000000e+000  0.000000e+000  
0.000000e+000  0.000000e+000  0.000000e+000  0.000000e+000  0.000000e+000  0.000000e+000  0.000000e+000  0.000000e+000  0.000000e+000  0.000000e+000  0.000000e+000  0.000000e+000  0.000000e+000  0.000000e+000  0.000000e+000  0.000000e+000  0.000000e+000  
0.000000e+000  0.000000e+000  0.000000e+000  0.000000e+000  0.000000e+000  0.000000e+000  0.000000e+000  0.000000e+000  0.000000e+000  0.000000e+000  0.000000e+000  0.000000e+000  0.000000e+000  0.000000e+000  0.000000e+000  0.000000e+000  0.000000e+000  
0.000000e+000  0.000000e+000  0.000000e+000  0.000000e+000  0.000000e+000  0.000000e+000  0.000000e+000  0.000000e+000  0.000000e+000  0.000000e+000  0.000000e+000  0.000000e+000  0.000000e+000  0.000000e+000  0.000000e+000  0.000000e+000  0.000000e+000  
0.000000e+000  0.000000e+000  0.000000e+000  0.000000e+000  0.000000e+000  0.000000e+000  0.000000e+000  0.000000e+000  0.000000e+000  0.000000e+000  0.000000e+000  0.000000e+000  0.000000e+000  0.000000e+000  0.000000e+000  0.000000e+000  0.000000e+000  
0.000000e+000  0.000000e+000  0.000000e+000  0.000000e+000  0.000000e+000  0.000000e+000  0.000000e+000  0.000000e+000  0.000000e+000  0.000000e+000  0.000000e+000  0.000000e+000  0.000000e+000  0.000000e+000  0.000000e+000  0.000000e+000  0.000000e+000  
0.000000e+000  0.000000e+000  0.000000e+000  0.000000e+000  0.000000e+000  0.000000e+000  0.000000e+000  0.000000e+000  0.000000e+000  0.000000e+000  0.000000e+000  0.000000e+000  0.000000e+000  0.000000e+000  0.000000e+000  0.000000e+000  0.000000e+000  
0.000000e+000  0.000000e+000  0.000000e+000  0.000000e+000  0.000000e+000  0.000000e+000  0.000000e+000  0.000000e+000  0.000000e+000  0.000000e+000  0.000000e+000  0.000000e+000  0.000000e+000  0.000000e+000  0.000000e+000  0.000000e+000  0.000000e+000  
0.000000e+000  0.000000e+000  0.000000e+000  0.000000e+000  0.000000e+000  0.000000e+000  0.000000e+000  0.000000e+000  0.000000e+000  0.000000e+000  0.000000e+000  0.000000e+000  0.000000e+000  0.000000e+000  0.000000e+000  0.000000e+000  0.000000e+000  
0.000000e+000  0.000000e+000  0.000000e+000  0.000000e+000  0.000000e+000  0.000000e+000  0.000000e+000  0.000000e+000  0.000000e+000  0.000000e+000  0.000000e+000  0.000000e+000  0.000000e+000  0.000000e+000  0.000000e+000  0.000000e+000  0.000000e+000  
0.000000e+000  0.000000e+000  0.000000e+000  0.000000e+000  0.000000e+000  0.000000e+000  0.000000e+000  0.000000e+000  0.000000e+000  0.000000e+000  0.000000e+000  0.000000e+000  0.000000e+000  0.000000e+000  0.000000e+000  0.000000e+000  0.000000e+000  
0.000000e+000  0.000000e+000  0.000000e+000  0.000000e+000  0.000000e+000  0.000000e+000  0.000000e+000  0.000000e+000  0.000000e+000  0.000000e+000  0.000000e+000  0.000000e+000  0.000000e+000  0.000000e+000  0.000000e+000  0.000000e+000  0.000000e+000  
0.000000e+000  0.000000e+000  0.000000e+000  0.000000e+000  0.000000e+000  0.000000e+000  0.000000e+000  0.000000e+000  0.000000e+000  0.000000e+000  0.000000e+000  0.000000e+000  0.000000e+000  0.000000e+000  0.000000e+000  0.000000e+000  0.000000e+000  
0.000000e+000  0.000000e+000  0.000000e+000  0.000000e+000  0.000000e+000  0.000000e+000  0.000000e+000  0.000000e+000  0.000000e+000  0.000000e+000  0.000000e+000  0.000000e+000  0.000000e+000  0.000000e+000  0.000000e+000  0.000000e+000  0.000000e+000  
0.000000e+000  0.000000e+000  0.000000e+000  0.000000e+000  0.000000e+000  0.000000e+000  0.000000e+000  0.000000e+000  0.000000e+000  0.000000e+000  0.000000e+000  0.000000e+000  0.000000e+000  0.000000e+000  0.000000e+000  0.000000e+000  0.000000e+000  
0.000000e+000  0.000000e+000  0.000000e+000  0.000000e+000  0.000000e+000  0.000000e+000  0.000000e+000  0.000000e+000  0.000000e+000  0.000000e+000  0.000000e+000  0.000000e+000  0.000000e+000  0.000000e+000  0.000000e+000  0.000000e+000  0.000000e+000  
0.000000e+000  0.000000e+000  0.000000e+000  0.000000e+000  0.000000e+000  0.000000e+000  0.000000e+000  0.000000e+000  0.000000e+000  0.000000e+000  0.000000e+000  0.000000e+000  0.000000e+000  0.000000e+000  0.000000e+000  0.000000e+000  0.000000e+000  
0.000000e+000  0.000000e+000  0.000000e+000  0.000000e+000  0.000000e+000  0.000000e+000  0.000000e+000  0.000000e+000  0.000000e+000  0.000000e+000  0.000000e+000  0.000000e+000  0.000000e+000  0.000000e+000  0.000000e+000  0.000000e+000  0.000000e+000  
0.000000e+000  0.000000e+000  0.000000e+000  0.000000e+000  0.000000e+000  0.000000e+000  0.000000e+000  0.000000e+000  0.000000e+000  0.000000e+000  0.000000e+000  0.000000e+000  0.000000e+000  0.000000e+000  0.000000e+000  0.000000e+000  0.000000e+000  
0.000000e+000  0.000000e+000  0.000000e+000  0.000000e+000  0.000000e+000  0.000000e+000  0.000000e+000  0.000000e+000  0.000000e+000  0.000000e+000  0.000000e+000  0.000000e+000  0.000000e+000  0.000000e+000  0.000000e+000  0.000000e+000  0.000000e+000  
0.000000e+000  0.000000e+000  0.000000e+000  0.000000e+000  0.000000e+000  0.000000e+000  0.000000e+000  0.000000e+000  0.000000e+000  0.000000e+000  0.000000e+000  0.000000e+000  0.000000e+000  0.000000e+000  0.000000e+000  0.000000e+000  0.000000e+000  
0.000000e+000  0.000000e+000  0.000000e+000  0.000000e+000  0.000000e+000  0.000000e+000  0.000000e+000  0.000000e+000  0.000000e+000  0.000000e+000  0.000000e+000  0.000000e+000  0.000000e+000  0.000000e+000  0.000000e+000  0.000000e+000  0.000000e+000  
0.000000e+000  0.000000e+000  0.000000e+000  0.000000e+000  0.000000e+000  0.000000e+000  0.000000e+000  0.000000e+000  0.000000e+000  0.000000e+000  0.000000e+000  0.000000e+000  0.000000e+000  0.000000e+000  0.000000e+000  0.000000e+000  0.000000e+000  
0.000000e+000  0.000000e+000  0.000000e+000  0.000000e+000  0.000000e+000  0.000000e+000  0.000000e+000  0.000000e+000  0.000000e+000  0.000000e+000  0.000000e+000  0.000000e+000  0.000000e+000  0.000000e+000  0.000000e+000  0.000000e+000  0.000000e+000  
0.000000e+000  0.000000e+000  0.000000e+000  0.000000e+000  0.000000e+000  0.000000e+000  0.000000e+000  0.000000e+000  0.000000e+000  0.000000e+000  0.000000e+000  0.000000e+000  0.000000e+000  0.000000e+000  0.000000e+000  0.000000e+000  0.000000e+000  
0.000000e+000  0.000000e+000  0.000000e+000  0.000000e+000  0.000000e+000  0.000000e+000  0.000000e+000  0.000000e+000  0.000000e+000  0.000000e+000  0.000000e+000  0.000000e+000  0.000000e+000  0.000000e+000  0.000000e+000  0.000000e+000  0.000000e+000  
0.000000e+000  0.000000e+000  0.000000e+000  0.000000e+000  0.000000e+000  0.000000e+000  0.000000e+000  0.000000e+000  0.000000e+000  0.000000e+000  0.000000e+000  0.000000e+000  0.000000e+000  0.000000e+000  0.000000e+000  0.000000e+000  0.000000e+000  
0.000000e+000  0.000000e+000  0.000000e+000  0.000000e+000  0.000000e+000  0.000000e+000  0.000000e+000  0.000000e+000  0.000000e+000  0.000000e+000  0.000000e+000  0.000000e+000  0.000000e+000  0.000000e+000  0.000000e+000  0.000000e+000  0.000000e+000  
0.000000e+000  0.000000e+000  0.000000e+000  0.000000e+000  0.000000e+000  0.000000e+000  0.000000e+000  0.000000e+000  0.000000e+000  0.000000e+000  0.000000e+000  0.000000e+000  0.000000e+000  0.000000e+000  0.000000e+000  0.000000e+000  0.000000e+000  
0.000000e+000  0.000000e+000  0.000000e+000  0.000000e+000  0.000000e+000  0.000000e+000  0.000000e+000  0.000000e+000  0.000000e+000  0.000000e+000  0.000000e+000  0.000000e+000  0.000000e+000  0.000000e+000  0.000000e+000  0.000000e+000  0.000000e+000  
0.000000e+000  0.000000e+000  0.000000e+000  0.000000e+000  0.000000e+000  0.000000e+000  0.000000e+000  0.000000e+000  0.000000e+000  0.000000e+000  0.000000e+000  0.000000e+000  0.000000e+000  0.000000e+000  0.000000e+000  0.000000e+000  0.000000e+000  
0.000000e+000  0.000000e+000  0.000000e+000  0.000000e+000  0.000000e+000  0.000000e+000  0.000000e+000  0.000000e+000  0.000000e+000  0.000000e+000  0.000000e+000  0.000000e+000  0.000000e+000  0.000000e+000  0.000000e+000  0.000000e+000  0.000000e+000  
0.000000e+000  0.000000e+000  0.000000e+000  0.000000e+000  0.000000e+000  0.000000e+000  0.000000e+000  0.000000e+000  0.000000e+000  0.000000e+000  0.000000e+000  0.000000e+000  0.000000e+000  0.000000e+000  0.000000e+000  0.000000e+000  0.000000e+000  
0.000000e+000  0.000000e+000  0.000000e+000  0.000000e+000  0.000000e+000  0.000000e+000  0.000000e+000  0.000000e+000  0.000000e+000  0.000000e+000  0.000000e+000  0.000000e+000  0.000000e+000  0.000000e+000  0.000000e+000  0.000000e+000  0.000000e+000  
0.000000e+000  0.000000e+000  0.000000e+000  0.000000e+000  0.000000e+000  0.000000e+000  0.000000e+000  0.000000e+000  0.000000e+000  0.000000e+000  0.000000e+000  0.000000e+000  0.000000e+000  0.000000e+000  0.000000e+000  0.000000e+000  0.000000e+000  
0.000000e+000  0.000000e+000  0.000000e+000  0.000000e+000  0.000000e+000  0.000000e+000  0.000000e+000  0.000000e+000  0.000000e+000  0.000000e+000  0.000000e+000  0.000000e+000  0.000000e+000  0.000000e+000  0.000000e+000  0.000000e+000  0.000000e+000  
0.000000e+000  0.000000e+000  0.000000e+000  0.000000e+000  0.000000e+000  0.000000e+000  0.000000e+000  0.000000e+000  0.000000e+000  0.000000e+000  0.000000e+000  0.000000e+000  0.000000e+000  0.000000e+000  0.000000e+000  0.000000e+000  0.000000e+000  
0.000000e+000  0.000000e+000  0.000000e+000  0.000000e+000  0.000000e+000  0.000000e+000  0.000000e+000  0.000000e+000  0.000000e+000  0.000000e+000  0.000000e+000  0.000000e+000  0.000000e+000  0.000000e+000  0.000000e+000  0.000000e+000  0.000000e+000  

0.000000e+000  0.000000e+000  0.000000e+000  0.000000e+000  0.000000e+000  0.000000e+000  0.000000e+000  0.000000e+000  0.000000e+000  0.000000e+000  0.000000e+000  0.000000e+000  0.000000e+000  0.000000e+000  0.000000e+000  0.000000e+000  0.000000e+000  
-1.167549e-006  -1.165150e-006  -1.151059e-006  -1.136968e-006  -1.618019e-006  -2.740895e-006  -3.032314e-006  -3.010878e-006  -2.631988e-006  -1.080153e-006  -6.457984e-007  -7.296712e-007  -2.855799e-006  -1.057967e-006  -1.724677e-007  1.364152e-007  2.426991e-007  
-2.335023e-006  -2.331200e-006  -2.301069e-006  -2.260594e-006  -3.197811e-006  -5.532459e-006  -6.096709e-006  -6.060056e-006  -5.354295e-006  -2.075309e-006  -1.252846e-006  -1.392034e-006  -5.891111e-006  -2.043079e-006  -3.061846e-007  2.759784e-007  4.900452e-007  
-3.503621e-006  -3.498150e-006  -3.452428e-006  -3.360685e-006  -4.696804e-006  -8.431881e-006  -9.226837e-006  -9.182240e-006  -8.277477e-006  -2.885930e-006  -1.787413e-006  -1.909887e-006  -9.307487e-006  -2.859847e-006  -3.637488e-007  4.229620e-007  7.446619e-007  
-4.670421e-006  -4.663975e-006  -4.604312e-006  -4.421875e-006  -6.059382e-006  -1.151239e-005  -1.244691e-005  -1.239414e-005  -1.155272e-005  -3.370654e-006  -2.228739e-006  -2.181818e-006  -1.335617e-005  -3.358511e-006  -3.069341e-007  5.811136e-007  1.014119e-006  
-4.381625e-006  -4.375479e-006  -4.299401e-006  -3.943223e-006  -3.720836e-006  -7.245669e-006  -8.826886e-006  -8.738741e-006  -7.018785e-006  -2.262318e-006  -1.660367e-006  -2.893426e-006  -8.597079e-006  -2.942295e-006  -3.881086e-007  1.064713e-006  1.642304e-006  
-4.091331e-006  -4.087883e-006  -4.004085e-006  -3.459024e-006  -1.131496e-006  -3.116412e-006  -5.463802e-006  -5.334133e-006  -2.802957e-006  -7.007392e-007  -8.911208e-007  -3.425220e-006  -4.598765e-006  -2.166902e-006  -3.275463e-007  1.574996e-006  2.305866e-006  
-3.802086e-006  -3.803809e-006  -3.725933e-006  -3.041384e-006  1.696120e-006  1.128273e-006  -2.486279e-006  -2.302193e-006  1.520429e-006  1.109760e-006  1.325176e-007  -4.106246e-006  -8.651870e-007  -1.323527e-006  -1.993760e-007  2.119532e-006  3.011027e-006  
-3.511716e-006  -3.522135e-006  -3.469517e-006  -2.772151e-006  4.775430e-006  5.795321e-006  -9.541566e-008  1.660218e-007  6.433774e-006  2.982695e-006  1.511135e-006  -5.291484e-006  3.068517e-006  -6.618384e-007  -7.367918e-008  2.704843e-006  3.768057e-006  
-2.973926e-006  -2.997461e-006  -3.001808e-006  -2.576523e-006  4.722063e-007  -4.850234e-007  -3.573028e-006  -3.192415e-006  9.941817e-007  -5.994022e-007  -1.647401e-006  -3.505270e-006  1.452372e-006  5.321691e-007  -1.403877e-006  4.494880e-006  5.771786e-006  
-2.431788e-006  -2.471513e-006  -2.553212e-006  -2.510339e-006  -3.557962e-006  -6.341356e-006  -7.771767e-006  -7.342284e-006  -3.394039e-006  -4.259151e-006  -4.685486e-006  -2.247702e-006  2.738797e-007  1.884778e-006  -3.237462e-006  6.466304e-006  7.876552e-006  
5.918694e-006  5.855171e-006  5.666176e-006  5.317268e-006  3.903198e-006  2.010625e-006  9.289723e-007  9.327200e-007  2.352937e-006  1.670561e-006  1.521366e-006  3.238061e-006  5.312471e-006  6.260782e-006  4.365735e-006  1.059991e-005  1.187940e-005  
1.428109e-005  1.419329e-005  1.389876e-005  1.322789e-005  1.150291e-005  1.027206e-005  9.276981e-006  8.747435e-006  8.692120e-006  7.478399e-006  7.302971e-006  8.805299e-006  1.039941e-005  1.132636e-005  1.116033e-005  1.503468e-005  1.603751e-005  
2.265549e-005  2.254692e-005  2.216053e-005  2.122043e-005  1.911645e-005  1.855512e-005  1.747302e-005  1.640763e-005  1.531654e-005  1.304920e-005  1.270063e-005  1.446619e-005  1.548556e-005  1.665569e-005  1.761588e-005  1.964255e-005  2.031694e-005  
3.104798e-005  3.092284e-005  3.046537e-005  2.930340e-005  2.661370e-005  2.702287e-005  2.566385e-005  2.407608e-005  2.218133e-005  1.818197e-005  1.761573e-005  2.032511e-005  2.047033e-005  2.203678e-005  2.406274e-005  2.433279e-005  2.467833e-005  
3.945887e-005  3.932358e-005  3.882469e-005  3.750510e-005  3.379941e-005  3.595323e-005  3.392851e-005  3.184458e-005  2.947759e-005  2.252904e-005  2.178172e-005  2.663289e-005  2.518988e-005  2.730556e-005  3.081469e-005  2.901783e-005  2.908120e-005  
4.789210e-005  4.775340e-005  4.724874e-005  4.589254e-005  4.032927e-005  4.589302e-005  4.221382e-005  3.970596e-005  3.780001e-005  2.546047e-005  2.466926e-005  3.392117e-005  2.938319e-005  3.223798e-005  3.827836e-005  3.359096e-005  3.349221e-005  
3.946607e-005  3.933460e-005  3.888353e-005  3.790947e-005  3.601428e-005  3.618633e-005  3.564270e-005  3.285361e-005  2.768280e-005  2.415163e-005  2.386958e-005  2.639431e-005  2.550038e-005  2.713324e-005  2.892193e-005  2.880511e-005  2.892133e-005  
3.107987e-005  3.096403e-005  3.059758e-005  3.006440e-005  3.130953e-005  2.683946e-005  3.047965e-005  2.749500e-005  1.630127e-005  2.141373e-005  2.183520e-005  1.987768e-005  2.087875e-005  2.195632e-005  2.013915e-005  2.399228e-005  2.437776e-005  
2.001788e-005  1.992362e-005  1.963869e-005  1.925316e-005  1.930417e-005  1.747160e-005  1.762360e-005  1.564487e-005  1.172533e-005  1.224776e-005  1.221946e-005  1.141454e-005  1.160545e-005  1.183934e-005  1.133037e-005  1.312363e-005  1.343022e-005  
8.993470e-006  8.921327e-006  8.699952e-006  8.355466e-006  7.980999e-006  7.026318e-006  6.540470e-006  5.409236e-006  3.845296e-006  3.403296e-006  3.056787e-006  2.549315e-006  2.276409e-006  2.181631e-006  1.942192e-006  2.485080e-006  2.577497e-006  
-2.002305e-006  -2.051624e-006  -2.214236e-006  -2.536160e-006  -3.082683e-006  -3.578799e-006  -4.006034e-006  -4.466435e-006  -4.940515e-006  -5.496782e-006  -6.011936e-006  -6.466604e-006  -7.081971e-006  -7.386469e-006  -7.656451e-006  -8.083948e-006  -8.246559e-006  
-1.297859e-005  -1.300171e-005  -1.309694e-005  -1.338360e-005  -1.409615e-005  -1.414318e-005  -1.452454e-005  -1.433056e-005  -1.373176e-005  -1.442088e-005  -1.511570e-005  -1.551977e-005  -1.646505e-005  -1.697601e-005  -1.727818e-005  -1.869379e-005  -1.912106e-005  
-2.394562e-005  -2.393801e-005  -2.394172e-005  -2.414605e-005  -2.526341e-005  -2.446168e-005  -2.552200e-005  -2.453194e-005  -2.163159e-005  -2.334176e-005  -2.438938e-005  -2.450159e-005  -2.586645e-005  -2.669461e-005  -2.673284e-005  -2.945657e-005  -3.012755e-005  
-3.491587e-005  -3.487188e-005  -3.474667e-005  -3.472782e-005  -3.699167e-005  -3.360318e-005  -3.822522e-005  -3.632211e-005  -2.624568e-005  -3.264955e-005  -3.420906e-005  -3.317441e-005  -3.525301e-005  -3.690180e-005  -3.564221e-005  -4.053682e-005  -4.134170e-005  
-4.319931e-005  -4.312267e-005  -4.285557e-005  -4.229230e-005  -4.133275e-005  -4.265174e-005  -4.318855e-005  -4.160456e-005  -3.768177e-005  -3.558285e-005  -3.652239e-005  -3.997099e-005  -3.999389e-005  -4.216379e-005  -4.452392e-005  -4.561124e-005  -4.622139e-005  
-5.150606e-005  -5.140225e-005  -5.100855e-005  -4.991645e-005  -4.513742e-005  -5.193929e-005  -4.948160e-005  -4.835333e-005  -4.788180e-005  -3.718022e-005  -3.773176e-005  -4.790095e-005  -4.399517e-005  -4.733696e-005  -5.397041e-005  -5.074146e-005  -5.124391e-005  
-4.298082e-005  -4.286554e-005  -4.241856e-005  -4.122204e-005  -3.811608e-005  -4.159733e-005  -4.093542e-005  -4.039722e-005  -3.964060e-005  -3.453773e-005  -3.525579e-005  -4.101322e-005  -3.986201e-005  -4.242365e-005  -4.654530e-005  -4.647867e-005  -4.724507e-005  
-3.447402e-005  -3.435417e-005  -3.388676e-005  -3.267634e-005  -3.030508e-005  -3.216186e-005  -3.234898e-005  -3.251201e-005  -3.244496e-005  -3.056517e-005  -3.162842e-005  -3.523165e-005  -3.515363e-005  -3.713329e-005  -3.979133e-005  -4.216533e-005  -4.333974e-005  
-2.598563e-005  -2.587039e-005  -2.541287e-005  -2.422092e-005  -2.200519e-005  -2.305859e-005  -2.376989e-005  -2.470183e-005  -2.569661e-005  -2.591978e-005  -2.742072e-005  -3.007501e-005  -3.008325e-005  -3.167837e-005  -3.327443e-005  -3.792507e-005  -3.957599e-005  
-1.751537e-005  -1.741332e-005  -1.699598e-005  -1.584473e-005  -1.334725e-005  -1.397577e-005  -1.511990e-005  -1.687126e-005  -1.918848e-005  -2.098343e-005  -2.294938e-005  -2.537288e-005  -2.473008e-005  -2.622375e-005  -2.663975e-005  -3.386611e-005  -3.601218e-005  
-9.060965e-006  -8.980428e-006  -8.636354e-006  -7.573365e-006  -4.364648e-006  -4.704749e-006  -6.270938e-006  -8.855968e-006  -1.292121e-005  -1.600656e-005  -1.837336e-005  -2.115203e-005  -1.904303e-005  -2.102945e-005  -1.948927e-005  -3.011462e-005  -3.270827e-005  
-6.192649e-007  -5.680717e-007  -3.329429e-007  5.309698e-007  4.967536e-006  4.930809e-006  2.908866e-006  -3.600011e-007  -7.094563e-006  -1.119549e-005  -1.370403e-005  -1.762484e-005  -1.278353e-005  -1.668950e-005  -1.123319e-005  -2.684958e-005  -2.971879e-005  
0.000000e+000  1.589012e-008  1.397131e-007  6.792276e-007  2.953763e-006  3.720686e-007  -1.051296e-006  -4.345498e-006  -1.112668e-005  -1.608440e-005  -1.821217e-005  -1.866317e-005  -1.214140e-005  -1.582468e-005  -1.216284e-005  -2.576830e-005  -2.855259e-005  
6.035996e-007  5.954297e-007  5.922817e-007  7.414389e-007  1.313108e-006  -4.275866e-006  -4.621251e-006  -7.604696e-006  -1.565791e-005  -2.138780e-005  -2.296624e-005  -2.018030e-005  -1.064496e-005  -1.609789e-005  -1.201106e-005  -2.510676e-005  -2.760241e-005  
7.001771e-007  6.519446e-007  4.816505e-007  1.346912e-007  -5.136556e-007  -3.112065e-006  -3.699587e-006  -5.606888e-006  -9.606738e-006  -1.270790e-005  -1.365340e-005  -1.258662e-005  -9.327349e-006  -1.157434e-005  -1.050993e-005  -1.797191e-005  -1.981584e-005  
8.046996e-007  7.187280e-007  3.863472e-007  -4.493830e-007  -2.040269e-006  -2.310551e-006  -2.362006e-006  -2.950053e-006  -3.957876e-006  -4.503200e-006  -4.785212e-006  -5.138917e-006  -7.295476e-006  -7.824234e-006  -8.261212e-006  -1.116539e-005  -1.224461e-005  
9.212896e-007  8.038376e-007  3.276962e-007  -9.766052e-007  -3.672791e-006  -1.548724e-006  -8.561176e-007  -1.605502e-007  1.533246e-006  3.642960e-006  4.099313e-006  2.463905e-006  -5.389111e-006  -4.095903e-006  -5.854347e-006  -4.465535e-006  -4.799190e-006  
1.055494e-006  9.145812e-007  3.312190e-007  -1.399605e-006  -5.845315e-006  -5.494083e-007  6.483468e-007  2.313586e-006  7.002445e-006  1.215422e-005  1.344536e-005  1.057532e-005  -4.493905e-006  3.456850e-007  -3.829968e-006  2.334423e-006  2.605979e-006  
1.714109e-006  1.563378e-006  9.311459e-007  -1.060216e-006  -7.995203e-006  -5.542053e-006  -1.941593e-006  -8.109957e-008  1.388212e-006  6.665905e-006  8.686048e-006  9.875933e-006  -3.672866e-006  -8.544686e-008  -2.862770e-006  2.521207e-006  3.055250e-006  
2.385691e-006  2.234136e-006  1.597257e-006  -4.766286e-007  -1.078849e-005  -1.085175e-005  -4.170406e-006  -2.395960e-006  -4.789072e-006  1.653472e-006  4.047033e-006  1.019793e-005  -4.164635e-006  4.690583e-007  -2.461769e-006  2.894250e-006  3.543571e-006  
2.803781e-006  2.659121e-006  2.055522e-006  1.826614e-007  -6.611264e-006  -5.359092e-006  -9.127074e-007  6.632625e-007  -3.029616e-007  2.535373e-006  4.334105e-006  8.009519e-006  3.348917e-007  9.827888e-007  -1.375245e-006  2.458096e-006  3.100372e-006  
3.231615e-006  3.099772e-006  2.560183e-006  1.023114e-006  -2.824019e-006  -3.319686e-007  2.789465e-006  4.116515e-006  3.710118e-006  3.529555e-006  4.415954e-006  6.496135e-006  4.398490e-006  1.842354e-006  -6.170163e-007  2.112186e-006  2.693975e-006  
3.716564e-006  3.533528e-006  3.102246e-006  1.949538e-006  6.224879e-007  4.528084e-006  6.769565e-006  7.838700e-006  7.688119e-006  4.408908e-006  4.368958e-006  5.255057e-006  8.576242e-006  2.691351e-006  -1.526801e-007  1.829762e-006  2.321231e-006  
4.115166e-006  4.024247e-006  3.668444e-006  2.881133e-006  3.741973e-006  9.475083e-006  1.093090e-005  1.174834e-005  1.203129e-005  4.933657e-006  4.220625e-006  3.922910e-006  1.341636e-005  3.188367e-006  1.604002e-008  1.587813e-006  1.975397e-006  
3.083208e-006  3.013351e-006  2.745168e-006  2.201906e-006  2.989591e-006  6.929890e-006  8.120525e-006  8.717079e-006  8.619715e-006  4.017202e-006  3.237612e-006  3.180872e-006  9.386188e-006  2.747117e-006  2.017745e-007  1.176768e-006  1.468562e-006  
2.052524e-006  2.005453e-006  1.825790e-006  1.487675e-006  2.074410e-006  4.543749e-006  5.373184e-006  5.759418e-006  5.574808e-006  2.810527e-006  2.198982e-006  2.223192e-006  5.958644e-006  1.975846e-006  2.246353e-007  7.788407e-007  9.728200e-007  
1.025887e-006  1.002052e-006  9.122577e-007  7.499086e-007  1.060291e-006  2.250625e-006  2.674112e-006  2.862695e-006  2.740221e-006  1.441728e-006  1.112908e-006  1.141015e-006  2.893650e-006  1.026936e-006  1.391135e-007  3.878088e-007  4.841239e-007  
0.000000e+000  0.000000e+000  0.000000e+000  0.000000e+000  0.000000e+000  0.000000e+000  0.000000e+000  0.000000e+000  0.000000e+000  0.000000e+000  0.000000e+000  0.000000e+000  0.000000e+000  0.000000e+000  0.000000e+000  0.000000e+000  0.000000e+000  

