Port monitor named: Port1_h1.prt

nx        = 17
ny        = 49
nz        = 3

nu        = 17
nv        = 49
iu        = 1
iv        = 1

idir      = 2
dcut      = -4.666667e-003
icut      = 1
type      = 1
frequency = 1.250000e+010

fcutoff   = 0.000000e+000
alpha     = 0.000000e+000
beta      = 2.619806e+002
accuracy  = 3.008309e-014

type          = TEM
wave imp.     = 3.767303e+002
wave imp.sig. = 8.768547e-006
line imp.     = 3.945110e+002

ref. port     = 0

-1.581686e+001  -1.581686e+001  -1.581686e+001  -1.581686e+001  -1.581686e+001  -1.581686e+001  -1.581686e+001  -1.581686e+001  -1.581686e+001  -1.581686e+001  -1.581686e+001  -1.581686e+001  -1.581686e+001  -1.581686e+001  -1.581686e+001  -1.581686e+001  -1.581686e+001  
-1.581686e+001  -1.581686e+001  -1.581686e+001  -1.581686e+001  -1.581686e+001  -1.581686e+001  -1.581686e+001  -1.581686e+001  -1.581686e+001  -1.581686e+001  -1.581686e+001  -1.581686e+001  -1.581686e+001  -1.581686e+001  -1.581686e+001  -1.581686e+001  -1.581686e+001  
-1.581686e+001  -1.581686e+001  -1.581686e+001  -1.581686e+001  -1.581686e+001  -1.581686e+001  -1.581686e+001  -1.581686e+001  -1.581686e+001  -1.581686e+001  -1.581686e+001  -1.581686e+001  -1.581686e+001  -1.581686e+001  -1.581686e+001  -1.581686e+001  -1.581686e+001  
-1.581686e+001  -1.581686e+001  -1.581686e+001  -1.581686e+001  -1.581686e+001  -1.581686e+001  -1.581686e+001  -1.581686e+001  -1.581686e+001  -1.581686e+001  -1.581686e+001  -1.581686e+001  -1.581686e+001  -1.581686e+001  -1.581686e+001  -1.581686e+001  -1.581686e+001  
-1.581686e+001  -1.581686e+001  -1.581686e+001  -1.581686e+001  -1.581686e+001  -1.581686e+001  -1.581686e+001  -1.581686e+001  -1.581686e+001  -1.581686e+001  -1.581686e+001  -1.581686e+001  -1.581686e+001  -1.581686e+001  -1.581686e+001  -1.581686e+001  -1.581686e+001  
-1.581686e+001  -1.581686e+001  -1.581686e+001  -1.581686e+001  -1.581686e+001  -1.581686e+001  -1.581686e+001  -1.581686e+001  -1.581686e+001  -1.581686e+001  -1.581686e+001  -1.581686e+001  -1.581686e+001  -1.581686e+001  -1.581686e+001  -1.581686e+001  -1.581686e+001  
-1.581686e+001  -1.581686e+001  -1.581686e+001  -1.581686e+001  -1.581686e+001  -1.581686e+001  -1.581686e+001  -1.581686e+001  -1.581686e+001  -1.581686e+001  -1.581686e+001  -1.581686e+001  -1.581686e+001  -1.581686e+001  -1.581686e+001  -1.581686e+001  -1.581686e+001  
-1.581686e+001  -1.581686e+001  -1.581686e+001  -1.581686e+001  -1.581686e+001  -1.581686e+001  -1.581686e+001  -1.581686e+001  -1.581686e+001  -1.581686e+001  -1.581686e+001  -1.581686e+001  -1.581686e+001  -1.581686e+001  -1.581686e+001  -1.581686e+001  -1.581686e+001  
-1.581686e+001  -1.581686e+001  -1.581686e+001  -1.581686e+001  -1.581686e+001  -1.581686e+001  -1.581686e+001  -1.581686e+001  -1.581686e+001  -1.581686e+001  -1.581686e+001  -1.581686e+001  -1.581686e+001  -1.581686e+001  -1.581686e+001  -1.581686e+001  -1.581686e+001  
-1.581686e+001  -1.581686e+001  -1.581686e+001  -1.581686e+001  -1.581686e+001  -1.581686e+001  -1.581686e+001  -1.581686e+001  -1.581686e+001  -1.581686e+001  -1.581686e+001  -1.581686e+001  -1.581686e+001  -1.581686e+001  -1.581686e+001  -1.581686e+001  -1.581686e+001  
-1.581686e+001  -1.581686e+001  -1.581686e+001  -1.581686e+001  -1.581686e+001  -1.581686e+001  -1.581686e+001  -1.581686e+001  -1.581686e+001  -1.581686e+001  -1.581686e+001  -1.581686e+001  -1.581686e+001  -1.581686e+001  -1.581686e+001  -1.581686e+001  -1.581686e+001  
-1.581686e+001  -1.581686e+001  -1.581686e+001  -1.581686e+001  -1.581686e+001  -1.581686e+001  -1.581686e+001  -1.581686e+001  -1.581686e+001  -1.581686e+001  -1.581686e+001  -1.581686e+001  -1.581686e+001  -1.581686e+001  -1.581686e+001  -1.581686e+001  -1.581686e+001  
-1.581686e+001  -1.581686e+001  -1.581686e+001  -1.581686e+001  -1.581686e+001  -1.581686e+001  -1.581686e+001  -1.581686e+001  -1.581686e+001  -1.581686e+001  -1.581686e+001  -1.581686e+001  -1.581686e+001  -1.581686e+001  -1.581686e+001  -1.581686e+001  -1.581686e+001  
-1.581686e+001  -1.581686e+001  -1.581686e+001  -1.581686e+001  -1.581686e+001  -1.581686e+001  -1.581686e+001  -1.581686e+001  -1.581686e+001  -1.581686e+001  -1.581686e+001  -1.581686e+001  -1.581686e+001  -1.581686e+001  -1.581686e+001  -1.581686e+001  -1.581686e+001  
-1.581686e+001  -1.581686e+001  -1.581686e+001  -1.581686e+001  -1.581686e+001  -1.581686e+001  -1.581686e+001  -1.581686e+001  -1.581686e+001  -1.581686e+001  -1.581686e+001  -1.581686e+001  -1.581686e+001  -1.581686e+001  -1.581686e+001  -1.581686e+001  -1.581686e+001  
-1.581686e+001  -1.581686e+001  -1.581686e+001  -1.581686e+001  -1.581686e+001  -1.581686e+001  -1.581686e+001  -1.581686e+001  -1.581686e+001  -1.581686e+001  -1.581686e+001  -1.581686e+001  -1.581686e+001  -1.581686e+001  -1.581686e+001  -1.581686e+001  -1.581686e+001  
-1.581686e+001  -1.581686e+001  -1.581686e+001  -1.581686e+001  -1.581686e+001  -1.581686e+001  -1.581686e+001  -1.581686e+001  -1.581686e+001  -1.581686e+001  -1.581686e+001  -1.581686e+001  -1.581686e+001  -1.581686e+001  -1.581686e+001  -1.581686e+001  -1.581686e+001  
-1.581686e+001  -1.581686e+001  -1.581686e+001  -1.581686e+001  -1.581686e+001  -1.581686e+001  -1.581686e+001  -1.581686e+001  -1.581686e+001  -1.581686e+001  -1.581686e+001  -1.581686e+001  -1.581686e+001  -1.581686e+001  -1.581686e+001  -1.581686e+001  -1.581686e+001  
-1.581686e+001  -1.581686e+001  -1.581686e+001  -1.581686e+001  -1.581686e+001  -1.581686e+001  -1.581686e+001  -1.581686e+001  -1.581686e+001  -1.581686e+001  -1.581686e+001  -1.581686e+001  -1.581686e+001  -1.581686e+001  -1.581686e+001  -1.581686e+001  -1.581686e+001  
-1.581686e+001  -1.581686e+001  -1.581686e+001  -1.581686e+001  -1.581686e+001  -1.581686e+001  -1.581686e+001  -1.581686e+001  -1.581686e+001  -1.581686e+001  -1.581686e+001  -1.581686e+001  -1.581686e+001  -1.581686e+001  -1.581686e+001  -1.581686e+001  -1.581686e+001  
-1.581686e+001  -1.581686e+001  -1.581686e+001  -1.581686e+001  -1.581686e+001  -1.581686e+001  -1.581686e+001  -1.581686e+001  -1.581686e+001  -1.581686e+001  -1.581686e+001  -1.581686e+001  -1.581686e+001  -1.581686e+001  -1.581686e+001  -1.581686e+001  -1.581686e+001  
-1.581686e+001  -1.581686e+001  -1.581686e+001  -1.581686e+001  -1.581686e+001  -1.581686e+001  -1.581686e+001  -1.581686e+001  -1.581686e+001  -1.581686e+001  -1.581686e+001  -1.581686e+001  -1.581686e+001  -1.581686e+001  -1.581686e+001  -1.581686e+001  -1.581686e+001  
-1.581686e+001  -1.581686e+001  -1.581686e+001  -1.581686e+001  -1.581686e+001  -1.581686e+001  -1.581686e+001  -1.581686e+001  -1.581686e+001  -1.581686e+001  -1.581686e+001  -1.581686e+001  -1.581686e+001  -1.581686e+001  -1.581686e+001  -1.581686e+001  -1.581686e+001  
-1.581686e+001  -1.581686e+001  -1.581686e+001  -1.581686e+001  -1.581686e+001  -1.581686e+001  -1.581686e+001  -1.581686e+001  -1.581686e+001  -1.581686e+001  -1.581686e+001  -1.581686e+001  -1.581686e+001  -1.581686e+001  -1.581686e+001  -1.581686e+001  -1.581686e+001  
-1.581686e+001  -1.581686e+001  -1.581686e+001  -1.581686e+001  -1.581686e+001  -1.581686e+001  -1.581686e+001  -1.581686e+001  -1.581686e+001  -1.581686e+001  -1.581686e+001  -1.581686e+001  -1.581686e+001  -1.581686e+001  -1.581686e+001  -1.581686e+001  -1.581686e+001  
-1.581686e+001  -1.581686e+001  -1.581686e+001  -1.581686e+001  -1.581686e+001  -1.581686e+001  -1.581686e+001  -1.581686e+001  -1.581686e+001  -1.581686e+001  -1.581686e+001  -1.581686e+001  -1.581686e+001  -1.581686e+001  -1.581686e+001  -1.581686e+001  -1.581686e+001  
-1.581686e+001  -1.581686e+001  -1.581686e+001  -1.581686e+001  -1.581686e+001  -1.581686e+001  -1.581686e+001  -1.581686e+001  -1.581686e+001  -1.581686e+001  -1.581686e+001  -1.581686e+001  -1.581686e+001  -1.581686e+001  -1.581686e+001  -1.581686e+001  -1.581686e+001  
-1.581686e+001  -1.581686e+001  -1.581686e+001  -1.581686e+001  -1.581686e+001  -1.581686e+001  -1.581686e+001  -1.581686e+001  -1.581686e+001  -1.581686e+001  -1.581686e+001  -1.581686e+001  -1.581686e+001  -1.581686e+001  -1.581686e+001  -1.581686e+001  -1.581686e+001  
-1.581686e+001  -1.581686e+001  -1.581686e+001  -1.581686e+001  -1.581686e+001  -1.581686e+001  -1.581686e+001  -1.581686e+001  -1.581686e+001  -1.581686e+001  -1.581686e+001  -1.581686e+001  -1.581686e+001  -1.581686e+001  -1.581686e+001  -1.581686e+001  -1.581686e+001  
-1.581686e+001  -1.581686e+001  -1.581686e+001  -1.581686e+001  -1.581686e+001  -1.581686e+001  -1.581686e+001  -1.581686e+001  -1.581686e+001  -1.581686e+001  -1.581686e+001  -1.581686e+001  -1.581686e+001  -1.581686e+001  -1.581686e+001  -1.581686e+001  -1.581686e+001  
-1.581686e+001  -1.581686e+001  -1.581686e+001  -1.581686e+001  -1.581686e+001  -1.581686e+001  -1.581686e+001  -1.581686e+001  -1.581686e+001  -1.581686e+001  -1.581686e+001  -1.581686e+001  -1.581686e+001  -1.581686e+001  -1.581686e+001  -1.581686e+001  -1.581686e+001  
-1.581686e+001  -1.581686e+001  -1.581686e+001  -1.581686e+001  -1.581686e+001  -1.581686e+001  -1.581686e+001  -1.581686e+001  -1.581686e+001  -1.581686e+001  -1.581686e+001  -1.581686e+001  -1.581686e+001  -1.581686e+001  -1.581686e+001  -1.581686e+001  -1.581686e+001  
-1.581686e+001  -1.581686e+001  -1.581686e+001  -1.581686e+001  -1.581686e+001  -1.581686e+001  -1.581686e+001  -1.581686e+001  -1.581686e+001  -1.581686e+001  -1.581686e+001  -1.581686e+001  -1.581686e+001  -1.581686e+001  -1.581686e+001  -1.581686e+001  -1.581686e+001  
-1.581686e+001  -1.581686e+001  -1.581686e+001  -1.581686e+001  -1.581686e+001  -1.581686e+001  -1.581686e+001  -1.581686e+001  -1.581686e+001  -1.581686e+001  -1.581686e+001  -1.581686e+001  -1.581686e+001  -1.581686e+001  -1.581686e+001  -1.581686e+001  -1.581686e+001  
-1.581686e+001  -1.581686e+001  -1.581686e+001  -1.581686e+001  -1.581686e+001  -1.581686e+001  -1.581686e+001  -1.581686e+001  -1.581686e+001  -1.581686e+001  -1.581686e+001  -1.581686e+001  -1.581686e+001  -1.581686e+001  -1.581686e+001  -1.581686e+001  -1.581686e+001  
-1.581686e+001  -1.581686e+001  -1.581686e+001  -1.581686e+001  -1.581686e+001  -1.581686e+001  -1.581686e+001  -1.581686e+001  -1.581686e+001  -1.581686e+001  -1.581686e+001  -1.581686e+001  -1.581686e+001  -1.581686e+001  -1.581686e+001  -1.581686e+001  -1.581686e+001  
-1.581686e+001  -1.581686e+001  -1.581686e+001  -1.581686e+001  -1.581686e+001  -1.581686e+001  -1.581686e+001  -1.581686e+001  -1.581686e+001  -1.581686e+001  -1.581686e+001  -1.581686e+001  -1.581686e+001  -1.581686e+001  -1.581686e+001  -1.581686e+001  -1.581686e+001  
-1.581686e+001  -1.581686e+001  -1.581686e+001  -1.581686e+001  -1.581686e+001  -1.581686e+001  -1.581686e+001  -1.581686e+001  -1.581686e+001  -1.581686e+001  -1.581686e+001  -1.581686e+001  -1.581686e+001  -1.581686e+001  -1.581686e+001  -1.581686e+001  -1.581686e+001  
-1.581686e+001  -1.581686e+001  -1.581686e+001  -1.581686e+001  -1.581686e+001  -1.581686e+001  -1.581686e+001  -1.581686e+001  -1.581686e+001  -1.581686e+001  -1.581686e+001  -1.581686e+001  -1.581686e+001  -1.581686e+001  -1.581686e+001  -1.581686e+001  -1.581686e+001  
-1.581686e+001  -1.581686e+001  -1.581686e+001  -1.581686e+001  -1.581686e+001  -1.581686e+001  -1.581686e+001  -1.581686e+001  -1.581686e+001  -1.581686e+001  -1.581686e+001  -1.581686e+001  -1.581686e+001  -1.581686e+001  -1.581686e+001  -1.581686e+001  -1.581686e+001  
-1.581686e+001  -1.581686e+001  -1.581686e+001  -1.581686e+001  -1.581686e+001  -1.581686e+001  -1.581686e+001  -1.581686e+001  -1.581686e+001  -1.581686e+001  -1.581686e+001  -1.581686e+001  -1.581686e+001  -1.581686e+001  -1.581686e+001  -1.581686e+001  -1.581686e+001  
-1.581686e+001  -1.581686e+001  -1.581686e+001  -1.581686e+001  -1.581686e+001  -1.581686e+001  -1.581686e+001  -1.581686e+001  -1.581686e+001  -1.581686e+001  -1.581686e+001  -1.581686e+001  -1.581686e+001  -1.581686e+001  -1.581686e+001  -1.581686e+001  -1.581686e+001  
-1.581686e+001  -1.581686e+001  -1.581686e+001  -1.581686e+001  -1.581686e+001  -1.581686e+001  -1.581686e+001  -1.581686e+001  -1.581686e+001  -1.581686e+001  -1.581686e+001  -1.581686e+001  -1.581686e+001  -1.581686e+001  -1.581686e+001  -1.581686e+001  -1.581686e+001  
-1.581686e+001  -1.581686e+001  -1.581686e+001  -1.581686e+001  -1.581686e+001  -1.581686e+001  -1.581686e+001  -1.581686e+001  -1.581686e+001  -1.581686e+001  -1.581686e+001  -1.581686e+001  -1.581686e+001  -1.581686e+001  -1.581686e+001  -1.581686e+001  -1.581686e+001  
-1.581686e+001  -1.581686e+001  -1.581686e+001  -1.581686e+001  -1.581686e+001  -1.581686e+001  -1.581686e+001  -1.581686e+001  -1.581686e+001  -1.581686e+001  -1.581686e+001  -1.581686e+001  -1.581686e+001  -1.581686e+001  -1.581686e+001  -1.581686e+001  -1.581686e+001  
-1.581686e+001  -1.581686e+001  -1.581686e+001  -1.581686e+001  -1.581686e+001  -1.581686e+001  -1.581686e+001  -1.581686e+001  -1.581686e+001  -1.581686e+001  -1.581686e+001  -1.581686e+001  -1.581686e+001  -1.581686e+001  -1.581686e+001  -1.581686e+001  -1.581686e+001  
-1.581686e+001  -1.581686e+001  -1.581686e+001  -1.581686e+001  -1.581686e+001  -1.581686e+001  -1.581686e+001  -1.581686e+001  -1.581686e+001  -1.581686e+001  -1.581686e+001  -1.581686e+001  -1.581686e+001  -1.581686e+001  -1.581686e+001  -1.581686e+001  -1.581686e+001  
-1.581686e+001  -1.581686e+001  -1.581686e+001  -1.581686e+001  -1.581686e+001  -1.581686e+001  -1.581686e+001  -1.581686e+001  -1.581686e+001  -1.581686e+001  -1.581686e+001  -1.581686e+001  -1.581686e+001  -1.581686e+001  -1.581686e+001  -1.581686e+001  -1.581686e+001  
0.000000e+000  0.000000e+000  0.000000e+000  0.000000e+000  0.000000e+000  0.000000e+000  0.000000e+000  0.000000e+000  0.000000e+000  0.000000e+000  0.000000e+000  0.000000e+000  0.000000e+000  0.000000e+000  0.000000e+000  0.000000e+000  0.000000e+000  

0.000000e+000  0.000000e+000  0.000000e+000  0.000000e+000  0.000000e+000  0.000000e+000  0.000000e+000  0.000000e+000  0.000000e+000  0.000000e+000  0.000000e+000  0.000000e+000  0.000000e+000  0.000000e+000  0.000000e+000  0.000000e+000  0.000000e+000  
0.000000e+000  1.268540e-009  -1.190651e-009  -3.434443e-008  1.460333e-008  -5.046089e-008  -1.638645e-008  1.648541e-008  6.484201e-008  -1.400052e-009  -4.995530e-008  -2.792775e-008  7.056444e-008  6.618572e-008  -2.035511e-008  -2.621845e-009  0.000000e+000  
9.061194e-010  2.685055e-009  -1.609552e-009  -7.108188e-008  3.594036e-008  -1.103956e-007  -3.275680e-008  3.175406e-008  1.386983e-007  -4.202066e-009  -1.048114e-007  -5.850551e-008  1.473132e-007  1.366283e-007  -4.339529e-008  -4.949245e-009  0.000000e+000  
1.373634e-009  4.224033e-009  0.000000e+000  -1.128842e-007  7.239917e-008  -1.922291e-007  -4.770839e-008  4.350107e-008  2.321124e-007  -1.014207e-008  -1.699102e-007  -9.455332e-008  2.369963e-007  2.157866e-007  -7.196959e-008  -6.752221e-009  0.000000e+000  
1.841540e-009  5.895795e-009  3.694662e-009  -1.633648e-007  1.357625e-007  -3.140289e-007  -5.672665e-008  4.651280e-008  3.592830e-007  -2.235549e-008  -2.513108e-007  -1.394233e-007  3.479382e-007  3.086082e-007  -1.095334e-007  -7.517474e-009  0.000000e+000  
2.386463e-009  8.193552e-009  1.412817e-008  -3.951618e-008  5.108442e-008  -2.027697e-007  -4.586999e-008  5.811485e-008  1.475999e-007  -5.219204e-008  -1.866077e-007  -2.698414e-008  2.449538e-007  2.420786e-007  -7.040130e-008  -6.133986e-009  0.000000e+000  
2.882735e-009  1.045063e-008  2.675839e-008  7.830733e-008  -2.395514e-009  -1.493413e-007  -2.678552e-008  7.316475e-008  -3.178977e-008  -8.914679e-008  -1.495410e-007  7.980493e-008  1.654415e-007  1.991673e-007  -4.511389e-008  -3.231377e-009  0.000000e+000  
3.321816e-009  1.240182e-008  3.806447e-008  2.016317e-007  -4.680656e-008  -1.345205e-007  -4.102958e-009  1.184687e-007  -2.173037e-007  -1.257771e-007  -1.377132e-007  1.935640e-007  8.931839e-008  1.788763e-007  -3.037356e-008  6.565251e-010  0.000000e+000  
3.653197e-009  1.374575e-008  4.430093e-008  3.420992e-007  -9.957844e-008  -1.513519e-007  1.964574e-008  2.302932e-007  -4.525369e-007  -1.511911e-007  -1.542169e-007  3.287234e-007  -5.989444e-009  1.849444e-007  -2.458014e-008  5.505130e-009  0.000000e+000  
3.941821e-009  1.432888e-008  3.917542e-008  1.477647e-007  -1.048686e-007  -1.842101e-008  3.958454e-008  1.373748e-007  -2.707346e-007  -1.391378e-007  -9.145329e-008  3.770718e-007  8.912267e-008  7.129570e-008  5.516048e-008  1.260061e-008  0.000000e+000  
4.114602e-009  1.419391e-008  2.983737e-008  -2.594414e-008  -1.448421e-007  1.179044e-007  5.123009e-008  1.423832e-007  -1.731418e-007  -1.148218e-007  -7.314844e-008  4.754712e-007  1.540210e-007  -4.343189e-008  1.357475e-007  1.901595e-008  0.000000e+000  
4.164316e-009  1.367572e-008  2.320728e-008  -1.588643e-008  -7.117715e-008  3.780007e-008  1.947477e-008  2.978923e-008  -1.166104e-007  -8.106876e-008  -3.225823e-009  3.094144e-007  1.472066e-007  3.456258e-008  1.106027e-007  2.277072e-008  0.000000e+000  
4.107904e-009  1.312031e-008  2.033523e-008  -3.672196e-009  -2.798153e-008  -6.021833e-009  -2.158694e-008  -3.599780e-008  -1.046668e-007  -5.690396e-008  3.086687e-008  1.924099e-007  1.387078e-007  7.294042e-008  9.694833e-008  2.393443e-008  0.000000e+000  
4.032679e-009  1.272401e-008  1.989181e-008  8.940025e-009  7.204527e-009  -3.868362e-008  -6.300197e-008  -8.610096e-008  -1.206876e-007  -4.193381e-008  5.737491e-008  9.754377e-008  1.365828e-007  9.160185e-008  8.961564e-008  2.359718e-008  0.000000e+000  
3.888653e-009  1.241971e-008  2.085473e-008  2.089731e-008  5.160029e-008  -7.617019e-008  -1.048432e-007  -1.334123e-007  -1.633070e-007  -3.165265e-008  9.967204e-008  2.792154e-009  1.522803e-007  9.962366e-008  8.614044e-008  2.211395e-008  0.000000e+000  
3.687261e-009  1.215264e-008  2.248008e-008  2.995584e-008  1.268844e-007  -1.398973e-007  -1.466578e-007  -1.812070e-007  -2.434847e-007  -2.125720e-008  1.885857e-007  -1.174764e-007  2.073696e-007  9.715001e-008  8.543039e-008  1.944342e-008  0.000000e+000  
3.382317e-009  1.174560e-008  2.430257e-008  3.049675e-008  2.713021e-007  -2.755201e-007  -1.794764e-007  -2.217524e-007  -3.898914e-007  -8.067318e-009  3.778941e-007  -3.029669e-007  3.470505e-007  6.986158e-008  8.777273e-008  1.512636e-008  0.000000e+000  
2.775673e-009  1.060657e-008  2.769430e-008  6.742963e-008  -2.909915e-010  -7.463191e-010  -1.504145e-007  -3.100670e-007  -1.603631e-007  8.693518e-009  1.573637e-007  -2.132834e-007  9.101594e-008  9.402153e-008  1.174809e-008  4.883826e-009  0.000000e+000  
1.824955e-009  8.106849e-009  2.766661e-008  1.225340e-007  -2.903523e-007  3.676247e-007  -1.150738e-007  -5.840362e-007  6.643978e-008  3.440750e-008  1.245320e-007  -2.578271e-007  -6.199455e-008  1.451043e-007  -7.624727e-008  -5.017394e-009  0.000000e+000  
2.448839e-010  2.749716e-009  1.368891e-008  4.066410e-008  -1.030153e-007  5.716374e-008  -8.502438e-008  -2.179867e-007  -3.851553e-008  -2.549389e-009  1.340096e-008  -1.337967e-007  -4.562122e-008  3.014677e-008  -4.120746e-008  -7.581823e-009  0.000000e+000  
-1.731462e-009  -4.284080e-009  -3.472261e-009  -1.416613e-009  -5.294624e-008  -2.122297e-008  -6.268269e-008  -9.863310e-008  -5.046675e-008  -2.784478e-008  -2.395454e-008  -7.183324e-008  -3.594190e-008  -8.578150e-009  -2.605139e-008  -7.303413e-009  0.000000e+000  
-3.898977e-009  -1.197050e-008  -2.088003e-008  -3.073235e-008  -3.850316e-008  -4.262332e-008  -4.490339e-008  -4.575383e-008  -4.498398e-008  -4.221472e-008  -3.809967e-008  -3.196168e-008  -2.681985e-008  -2.319371e-008  -1.739920e-008  -6.378038e-009  0.000000e+000  
-5.994086e-009  -1.951063e-008  -3.811051e-008  -6.013113e-008  -2.472595e-008  -6.500298e-008  -2.833256e-008  5.880537e-009  -4.068010e-008  -5.735073e-008  -5.253628e-008  8.150072e-009  -1.760456e-008  -3.794269e-008  -9.255037e-009  -5.731332e-009  0.000000e+000  
-7.809149e-009  -2.602425e-008  -5.464102e-008  -1.024134e-007  2.331043e-008  -1.465143e-007  -9.729660e-009  1.212909e-007  -5.620069e-008  -8.503482e-008  -9.071033e-008  7.103055e-008  -7.537971e-009  -7.709319e-008  4.252300e-009  -6.302168e-009  0.000000e+000  
-9.093531e-009  -3.048000e-008  -6.739141e-008  -1.842958e-007  2.071454e-007  -4.624162e-007  1.370245e-008  4.802601e-007  -1.676440e-007  -1.262240e-007  -2.030069e-007  1.972498e-007  9.733094e-009  -1.927613e-007  3.615225e-008  -1.045347e-008  0.000000e+000  
-9.695221e-009  -3.185817e-008  -6.556971e-008  -1.285687e-007  -8.735315e-008  -1.010457e-007  4.049706e-008  1.969778e-007  5.039740e-008  -1.060772e-007  -2.368733e-007  1.566236e-007  -1.417362e-007  -1.424720e-007  -5.641309e-008  -2.251095e-008  0.000000e+000  
-9.878780e-009  -3.148873e-008  -5.939173e-008  -8.971003e-008  -3.650373e-007  1.642818e-007  5.793211e-008  9.548478e-008  2.671352e-007  -9.716694e-008  -4.581157e-007  2.535477e-007  -3.952001e-007  -1.193089e-007  -1.395498e-007  -3.587954e-008  0.000000e+000  
-9.858217e-009  -3.064122e-008  -5.469784e-008  -8.615403e-008  -2.265346e-007  1.990837e-008  1.454497e-008  4.250810e-008  1.077004e-007  -9.166269e-008  -2.687813e-007  7.689784e-008  -2.530526e-007  -1.472040e-007  -1.448103e-007  -4.319262e-008  0.000000e+000  
-9.717205e-009  -2.955490e-008  -4.944360e-008  -7.186081e-008  -1.592414e-007  -5.408706e-008  -3.967483e-008  -2.082363e-008  1.010401e-008  -9.124796e-008  -1.792245e-007  -2.992029e-008  -1.953083e-007  -1.498759e-007  -1.559980e-007  -4.961504e-008  0.000000e+000  
-9.576056e-009  -2.844863e-008  -4.398947e-008  -5.108484e-008  -1.262457e-007  -1.035264e-007  -9.538793e-008  -8.716475e-008  -5.664293e-008  -9.391555e-008  -1.353117e-007  -1.041861e-007  -1.780852e-007  -1.405687e-007  -1.741438e-007  -5.556914e-008  0.000000e+000  
-9.452547e-009  -2.759379e-008  -3.918143e-008  -2.384615e-008  -1.086766e-007  -1.493700e-007  -1.510591e-007  -1.599116e-007  -1.073263e-007  -9.556653e-008  -1.062309e-007  -1.675811e-007  -1.831042e-007  -1.167191e-007  -2.021705e-007  -6.108506e-008  0.000000e+000  
-9.375904e-009  -2.727016e-008  -3.646453e-008  1.256525e-008  -9.482291e-008  -2.059048e-007  -2.044579e-007  -2.511277e-007  -1.475738e-007  -9.218150e-008  -6.907074e-008  -2.356444e-007  -2.069773e-007  -6.305714e-008  -2.456264e-007  -6.546105e-008  0.000000e+000  
-9.360865e-009  -2.763395e-008  -3.826992e-008  6.286690e-008  -7.334713e-008  -2.938378e-007  -2.422201e-007  -3.882470e-007  -1.747729e-007  -8.136635e-008  1.929936e-009  -3.238221e-007  -2.605706e-007  5.493966e-008  -3.147230e-007  -6.686068e-008  0.000000e+000  
-9.656734e-009  -2.832245e-008  -4.598327e-008  -5.886283e-008  -1.876663e-007  -1.518356e-007  -2.259620e-007  -3.940206e-007  -1.873257e-007  -7.107244e-008  1.418696e-008  -1.273478e-007  -2.867305e-007  1.491980e-008  -2.860940e-007  -6.300719e-008  0.000000e+000  
-9.399067e-009  -2.907468e-008  -5.394669e-008  -1.735123e-007  -3.185426e-007  1.202431e-008  -1.901912e-007  -4.740146e-007  -1.840427e-007  -5.625457e-008  5.449377e-008  7.040636e-008  -3.778007e-007  5.273905e-008  -2.816813e-007  -5.538553e-008  0.000000e+000  
-9.375477e-009  -2.968917e-008  -5.720913e-008  -1.296713e-007  -1.628926e-007  -4.326824e-008  -1.229363e-007  -2.233020e-007  -9.578139e-008  -3.458748e-008  -8.966533e-009  -6.115679e-008  -2.203401e-007  -5.245045e-008  -1.667219e-007  -3.990717e-008  0.000000e+000  
-9.218897e-009  -2.972517e-008  -5.717563e-008  -8.827857e-008  -3.575738e-008  -4.129525e-008  -4.917611e-008  -4.079701e-008  9.665464e-009  -5.139908e-009  -5.802627e-008  -1.819721e-007  -1.294883e-007  -1.006375e-007  -6.807567e-008  -2.167616e-008  0.000000e+000  
-8.881004e-009  -2.927742e-008  -5.681752e-008  -5.395192e-008  9.972725e-008  -3.842354e-008  1.955619e-008  1.298526e-007  1.304581e-007  3.277706e-008  -9.831044e-008  -3.203508e-007  -3.636211e-008  -1.471418e-007  3.040242e-008  -3.255005e-009  0.000000e+000  
-8.394976e-009  -2.824309e-008  -5.875346e-008  -3.340126e-008  2.841282e-007  -9.083964e-008  7.176737e-008  3.350670e-007  2.730258e-007  7.804543e-008  -1.307984e-007  -5.092674e-007  1.315463e-007  -2.472078e-007  1.446701e-007  1.279636e-008  0.000000e+000  
-7.815231e-009  -2.683627e-008  -6.343559e-008  -1.837375e-007  2.008304e-007  7.572020e-008  9.086351e-008  1.649511e-007  3.718424e-007  1.171853e-007  -3.695744e-008  -3.990729e-007  6.444196e-008  -2.027982e-007  1.477636e-007  2.130134e-008  0.000000e+000  
-7.065370e-009  -2.453322e-008  -6.396620e-008  -3.631709e-007  1.694039e-007  2.168047e-007  9.766687e-008  -2.906081e-008  5.409458e-007  1.415904e-007  7.406539e-008  -3.435831e-007  9.172820e-008  -2.360471e-007  1.738481e-007  2.653388e-008  0.000000e+000  
-6.272823e-009  -2.169874e-008  -5.402747e-008  -2.143069e-007  1.012546e-007  1.975961e-007  1.047599e-007  2.692857e-008  2.917993e-007  1.236623e-007  8.508683e-008  -2.041660e-007  -3.583465e-008  -1.942772e-007  1.453530e-007  2.809871e-008  0.000000e+000  
-5.387443e-009  -1.820935e-008  -3.936790e-008  -8.548093e-008  4.514459e-008  2.055349e-007  1.095614e-007  3.338276e-008  9.227216e-008  9.162026e-008  1.155648e-007  -8.727445e-008  -1.307964e-007  -1.968129e-007  1.332192e-007  2.795550e-008  0.000000e+000  
-7.132464e-009  -1.353529e-008  -2.378428e-008  3.581757e-008  -1.790907e-008  2.495315e-007  1.113308e-007  1.976611e-008  -1.001993e-007  5.688845e-008  1.651255e-007  2.188567e-008  -2.218783e-007  -2.323523e-007  1.368533e-007  2.633952e-008  0.000000e+000  
-3.405104e-009  -1.068028e-008  -1.073424e-008  1.617038e-007  -1.109722e-007  3.504188e-007  1.057821e-007  8.903133e-009  -3.239978e-007  2.758360e-008  2.381250e-007  1.360808e-007  -3.324750e-007  -2.974064e-007  1.577988e-007  2.309470e-008  0.000000e+000  
-2.551348e-009  -7.725124e-009  -4.798083e-009  1.122031e-007  -5.412093e-008  2.196397e-007  8.375551e-008  -3.844977e-009  -2.061909e-007  1.477720e-008  1.615422e-007  9.232182e-008  -2.262724e-007  -2.058921e-007  1.068674e-007  1.843603e-008  0.000000e+000  
-1.687241e-009  -5.019747e-009  -1.700048e-009  7.086612e-008  -2.390594e-008  1.286756e-007  5.651752e-008  -6.244394e-009  -1.216661e-007  7.607447e-009  9.992578e-008  5.715132e-008  -1.405355e-007  -1.293274e-007  6.606389e-008  1.274524e-008  0.000000e+000  
-8.451647e-010  -2.458496e-009  0.000000e+000  3.431144e-008  -8.589186e-009  5.953061e-008  2.818257e-008  -3.934504e-009  -5.644307e-008  3.236457e-009  4.773621e-008  2.725930e-008  -6.725664e-008  -6.235989e-008  3.153333e-008  6.484052e-009  0.000000e+000  
0.000000e+000  0.000000e+000  0.000000e+000  0.000000e+000  0.000000e+000  0.000000e+000  0.000000e+000  0.000000e+000  0.000000e+000  0.000000e+000  0.000000e+000  0.000000e+000  0.000000e+000  0.000000e+000  0.000000e+000  0.000000e+000  0.000000e+000  

0.000000e+000  0.000000e+000  0.000000e+000  0.000000e+000  0.000000e+000  0.000000e+000  0.000000e+000  0.000000e+000  0.000000e+000  0.000000e+000  0.000000e+000  0.000000e+000  0.000000e+000  0.000000e+000  0.000000e+000  0.000000e+000  0.000000e+000  
0.000000e+000  0.000000e+000  0.000000e+000  0.000000e+000  0.000000e+000  0.000000e+000  0.000000e+000  0.000000e+000  0.000000e+000  0.000000e+000  0.000000e+000  0.000000e+000  0.000000e+000  0.000000e+000  0.000000e+000  0.000000e+000  0.000000e+000  
0.000000e+000  0.000000e+000  0.000000e+000  0.000000e+000  0.000000e+000  0.000000e+000  0.000000e+000  0.000000e+000  0.000000e+000  0.000000e+000  0.000000e+000  0.000000e+000  0.000000e+000  0.000000e+000  0.000000e+000  0.000000e+000  0.000000e+000  
0.000000e+000  0.000000e+000  0.000000e+000  0.000000e+000  0.000000e+000  0.000000e+000  0.000000e+000  0.000000e+000  0.000000e+000  0.000000e+000  0.000000e+000  0.000000e+000  0.000000e+000  0.000000e+000  0.000000e+000  0.000000e+000  0.000000e+000  
0.000000e+000  0.000000e+000  0.000000e+000  0.000000e+000  0.000000e+000  0.000000e+000  0.000000e+000  0.000000e+000  0.000000e+000  0.000000e+000  0.000000e+000  0.000000e+000  0.000000e+000  0.000000e+000  0.000000e+000  0.000000e+000  0.000000e+000  
0.000000e+000  0.000000e+000  0.000000e+000  0.000000e+000  0.000000e+000  0.000000e+000  0.000000e+000  0.000000e+000  0.000000e+000  0.000000e+000  0.000000e+000  0.000000e+000  0.000000e+000  0.000000e+000  0.000000e+000  0.000000e+000  0.000000e+000  
0.000000e+000  0.000000e+000  0.000000e+000  0.000000e+000  0.000000e+000  0.000000e+000  0.000000e+000  0.000000e+000  0.000000e+000  0.000000e+000  0.000000e+000  0.000000e+000  0.000000e+000  0.000000e+000  0.000000e+000  0.000000e+000  0.000000e+000  
0.000000e+000  0.000000e+000  0.000000e+000  0.000000e+000  0.000000e+000  0.000000e+000  0.000000e+000  0.000000e+000  0.000000e+000  0.000000e+000  0.000000e+000  0.000000e+000  0.000000e+000  0.000000e+000  0.000000e+000  0.000000e+000  0.000000e+000  
0.000000e+000  0.000000e+000  0.000000e+000  0.000000e+000  0.000000e+000  0.000000e+000  0.000000e+000  0.000000e+000  0.000000e+000  0.000000e+000  0.000000e+000  0.000000e+000  0.000000e+000  0.000000e+000  0.000000e+000  0.000000e+000  0.000000e+000  
0.000000e+000  0.000000e+000  0.000000e+000  0.000000e+000  0.000000e+000  0.000000e+000  0.000000e+000  0.000000e+000  0.000000e+000  0.000000e+000  0.000000e+000  0.000000e+000  0.000000e+000  0.000000e+000  0.000000e+000  0.000000e+000  0.000000e+000  
0.000000e+000  0.000000e+000  0.000000e+000  0.000000e+000  0.000000e+000  0.000000e+000  0.000000e+000  0.000000e+000  0.000000e+000  0.000000e+000  0.000000e+000  0.000000e+000  0.000000e+000  0.000000e+000  0.000000e+000  0.000000e+000  0.000000e+000  
0.000000e+000  0.000000e+000  0.000000e+000  0.000000e+000  0.000000e+000  0.000000e+000  0.000000e+000  0.000000e+000  0.000000e+000  0.000000e+000  0.000000e+000  0.000000e+000  0.000000e+000  0.000000e+000  0.000000e+000  0.000000e+000  0.000000e+000  
0.000000e+000  0.000000e+000  0.000000e+000  0.000000e+000  0.000000e+000  0.000000e+000  0.000000e+000  0.000000e+000  0.000000e+000  0.000000e+000  0.000000e+000  0.000000e+000  0.000000e+000  0.000000e+000  0.000000e+000  0.000000e+000  0.000000e+000  
0.000000e+000  0.000000e+000  0.000000e+000  0.000000e+000  0.000000e+000  0.000000e+000  0.000000e+000  0.000000e+000  0.000000e+000  0.000000e+000  0.000000e+000  0.000000e+000  0.000000e+000  0.000000e+000  0.000000e+000  0.000000e+000  0.000000e+000  
0.000000e+000  0.000000e+000  0.000000e+000  0.000000e+000  0.000000e+000  0.000000e+000  0.000000e+000  0.000000e+000  0.000000e+000  0.000000e+000  0.000000e+000  0.000000e+000  0.000000e+000  0.000000e+000  0.000000e+000  0.000000e+000  0.000000e+000  
0.000000e+000  0.000000e+000  0.000000e+000  0.000000e+000  0.000000e+000  0.000000e+000  0.000000e+000  0.000000e+000  0.000000e+000  0.000000e+000  0.000000e+000  0.000000e+000  0.000000e+000  0.000000e+000  0.000000e+000  0.000000e+000  0.000000e+000  
0.000000e+000  0.000000e+000  0.000000e+000  0.000000e+000  0.000000e+000  0.000000e+000  0.000000e+000  0.000000e+000  0.000000e+000  0.000000e+000  0.000000e+000  0.000000e+000  0.000000e+000  0.000000e+000  0.000000e+000  0.000000e+000  0.000000e+000  
0.000000e+000  0.000000e+000  0.000000e+000  0.000000e+000  0.000000e+000  0.000000e+000  0.000000e+000  0.000000e+000  0.000000e+000  0.000000e+000  0.000000e+000  0.000000e+000  0.000000e+000  0.000000e+000  0.000000e+000  0.000000e+000  0.000000e+000  
0.000000e+000  0.000000e+000  0.000000e+000  0.000000e+000  0.000000e+000  0.000000e+000  0.000000e+000  0.000000e+000  0.000000e+000  0.000000e+000  0.000000e+000  0.000000e+000  0.000000e+000  0.000000e+000  0.000000e+000  0.000000e+000  0.000000e+000  
0.000000e+000  0.000000e+000  0.000000e+000  0.000000e+000  0.000000e+000  0.000000e+000  0.000000e+000  0.000000e+000  0.000000e+000  0.000000e+000  0.000000e+000  0.000000e+000  0.000000e+000  0.000000e+000  0.000000e+000  0.000000e+000  0.000000e+000  
0.000000e+000  0.000000e+000  0.000000e+000  0.000000e+000  0.000000e+000  0.000000e+000  0.000000e+000  0.000000e+000  0.000000e+000  0.000000e+000  0.000000e+000  0.000000e+000  0.000000e+000  0.000000e+000  0.000000e+000  0.000000e+000  0.000000e+000  
0.000000e+000  0.000000e+000  0.000000e+000  0.000000e+000  0.000000e+000  0.000000e+000  0.000000e+000  0.000000e+000  0.000000e+000  0.000000e+000  0.000000e+000  0.000000e+000  0.000000e+000  0.000000e+000  0.000000e+000  0.000000e+000  0.000000e+000  
0.000000e+000  0.000000e+000  0.000000e+000  0.000000e+000  0.000000e+000  0.000000e+000  0.000000e+000  0.000000e+000  0.000000e+000  0.000000e+000  0.000000e+000  0.000000e+000  0.000000e+000  0.000000e+000  0.000000e+000  0.000000e+000  0.000000e+000  
0.000000e+000  0.000000e+000  0.000000e+000  0.000000e+000  0.000000e+000  0.000000e+000  0.000000e+000  0.000000e+000  0.000000e+000  0.000000e+000  0.000000e+000  0.000000e+000  0.000000e+000  0.000000e+000  0.000000e+000  0.000000e+000  0.000000e+000  
0.000000e+000  0.000000e+000  0.000000e+000  0.000000e+000  0.000000e+000  0.000000e+000  0.000000e+000  0.000000e+000  0.000000e+000  0.000000e+000  0.000000e+000  0.000000e+000  0.000000e+000  0.000000e+000  0.000000e+000  0.000000e+000  0.000000e+000  
0.000000e+000  0.000000e+000  0.000000e+000  0.000000e+000  0.000000e+000  0.000000e+000  0.000000e+000  0.000000e+000  0.000000e+000  0.000000e+000  0.000000e+000  0.000000e+000  0.000000e+000  0.000000e+000  0.000000e+000  0.000000e+000  0.000000e+000  
0.000000e+000  0.000000e+000  0.000000e+000  0.000000e+000  0.000000e+000  0.000000e+000  0.000000e+000  0.000000e+000  0.000000e+000  0.000000e+000  0.000000e+000  0.000000e+000  0.000000e+000  0.000000e+000  0.000000e+000  0.000000e+000  0.000000e+000  
0.000000e+000  0.000000e+000  0.000000e+000  0.000000e+000  0.000000e+000  0.000000e+000  0.000000e+000  0.000000e+000  0.000000e+000  0.000000e+000  0.000000e+000  0.000000e+000  0.000000e+000  0.000000e+000  0.000000e+000  0.000000e+000  0.000000e+000  
0.000000e+000  0.000000e+000  0.000000e+000  0.000000e+000  0.000000e+000  0.000000e+000  0.000000e+000  0.000000e+000  0.000000e+000  0.000000e+000  0.000000e+000  0.000000e+000  0.000000e+000  0.000000e+000  0.000000e+000  0.000000e+000  0.000000e+000  
0.000000e+000  0.000000e+000  0.000000e+000  0.000000e+000  0.000000e+000  0.000000e+000  0.000000e+000  0.000000e+000  0.000000e+000  0.000000e+000  0.000000e+000  0.000000e+000  0.000000e+000  0.000000e+000  0.000000e+000  0.000000e+000  0.000000e+000  
0.000000e+000  0.000000e+000  0.000000e+000  0.000000e+000  0.000000e+000  0.000000e+000  0.000000e+000  0.000000e+000  0.000000e+000  0.000000e+000  0.000000e+000  0.000000e+000  0.000000e+000  0.000000e+000  0.000000e+000  0.000000e+000  0.000000e+000  
0.000000e+000  0.000000e+000  0.000000e+000  0.000000e+000  0.000000e+000  0.000000e+000  0.000000e+000  0.000000e+000  0.000000e+000  0.000000e+000  0.000000e+000  0.000000e+000  0.000000e+000  0.000000e+000  0.000000e+000  0.000000e+000  0.000000e+000  
0.000000e+000  0.000000e+000  0.000000e+000  0.000000e+000  0.000000e+000  0.000000e+000  0.000000e+000  0.000000e+000  0.000000e+000  0.000000e+000  0.000000e+000  0.000000e+000  0.000000e+000  0.000000e+000  0.000000e+000  0.000000e+000  0.000000e+000  
0.000000e+000  0.000000e+000  0.000000e+000  0.000000e+000  0.000000e+000  0.000000e+000  0.000000e+000  0.000000e+000  0.000000e+000  0.000000e+000  0.000000e+000  0.000000e+000  0.000000e+000  0.000000e+000  0.000000e+000  0.000000e+000  0.000000e+000  
0.000000e+000  0.000000e+000  0.000000e+000  0.000000e+000  0.000000e+000  0.000000e+000  0.000000e+000  0.000000e+000  0.000000e+000  0.000000e+000  0.000000e+000  0.000000e+000  0.000000e+000  0.000000e+000  0.000000e+000  0.000000e+000  0.000000e+000  
0.000000e+000  0.000000e+000  0.000000e+000  0.000000e+000  0.000000e+000  0.000000e+000  0.000000e+000  0.000000e+000  0.000000e+000  0.000000e+000  0.000000e+000  0.000000e+000  0.000000e+000  0.000000e+000  0.000000e+000  0.000000e+000  0.000000e+000  
0.000000e+000  0.000000e+000  0.000000e+000  0.000000e+000  0.000000e+000  0.000000e+000  0.000000e+000  0.000000e+000  0.000000e+000  0.000000e+000  0.000000e+000  0.000000e+000  0.000000e+000  0.000000e+000  0.000000e+000  0.000000e+000  0.000000e+000  
0.000000e+000  0.000000e+000  0.000000e+000  0.000000e+000  0.000000e+000  0.000000e+000  0.000000e+000  0.000000e+000  0.000000e+000  0.000000e+000  0.000000e+000  0.000000e+000  0.000000e+000  0.000000e+000  0.000000e+000  0.000000e+000  0.000000e+000  
0.000000e+000  0.000000e+000  0.000000e+000  0.000000e+000  0.000000e+000  0.000000e+000  0.000000e+000  0.000000e+000  0.000000e+000  0.000000e+000  0.000000e+000  0.000000e+000  0.000000e+000  0.000000e+000  0.000000e+000  0.000000e+000  0.000000e+000  
0.000000e+000  0.000000e+000  0.000000e+000  0.000000e+000  0.000000e+000  0.000000e+000  0.000000e+000  0.000000e+000  0.000000e+000  0.000000e+000  0.000000e+000  0.000000e+000  0.000000e+000  0.000000e+000  0.000000e+000  0.000000e+000  0.000000e+000  
0.000000e+000  0.000000e+000  0.000000e+000  0.000000e+000  0.000000e+000  0.000000e+000  0.000000e+000  0.000000e+000  0.000000e+000  0.000000e+000  0.000000e+000  0.000000e+000  0.000000e+000  0.000000e+000  0.000000e+000  0.000000e+000  0.000000e+000  
0.000000e+000  0.000000e+000  0.000000e+000  0.000000e+000  0.000000e+000  0.000000e+000  0.000000e+000  0.000000e+000  0.000000e+000  0.000000e+000  0.000000e+000  0.000000e+000  0.000000e+000  0.000000e+000  0.000000e+000  0.000000e+000  0.000000e+000  
0.000000e+000  0.000000e+000  0.000000e+000  0.000000e+000  0.000000e+000  0.000000e+000  0.000000e+000  0.000000e+000  0.000000e+000  0.000000e+000  0.000000e+000  0.000000e+000  0.000000e+000  0.000000e+000  0.000000e+000  0.000000e+000  0.000000e+000  
0.000000e+000  0.000000e+000  0.000000e+000  0.000000e+000  0.000000e+000  0.000000e+000  0.000000e+000  0.000000e+000  0.000000e+000  0.000000e+000  0.000000e+000  0.000000e+000  0.000000e+000  0.000000e+000  0.000000e+000  0.000000e+000  0.000000e+000  
0.000000e+000  0.000000e+000  0.000000e+000  0.000000e+000  0.000000e+000  0.000000e+000  0.000000e+000  0.000000e+000  0.000000e+000  0.000000e+000  0.000000e+000  0.000000e+000  0.000000e+000  0.000000e+000  0.000000e+000  0.000000e+000  0.000000e+000  
0.000000e+000  0.000000e+000  0.000000e+000  0.000000e+000  0.000000e+000  0.000000e+000  0.000000e+000  0.000000e+000  0.000000e+000  0.000000e+000  0.000000e+000  0.000000e+000  0.000000e+000  0.000000e+000  0.000000e+000  0.000000e+000  0.000000e+000  
0.000000e+000  0.000000e+000  0.000000e+000  0.000000e+000  0.000000e+000  0.000000e+000  0.000000e+000  0.000000e+000  0.000000e+000  0.000000e+000  0.000000e+000  0.000000e+000  0.000000e+000  0.000000e+000  0.000000e+000  0.000000e+000  0.000000e+000  
0.000000e+000  0.000000e+000  0.000000e+000  0.000000e+000  0.000000e+000  0.000000e+000  0.000000e+000  0.000000e+000  0.000000e+000  0.000000e+000  0.000000e+000  0.000000e+000  0.000000e+000  0.000000e+000  0.000000e+000  0.000000e+000  0.000000e+000  
0.000000e+000  0.000000e+000  0.000000e+000  0.000000e+000  0.000000e+000  0.000000e+000  0.000000e+000  0.000000e+000  0.000000e+000  0.000000e+000  0.000000e+000  0.000000e+000  0.000000e+000  0.000000e+000  0.000000e+000  0.000000e+000  0.000000e+000  

0.000000e+000  0.000000e+000  0.000000e+000  0.000000e+000  0.000000e+000  0.000000e+000  0.000000e+000  0.000000e+000  0.000000e+000  0.000000e+000  0.000000e+000  0.000000e+000  0.000000e+000  0.000000e+000  0.000000e+000  0.000000e+000  0.000000e+000  
0.000000e+000  0.000000e+000  0.000000e+000  0.000000e+000  0.000000e+000  0.000000e+000  0.000000e+000  0.000000e+000  0.000000e+000  0.000000e+000  0.000000e+000  0.000000e+000  0.000000e+000  0.000000e+000  0.000000e+000  0.000000e+000  0.000000e+000  
0.000000e+000  0.000000e+000  0.000000e+000  0.000000e+000  0.000000e+000  0.000000e+000  0.000000e+000  0.000000e+000  0.000000e+000  0.000000e+000  0.000000e+000  0.000000e+000  0.000000e+000  0.000000e+000  0.000000e+000  0.000000e+000  0.000000e+000  
0.000000e+000  0.000000e+000  0.000000e+000  0.000000e+000  0.000000e+000  0.000000e+000  0.000000e+000  0.000000e+000  0.000000e+000  0.000000e+000  0.000000e+000  0.000000e+000  0.000000e+000  0.000000e+000  0.000000e+000  0.000000e+000  0.000000e+000  
0.000000e+000  0.000000e+000  0.000000e+000  0.000000e+000  0.000000e+000  0.000000e+000  0.000000e+000  0.000000e+000  0.000000e+000  0.000000e+000  0.000000e+000  0.000000e+000  0.000000e+000  0.000000e+000  0.000000e+000  0.000000e+000  0.000000e+000  
0.000000e+000  0.000000e+000  0.000000e+000  0.000000e+000  0.000000e+000  0.000000e+000  0.000000e+000  0.000000e+000  0.000000e+000  0.000000e+000  0.000000e+000  0.000000e+000  0.000000e+000  0.000000e+000  0.000000e+000  0.000000e+000  0.000000e+000  
0.000000e+000  0.000000e+000  0.000000e+000  0.000000e+000  0.000000e+000  0.000000e+000  0.000000e+000  0.000000e+000  0.000000e+000  0.000000e+000  0.000000e+000  0.000000e+000  0.000000e+000  0.000000e+000  0.000000e+000  0.000000e+000  0.000000e+000  
0.000000e+000  0.000000e+000  0.000000e+000  0.000000e+000  0.000000e+000  0.000000e+000  0.000000e+000  0.000000e+000  0.000000e+000  0.000000e+000  0.000000e+000  0.000000e+000  0.000000e+000  0.000000e+000  0.000000e+000  0.000000e+000  0.000000e+000  
0.000000e+000  0.000000e+000  0.000000e+000  0.000000e+000  0.000000e+000  0.000000e+000  0.000000e+000  0.000000e+000  0.000000e+000  0.000000e+000  0.000000e+000  0.000000e+000  0.000000e+000  0.000000e+000  0.000000e+000  0.000000e+000  0.000000e+000  
0.000000e+000  0.000000e+000  0.000000e+000  0.000000e+000  0.000000e+000  0.000000e+000  0.000000e+000  0.000000e+000  0.000000e+000  0.000000e+000  0.000000e+000  0.000000e+000  0.000000e+000  0.000000e+000  0.000000e+000  0.000000e+000  0.000000e+000  
0.000000e+000  0.000000e+000  0.000000e+000  0.000000e+000  0.000000e+000  0.000000e+000  0.000000e+000  0.000000e+000  0.000000e+000  0.000000e+000  0.000000e+000  0.000000e+000  0.000000e+000  0.000000e+000  0.000000e+000  0.000000e+000  0.000000e+000  
0.000000e+000  0.000000e+000  0.000000e+000  0.000000e+000  0.000000e+000  0.000000e+000  0.000000e+000  0.000000e+000  0.000000e+000  0.000000e+000  0.000000e+000  0.000000e+000  0.000000e+000  0.000000e+000  0.000000e+000  0.000000e+000  0.000000e+000  
0.000000e+000  0.000000e+000  0.000000e+000  0.000000e+000  0.000000e+000  0.000000e+000  0.000000e+000  0.000000e+000  0.000000e+000  0.000000e+000  0.000000e+000  0.000000e+000  0.000000e+000  0.000000e+000  0.000000e+000  0.000000e+000  0.000000e+000  
0.000000e+000  0.000000e+000  0.000000e+000  0.000000e+000  0.000000e+000  0.000000e+000  0.000000e+000  0.000000e+000  0.000000e+000  0.000000e+000  0.000000e+000  0.000000e+000  0.000000e+000  0.000000e+000  0.000000e+000  0.000000e+000  0.000000e+000  
0.000000e+000  0.000000e+000  0.000000e+000  0.000000e+000  0.000000e+000  0.000000e+000  0.000000e+000  0.000000e+000  0.000000e+000  0.000000e+000  0.000000e+000  0.000000e+000  0.000000e+000  0.000000e+000  0.000000e+000  0.000000e+000  0.000000e+000  
0.000000e+000  0.000000e+000  0.000000e+000  0.000000e+000  0.000000e+000  0.000000e+000  0.000000e+000  0.000000e+000  0.000000e+000  0.000000e+000  0.000000e+000  0.000000e+000  0.000000e+000  0.000000e+000  0.000000e+000  0.000000e+000  0.000000e+000  
0.000000e+000  0.000000e+000  0.000000e+000  0.000000e+000  0.000000e+000  0.000000e+000  0.000000e+000  0.000000e+000  0.000000e+000  0.000000e+000  0.000000e+000  0.000000e+000  0.000000e+000  0.000000e+000  0.000000e+000  0.000000e+000  0.000000e+000  
0.000000e+000  0.000000e+000  0.000000e+000  0.000000e+000  0.000000e+000  0.000000e+000  0.000000e+000  0.000000e+000  0.000000e+000  0.000000e+000  0.000000e+000  0.000000e+000  0.000000e+000  0.000000e+000  0.000000e+000  0.000000e+000  0.000000e+000  
0.000000e+000  0.000000e+000  0.000000e+000  0.000000e+000  0.000000e+000  0.000000e+000  0.000000e+000  0.000000e+000  0.000000e+000  0.000000e+000  0.000000e+000  0.000000e+000  0.000000e+000  0.000000e+000  0.000000e+000  0.000000e+000  0.000000e+000  
0.000000e+000  0.000000e+000  0.000000e+000  0.000000e+000  0.000000e+000  0.000000e+000  0.000000e+000  0.000000e+000  0.000000e+000  0.000000e+000  0.000000e+000  0.000000e+000  0.000000e+000  0.000000e+000  0.000000e+000  0.000000e+000  0.000000e+000  
0.000000e+000  0.000000e+000  0.000000e+000  0.000000e+000  0.000000e+000  0.000000e+000  0.000000e+000  0.000000e+000  0.000000e+000  0.000000e+000  0.000000e+000  0.000000e+000  0.000000e+000  0.000000e+000  0.000000e+000  0.000000e+000  0.000000e+000  
0.000000e+000  0.000000e+000  0.000000e+000  0.000000e+000  0.000000e+000  0.000000e+000  0.000000e+000  0.000000e+000  0.000000e+000  0.000000e+000  0.000000e+000  0.000000e+000  0.000000e+000  0.000000e+000  0.000000e+000  0.000000e+000  0.000000e+000  
0.000000e+000  0.000000e+000  0.000000e+000  0.000000e+000  0.000000e+000  0.000000e+000  0.000000e+000  0.000000e+000  0.000000e+000  0.000000e+000  0.000000e+000  0.000000e+000  0.000000e+000  0.000000e+000  0.000000e+000  0.000000e+000  0.000000e+000  
0.000000e+000  0.000000e+000  0.000000e+000  0.000000e+000  0.000000e+000  0.000000e+000  0.000000e+000  0.000000e+000  0.000000e+000  0.000000e+000  0.000000e+000  0.000000e+000  0.000000e+000  0.000000e+000  0.000000e+000  0.000000e+000  0.000000e+000  
0.000000e+000  0.000000e+000  0.000000e+000  0.000000e+000  0.000000e+000  0.000000e+000  0.000000e+000  0.000000e+000  0.000000e+000  0.000000e+000  0.000000e+000  0.000000e+000  0.000000e+000  0.000000e+000  0.000000e+000  0.000000e+000  0.000000e+000  
0.000000e+000  0.000000e+000  0.000000e+000  0.000000e+000  0.000000e+000  0.000000e+000  0.000000e+000  0.000000e+000  0.000000e+000  0.000000e+000  0.000000e+000  0.000000e+000  0.000000e+000  0.000000e+000  0.000000e+000  0.000000e+000  0.000000e+000  
0.000000e+000  0.000000e+000  0.000000e+000  0.000000e+000  0.000000e+000  0.000000e+000  0.000000e+000  0.000000e+000  0.000000e+000  0.000000e+000  0.000000e+000  0.000000e+000  0.000000e+000  0.000000e+000  0.000000e+000  0.000000e+000  0.000000e+000  
0.000000e+000  0.000000e+000  0.000000e+000  0.000000e+000  0.000000e+000  0.000000e+000  0.000000e+000  0.000000e+000  0.000000e+000  0.000000e+000  0.000000e+000  0.000000e+000  0.000000e+000  0.000000e+000  0.000000e+000  0.000000e+000  0.000000e+000  
0.000000e+000  0.000000e+000  0.000000e+000  0.000000e+000  0.000000e+000  0.000000e+000  0.000000e+000  0.000000e+000  0.000000e+000  0.000000e+000  0.000000e+000  0.000000e+000  0.000000e+000  0.000000e+000  0.000000e+000  0.000000e+000  0.000000e+000  
0.000000e+000  0.000000e+000  0.000000e+000  0.000000e+000  0.000000e+000  0.000000e+000  0.000000e+000  0.000000e+000  0.000000e+000  0.000000e+000  0.000000e+000  0.000000e+000  0.000000e+000  0.000000e+000  0.000000e+000  0.000000e+000  0.000000e+000  
0.000000e+000  0.000000e+000  0.000000e+000  0.000000e+000  0.000000e+000  0.000000e+000  0.000000e+000  0.000000e+000  0.000000e+000  0.000000e+000  0.000000e+000  0.000000e+000  0.000000e+000  0.000000e+000  0.000000e+000  0.000000e+000  0.000000e+000  
0.000000e+000  0.000000e+000  0.000000e+000  0.000000e+000  0.000000e+000  0.000000e+000  0.000000e+000  0.000000e+000  0.000000e+000  0.000000e+000  0.000000e+000  0.000000e+000  0.000000e+000  0.000000e+000  0.000000e+000  0.000000e+000  0.000000e+000  
0.000000e+000  0.000000e+000  0.000000e+000  0.000000e+000  0.000000e+000  0.000000e+000  0.000000e+000  0.000000e+000  0.000000e+000  0.000000e+000  0.000000e+000  0.000000e+000  0.000000e+000  0.000000e+000  0.000000e+000  0.000000e+000  0.000000e+000  
0.000000e+000  0.000000e+000  0.000000e+000  0.000000e+000  0.000000e+000  0.000000e+000  0.000000e+000  0.000000e+000  0.000000e+000  0.000000e+000  0.000000e+000  0.000000e+000  0.000000e+000  0.000000e+000  0.000000e+000  0.000000e+000  0.000000e+000  
0.000000e+000  0.000000e+000  0.000000e+000  0.000000e+000  0.000000e+000  0.000000e+000  0.000000e+000  0.000000e+000  0.000000e+000  0.000000e+000  0.000000e+000  0.000000e+000  0.000000e+000  0.000000e+000  0.000000e+000  0.000000e+000  0.000000e+000  
0.000000e+000  0.000000e+000  0.000000e+000  0.000000e+000  0.000000e+000  0.000000e+000  0.000000e+000  0.000000e+000  0.000000e+000  0.000000e+000  0.000000e+000  0.000000e+000  0.000000e+000  0.000000e+000  0.000000e+000  0.000000e+000  0.000000e+000  
0.000000e+000  0.000000e+000  0.000000e+000  0.000000e+000  0.000000e+000  0.000000e+000  0.000000e+000  0.000000e+000  0.000000e+000  0.000000e+000  0.000000e+000  0.000000e+000  0.000000e+000  0.000000e+000  0.000000e+000  0.000000e+000  0.000000e+000  
0.000000e+000  0.000000e+000  0.000000e+000  0.000000e+000  0.000000e+000  0.000000e+000  0.000000e+000  0.000000e+000  0.000000e+000  0.000000e+000  0.000000e+000  0.000000e+000  0.000000e+000  0.000000e+000  0.000000e+000  0.000000e+000  0.000000e+000  
0.000000e+000  0.000000e+000  0.000000e+000  0.000000e+000  0.000000e+000  0.000000e+000  0.000000e+000  0.000000e+000  0.000000e+000  0.000000e+000  0.000000e+000  0.000000e+000  0.000000e+000  0.000000e+000  0.000000e+000  0.000000e+000  0.000000e+000  
0.000000e+000  0.000000e+000  0.000000e+000  0.000000e+000  0.000000e+000  0.000000e+000  0.000000e+000  0.000000e+000  0.000000e+000  0.000000e+000  0.000000e+000  0.000000e+000  0.000000e+000  0.000000e+000  0.000000e+000  0.000000e+000  0.000000e+000  
0.000000e+000  0.000000e+000  0.000000e+000  0.000000e+000  0.000000e+000  0.000000e+000  0.000000e+000  0.000000e+000  0.000000e+000  0.000000e+000  0.000000e+000  0.000000e+000  0.000000e+000  0.000000e+000  0.000000e+000  0.000000e+000  0.000000e+000  
0.000000e+000  0.000000e+000  0.000000e+000  0.000000e+000  0.000000e+000  0.000000e+000  0.000000e+000  0.000000e+000  0.000000e+000  0.000000e+000  0.000000e+000  0.000000e+000  0.000000e+000  0.000000e+000  0.000000e+000  0.000000e+000  0.000000e+000  
0.000000e+000  0.000000e+000  0.000000e+000  0.000000e+000  0.000000e+000  0.000000e+000  0.000000e+000  0.000000e+000  0.000000e+000  0.000000e+000  0.000000e+000  0.000000e+000  0.000000e+000  0.000000e+000  0.000000e+000  0.000000e+000  0.000000e+000  
0.000000e+000  0.000000e+000  0.000000e+000  0.000000e+000  0.000000e+000  0.000000e+000  0.000000e+000  0.000000e+000  0.000000e+000  0.000000e+000  0.000000e+000  0.000000e+000  0.000000e+000  0.000000e+000  0.000000e+000  0.000000e+000  0.000000e+000  
0.000000e+000  0.000000e+000  0.000000e+000  0.000000e+000  0.000000e+000  0.000000e+000  0.000000e+000  0.000000e+000  0.000000e+000  0.000000e+000  0.000000e+000  0.000000e+000  0.000000e+000  0.000000e+000  0.000000e+000  0.000000e+000  0.000000e+000  
0.000000e+000  0.000000e+000  0.000000e+000  0.000000e+000  0.000000e+000  0.000000e+000  0.000000e+000  0.000000e+000  0.000000e+000  0.000000e+000  0.000000e+000  0.000000e+000  0.000000e+000  0.000000e+000  0.000000e+000  0.000000e+000  0.000000e+000  
0.000000e+000  0.000000e+000  0.000000e+000  0.000000e+000  0.000000e+000  0.000000e+000  0.000000e+000  0.000000e+000  0.000000e+000  0.000000e+000  0.000000e+000  0.000000e+000  0.000000e+000  0.000000e+000  0.000000e+000  0.000000e+000  0.000000e+000  
0.000000e+000  0.000000e+000  0.000000e+000  0.000000e+000  0.000000e+000  0.000000e+000  0.000000e+000  0.000000e+000  0.000000e+000  0.000000e+000  0.000000e+000  0.000000e+000  0.000000e+000  0.000000e+000  0.000000e+000  0.000000e+000  0.000000e+000  
0.000000e+000  0.000000e+000  0.000000e+000  0.000000e+000  0.000000e+000  0.000000e+000  0.000000e+000  0.000000e+000  0.000000e+000  0.000000e+000  0.000000e+000  0.000000e+000  0.000000e+000  0.000000e+000  0.000000e+000  0.000000e+000  0.000000e+000  

0.000000e+000  0.000000e+000  0.000000e+000  0.000000e+000  0.000000e+000  0.000000e+000  0.000000e+000  0.000000e+000  0.000000e+000  0.000000e+000  0.000000e+000  0.000000e+000  0.000000e+000  0.000000e+000  0.000000e+000  0.000000e+000  0.000000e+000  
0.000000e+000  0.000000e+000  0.000000e+000  0.000000e+000  0.000000e+000  0.000000e+000  0.000000e+000  0.000000e+000  0.000000e+000  0.000000e+000  0.000000e+000  0.000000e+000  0.000000e+000  0.000000e+000  0.000000e+000  0.000000e+000  0.000000e+000  
0.000000e+000  0.000000e+000  0.000000e+000  0.000000e+000  0.000000e+000  0.000000e+000  0.000000e+000  0.000000e+000  0.000000e+000  0.000000e+000  0.000000e+000  0.000000e+000  0.000000e+000  0.000000e+000  0.000000e+000  0.000000e+000  0.000000e+000  
0.000000e+000  0.000000e+000  0.000000e+000  0.000000e+000  0.000000e+000  0.000000e+000  0.000000e+000  0.000000e+000  0.000000e+000  0.000000e+000  0.000000e+000  0.000000e+000  0.000000e+000  0.000000e+000  0.000000e+000  0.000000e+000  0.000000e+000  
0.000000e+000  0.000000e+000  0.000000e+000  0.000000e+000  0.000000e+000  0.000000e+000  0.000000e+000  0.000000e+000  0.000000e+000  0.000000e+000  0.000000e+000  0.000000e+000  0.000000e+000  0.000000e+000  0.000000e+000  0.000000e+000  0.000000e+000  
0.000000e+000  0.000000e+000  0.000000e+000  0.000000e+000  0.000000e+000  0.000000e+000  0.000000e+000  0.000000e+000  0.000000e+000  0.000000e+000  0.000000e+000  0.000000e+000  0.000000e+000  0.000000e+000  0.000000e+000  0.000000e+000  0.000000e+000  
0.000000e+000  0.000000e+000  0.000000e+000  0.000000e+000  0.000000e+000  0.000000e+000  0.000000e+000  0.000000e+000  0.000000e+000  0.000000e+000  0.000000e+000  0.000000e+000  0.000000e+000  0.000000e+000  0.000000e+000  0.000000e+000  0.000000e+000  
0.000000e+000  0.000000e+000  0.000000e+000  0.000000e+000  0.000000e+000  0.000000e+000  0.000000e+000  0.000000e+000  0.000000e+000  0.000000e+000  0.000000e+000  0.000000e+000  0.000000e+000  0.000000e+000  0.000000e+000  0.000000e+000  0.000000e+000  
0.000000e+000  0.000000e+000  0.000000e+000  0.000000e+000  0.000000e+000  0.000000e+000  0.000000e+000  0.000000e+000  0.000000e+000  0.000000e+000  0.000000e+000  0.000000e+000  0.000000e+000  0.000000e+000  0.000000e+000  0.000000e+000  0.000000e+000  
0.000000e+000  0.000000e+000  0.000000e+000  0.000000e+000  0.000000e+000  0.000000e+000  0.000000e+000  0.000000e+000  0.000000e+000  0.000000e+000  0.000000e+000  0.000000e+000  0.000000e+000  0.000000e+000  0.000000e+000  0.000000e+000  0.000000e+000  
0.000000e+000  0.000000e+000  0.000000e+000  0.000000e+000  0.000000e+000  0.000000e+000  0.000000e+000  0.000000e+000  0.000000e+000  0.000000e+000  0.000000e+000  0.000000e+000  0.000000e+000  0.000000e+000  0.000000e+000  0.000000e+000  0.000000e+000  
0.000000e+000  0.000000e+000  0.000000e+000  0.000000e+000  0.000000e+000  0.000000e+000  0.000000e+000  0.000000e+000  0.000000e+000  0.000000e+000  0.000000e+000  0.000000e+000  0.000000e+000  0.000000e+000  0.000000e+000  0.000000e+000  0.000000e+000  
0.000000e+000  0.000000e+000  0.000000e+000  0.000000e+000  0.000000e+000  0.000000e+000  0.000000e+000  0.000000e+000  0.000000e+000  0.000000e+000  0.000000e+000  0.000000e+000  0.000000e+000  0.000000e+000  0.000000e+000  0.000000e+000  0.000000e+000  
0.000000e+000  0.000000e+000  0.000000e+000  0.000000e+000  0.000000e+000  0.000000e+000  0.000000e+000  0.000000e+000  0.000000e+000  0.000000e+000  0.000000e+000  0.000000e+000  0.000000e+000  0.000000e+000  0.000000e+000  0.000000e+000  0.000000e+000  
0.000000e+000  0.000000e+000  0.000000e+000  0.000000e+000  0.000000e+000  0.000000e+000  0.000000e+000  0.000000e+000  0.000000e+000  0.000000e+000  0.000000e+000  0.000000e+000  0.000000e+000  0.000000e+000  0.000000e+000  0.000000e+000  0.000000e+000  
0.000000e+000  0.000000e+000  0.000000e+000  0.000000e+000  0.000000e+000  0.000000e+000  0.000000e+000  0.000000e+000  0.000000e+000  0.000000e+000  0.000000e+000  0.000000e+000  0.000000e+000  0.000000e+000  0.000000e+000  0.000000e+000  0.000000e+000  
0.000000e+000  0.000000e+000  0.000000e+000  0.000000e+000  0.000000e+000  0.000000e+000  0.000000e+000  0.000000e+000  0.000000e+000  0.000000e+000  0.000000e+000  0.000000e+000  0.000000e+000  0.000000e+000  0.000000e+000  0.000000e+000  0.000000e+000  
0.000000e+000  0.000000e+000  0.000000e+000  0.000000e+000  0.000000e+000  0.000000e+000  0.000000e+000  0.000000e+000  0.000000e+000  0.000000e+000  0.000000e+000  0.000000e+000  0.000000e+000  0.000000e+000  0.000000e+000  0.000000e+000  0.000000e+000  
0.000000e+000  0.000000e+000  0.000000e+000  0.000000e+000  0.000000e+000  0.000000e+000  0.000000e+000  0.000000e+000  0.000000e+000  0.000000e+000  0.000000e+000  0.000000e+000  0.000000e+000  0.000000e+000  0.000000e+000  0.000000e+000  0.000000e+000  
0.000000e+000  0.000000e+000  0.000000e+000  0.000000e+000  0.000000e+000  0.000000e+000  0.000000e+000  0.000000e+000  0.000000e+000  0.000000e+000  0.000000e+000  0.000000e+000  0.000000e+000  0.000000e+000  0.000000e+000  0.000000e+000  0.000000e+000  
0.000000e+000  0.000000e+000  0.000000e+000  0.000000e+000  0.000000e+000  0.000000e+000  0.000000e+000  0.000000e+000  0.000000e+000  0.000000e+000  0.000000e+000  0.000000e+000  0.000000e+000  0.000000e+000  0.000000e+000  0.000000e+000  0.000000e+000  
0.000000e+000  0.000000e+000  0.000000e+000  0.000000e+000  0.000000e+000  0.000000e+000  0.000000e+000  0.000000e+000  0.000000e+000  0.000000e+000  0.000000e+000  0.000000e+000  0.000000e+000  0.000000e+000  0.000000e+000  0.000000e+000  0.000000e+000  
0.000000e+000  0.000000e+000  0.000000e+000  0.000000e+000  0.000000e+000  0.000000e+000  0.000000e+000  0.000000e+000  0.000000e+000  0.000000e+000  0.000000e+000  0.000000e+000  0.000000e+000  0.000000e+000  0.000000e+000  0.000000e+000  0.000000e+000  
0.000000e+000  0.000000e+000  0.000000e+000  0.000000e+000  0.000000e+000  0.000000e+000  0.000000e+000  0.000000e+000  0.000000e+000  0.000000e+000  0.000000e+000  0.000000e+000  0.000000e+000  0.000000e+000  0.000000e+000  0.000000e+000  0.000000e+000  
0.000000e+000  0.000000e+000  0.000000e+000  0.000000e+000  0.000000e+000  0.000000e+000  0.000000e+000  0.000000e+000  0.000000e+000  0.000000e+000  0.000000e+000  0.000000e+000  0.000000e+000  0.000000e+000  0.000000e+000  0.000000e+000  0.000000e+000  
0.000000e+000  0.000000e+000  0.000000e+000  0.000000e+000  0.000000e+000  0.000000e+000  0.000000e+000  0.000000e+000  0.000000e+000  0.000000e+000  0.000000e+000  0.000000e+000  0.000000e+000  0.000000e+000  0.000000e+000  0.000000e+000  0.000000e+000  
0.000000e+000  0.000000e+000  0.000000e+000  0.000000e+000  0.000000e+000  0.000000e+000  0.000000e+000  0.000000e+000  0.000000e+000  0.000000e+000  0.000000e+000  0.000000e+000  0.000000e+000  0.000000e+000  0.000000e+000  0.000000e+000  0.000000e+000  
0.000000e+000  0.000000e+000  0.000000e+000  0.000000e+000  0.000000e+000  0.000000e+000  0.000000e+000  0.000000e+000  0.000000e+000  0.000000e+000  0.000000e+000  0.000000e+000  0.000000e+000  0.000000e+000  0.000000e+000  0.000000e+000  0.000000e+000  
0.000000e+000  0.000000e+000  0.000000e+000  0.000000e+000  0.000000e+000  0.000000e+000  0.000000e+000  0.000000e+000  0.000000e+000  0.000000e+000  0.000000e+000  0.000000e+000  0.000000e+000  0.000000e+000  0.000000e+000  0.000000e+000  0.000000e+000  
0.000000e+000  0.000000e+000  0.000000e+000  0.000000e+000  0.000000e+000  0.000000e+000  0.000000e+000  0.000000e+000  0.000000e+000  0.000000e+000  0.000000e+000  0.000000e+000  0.000000e+000  0.000000e+000  0.000000e+000  0.000000e+000  0.000000e+000  
0.000000e+000  0.000000e+000  0.000000e+000  0.000000e+000  0.000000e+000  0.000000e+000  0.000000e+000  0.000000e+000  0.000000e+000  0.000000e+000  0.000000e+000  0.000000e+000  0.000000e+000  0.000000e+000  0.000000e+000  0.000000e+000  0.000000e+000  
0.000000e+000  0.000000e+000  0.000000e+000  0.000000e+000  0.000000e+000  0.000000e+000  0.000000e+000  0.000000e+000  0.000000e+000  0.000000e+000  0.000000e+000  0.000000e+000  0.000000e+000  0.000000e+000  0.000000e+000  0.000000e+000  0.000000e+000  
0.000000e+000  0.000000e+000  0.000000e+000  0.000000e+000  0.000000e+000  0.000000e+000  0.000000e+000  0.000000e+000  0.000000e+000  0.000000e+000  0.000000e+000  0.000000e+000  0.000000e+000  0.000000e+000  0.000000e+000  0.000000e+000  0.000000e+000  
0.000000e+000  0.000000e+000  0.000000e+000  0.000000e+000  0.000000e+000  0.000000e+000  0.000000e+000  0.000000e+000  0.000000e+000  0.000000e+000  0.000000e+000  0.000000e+000  0.000000e+000  0.000000e+000  0.000000e+000  0.000000e+000  0.000000e+000  
0.000000e+000  0.000000e+000  0.000000e+000  0.000000e+000  0.000000e+000  0.000000e+000  0.000000e+000  0.000000e+000  0.000000e+000  0.000000e+000  0.000000e+000  0.000000e+000  0.000000e+000  0.000000e+000  0.000000e+000  0.000000e+000  0.000000e+000  
0.000000e+000  0.000000e+000  0.000000e+000  0.000000e+000  0.000000e+000  0.000000e+000  0.000000e+000  0.000000e+000  0.000000e+000  0.000000e+000  0.000000e+000  0.000000e+000  0.000000e+000  0.000000e+000  0.000000e+000  0.000000e+000  0.000000e+000  
0.000000e+000  0.000000e+000  0.000000e+000  0.000000e+000  0.000000e+000  0.000000e+000  0.000000e+000  0.000000e+000  0.000000e+000  0.000000e+000  0.000000e+000  0.000000e+000  0.000000e+000  0.000000e+000  0.000000e+000  0.000000e+000  0.000000e+000  
0.000000e+000  0.000000e+000  0.000000e+000  0.000000e+000  0.000000e+000  0.000000e+000  0.000000e+000  0.000000e+000  0.000000e+000  0.000000e+000  0.000000e+000  0.000000e+000  0.000000e+000  0.000000e+000  0.000000e+000  0.000000e+000  0.000000e+000  
0.000000e+000  0.000000e+000  0.000000e+000  0.000000e+000  0.000000e+000  0.000000e+000  0.000000e+000  0.000000e+000  0.000000e+000  0.000000e+000  0.000000e+000  0.000000e+000  0.000000e+000  0.000000e+000  0.000000e+000  0.000000e+000  0.000000e+000  
0.000000e+000  0.000000e+000  0.000000e+000  0.000000e+000  0.000000e+000  0.000000e+000  0.000000e+000  0.000000e+000  0.000000e+000  0.000000e+000  0.000000e+000  0.000000e+000  0.000000e+000  0.000000e+000  0.000000e+000  0.000000e+000  0.000000e+000  
0.000000e+000  0.000000e+000  0.000000e+000  0.000000e+000  0.000000e+000  0.000000e+000  0.000000e+000  0.000000e+000  0.000000e+000  0.000000e+000  0.000000e+000  0.000000e+000  0.000000e+000  0.000000e+000  0.000000e+000  0.000000e+000  0.000000e+000  
0.000000e+000  0.000000e+000  0.000000e+000  0.000000e+000  0.000000e+000  0.000000e+000  0.000000e+000  0.000000e+000  0.000000e+000  0.000000e+000  0.000000e+000  0.000000e+000  0.000000e+000  0.000000e+000  0.000000e+000  0.000000e+000  0.000000e+000  
0.000000e+000  0.000000e+000  0.000000e+000  0.000000e+000  0.000000e+000  0.000000e+000  0.000000e+000  0.000000e+000  0.000000e+000  0.000000e+000  0.000000e+000  0.000000e+000  0.000000e+000  0.000000e+000  0.000000e+000  0.000000e+000  0.000000e+000  
0.000000e+000  0.000000e+000  0.000000e+000  0.000000e+000  0.000000e+000  0.000000e+000  0.000000e+000  0.000000e+000  0.000000e+000  0.000000e+000  0.000000e+000  0.000000e+000  0.000000e+000  0.000000e+000  0.000000e+000  0.000000e+000  0.000000e+000  
0.000000e+000  0.000000e+000  0.000000e+000  0.000000e+000  0.000000e+000  0.000000e+000  0.000000e+000  0.000000e+000  0.000000e+000  0.000000e+000  0.000000e+000  0.000000e+000  0.000000e+000  0.000000e+000  0.000000e+000  0.000000e+000  0.000000e+000  
0.000000e+000  0.000000e+000  0.000000e+000  0.000000e+000  0.000000e+000  0.000000e+000  0.000000e+000  0.000000e+000  0.000000e+000  0.000000e+000  0.000000e+000  0.000000e+000  0.000000e+000  0.000000e+000  0.000000e+000  0.000000e+000  0.000000e+000  
0.000000e+000  0.000000e+000  0.000000e+000  0.000000e+000  0.000000e+000  0.000000e+000  0.000000e+000  0.000000e+000  0.000000e+000  0.000000e+000  0.000000e+000  0.000000e+000  0.000000e+000  0.000000e+000  0.000000e+000  0.000000e+000  0.000000e+000  
0.000000e+000  0.000000e+000  0.000000e+000  0.000000e+000  0.000000e+000  0.000000e+000  0.000000e+000  0.000000e+000  0.000000e+000  0.000000e+000  0.000000e+000  0.000000e+000  0.000000e+000  0.000000e+000  0.000000e+000  0.000000e+000  0.000000e+000  
0.000000e+000  0.000000e+000  0.000000e+000  0.000000e+000  0.000000e+000  0.000000e+000  0.000000e+000  0.000000e+000  0.000000e+000  0.000000e+000  0.000000e+000  0.000000e+000  0.000000e+000  0.000000e+000  0.000000e+000  0.000000e+000  0.000000e+000  

-1.972181e-008  -5.912830e-008  -9.829389e-008  -1.372281e-007  -1.924699e-007  -2.053169e-007  -1.460750e-007  -8.666544e-008  -8.497274e-008  -9.298786e-008  -9.681171e-008  -1.016559e-007  -8.239119e-008  -7.015719e-008  -7.132596e-008  -2.444240e-008  -0.000000e+000  
-1.972280e-008  -5.913429e-008  -9.829992e-008  -1.370235e-007  -1.917415e-007  -2.050631e-007  -1.460936e-007  -8.699547e-008  -8.610474e-008  -9.330472e-008  -9.675055e-008  -1.007254e-007  -8.374087e-008  -7.082193e-008  -7.144191e-008  -2.448231e-008  -0.000000e+000  
-1.972444e-008  -5.914712e-008  -9.831707e-008  -1.366248e-007  -1.902269e-007  -2.045718e-007  -1.461256e-007  -8.761014e-008  -8.849648e-008  -9.390454e-008  -9.664910e-008  -9.875647e-008  -8.662971e-008  -7.212585e-008  -7.166046e-008  -2.456262e-008  -0.000000e+000  
-1.972680e-008  -5.916653e-008  -9.835617e-008  -1.360565e-007  -1.878039e-007  -2.038794e-007  -1.461645e-007  -8.839806e-008  -9.242948e-008  -9.470580e-008  -9.655976e-008  -9.551912e-008  -9.147003e-008  -7.399985e-008  -7.195572e-008  -2.468340e-008  -0.000000e+000  
-1.972979e-008  -5.919444e-008  -9.844152e-008  -1.352903e-007  -1.839127e-007  -2.029841e-007  -1.462151e-007  -8.920413e-008  -9.899468e-008  -9.562199e-008  -9.659745e-008  -9.013993e-008  -9.972606e-008  -7.651983e-008  -7.232241e-008  -2.486213e-008  -0.000000e+000  
-1.973291e-008  -5.923324e-008  -9.862326e-008  -1.354038e-007  -1.811688e-007  -2.013318e-007  -1.463071e-007  -9.100157e-008  -1.031582e-007  -9.614897e-008  -9.551813e-008  -8.714464e-008  -1.048203e-007  -7.882076e-008  -7.297680e-008  -2.512231e-008  -0.000000e+000  
-1.973468e-008  -5.927599e-008  -9.890149e-008  -1.365919e-007  -1.796237e-007  -1.988785e-007  -1.464427e-007  -9.364674e-008  -1.049984e-007  -9.598234e-008  -9.329992e-008  -8.652835e-008  -1.070112e-007  -8.047780e-008  -7.383376e-008  -2.545151e-008  -0.000000e+000  
-1.973377e-008  -5.931575e-008  -9.925087e-008  -1.390101e-007  -1.791817e-007  -1.951011e-007  -1.466351e-007  -9.764170e-008  -1.046388e-007  -9.512692e-008  -8.958959e-008  -8.823041e-008  -1.065982e-007  -8.149040e-008  -7.487833e-008  -2.585309e-008  -0.000000e+000  
-1.972802e-008  -5.934473e-008  -9.963533e-008  -1.431710e-007  -1.800390e-007  -1.884526e-007  -1.469302e-007  -1.047159e-007  -1.013764e-007  -9.373581e-008  -8.315866e-008  -9.297191e-008  -1.029690e-007  -8.206260e-008  -7.622997e-008  -2.637032e-008  -0.000000e+000  
-1.971411e-008  -5.934216e-008  -9.988711e-008  -1.449762e-007  -1.791745e-007  -1.847090e-007  -1.473917e-007  -1.097912e-007  -9.975826e-008  -9.267163e-008  -8.127212e-008  -9.599198e-008  -1.020073e-007  -8.003948e-008  -7.931211e-008  -2.703750e-008  -0.000000e+000  
-1.968763e-008  -5.928771e-008  -9.991571e-008  -1.442784e-007  -1.763474e-007  -1.827585e-007  -1.479773e-007  -1.151749e-007  -9.877019e-008  -9.218465e-008  -8.405642e-008  -9.771977e-008  -1.039009e-007  -7.401848e-008  -8.501529e-008  -2.786638e-008  -0.000000e+000  
-1.964063e-008  -5.914786e-008  -9.965753e-008  -1.432320e-007  -1.742117e-007  -1.811198e-007  -1.479830e-007  -1.173264e-007  -9.790429e-008  -9.199534e-008  -8.623476e-008  -9.929894e-008  -1.051393e-007  -7.154374e-008  -8.908594e-008  -2.870184e-008  -0.000000e+000  
-1.957566e-008  -5.892994e-008  -9.916107e-008  -1.419557e-007  -1.728227e-007  -1.796124e-007  -1.471807e-007  -1.172428e-007  -9.636415e-008  -9.177276e-008  -8.814109e-008  -1.005125e-007  -1.063499e-007  -7.132694e-008  -9.161567e-008  -2.935668e-008  -0.000000e+000  
-1.949525e-008  -5.864409e-008  -9.846543e-008  -1.403988e-007  -1.721892e-007  -1.779730e-007  -1.455667e-007  -1.155899e-007  -9.348706e-008  -9.133042e-008  -9.038141e-008  -1.012885e-007  -1.078779e-007  -7.258085e-008  -9.293900e-008  -2.979702e-008  -0.000000e+000  
-1.940268e-008  -5.830556e-008  -9.760565e-008  -1.384087e-007  -1.726509e-007  -1.759143e-007  -1.431614e-007  -1.127195e-007  -8.841223e-008  -9.061197e-008  -9.381927e-008  -1.013991e-007  -1.099236e-007  -7.522657e-008  -9.311535e-008  -3.002264e-008  -0.000000e+000  
-1.930255e-008  -5.793636e-008  -9.662927e-008  -1.356667e-007  -1.750813e-007  -1.728471e-007  -1.400044e-007  -1.091337e-007  -7.959518e-008  -8.966372e-008  -9.997490e-008  -1.003006e-007  -1.126864e-007  -7.980919e-008  -9.194203e-008  -3.006404e-008  -0.000000e+000  
-1.918006e-008  -5.749065e-008  -9.543138e-008  -1.307529e-007  -1.825759e-007  -1.661939e-007  -1.354693e-007  -1.056870e-007  -6.090483e-008  -8.846534e-008  -1.139884e-007  -9.617693e-008  -1.171366e-007  -8.922517e-008  -8.828856e-008  -2.998711e-008  -0.000000e+000  
-1.904505e-008  -5.702760e-008  -9.443140e-008  -1.288073e-007  -1.828453e-007  -1.650514e-007  -1.296073e-007  -9.481934e-008  -5.468836e-008  -8.796880e-008  -1.184330e-007  -9.523271e-008  -1.200951e-007  -9.246575e-008  -8.818279e-008  -3.009238e-008  -0.000000e+000  
-1.891713e-008  -5.662281e-008  -9.384250e-008  -1.301826e-007  -1.753153e-007  -1.732832e-007  -1.228577e-007  -6.950601e-008  -6.437200e-008  -8.876696e-008  -1.147252e-007  -9.637027e-008  -1.221958e-007  -8.892344e-008  -9.193839e-008  -3.046811e-008  -0.000000e+000  
-1.880569e-008  -5.628589e-008  -9.338662e-008  -1.302429e-007  -1.720104e-007  -1.736511e-007  -1.180672e-007  -6.001657e-008  -6.543124e-008  -8.870964e-008  -1.130929e-007  -9.660247e-008  -1.226839e-007  -8.786118e-008  -9.380964e-008  -3.078804e-008  -0.000000e+000  
-1.872045e-008  -5.602407e-008  -9.297929e-008  -1.298001e-007  -1.702887e-007  -1.724748e-007  -1.153284e-007  -5.623025e-008  -6.453494e-008  -8.800689e-008  -1.120637e-007  -9.627044e-008  -1.224862e-007  -8.736140e-008  -9.437620e-008  -3.088447e-008  -0.000000e+000  
-1.866215e-008  -5.583180e-008  -9.259867e-008  -1.291538e-007  -1.693939e-007  -1.714406e-007  -1.142136e-007  -5.508256e-008  -6.340678e-008  -8.696219e-008  -1.111417e-007  -9.552175e-008  -1.218507e-007  -8.679807e-008  -9.393007e-008  -3.071480e-008  -0.000000e+000  
-1.863481e-008  -5.571923e-008  -9.225969e-008  -1.283112e-007  -1.693091e-007  -1.705171e-007  -1.146835e-007  -5.653214e-008  -6.200936e-008  -8.555318e-008  -1.103222e-007  -9.437171e-008  -1.207843e-007  -8.616744e-008  -9.245287e-008  -3.026897e-008  -0.000000e+000  
-1.864385e-008  -5.571486e-008  -9.201808e-008  -1.269900e-007  -1.707549e-007  -1.679501e-007  -1.170805e-007  -6.355400e-008  -5.854137e-008  -8.342861e-008  -1.100946e-007  -9.271118e-008  -1.190561e-007  -8.608755e-008  -8.961062e-008  -2.956883e-008  -0.000000e+000  
-1.869248e-008  -5.585312e-008  -9.203894e-008  -1.244895e-007  -1.764629e-007  -1.574977e-007  -1.213842e-007  -8.634063e-008  -4.641154e-008  -8.047470e-008  -1.120545e-007  -9.034902e-008  -1.158419e-007  -8.854308e-008  -8.483985e-008  -2.878432e-008  -0.000000e+000  
-1.877113e-008  -5.612739e-008  -9.261708e-008  -1.254746e-007  -1.743979e-007  -1.563695e-007  -1.247134e-007  -9.458530e-008  -5.010654e-008  -7.882073e-008  -1.059835e-007  -9.032485e-008  -1.119106e-007  -8.426695e-008  -8.385495e-008  -2.823158e-008  -0.000000e+000  
-1.886289e-008  -5.647510e-008  -9.358172e-008  -1.296956e-007  -1.652355e-007  -1.608136e-007  -1.267537e-007  -9.543807e-008  -6.631592e-008  -7.798539e-008  -9.058049e-008  -9.387411e-008  -1.067013e-007  -7.392646e-008  -8.637165e-008  -2.783994e-008  -0.000000e+000  
-1.894815e-008  -5.680583e-008  -9.446705e-008  -1.319939e-007  -1.613070e-007  -1.618164e-007  -1.275691e-007  -9.658422e-008  -7.279101e-008  -7.707425e-008  -8.327481e-008  -9.475052e-008  -1.033559e-007  -6.854397e-008  -8.641515e-008  -2.733953e-008  -0.000000e+000  
-1.903685e-008  -5.715167e-008  -9.536271e-008  -1.337484e-007  -1.592117e-007  -1.615329e-007  -1.273221e-007  -9.668577e-008  -7.517632e-008  -7.572506e-008  -7.870272e-008  -9.480993e-008  -1.007707e-007  -6.507288e-008  -8.486499e-008  -2.657271e-008  -0.000000e+000  
-1.912214e-008  -5.749019e-008  -9.624466e-008  -1.353879e-007  -1.580229e-007  -1.604554e-007  -1.259104e-007  -9.517869e-008  -7.489320e-008  -7.382053e-008  -7.533467e-008  -9.480366e-008  -9.868757e-008  -6.298865e-008  -8.182834e-008  -2.549475e-008  -0.000000e+000  
-1.919768e-008  -5.779899e-008  -9.709651e-008  -1.372358e-007  -1.573136e-007  -1.587221e-007  -1.232572e-007  -9.166839e-008  -7.261552e-008  -7.132595e-008  -7.225951e-008  -9.529303e-008  -9.673702e-008  -6.244534e-008  -7.710988e-008  -2.409344e-008  -0.000000e+000  
-1.925725e-008  -5.805359e-008  -9.788305e-008  -1.396101e-007  -1.569298e-007  -1.563496e-007  -1.193410e-007  -8.550994e-008  -6.870051e-008  -6.832276e-008  -6.873362e-008  -9.689855e-008  -9.414298e-008  -6.445667e-008  -7.017200e-008  -2.239990e-008  -0.000000e+000  
-1.929133e-008  -5.821028e-008  -9.845840e-008  -1.425649e-007  -1.568924e-007  -1.535925e-007  -1.148837e-007  -7.632652e-008  -6.401683e-008  -6.545759e-008  -6.425558e-008  -1.002160e-007  -8.955169e-008  -7.087033e-008  -6.099376e-008  -2.071360e-008  -0.000000e+000  
-1.930461e-008  -5.828357e-008  -9.877787e-008  -1.439116e-007  -1.545611e-007  -1.518669e-007  -1.108903e-007  -6.810616e-008  -5.898284e-008  -6.329693e-008  -6.379765e-008  -1.041889e-007  -8.570259e-008  -7.469706e-008  -5.388486e-008  -1.925882e-008  -0.000000e+000  
-1.929920e-008  -5.828144e-008  -9.887635e-008  -1.442887e-007  -1.489376e-007  -1.514004e-007  -1.068605e-007  -5.722838e-008  -5.250014e-008  -6.151125e-008  -6.694967e-008  -1.106611e-007  -7.935339e-008  -7.945573e-008  -4.626072e-008  -1.780589e-008  -0.000000e+000  
-1.926410e-008  -5.815754e-008  -9.862397e-008  -1.438172e-007  -1.460551e-007  -1.505254e-007  -1.040202e-007  -5.127185e-008  -4.863184e-008  -6.033186e-008  -6.828036e-008  -1.131002e-007  -7.646875e-008  -8.082217e-008  -4.147112e-008  -1.662232e-008  -0.000000e+000  
-1.920156e-008  -5.791582e-008  -9.801608e-008  -1.426600e-007  -1.457553e-007  -1.504488e-007  -1.031444e-007  -4.977100e-008  -4.795163e-008  -5.998012e-008  -6.783917e-008  -1.114863e-007  -7.578998e-008  -8.026128e-008  -3.960704e-008  -1.592962e-008  -0.000000e+000  
-1.911616e-008  -5.756947e-008  -9.706734e-008  -1.406988e-007  -1.481115e-007  -1.514802e-007  -1.041802e-007  -5.229347e-008  -5.058322e-008  -6.054933e-008  -6.579923e-008  -1.056096e-007  -7.745011e-008  -7.800387e-008  -4.049848e-008  -1.571545e-008  -0.000000e+000  
-1.902318e-008  -5.718458e-008  -9.592548e-008  -1.377659e-007  -1.534401e-007  -1.530980e-007  -1.064295e-007  -5.862682e-008  -5.641183e-008  -6.201005e-008  -6.255234e-008  -9.538112e-008  -8.308515e-008  -7.314207e-008  -4.408728e-008  -1.587357e-008  -0.000000e+000  
-1.893393e-008  -5.681025e-008  -9.474632e-008  -1.336598e-007  -1.556552e-007  -1.574626e-007  -1.086850e-007  -6.040792e-008  -6.177085e-008  -6.406116e-008  -6.376056e-008  -8.712754e-008  -8.683401e-008  -7.023975e-008  -4.690040e-008  -1.615262e-008  -0.000000e+000  
-1.885039e-008  -5.645912e-008  -9.360311e-008  -1.279751e-007  -1.556020e-007  -1.650036e-007  -1.106877e-007  -5.770691e-008  -6.786145e-008  -6.632385e-008  -6.957539e-008  -7.898161e-008  -9.134230e-008  -6.738818e-008  -4.950600e-008  -1.646848e-008  -0.000000e+000  
-1.877654e-008  -5.615104e-008  -9.264709e-008  -1.245073e-007  -1.565768e-007  -1.696504e-007  -1.123346e-007  -5.669717e-008  -7.034593e-008  -6.789832e-008  -7.279264e-008  -7.495133e-008  -9.192588e-008  -6.526393e-008  -5.123267e-008  -1.675779e-008  -0.000000e+000  
-1.838895e-008  -5.587555e-008  -9.186257e-008  -1.225436e-007  -1.585169e-007  -1.729124e-007  -1.137215e-007  -5.627246e-008  -7.018797e-008  -6.867420e-008  -7.461349e-008  -7.384971e-008  -8.962304e-008  -6.304836e-008  -5.246197e-008  -1.701987e-008  -0.000000e+000  
-1.897166e-008  -5.564361e-008  -9.127411e-008  -1.218662e-007  -1.615571e-007  -1.752548e-007  -1.148389e-007  -5.611506e-008  -6.731748e-008  -6.863933e-008  -7.538908e-008  -7.559388e-008  -8.432154e-008  -6.048637e-008  -5.335494e-008  -1.724122e-008  -0.000000e+000  
-1.860878e-008  -5.547721e-008  -9.090569e-008  -1.222690e-007  -1.656483e-007  -1.766494e-007  -1.156220e-007  -5.638612e-008  -6.162252e-008  -6.806713e-008  -7.515004e-008  -8.016394e-008  -7.587523e-008  -5.786676e-008  -5.400389e-008  -1.740125e-008  -0.000000e+000  
-1.857908e-008  -5.536315e-008  -9.067459e-008  -1.226041e-007  -1.682045e-007  -1.776861e-007  -1.161416e-007  -5.630130e-008  -5.826531e-008  -6.749851e-008  -7.510864e-008  -8.287964e-008  -7.089116e-008  -5.595587e-008  -5.436984e-008  -1.751081e-008  -0.000000e+000  
-1.855902e-008  -5.528676e-008  -9.053076e-008  -1.228536e-007  -1.698064e-007  -1.784085e-007  -1.164781e-007  -5.614038e-008  -5.624891e-008  -6.705235e-008  -7.512631e-008  -8.451434e-008  -6.790111e-008  -5.464128e-008  -5.457786e-008  -1.758363e-008  -0.000000e+000  
-1.854884e-008  -5.524860e-008  -9.046174e-008  -1.229856e-007  -1.705786e-007  -1.787772e-007  -1.166423e-007  -5.603377e-008  -5.530169e-008  -6.681255e-008  -7.514683e-008  -8.528133e-008  -6.649975e-008  -5.397476e-008  -5.467120e-008  -1.761978e-008  -0.000000e+000  
-0.000000e+000  -0.000000e+000  -0.000000e+000  -0.000000e+000  -0.000000e+000  -0.000000e+000  -0.000000e+000  -0.000000e+000  -0.000000e+000  -0.000000e+000  -0.000000e+000  -0.000000e+000  -0.000000e+000  -0.000000e+000  -0.000000e+000  -0.000000e+000  -0.000000e+000  

