Port monitor named: Port2_h1.prt

nx        = 16
ny        = 25
nz        = 51

nu        = 16
nv        = 25
iu        = 1
iv        = 1

idir      = 2
dcut      = 4.666667e-003
icut      = 51
type      = 1
frequency = 1.250000e+010

fcutoff   = 0.000000e+000
alpha     = 0.000000e+000
beta      = 2.619806e+002
accuracy  = 6.041440e-014

type          = TEM
wave imp.     = 3.767303e+002
wave imp.sig. = 8.611085e-006
line imp.     = 3.945110e+002

ref. port     = 0

1.581686e+001  1.581686e+001  1.581686e+001  1.581686e+001  1.581686e+001  1.581686e+001  1.581686e+001  1.581686e+001  1.581686e+001  1.581686e+001  1.581686e+001  1.581686e+001  1.581686e+001  1.581686e+001  1.581686e+001  1.581686e+001  
1.581686e+001  1.581686e+001  1.581686e+001  1.581686e+001  1.581686e+001  1.581686e+001  1.581686e+001  1.581686e+001  1.581686e+001  1.581686e+001  1.581686e+001  1.581686e+001  1.581686e+001  1.581686e+001  1.581686e+001  1.581686e+001  
1.581686e+001  1.581686e+001  1.581686e+001  1.581686e+001  1.581686e+001  1.581686e+001  1.581686e+001  1.581686e+001  1.581686e+001  1.581686e+001  1.581686e+001  1.581686e+001  1.581686e+001  1.581686e+001  1.581686e+001  1.581686e+001  
1.581686e+001  1.581686e+001  1.581686e+001  1.581686e+001  1.581686e+001  1.581686e+001  1.581686e+001  1.581686e+001  1.581686e+001  1.581686e+001  1.581686e+001  1.581686e+001  1.581686e+001  1.581686e+001  1.581686e+001  1.581686e+001  
1.581686e+001  1.581686e+001  1.581686e+001  1.581686e+001  1.581686e+001  1.581686e+001  1.581686e+001  1.581686e+001  1.581686e+001  1.581686e+001  1.581686e+001  1.581686e+001  1.581686e+001  1.581686e+001  1.581686e+001  1.581686e+001  
1.581686e+001  1.581686e+001  1.581686e+001  1.581686e+001  1.581686e+001  1.581686e+001  1.581686e+001  1.581686e+001  1.581686e+001  1.581686e+001  1.581686e+001  1.581686e+001  1.581686e+001  1.581686e+001  1.581686e+001  1.581686e+001  
1.581686e+001  1.581686e+001  1.581686e+001  1.581686e+001  1.581686e+001  1.581686e+001  1.581686e+001  1.581686e+001  1.581686e+001  1.581686e+001  1.581686e+001  1.581686e+001  1.581686e+001  1.581686e+001  1.581686e+001  1.581686e+001  
1.581686e+001  1.581686e+001  1.581686e+001  1.581686e+001  1.581686e+001  1.581686e+001  1.581686e+001  1.581686e+001  1.581686e+001  1.581686e+001  1.581686e+001  1.581686e+001  1.581686e+001  1.581686e+001  1.581686e+001  1.581686e+001  
1.581686e+001  1.581686e+001  1.581686e+001  1.581686e+001  1.581686e+001  1.581686e+001  1.581686e+001  1.581686e+001  1.581686e+001  1.581686e+001  1.581686e+001  1.581686e+001  1.581686e+001  1.581686e+001  1.581686e+001  1.581686e+001  
1.581686e+001  1.581686e+001  1.581686e+001  1.581686e+001  1.581686e+001  1.581686e+001  1.581686e+001  1.581686e+001  1.581686e+001  1.581686e+001  1.581686e+001  1.581686e+001  1.581686e+001  1.581686e+001  1.581686e+001  1.581686e+001  
1.581686e+001  1.581686e+001  1.581686e+001  1.581686e+001  1.581686e+001  1.581686e+001  1.581686e+001  1.581686e+001  1.581686e+001  1.581686e+001  1.581686e+001  1.581686e+001  1.581686e+001  1.581686e+001  1.581686e+001  1.581686e+001  
1.581686e+001  1.581686e+001  1.581686e+001  1.581686e+001  1.581686e+001  1.581686e+001  1.581686e+001  1.581686e+001  1.581686e+001  1.581686e+001  1.581686e+001  1.581686e+001  1.581686e+001  1.581686e+001  1.581686e+001  1.581686e+001  
1.581686e+001  1.581686e+001  1.581686e+001  1.581686e+001  1.581686e+001  1.581686e+001  1.581686e+001  1.581686e+001  1.581686e+001  1.581686e+001  1.581686e+001  1.581686e+001  1.581686e+001  1.581686e+001  1.581686e+001  1.581686e+001  
1.581686e+001  1.581686e+001  1.581686e+001  1.581686e+001  1.581686e+001  1.581686e+001  1.581686e+001  1.581686e+001  1.581686e+001  1.581686e+001  1.581686e+001  1.581686e+001  1.581686e+001  1.581686e+001  1.581686e+001  1.581686e+001  
1.581686e+001  1.581686e+001  1.581686e+001  1.581686e+001  1.581686e+001  1.581686e+001  1.581686e+001  1.581686e+001  1.581686e+001  1.581686e+001  1.581686e+001  1.581686e+001  1.581686e+001  1.581686e+001  1.581686e+001  1.581686e+001  
1.581686e+001  1.581686e+001  1.581686e+001  1.581686e+001  1.581686e+001  1.581686e+001  1.581686e+001  1.581686e+001  1.581686e+001  1.581686e+001  1.581686e+001  1.581686e+001  1.581686e+001  1.581686e+001  1.581686e+001  1.581686e+001  
1.581686e+001  1.581686e+001  1.581686e+001  1.581686e+001  1.581686e+001  1.581686e+001  1.581686e+001  1.581686e+001  1.581686e+001  1.581686e+001  1.581686e+001  1.581686e+001  1.581686e+001  1.581686e+001  1.581686e+001  1.581686e+001  
1.581686e+001  1.581686e+001  1.581686e+001  1.581686e+001  1.581686e+001  1.581686e+001  1.581686e+001  1.581686e+001  1.581686e+001  1.581686e+001  1.581686e+001  1.581686e+001  1.581686e+001  1.581686e+001  1.581686e+001  1.581686e+001  
1.581686e+001  1.581686e+001  1.581686e+001  1.581686e+001  1.581686e+001  1.581686e+001  1.581686e+001  1.581686e+001  1.581686e+001  1.581686e+001  1.581686e+001  1.581686e+001  1.581686e+001  1.581686e+001  1.581686e+001  1.581686e+001  
1.581686e+001  1.581686e+001  1.581686e+001  1.581686e+001  1.581686e+001  1.581686e+001  1.581686e+001  1.581686e+001  1.581686e+001  1.581686e+001  1.581686e+001  1.581686e+001  1.581686e+001  1.581686e+001  1.581686e+001  1.581686e+001  
1.581686e+001  1.581686e+001  1.581686e+001  1.581686e+001  1.581686e+001  1.581686e+001  1.581686e+001  1.581686e+001  1.581686e+001  1.581686e+001  1.581686e+001  1.581686e+001  1.581686e+001  1.581686e+001  1.581686e+001  1.581686e+001  
1.581686e+001  1.581686e+001  1.581686e+001  1.581686e+001  1.581686e+001  1.581686e+001  1.581686e+001  1.581686e+001  1.581686e+001  1.581686e+001  1.581686e+001  1.581686e+001  1.581686e+001  1.581686e+001  1.581686e+001  1.581686e+001  
1.581686e+001  1.581686e+001  1.581686e+001  1.581686e+001  1.581686e+001  1.581686e+001  1.581686e+001  1.581686e+001  1.581686e+001  1.581686e+001  1.581686e+001  1.581686e+001  1.581686e+001  1.581686e+001  1.581686e+001  1.581686e+001  
1.581686e+001  1.581686e+001  1.581686e+001  1.581686e+001  1.581686e+001  1.581686e+001  1.581686e+001  1.581686e+001  1.581686e+001  1.581686e+001  1.581686e+001  1.581686e+001  1.581686e+001  1.581686e+001  1.581686e+001  1.581686e+001  
-0.000000e+000  -0.000000e+000  -0.000000e+000  -0.000000e+000  -0.000000e+000  -0.000000e+000  -0.000000e+000  -0.000000e+000  -0.000000e+000  -0.000000e+000  -0.000000e+000  -0.000000e+000  -0.000000e+000  -0.000000e+000  -0.000000e+000  -0.000000e+000  

-0.000000e+000  -0.000000e+000  -0.000000e+000  -0.000000e+000  -0.000000e+000  -0.000000e+000  -0.000000e+000  -0.000000e+000  -0.000000e+000  -0.000000e+000  -0.000000e+000  -0.000000e+000  -0.000000e+000  -0.000000e+000  -0.000000e+000  -0.000000e+000  
-9.600165e-010  -2.507656e-009  2.391339e-009  6.899649e-008  -3.076107e-008  1.050940e-007  3.303561e-008  -2.959219e-008  -1.273669e-007  5.136899e-009  8.571571e-008  -4.193454e-008  2.320551e-008  -1.395458e-008  -5.516057e-009  -0.000000e+000  
-1.805606e-009  -5.813037e-009  -1.550041e-009  1.570865e-007  -1.170830e-007  2.905601e-007  6.290315e-008  -4.879704e-008  -3.270546e-007  2.668230e-008  2.242037e-007  -1.078733e-007  5.524922e-008  -3.181861e-008  -1.102738e-008  -0.000000e+000  
-2.997862e-009  -1.063566e-008  -2.743954e-008  -7.504767e-008  2.701352e-009  1.438198e-007  3.222075e-008  -5.764680e-008  4.400282e-008  1.143088e-007  1.816653e-007  -4.925217e-008  -1.029747e-007  -6.432554e-008  -1.793576e-008  -0.000000e+000  
-3.671820e-009  -1.444740e-008  -4.853187e-008  -3.283760e-007  8.836195e-008  1.415353e-007  -1.258742e-008  -1.799636e-007  4.328425e-007  2.032318e-007  2.438193e-007  -2.826342e-008  -2.721186e-007  -9.793961e-008  -2.343985e-008  -0.000000e+000  
-4.095881e-009  -1.416856e-008  -2.773398e-008  2.435165e-008  1.292180e-007  -9.560081e-008  -5.346078e-008  -1.167421e-007  1.777958e-007  1.596631e-007  1.857710e-007  -1.461555e-008  -5.379657e-007  -1.224063e-007  -2.595529e-008  -0.000000e+000  
-4.038751e-009  -1.294003e-008  -1.992004e-008  2.053442e-009  2.630698e-008  5.092698e-009  1.905852e-008  3.284011e-008  1.038176e-007  6.852433e-008  1.239436e-008  -7.612527e-008  -2.431530e-007  -8.349928e-008  -1.944062e-008  -0.000000e+000  
-3.822062e-009  -1.231009e-008  -2.110815e-008  -2.247425e-008  -4.524606e-008  6.416803e-008  9.174447e-008  1.159940e-007  1.327379e-007  -3.504836e-009  -1.515066e-007  -1.234092e-007  -3.038970e-008  -2.148102e-008  -6.877612e-009  -0.000000e+000  
-3.365390e-009  -1.167188e-008  -2.453483e-008  -3.885556e-008  -2.204130e-007  2.085917e-007  1.690902e-007  2.108821e-007  3.027103e-007  -6.468676e-008  -4.700788e-007  -1.873209e-007  2.044582e-007  3.917548e-008  5.924555e-009  -0.000000e+000  
-1.803945e-009  -8.479339e-009  -2.858993e-008  -1.015748e-007  2.085393e-007  -2.481373e-007  1.005034e-007  4.362763e-007  -4.674532e-008  -9.225233e-008  -2.016745e-007  5.810122e-008  2.417924e-007  7.050278e-008  1.505719e-008  -0.000000e+000  
2.123741e-009  5.384772e-009  5.854031e-009  5.090770e-009  5.366790e-008  2.285070e-008  6.180072e-008  9.433950e-008  4.317104e-008  1.527560e-008  1.079883e-009  4.325134e-008  8.371199e-008  3.984005e-008  1.084788e-008  -0.000000e+000  
6.639270e-009  2.154391e-008  4.116790e-008  6.467053e-008  3.510487e-008  7.672732e-008  4.450883e-008  1.582970e-008  6.761751e-008  9.112736e-008  9.719400e-008  4.116157e-008  -2.010650e-008  -3.776984e-010  2.399833e-009  -0.000000e+000  
1.011839e-008  3.385029e-008  7.358899e-008  1.710801e-007  -1.148437e-007  3.557624e-007  1.586068e-008  -3.149650e-007  1.684410e-007  2.076448e-007  3.057134e-007  2.778801e-008  -1.771646e-007  -3.005536e-008  -1.202513e-009  -0.000000e+000  
1.074154e-008  3.421092e-008  6.450131e-008  1.050727e-007  3.236405e-007  -8.589797e-008  -3.352829e-008  -6.772836e-008  -1.584529e-007  1.971400e-007  5.830247e-007  2.726047e-007  -1.383189e-007  3.484301e-009  8.877518e-009  -0.000000e+000  
1.047345e-008  3.193656e-008  5.407794e-008  7.957339e-008  1.610980e-007  7.615169e-008  6.473726e-008  5.372697e-008  4.198551e-008  1.565468e-007  2.722741e-007  2.017372e-007  9.816061e-008  6.720606e-008  2.277764e-008  -0.000000e+000  
1.007779e-008  2.952038e-008  4.267569e-008  3.123632e-008  1.158698e-007  1.580200e-007  1.631053e-007  1.743766e-007  1.260872e-007  1.149307e-007  1.156007e-007  1.333539e-007  3.151279e-007  1.341762e-007  3.691002e-008  -0.000000e+000  
9.917412e-009  2.899426e-008  3.892600e-008  -5.243393e-008  8.426214e-008  2.803183e-007  2.529222e-007  3.673122e-007  1.723957e-007  6.260622e-008  -5.288113e-008  1.710931e-008  6.233407e-007  1.808238e-007  4.547457e-008  -0.000000e+000  
9.890735e-009  3.057799e-008  5.864230e-008  1.769054e-007  2.990482e-007  2.361856e-008  1.921067e-007  4.272011e-007  1.698406e-007  2.438409e-008  -1.012104e-007  -6.997927e-008  3.885481e-007  1.646745e-007  4.454715e-008  -0.000000e+000  
9.590212e-009  3.058239e-008  5.819162e-008  8.891528e-008  3.516355e-008  3.712704e-008  4.052132e-008  2.698089e-008  -3.461049e-008  -3.841257e-008  -1.472138e-008  7.893382e-008  2.219641e-007  1.228869e-007  3.675931e-008  -0.000000e+000  
8.607561e-009  2.869327e-008  5.675414e-008  2.961411e-008  -2.599936e-007  4.844329e-008  -8.913274e-008  -3.203895e-007  -2.944672e-007  -1.258486e-007  3.081069e-008  2.231312e-007  1.144333e-007  7.821972e-008  2.603139e-008  -0.000000e+000  
7.247471e-009  2.540207e-008  6.787137e-008  3.472967e-007  -1.584409e-007  -2.121090e-007  -1.083314e-007  -1.662351e-008  -5.218068e-007  -1.891636e-007  -1.400507e-007  1.220060e-007  3.768039e-008  4.452363e-008  1.728201e-008  -0.000000e+000  
5.544427e-009  1.851990e-008  3.960362e-008  8.120425e-008  -4.665966e-008  -2.023645e-007  -1.157321e-007  -4.816538e-008  -1.031238e-007  -1.105277e-007  -1.298307e-007  9.328508e-008  -3.493375e-008  1.967713e-008  1.072943e-008  -0.000000e+000  
3.475294e-009  1.060883e-008  8.449072e-009  -1.561680e-007  9.155492e-008  -3.277054e-007  -1.124100e-007  -6.946891e-009  2.934517e-007  -2.712014e-008  -2.002262e-007  1.266409e-007  -1.297313e-007  2.121588e-009  5.544286e-009  -0.000000e+000  
1.699338e-009  4.874893e-009  8.328408e-010  -6.898307e-008  1.821681e-008  -1.237519e-007  -5.722542e-008  4.438403e-009  1.112231e-007  -6.218693e-009  -7.560314e-008  4.949094e-008  -5.800421e-008  -1.019988e-009  2.400136e-009  -0.000000e+000  
-0.000000e+000  -0.000000e+000  -0.000000e+000  -0.000000e+000  -0.000000e+000  -0.000000e+000  -0.000000e+000  -0.000000e+000  -0.000000e+000  -0.000000e+000  -0.000000e+000  -0.000000e+000  -0.000000e+000  -0.000000e+000  -0.000000e+000  -0.000000e+000  

0.000000e+000  0.000000e+000  0.000000e+000  0.000000e+000  0.000000e+000  0.000000e+000  0.000000e+000  0.000000e+000  0.000000e+000  0.000000e+000  0.000000e+000  0.000000e+000  0.000000e+000  0.000000e+000  0.000000e+000  0.000000e+000  
0.000000e+000  0.000000e+000  0.000000e+000  0.000000e+000  0.000000e+000  0.000000e+000  0.000000e+000  0.000000e+000  0.000000e+000  0.000000e+000  0.000000e+000  0.000000e+000  0.000000e+000  0.000000e+000  0.000000e+000  0.000000e+000  
0.000000e+000  0.000000e+000  0.000000e+000  0.000000e+000  0.000000e+000  0.000000e+000  0.000000e+000  0.000000e+000  0.000000e+000  0.000000e+000  0.000000e+000  0.000000e+000  0.000000e+000  0.000000e+000  0.000000e+000  0.000000e+000  
0.000000e+000  0.000000e+000  0.000000e+000  0.000000e+000  0.000000e+000  0.000000e+000  0.000000e+000  0.000000e+000  0.000000e+000  0.000000e+000  0.000000e+000  0.000000e+000  0.000000e+000  0.000000e+000  0.000000e+000  0.000000e+000  
0.000000e+000  0.000000e+000  0.000000e+000  0.000000e+000  0.000000e+000  0.000000e+000  0.000000e+000  0.000000e+000  0.000000e+000  0.000000e+000  0.000000e+000  0.000000e+000  0.000000e+000  0.000000e+000  0.000000e+000  0.000000e+000  
0.000000e+000  0.000000e+000  0.000000e+000  0.000000e+000  0.000000e+000  0.000000e+000  0.000000e+000  0.000000e+000  0.000000e+000  0.000000e+000  0.000000e+000  0.000000e+000  0.000000e+000  0.000000e+000  0.000000e+000  0.000000e+000  
0.000000e+000  0.000000e+000  0.000000e+000  0.000000e+000  0.000000e+000  0.000000e+000  0.000000e+000  0.000000e+000  0.000000e+000  0.000000e+000  0.000000e+000  0.000000e+000  0.000000e+000  0.000000e+000  0.000000e+000  0.000000e+000  
0.000000e+000  0.000000e+000  0.000000e+000  0.000000e+000  0.000000e+000  0.000000e+000  0.000000e+000  0.000000e+000  0.000000e+000  0.000000e+000  0.000000e+000  0.000000e+000  0.000000e+000  0.000000e+000  0.000000e+000  0.000000e+000  
0.000000e+000  0.000000e+000  0.000000e+000  0.000000e+000  0.000000e+000  0.000000e+000  0.000000e+000  0.000000e+000  0.000000e+000  0.000000e+000  0.000000e+000  0.000000e+000  0.000000e+000  0.000000e+000  0.000000e+000  0.000000e+000  
0.000000e+000  0.000000e+000  0.000000e+000  0.000000e+000  0.000000e+000  0.000000e+000  0.000000e+000  0.000000e+000  0.000000e+000  0.000000e+000  0.000000e+000  0.000000e+000  0.000000e+000  0.000000e+000  0.000000e+000  0.000000e+000  
0.000000e+000  0.000000e+000  0.000000e+000  0.000000e+000  0.000000e+000  0.000000e+000  0.000000e+000  0.000000e+000  0.000000e+000  0.000000e+000  0.000000e+000  0.000000e+000  0.000000e+000  0.000000e+000  0.000000e+000  0.000000e+000  
0.000000e+000  0.000000e+000  0.000000e+000  0.000000e+000  0.000000e+000  0.000000e+000  0.000000e+000  0.000000e+000  0.000000e+000  0.000000e+000  0.000000e+000  0.000000e+000  0.000000e+000  0.000000e+000  0.000000e+000  0.000000e+000  
0.000000e+000  0.000000e+000  0.000000e+000  0.000000e+000  0.000000e+000  0.000000e+000  0.000000e+000  0.000000e+000  0.000000e+000  0.000000e+000  0.000000e+000  0.000000e+000  0.000000e+000  0.000000e+000  0.000000e+000  0.000000e+000  
0.000000e+000  0.000000e+000  0.000000e+000  0.000000e+000  0.000000e+000  0.000000e+000  0.000000e+000  0.000000e+000  0.000000e+000  0.000000e+000  0.000000e+000  0.000000e+000  0.000000e+000  0.000000e+000  0.000000e+000  0.000000e+000  
0.000000e+000  0.000000e+000  0.000000e+000  0.000000e+000  0.000000e+000  0.000000e+000  0.000000e+000  0.000000e+000  0.000000e+000  0.000000e+000  0.000000e+000  0.000000e+000  0.000000e+000  0.000000e+000  0.000000e+000  0.000000e+000  
0.000000e+000  0.000000e+000  0.000000e+000  0.000000e+000  0.000000e+000  0.000000e+000  0.000000e+000  0.000000e+000  0.000000e+000  0.000000e+000  0.000000e+000  0.000000e+000  0.000000e+000  0.000000e+000  0.000000e+000  0.000000e+000  
0.000000e+000  0.000000e+000  0.000000e+000  0.000000e+000  0.000000e+000  0.000000e+000  0.000000e+000  0.000000e+000  0.000000e+000  0.000000e+000  0.000000e+000  0.000000e+000  0.000000e+000  0.000000e+000  0.000000e+000  0.000000e+000  
0.000000e+000  0.000000e+000  0.000000e+000  0.000000e+000  0.000000e+000  0.000000e+000  0.000000e+000  0.000000e+000  0.000000e+000  0.000000e+000  0.000000e+000  0.000000e+000  0.000000e+000  0.000000e+000  0.000000e+000  0.000000e+000  
0.000000e+000  0.000000e+000  0.000000e+000  0.000000e+000  0.000000e+000  0.000000e+000  0.000000e+000  0.000000e+000  0.000000e+000  0.000000e+000  0.000000e+000  0.000000e+000  0.000000e+000  0.000000e+000  0.000000e+000  0.000000e+000  
0.000000e+000  0.000000e+000  0.000000e+000  0.000000e+000  0.000000e+000  0.000000e+000  0.000000e+000  0.000000e+000  0.000000e+000  0.000000e+000  0.000000e+000  0.000000e+000  0.000000e+000  0.000000e+000  0.000000e+000  0.000000e+000  
0.000000e+000  0.000000e+000  0.000000e+000  0.000000e+000  0.000000e+000  0.000000e+000  0.000000e+000  0.000000e+000  0.000000e+000  0.000000e+000  0.000000e+000  0.000000e+000  0.000000e+000  0.000000e+000  0.000000e+000  0.000000e+000  
0.000000e+000  0.000000e+000  0.000000e+000  0.000000e+000  0.000000e+000  0.000000e+000  0.000000e+000  0.000000e+000  0.000000e+000  0.000000e+000  0.000000e+000  0.000000e+000  0.000000e+000  0.000000e+000  0.000000e+000  0.000000e+000  
0.000000e+000  0.000000e+000  0.000000e+000  0.000000e+000  0.000000e+000  0.000000e+000  0.000000e+000  0.000000e+000  0.000000e+000  0.000000e+000  0.000000e+000  0.000000e+000  0.000000e+000  0.000000e+000  0.000000e+000  0.000000e+000  
0.000000e+000  0.000000e+000  0.000000e+000  0.000000e+000  0.000000e+000  0.000000e+000  0.000000e+000  0.000000e+000  0.000000e+000  0.000000e+000  0.000000e+000  0.000000e+000  0.000000e+000  0.000000e+000  0.000000e+000  0.000000e+000  
0.000000e+000  0.000000e+000  0.000000e+000  0.000000e+000  0.000000e+000  0.000000e+000  0.000000e+000  0.000000e+000  0.000000e+000  0.000000e+000  0.000000e+000  0.000000e+000  0.000000e+000  0.000000e+000  0.000000e+000  0.000000e+000  

0.000000e+000  0.000000e+000  0.000000e+000  0.000000e+000  0.000000e+000  0.000000e+000  0.000000e+000  0.000000e+000  0.000000e+000  0.000000e+000  0.000000e+000  0.000000e+000  0.000000e+000  0.000000e+000  0.000000e+000  0.000000e+000  
0.000000e+000  0.000000e+000  0.000000e+000  0.000000e+000  0.000000e+000  0.000000e+000  0.000000e+000  0.000000e+000  0.000000e+000  0.000000e+000  0.000000e+000  0.000000e+000  0.000000e+000  0.000000e+000  0.000000e+000  0.000000e+000  
0.000000e+000  0.000000e+000  0.000000e+000  0.000000e+000  0.000000e+000  0.000000e+000  0.000000e+000  0.000000e+000  0.000000e+000  0.000000e+000  0.000000e+000  0.000000e+000  0.000000e+000  0.000000e+000  0.000000e+000  0.000000e+000  
0.000000e+000  0.000000e+000  0.000000e+000  0.000000e+000  0.000000e+000  0.000000e+000  0.000000e+000  0.000000e+000  0.000000e+000  0.000000e+000  0.000000e+000  0.000000e+000  0.000000e+000  0.000000e+000  0.000000e+000  0.000000e+000  
0.000000e+000  0.000000e+000  0.000000e+000  0.000000e+000  0.000000e+000  0.000000e+000  0.000000e+000  0.000000e+000  0.000000e+000  0.000000e+000  0.000000e+000  0.000000e+000  0.000000e+000  0.000000e+000  0.000000e+000  0.000000e+000  
0.000000e+000  0.000000e+000  0.000000e+000  0.000000e+000  0.000000e+000  0.000000e+000  0.000000e+000  0.000000e+000  0.000000e+000  0.000000e+000  0.000000e+000  0.000000e+000  0.000000e+000  0.000000e+000  0.000000e+000  0.000000e+000  
0.000000e+000  0.000000e+000  0.000000e+000  0.000000e+000  0.000000e+000  0.000000e+000  0.000000e+000  0.000000e+000  0.000000e+000  0.000000e+000  0.000000e+000  0.000000e+000  0.000000e+000  0.000000e+000  0.000000e+000  0.000000e+000  
0.000000e+000  0.000000e+000  0.000000e+000  0.000000e+000  0.000000e+000  0.000000e+000  0.000000e+000  0.000000e+000  0.000000e+000  0.000000e+000  0.000000e+000  0.000000e+000  0.000000e+000  0.000000e+000  0.000000e+000  0.000000e+000  
0.000000e+000  0.000000e+000  0.000000e+000  0.000000e+000  0.000000e+000  0.000000e+000  0.000000e+000  0.000000e+000  0.000000e+000  0.000000e+000  0.000000e+000  0.000000e+000  0.000000e+000  0.000000e+000  0.000000e+000  0.000000e+000  
0.000000e+000  0.000000e+000  0.000000e+000  0.000000e+000  0.000000e+000  0.000000e+000  0.000000e+000  0.000000e+000  0.000000e+000  0.000000e+000  0.000000e+000  0.000000e+000  0.000000e+000  0.000000e+000  0.000000e+000  0.000000e+000  
0.000000e+000  0.000000e+000  0.000000e+000  0.000000e+000  0.000000e+000  0.000000e+000  0.000000e+000  0.000000e+000  0.000000e+000  0.000000e+000  0.000000e+000  0.000000e+000  0.000000e+000  0.000000e+000  0.000000e+000  0.000000e+000  
0.000000e+000  0.000000e+000  0.000000e+000  0.000000e+000  0.000000e+000  0.000000e+000  0.000000e+000  0.000000e+000  0.000000e+000  0.000000e+000  0.000000e+000  0.000000e+000  0.000000e+000  0.000000e+000  0.000000e+000  0.000000e+000  
0.000000e+000  0.000000e+000  0.000000e+000  0.000000e+000  0.000000e+000  0.000000e+000  0.000000e+000  0.000000e+000  0.000000e+000  0.000000e+000  0.000000e+000  0.000000e+000  0.000000e+000  0.000000e+000  0.000000e+000  0.000000e+000  
0.000000e+000  0.000000e+000  0.000000e+000  0.000000e+000  0.000000e+000  0.000000e+000  0.000000e+000  0.000000e+000  0.000000e+000  0.000000e+000  0.000000e+000  0.000000e+000  0.000000e+000  0.000000e+000  0.000000e+000  0.000000e+000  
0.000000e+000  0.000000e+000  0.000000e+000  0.000000e+000  0.000000e+000  0.000000e+000  0.000000e+000  0.000000e+000  0.000000e+000  0.000000e+000  0.000000e+000  0.000000e+000  0.000000e+000  0.000000e+000  0.000000e+000  0.000000e+000  
0.000000e+000  0.000000e+000  0.000000e+000  0.000000e+000  0.000000e+000  0.000000e+000  0.000000e+000  0.000000e+000  0.000000e+000  0.000000e+000  0.000000e+000  0.000000e+000  0.000000e+000  0.000000e+000  0.000000e+000  0.000000e+000  
0.000000e+000  0.000000e+000  0.000000e+000  0.000000e+000  0.000000e+000  0.000000e+000  0.000000e+000  0.000000e+000  0.000000e+000  0.000000e+000  0.000000e+000  0.000000e+000  0.000000e+000  0.000000e+000  0.000000e+000  0.000000e+000  
0.000000e+000  0.000000e+000  0.000000e+000  0.000000e+000  0.000000e+000  0.000000e+000  0.000000e+000  0.000000e+000  0.000000e+000  0.000000e+000  0.000000e+000  0.000000e+000  0.000000e+000  0.000000e+000  0.000000e+000  0.000000e+000  
0.000000e+000  0.000000e+000  0.000000e+000  0.000000e+000  0.000000e+000  0.000000e+000  0.000000e+000  0.000000e+000  0.000000e+000  0.000000e+000  0.000000e+000  0.000000e+000  0.000000e+000  0.000000e+000  0.000000e+000  0.000000e+000  
0.000000e+000  0.000000e+000  0.000000e+000  0.000000e+000  0.000000e+000  0.000000e+000  0.000000e+000  0.000000e+000  0.000000e+000  0.000000e+000  0.000000e+000  0.000000e+000  0.000000e+000  0.000000e+000  0.000000e+000  0.000000e+000  
0.000000e+000  0.000000e+000  0.000000e+000  0.000000e+000  0.000000e+000  0.000000e+000  0.000000e+000  0.000000e+000  0.000000e+000  0.000000e+000  0.000000e+000  0.000000e+000  0.000000e+000  0.000000e+000  0.000000e+000  0.000000e+000  
0.000000e+000  0.000000e+000  0.000000e+000  0.000000e+000  0.000000e+000  0.000000e+000  0.000000e+000  0.000000e+000  0.000000e+000  0.000000e+000  0.000000e+000  0.000000e+000  0.000000e+000  0.000000e+000  0.000000e+000  0.000000e+000  
0.000000e+000  0.000000e+000  0.000000e+000  0.000000e+000  0.000000e+000  0.000000e+000  0.000000e+000  0.000000e+000  0.000000e+000  0.000000e+000  0.000000e+000  0.000000e+000  0.000000e+000  0.000000e+000  0.000000e+000  0.000000e+000  
0.000000e+000  0.000000e+000  0.000000e+000  0.000000e+000  0.000000e+000  0.000000e+000  0.000000e+000  0.000000e+000  0.000000e+000  0.000000e+000  0.000000e+000  0.000000e+000  0.000000e+000  0.000000e+000  0.000000e+000  0.000000e+000  
0.000000e+000  0.000000e+000  0.000000e+000  0.000000e+000  0.000000e+000  0.000000e+000  0.000000e+000  0.000000e+000  0.000000e+000  0.000000e+000  0.000000e+000  0.000000e+000  0.000000e+000  0.000000e+000  0.000000e+000  0.000000e+000  

0.000000e+000  0.000000e+000  0.000000e+000  0.000000e+000  0.000000e+000  0.000000e+000  0.000000e+000  0.000000e+000  0.000000e+000  0.000000e+000  0.000000e+000  0.000000e+000  0.000000e+000  0.000000e+000  0.000000e+000  0.000000e+000  
0.000000e+000  0.000000e+000  0.000000e+000  0.000000e+000  0.000000e+000  0.000000e+000  0.000000e+000  0.000000e+000  0.000000e+000  0.000000e+000  0.000000e+000  0.000000e+000  0.000000e+000  0.000000e+000  0.000000e+000  0.000000e+000  
0.000000e+000  0.000000e+000  0.000000e+000  0.000000e+000  0.000000e+000  0.000000e+000  0.000000e+000  0.000000e+000  0.000000e+000  0.000000e+000  0.000000e+000  0.000000e+000  0.000000e+000  0.000000e+000  0.000000e+000  0.000000e+000  
0.000000e+000  0.000000e+000  0.000000e+000  0.000000e+000  0.000000e+000  0.000000e+000  0.000000e+000  0.000000e+000  0.000000e+000  0.000000e+000  0.000000e+000  0.000000e+000  0.000000e+000  0.000000e+000  0.000000e+000  0.000000e+000  
0.000000e+000  0.000000e+000  0.000000e+000  0.000000e+000  0.000000e+000  0.000000e+000  0.000000e+000  0.000000e+000  0.000000e+000  0.000000e+000  0.000000e+000  0.000000e+000  0.000000e+000  0.000000e+000  0.000000e+000  0.000000e+000  
0.000000e+000  0.000000e+000  0.000000e+000  0.000000e+000  0.000000e+000  0.000000e+000  0.000000e+000  0.000000e+000  0.000000e+000  0.000000e+000  0.000000e+000  0.000000e+000  0.000000e+000  0.000000e+000  0.000000e+000  0.000000e+000  
0.000000e+000  0.000000e+000  0.000000e+000  0.000000e+000  0.000000e+000  0.000000e+000  0.000000e+000  0.000000e+000  0.000000e+000  0.000000e+000  0.000000e+000  0.000000e+000  0.000000e+000  0.000000e+000  0.000000e+000  0.000000e+000  
0.000000e+000  0.000000e+000  0.000000e+000  0.000000e+000  0.000000e+000  0.000000e+000  0.000000e+000  0.000000e+000  0.000000e+000  0.000000e+000  0.000000e+000  0.000000e+000  0.000000e+000  0.000000e+000  0.000000e+000  0.000000e+000  
0.000000e+000  0.000000e+000  0.000000e+000  0.000000e+000  0.000000e+000  0.000000e+000  0.000000e+000  0.000000e+000  0.000000e+000  0.000000e+000  0.000000e+000  0.000000e+000  0.000000e+000  0.000000e+000  0.000000e+000  0.000000e+000  
0.000000e+000  0.000000e+000  0.000000e+000  0.000000e+000  0.000000e+000  0.000000e+000  0.000000e+000  0.000000e+000  0.000000e+000  0.000000e+000  0.000000e+000  0.000000e+000  0.000000e+000  0.000000e+000  0.000000e+000  0.000000e+000  
0.000000e+000  0.000000e+000  0.000000e+000  0.000000e+000  0.000000e+000  0.000000e+000  0.000000e+000  0.000000e+000  0.000000e+000  0.000000e+000  0.000000e+000  0.000000e+000  0.000000e+000  0.000000e+000  0.000000e+000  0.000000e+000  
0.000000e+000  0.000000e+000  0.000000e+000  0.000000e+000  0.000000e+000  0.000000e+000  0.000000e+000  0.000000e+000  0.000000e+000  0.000000e+000  0.000000e+000  0.000000e+000  0.000000e+000  0.000000e+000  0.000000e+000  0.000000e+000  
0.000000e+000  0.000000e+000  0.000000e+000  0.000000e+000  0.000000e+000  0.000000e+000  0.000000e+000  0.000000e+000  0.000000e+000  0.000000e+000  0.000000e+000  0.000000e+000  0.000000e+000  0.000000e+000  0.000000e+000  0.000000e+000  
0.000000e+000  0.000000e+000  0.000000e+000  0.000000e+000  0.000000e+000  0.000000e+000  0.000000e+000  0.000000e+000  0.000000e+000  0.000000e+000  0.000000e+000  0.000000e+000  0.000000e+000  0.000000e+000  0.000000e+000  0.000000e+000  
0.000000e+000  0.000000e+000  0.000000e+000  0.000000e+000  0.000000e+000  0.000000e+000  0.000000e+000  0.000000e+000  0.000000e+000  0.000000e+000  0.000000e+000  0.000000e+000  0.000000e+000  0.000000e+000  0.000000e+000  0.000000e+000  
0.000000e+000  0.000000e+000  0.000000e+000  0.000000e+000  0.000000e+000  0.000000e+000  0.000000e+000  0.000000e+000  0.000000e+000  0.000000e+000  0.000000e+000  0.000000e+000  0.000000e+000  0.000000e+000  0.000000e+000  0.000000e+000  
0.000000e+000  0.000000e+000  0.000000e+000  0.000000e+000  0.000000e+000  0.000000e+000  0.000000e+000  0.000000e+000  0.000000e+000  0.000000e+000  0.000000e+000  0.000000e+000  0.000000e+000  0.000000e+000  0.000000e+000  0.000000e+000  
0.000000e+000  0.000000e+000  0.000000e+000  0.000000e+000  0.000000e+000  0.000000e+000  0.000000e+000  0.000000e+000  0.000000e+000  0.000000e+000  0.000000e+000  0.000000e+000  0.000000e+000  0.000000e+000  0.000000e+000  0.000000e+000  
0.000000e+000  0.000000e+000  0.000000e+000  0.000000e+000  0.000000e+000  0.000000e+000  0.000000e+000  0.000000e+000  0.000000e+000  0.000000e+000  0.000000e+000  0.000000e+000  0.000000e+000  0.000000e+000  0.000000e+000  0.000000e+000  
0.000000e+000  0.000000e+000  0.000000e+000  0.000000e+000  0.000000e+000  0.000000e+000  0.000000e+000  0.000000e+000  0.000000e+000  0.000000e+000  0.000000e+000  0.000000e+000  0.000000e+000  0.000000e+000  0.000000e+000  0.000000e+000  
0.000000e+000  0.000000e+000  0.000000e+000  0.000000e+000  0.000000e+000  0.000000e+000  0.000000e+000  0.000000e+000  0.000000e+000  0.000000e+000  0.000000e+000  0.000000e+000  0.000000e+000  0.000000e+000  0.000000e+000  0.000000e+000  
0.000000e+000  0.000000e+000  0.000000e+000  0.000000e+000  0.000000e+000  0.000000e+000  0.000000e+000  0.000000e+000  0.000000e+000  0.000000e+000  0.000000e+000  0.000000e+000  0.000000e+000  0.000000e+000  0.000000e+000  0.000000e+000  
0.000000e+000  0.000000e+000  0.000000e+000  0.000000e+000  0.000000e+000  0.000000e+000  0.000000e+000  0.000000e+000  0.000000e+000  0.000000e+000  0.000000e+000  0.000000e+000  0.000000e+000  0.000000e+000  0.000000e+000  0.000000e+000  
0.000000e+000  0.000000e+000  0.000000e+000  0.000000e+000  0.000000e+000  0.000000e+000  0.000000e+000  0.000000e+000  0.000000e+000  0.000000e+000  0.000000e+000  0.000000e+000  0.000000e+000  0.000000e+000  0.000000e+000  0.000000e+000  
0.000000e+000  0.000000e+000  0.000000e+000  0.000000e+000  0.000000e+000  0.000000e+000  0.000000e+000  0.000000e+000  0.000000e+000  0.000000e+000  0.000000e+000  0.000000e+000  0.000000e+000  0.000000e+000  0.000000e+000  0.000000e+000  

-2.113048e-008  -6.333039e-008  -1.052191e-007  -1.467127e-007  -2.037382e-007  -2.176956e-007  -1.592333e-007  -1.003940e-007  -9.908754e-008  -1.067112e-007  -1.088454e-007  -1.060885e-007  -1.239403e-007  -7.631716e-008  -2.572877e-008  -0.000000e+000  
-2.113746e-008  -6.336312e-008  -1.052576e-007  -1.459380e-007  -2.008588e-007  -2.167487e-007  -1.593953e-007  -1.018048e-007  -1.038700e-007  -1.083662e-007  -1.098128e-007  -1.063323e-007  -1.242075e-007  -7.655415e-008  -2.580047e-008  -0.000000e+000  
-2.114898e-008  -6.343755e-008  -1.054325e-007  -1.444278e-007  -1.934957e-007  -2.149373e-007  -1.596955e-007  -1.040499e-007  -1.166263e-007  -1.112078e-007  -1.118842e-007  -1.067626e-007  -1.247938e-007  -7.708676e-008  -2.595300e-008  -0.000000e+000  
-2.116641e-008  -6.356236e-008  -1.060720e-007  -1.468133e-007  -1.906538e-007  -2.105688e-007  -1.602620e-007  -1.094438e-007  -1.207664e-007  -1.116533e-007  -1.091064e-007  -1.088309e-007  -1.264649e-007  -7.806390e-008  -2.620653e-008  -0.000000e+000  
-2.117001e-008  -6.368401e-008  -1.070408e-007  -1.550387e-007  -1.922992e-007  -1.990821e-007  -1.612179e-007  -1.224468e-007  -1.157644e-007  -1.090551e-007  -9.742415e-008  -1.138929e-007  -1.294114e-007  -7.954673e-008  -2.654876e-008  -0.000000e+000  
-2.113681e-008  -6.364201e-008  -1.071779e-007  -1.538848e-007  -1.873882e-007  -1.957602e-007  -1.632177e-007  -1.328978e-007  -1.151984e-007  -1.091576e-007  -1.019281e-007  -1.115401e-007  -1.419316e-007  -8.188476e-008  -2.697810e-008  -0.000000e+000  
-2.102662e-008  -6.327734e-008  -1.063405e-007  -1.517132e-007  -1.851521e-007  -1.934450e-007  -1.625506e-007  -1.339570e-007  -1.137061e-007  -1.103634e-007  -1.068700e-007  -1.140232e-007  -1.472138e-007  -8.323816e-008  -2.722634e-008  -0.000000e+000  
-2.085860e-008  -6.266043e-008  -1.047861e-007  -1.482578e-007  -1.861571e-007  -1.902737e-007  -1.588843e-007  -1.297490e-007  -1.063471e-007  -1.116993e-007  -1.168563e-007  -1.197393e-007  -1.455487e-007  -8.266728e-008  -2.709432e-008  -0.000000e+000  
-2.062902e-008  -6.180206e-008  -1.024345e-007  -1.398998e-007  -1.984040e-007  -1.806781e-007  -1.510122e-007  -1.220624e-007  -7.732161e-008  -1.135102e-007  -1.477284e-007  -1.309982e-007  -1.326552e-007  -7.987351e-008  -2.653418e-008  -0.000000e+000  
-2.039219e-008  -6.108859e-008  -1.015224e-007  -1.418417e-007  -1.876027e-007  -1.910916e-007  -1.392241e-007  -8.506928e-008  -9.150710e-008  -1.194987e-007  -1.502957e-007  -1.452328e-007  -1.251078e-007  -7.666028e-008  -2.570230e-008  -0.000000e+000  
-2.020933e-008  -6.053291e-008  -1.006488e-007  -1.408333e-007  -1.842987e-007  -1.889480e-007  -1.342481e-007  -7.814063e-008  -9.045644e-008  -1.193581e-007  -1.504064e-007  -1.470953e-007  -1.223885e-007  -7.476629e-008  -2.509405e-008  -0.000000e+000  
-2.010267e-008  -6.015035e-008  -9.971540e-008  -1.388271e-007  -1.834198e-007  -1.862314e-007  -1.339433e-007  -7.955978e-008  -8.597398e-008  -1.142057e-007  -1.454112e-007  -1.409696e-007  -1.214736e-007  -7.414597e-008  -2.480655e-008  -0.000000e+000  
-2.011757e-008  -6.014529e-008  -9.918306e-008  -1.342190e-007  -1.900584e-007  -1.707882e-007  -1.401832e-007  -1.107630e-007  -6.604811e-008  -1.029091e-007  -1.381865e-007  -1.229019e-007  -1.253711e-007  -7.473849e-008  -2.469874e-008  -0.000000e+000  
-2.023867e-008  -6.065499e-008  -1.008173e-007  -1.408573e-007  -1.740865e-007  -1.755362e-007  -1.426090e-007  -1.127563e-007  -8.949764e-008  -9.626538e-008  -1.035482e-007  -1.091650e-007  -1.348353e-007  -7.497382e-008  -2.435714e-008  -0.000000e+000  
-2.035853e-008  -6.116264e-008  -1.022214e-007  -1.435512e-007  -1.694990e-007  -1.736895e-007  -1.406418e-007  -1.110815e-007  -9.104899e-008  -9.022444e-008  -9.046703e-008  -1.025403e-007  -1.328674e-007  -7.293059e-008  -2.361401e-008  -0.000000e+000  
-2.045158e-008  -6.159195e-008  -1.035400e-007  -1.465146e-007  -1.672668e-007  -1.692260e-007  -1.341380e-007  -1.026201e-007  -8.465015e-008  -8.321632e-008  -8.246383e-008  -1.020331e-007  -1.222301e-007  -6.831524e-008  -2.236980e-008  -0.000000e+000  
-2.046845e-008  -6.175028e-008  -1.044402e-007  -1.516431e-007  -1.663622e-007  -1.630154e-007  -1.240930e-007  -8.439356e-008  -7.408648e-008  -7.634628e-008  -7.439450e-008  -1.126316e-007  -1.011641e-007  -6.242728e-008  -2.098758e-008  -0.000000e+000  
-2.040854e-008  -6.159596e-008  -1.043297e-007  -1.516019e-007  -1.554087e-007  -1.602682e-007  -1.148622e-007  -6.333285e-008  -6.062123e-008  -7.229251e-008  -8.050284e-008  -1.269838e-007  -8.223446e-008  -5.706141e-008  -1.970998e-008  -0.000000e+000  
-2.023331e-008  -6.096072e-008  -1.028441e-007  -1.488746e-007  -1.542214e-007  -1.594625e-007  -1.123964e-007  -5.954660e-008  -5.848033e-008  -7.088279e-008  -7.927758e-008  -1.237917e-007  -7.667017e-008  -5.399068e-008  -1.878526e-008  -0.000000e+000  
-2.000848e-008  -6.006427e-008  -1.003719e-007  -1.431195e-007  -1.635107e-007  -1.630143e-007  -1.167665e-007  -7.052056e-008  -6.891460e-008  -7.282161e-008  -7.228021e-008  -1.035687e-007  -8.443873e-008  -5.386011e-008  -1.844805e-008  -0.000000e+000  
-1.981320e-008  -5.926807e-008  -9.785466e-008  -1.319305e-007  -1.634042e-007  -1.763968e-007  -1.204079e-007  -6.593412e-008  -7.938733e-008  -7.687473e-008  -8.182314e-008  -8.957296e-008  -9.018298e-008  -5.444783e-008  -1.838012e-008  -0.000000e+000  
-1.966096e-008  -5.865733e-008  -9.619472e-008  -1.280234e-007  -1.670210e-007  -1.823979e-007  -1.228456e-007  -6.485653e-008  -7.845862e-008  -7.737574e-008  -8.327423e-008  -8.325950e-008  -9.298861e-008  -5.503251e-008  -1.839638e-008  -0.000000e+000  
-1.956672e-008  -5.829773e-008  -9.544362e-008  -1.288114e-007  -1.747934e-007  -1.851871e-007  -1.241766e-007  -6.472417e-008  -6.734098e-008  -7.505919e-008  -8.052449e-008  -8.096317e-008  -9.453024e-008  -5.542990e-008  -1.842919e-008  -0.000000e+000  
-1.952140e-008  -5.813171e-008  -9.514846e-008  -1.292932e-007  -1.778421e-007  -1.865938e-007  -1.247447e-007  -6.418501e-008  -6.326749e-008  -7.363389e-008  -7.928322e-008  -7.997865e-008  -9.514550e-008  -5.561888e-008  -1.844912e-008  -0.000000e+000  
-0.000000e+000  -0.000000e+000  -0.000000e+000  -0.000000e+000  -0.000000e+000  -0.000000e+000  -0.000000e+000  -0.000000e+000  -0.000000e+000  -0.000000e+000  -0.000000e+000  -0.000000e+000  -0.000000e+000  -0.000000e+000  -0.000000e+000  -0.000000e+000  

