Port monitor named: Port1_h1.prt

nx        = 16
ny        = 25
nz        = 51

nu        = 16
nv        = 25
iu        = 1
iv        = 1

idir      = 2
dcut      = -4.666667e-003
icut      = 1
type      = 1
frequency = 1.250000e+010

fcutoff   = 0.000000e+000
alpha     = 0.000000e+000
beta      = 2.619806e+002
accuracy  = 1.567834e-014

type          = TEM
wave imp.     = 3.767303e+002
wave imp.sig. = 8.611009e-006
line imp.     = 3.945110e+002

ref. port     = 0

-1.581686e+001  -1.581686e+001  -1.581686e+001  -1.581686e+001  -1.581686e+001  -1.581686e+001  -1.581686e+001  -1.581686e+001  -1.581686e+001  -1.581686e+001  -1.581686e+001  -1.581686e+001  -1.581686e+001  -1.581686e+001  -1.581686e+001  -1.581686e+001  
-1.581686e+001  -1.581686e+001  -1.581686e+001  -1.581686e+001  -1.581686e+001  -1.581686e+001  -1.581686e+001  -1.581686e+001  -1.581686e+001  -1.581686e+001  -1.581686e+001  -1.581686e+001  -1.581686e+001  -1.581686e+001  -1.581686e+001  -1.581686e+001  
-1.581686e+001  -1.581686e+001  -1.581686e+001  -1.581686e+001  -1.581686e+001  -1.581686e+001  -1.581686e+001  -1.581686e+001  -1.581686e+001  -1.581686e+001  -1.581686e+001  -1.581686e+001  -1.581686e+001  -1.581686e+001  -1.581686e+001  -1.581686e+001  
-1.581686e+001  -1.581686e+001  -1.581686e+001  -1.581686e+001  -1.581686e+001  -1.581686e+001  -1.581686e+001  -1.581686e+001  -1.581686e+001  -1.581686e+001  -1.581686e+001  -1.581686e+001  -1.581686e+001  -1.581686e+001  -1.581686e+001  -1.581686e+001  
-1.581686e+001  -1.581686e+001  -1.581686e+001  -1.581686e+001  -1.581686e+001  -1.581686e+001  -1.581686e+001  -1.581686e+001  -1.581686e+001  -1.581686e+001  -1.581686e+001  -1.581686e+001  -1.581686e+001  -1.581686e+001  -1.581686e+001  -1.581686e+001  
-1.581686e+001  -1.581686e+001  -1.581686e+001  -1.581686e+001  -1.581686e+001  -1.581686e+001  -1.581686e+001  -1.581686e+001  -1.581686e+001  -1.581686e+001  -1.581686e+001  -1.581686e+001  -1.581686e+001  -1.581686e+001  -1.581686e+001  -1.581686e+001  
-1.581686e+001  -1.581686e+001  -1.581686e+001  -1.581686e+001  -1.581686e+001  -1.581686e+001  -1.581686e+001  -1.581686e+001  -1.581686e+001  -1.581686e+001  -1.581686e+001  -1.581686e+001  -1.581686e+001  -1.581686e+001  -1.581686e+001  -1.581686e+001  
-1.581686e+001  -1.581686e+001  -1.581686e+001  -1.581686e+001  -1.581686e+001  -1.581686e+001  -1.581686e+001  -1.581686e+001  -1.581686e+001  -1.581686e+001  -1.581686e+001  -1.581686e+001  -1.581686e+001  -1.581686e+001  -1.581686e+001  -1.581686e+001  
-1.581686e+001  -1.581686e+001  -1.581686e+001  -1.581686e+001  -1.581686e+001  -1.581686e+001  -1.581686e+001  -1.581686e+001  -1.581686e+001  -1.581686e+001  -1.581686e+001  -1.581686e+001  -1.581686e+001  -1.581686e+001  -1.581686e+001  -1.581686e+001  
-1.581686e+001  -1.581686e+001  -1.581686e+001  -1.581686e+001  -1.581686e+001  -1.581686e+001  -1.581686e+001  -1.581686e+001  -1.581686e+001  -1.581686e+001  -1.581686e+001  -1.581686e+001  -1.581686e+001  -1.581686e+001  -1.581686e+001  -1.581686e+001  
-1.581686e+001  -1.581686e+001  -1.581686e+001  -1.581686e+001  -1.581686e+001  -1.581686e+001  -1.581686e+001  -1.581686e+001  -1.581686e+001  -1.581686e+001  -1.581686e+001  -1.581686e+001  -1.581686e+001  -1.581686e+001  -1.581686e+001  -1.581686e+001  
-1.581686e+001  -1.581686e+001  -1.581686e+001  -1.581686e+001  -1.581686e+001  -1.581686e+001  -1.581686e+001  -1.581686e+001  -1.581686e+001  -1.581686e+001  -1.581686e+001  -1.581686e+001  -1.581686e+001  -1.581686e+001  -1.581686e+001  -1.581686e+001  
-1.581686e+001  -1.581686e+001  -1.581686e+001  -1.581686e+001  -1.581686e+001  -1.581686e+001  -1.581686e+001  -1.581686e+001  -1.581686e+001  -1.581686e+001  -1.581686e+001  -1.581686e+001  -1.581686e+001  -1.581686e+001  -1.581686e+001  -1.581686e+001  
-1.581686e+001  -1.581686e+001  -1.581686e+001  -1.581686e+001  -1.581686e+001  -1.581686e+001  -1.581686e+001  -1.581686e+001  -1.581686e+001  -1.581686e+001  -1.581686e+001  -1.581686e+001  -1.581686e+001  -1.581686e+001  -1.581686e+001  -1.581686e+001  
-1.581686e+001  -1.581686e+001  -1.581686e+001  -1.581686e+001  -1.581686e+001  -1.581686e+001  -1.581686e+001  -1.581686e+001  -1.581686e+001  -1.581686e+001  -1.581686e+001  -1.581686e+001  -1.581686e+001  -1.581686e+001  -1.581686e+001  -1.581686e+001  
-1.581686e+001  -1.581686e+001  -1.581686e+001  -1.581686e+001  -1.581686e+001  -1.581686e+001  -1.581686e+001  -1.581686e+001  -1.581686e+001  -1.581686e+001  -1.581686e+001  -1.581686e+001  -1.581686e+001  -1.581686e+001  -1.581686e+001  -1.581686e+001  
-1.581686e+001  -1.581686e+001  -1.581686e+001  -1.581686e+001  -1.581686e+001  -1.581686e+001  -1.581686e+001  -1.581686e+001  -1.581686e+001  -1.581686e+001  -1.581686e+001  -1.581686e+001  -1.581686e+001  -1.581686e+001  -1.581686e+001  -1.581686e+001  
-1.581686e+001  -1.581686e+001  -1.581686e+001  -1.581686e+001  -1.581686e+001  -1.581686e+001  -1.581686e+001  -1.581686e+001  -1.581686e+001  -1.581686e+001  -1.581686e+001  -1.581686e+001  -1.581686e+001  -1.581686e+001  -1.581686e+001  -1.581686e+001  
-1.581686e+001  -1.581686e+001  -1.581686e+001  -1.581686e+001  -1.581686e+001  -1.581686e+001  -1.581686e+001  -1.581686e+001  -1.581686e+001  -1.581686e+001  -1.581686e+001  -1.581686e+001  -1.581686e+001  -1.581686e+001  -1.581686e+001  -1.581686e+001  
-1.581686e+001  -1.581686e+001  -1.581686e+001  -1.581686e+001  -1.581686e+001  -1.581686e+001  -1.581686e+001  -1.581686e+001  -1.581686e+001  -1.581686e+001  -1.581686e+001  -1.581686e+001  -1.581686e+001  -1.581686e+001  -1.581686e+001  -1.581686e+001  
-1.581686e+001  -1.581686e+001  -1.581686e+001  -1.581686e+001  -1.581686e+001  -1.581686e+001  -1.581686e+001  -1.581686e+001  -1.581686e+001  -1.581686e+001  -1.581686e+001  -1.581686e+001  -1.581686e+001  -1.581686e+001  -1.581686e+001  -1.581686e+001  
-1.581686e+001  -1.581686e+001  -1.581686e+001  -1.581686e+001  -1.581686e+001  -1.581686e+001  -1.581686e+001  -1.581686e+001  -1.581686e+001  -1.581686e+001  -1.581686e+001  -1.581686e+001  -1.581686e+001  -1.581686e+001  -1.581686e+001  -1.581686e+001  
-1.581686e+001  -1.581686e+001  -1.581686e+001  -1.581686e+001  -1.581686e+001  -1.581686e+001  -1.581686e+001  -1.581686e+001  -1.581686e+001  -1.581686e+001  -1.581686e+001  -1.581686e+001  -1.581686e+001  -1.581686e+001  -1.581686e+001  -1.581686e+001  
-1.581686e+001  -1.581686e+001  -1.581686e+001  -1.581686e+001  -1.581686e+001  -1.581686e+001  -1.581686e+001  -1.581686e+001  -1.581686e+001  -1.581686e+001  -1.581686e+001  -1.581686e+001  -1.581686e+001  -1.581686e+001  -1.581686e+001  -1.581686e+001  
0.000000e+000  0.000000e+000  0.000000e+000  0.000000e+000  0.000000e+000  0.000000e+000  0.000000e+000  0.000000e+000  0.000000e+000  0.000000e+000  0.000000e+000  0.000000e+000  0.000000e+000  0.000000e+000  0.000000e+000  0.000000e+000  

0.000000e+000  0.000000e+000  0.000000e+000  0.000000e+000  0.000000e+000  0.000000e+000  0.000000e+000  0.000000e+000  0.000000e+000  0.000000e+000  0.000000e+000  0.000000e+000  0.000000e+000  0.000000e+000  0.000000e+000  0.000000e+000  
8.957623e-010  2.539810e-009  -2.350425e-009  -6.898914e-008  3.061636e-008  -1.048996e-007  -3.329570e-008  2.991522e-008  1.274146e-007  -5.352321e-009  -8.561053e-008  4.197061e-008  -2.330086e-008  1.405509e-008  5.418099e-009  0.000000e+000  
1.856750e-009  5.767799e-009  1.684439e-009  -1.572208e-007  1.172435e-007  -2.906916e-007  -6.273252e-008  4.859683e-008  3.271524e-007  -2.664723e-008  -2.243165e-007  1.077802e-007  -5.513321e-008  3.173479e-008  1.101318e-008  0.000000e+000  
2.951175e-009  1.068101e-008  2.743526e-008  7.509017e-008  -2.756863e-009  -1.439482e-007  -3.208000e-008  5.770680e-008  -4.402270e-008  -1.143639e-007  -1.818056e-007  4.930626e-008  1.029218e-007  6.435898e-008  1.786226e-008  0.000000e+000  
3.746368e-009  1.434820e-008  4.861527e-008  3.283573e-007  -8.831941e-008  -1.414454e-007  1.246805e-008  1.799459e-007  -4.327321e-007  -2.034296e-007  -2.438769e-007  2.823790e-008  2.721069e-007  9.790082e-008  2.344753e-008  0.000000e+000  
4.138318e-009  1.415119e-008  2.769622e-008  -2.427833e-008  -1.292065e-007  9.560409e-008  5.339226e-008  1.167693e-007  -1.778858e-007  -1.597156e-007  -1.858836e-007  1.465162e-008  5.378689e-007  1.223894e-007  2.597974e-008  0.000000e+000  
4.092158e-009  1.296727e-008  1.988521e-008  -2.031172e-009  -2.626982e-008  -5.123729e-009  -1.907314e-008  -3.284578e-008  -1.038624e-007  -6.859551e-008  -1.248944e-008  7.613736e-008  2.430517e-007  8.348560e-008  1.946830e-008  0.000000e+000  
3.847001e-009  1.236583e-008  2.107849e-008  2.247097e-008  4.525984e-008  -6.411382e-008  -9.182039e-008  -1.160027e-007  -1.327363e-007  3.441217e-009  1.514793e-007  1.233688e-007  3.035873e-008  2.143516e-008  6.888509e-009  0.000000e+000  
3.347238e-009  1.169617e-008  2.455854e-008  3.883694e-008  2.204758e-007  -2.086617e-007  -1.690779e-007  -2.109267e-007  -3.027488e-007  6.469836e-008  4.700315e-007  1.872714e-007  -2.044086e-007  -3.921941e-008  -5.905956e-009  0.000000e+000  
1.825951e-009  8.424756e-009  2.862670e-008  1.015773e-007  -2.085123e-007  2.481287e-007  -1.005479e-007  -4.362774e-007  4.671812e-008  9.226022e-008  2.017450e-007  -5.812734e-008  -2.417581e-007  -7.051699e-008  -1.506047e-008  0.000000e+000  
-2.088589e-009  -5.405738e-009  -5.828125e-009  -5.121846e-009  -5.365750e-008  -2.287124e-008  -6.180778e-008  -9.431216e-008  -4.307668e-008  -1.527649e-008  -1.104633e-009  -4.323230e-008  -8.371567e-008  -3.975105e-008  -1.092206e-008  0.000000e+000  
-6.685217e-009  -2.151812e-008  -4.119983e-008  -6.464404e-008  -3.511475e-008  -7.671815e-008  -4.455194e-008  -1.582040e-008  -6.753319e-008  -9.108437e-008  -9.718363e-008  -4.116198e-008  2.020933e-008  3.900745e-010  -2.452082e-009  0.000000e+000  
-1.010080e-008  -3.383336e-008  -7.359173e-008  -1.710880e-007  1.147124e-007  -3.557517e-007  -1.581997e-008  3.150207e-007  -1.683942e-007  -2.075929e-007  -3.056741e-007  -2.779130e-008  1.772076e-007  3.002019e-008  1.210946e-009  0.000000e+000  
-1.073710e-008  -3.421078e-008  -6.448363e-008  -1.050996e-007  -3.237095e-007  8.583828e-008  3.365559e-008  6.771968e-008  1.584582e-007  -1.970995e-007  -5.829603e-007  -2.726199e-007  1.383736e-007  -3.540751e-009  -8.872279e-009  0.000000e+000  
-1.047487e-008  -3.196859e-008  -5.411221e-008  -7.954198e-008  -1.611805e-007  -7.608286e-008  -6.475656e-008  -5.367444e-008  -4.196897e-008  -1.565440e-007  -2.722211e-007  -2.017532e-007  -9.814078e-008  -6.723611e-008  -2.277368e-008  0.000000e+000  
-1.007192e-008  -2.949769e-008  -4.269107e-008  -3.124301e-008  -1.159412e-007  -1.580290e-007  -1.630499e-007  -1.743166e-007  -1.261408e-007  -1.149492e-007  -1.155227e-007  -1.333573e-007  -3.151693e-007  -1.341947e-007  -3.694342e-008  0.000000e+000  
-9.877961e-009  -2.897090e-008  -3.893339e-008  5.242939e-008  -8.433804e-008  -2.803483e-007  -2.529461e-007  -3.672014e-007  -1.724531e-007  -6.258094e-008  5.286640e-008  -1.709845e-008  -6.233468e-007  -1.809177e-007  -4.546545e-008  0.000000e+000  
-9.848374e-009  -3.059994e-008  -5.860881e-008  -1.769216e-007  -2.991553e-007  -2.368140e-008  -1.919720e-007  -4.273236e-007  -1.698280e-007  -2.439139e-008  1.012482e-007  6.995552e-008  -3.885323e-007  -1.647736e-007  -4.453934e-008  0.000000e+000  
-9.542015e-009  -3.062627e-008  -5.816473e-008  -8.890876e-008  -3.521933e-008  -3.720783e-008  -4.059906e-008  -2.686270e-008  3.453921e-008  3.849790e-008  1.467901e-008  -7.896814e-008  -2.219375e-007  -1.229803e-007  -3.677732e-008  0.000000e+000  
-8.626559e-009  -2.869775e-008  -5.679371e-008  -2.958495e-008  2.600046e-007  -4.852413e-008  8.918952e-008  3.203387e-007  2.944899e-007  1.258588e-007  -3.080296e-008  -2.231670e-007  -1.144808e-007  -7.821194e-008  -2.605973e-008  0.000000e+000  
-7.260637e-009  -2.533644e-008  -6.794892e-008  -3.473275e-007  1.584965e-007  2.121956e-007  1.081071e-007  1.669226e-008  5.218369e-007  1.891662e-007  1.400759e-007  -1.219999e-007  -3.777174e-008  -4.452358e-008  -1.730521e-008  0.000000e+000  
-5.503525e-009  -1.856818e-008  -3.971328e-008  -8.111816e-008  4.670409e-008  2.021581e-007  1.159503e-007  4.820123e-008  1.029585e-007  1.106405e-007  1.296405e-007  -9.325940e-008  3.490293e-008  -1.973121e-008  -1.068690e-008  0.000000e+000  
-3.421237e-009  -1.054024e-008  -8.520747e-009  1.561299e-007  -9.162175e-008  3.278937e-007  1.123650e-007  6.842248e-009  -2.933315e-007  2.698745e-008  2.003340e-007  -1.266558e-007  1.297301e-007  -2.256864e-009  -5.504330e-009  0.000000e+000  
-1.719789e-009  -4.912907e-009  -8.664993e-010  6.905899e-008  -1.809217e-008  1.235486e-007  5.720152e-008  -4.336835e-009  -1.112757e-007  6.211191e-009  7.548297e-008  -4.942930e-008  5.794884e-008  1.036757e-009  -2.407871e-009  0.000000e+000  
0.000000e+000  0.000000e+000  0.000000e+000  0.000000e+000  0.000000e+000  0.000000e+000  0.000000e+000  0.000000e+000  0.000000e+000  0.000000e+000  0.000000e+000  0.000000e+000  0.000000e+000  0.000000e+000  0.000000e+000  0.000000e+000  

0.000000e+000  0.000000e+000  0.000000e+000  0.000000e+000  0.000000e+000  0.000000e+000  0.000000e+000  0.000000e+000  0.000000e+000  0.000000e+000  0.000000e+000  0.000000e+000  0.000000e+000  0.000000e+000  0.000000e+000  0.000000e+000  
0.000000e+000  0.000000e+000  0.000000e+000  0.000000e+000  0.000000e+000  0.000000e+000  0.000000e+000  0.000000e+000  0.000000e+000  0.000000e+000  0.000000e+000  0.000000e+000  0.000000e+000  0.000000e+000  0.000000e+000  0.000000e+000  
0.000000e+000  0.000000e+000  0.000000e+000  0.000000e+000  0.000000e+000  0.000000e+000  0.000000e+000  0.000000e+000  0.000000e+000  0.000000e+000  0.000000e+000  0.000000e+000  0.000000e+000  0.000000e+000  0.000000e+000  0.000000e+000  
0.000000e+000  0.000000e+000  0.000000e+000  0.000000e+000  0.000000e+000  0.000000e+000  0.000000e+000  0.000000e+000  0.000000e+000  0.000000e+000  0.000000e+000  0.000000e+000  0.000000e+000  0.000000e+000  0.000000e+000  0.000000e+000  
0.000000e+000  0.000000e+000  0.000000e+000  0.000000e+000  0.000000e+000  0.000000e+000  0.000000e+000  0.000000e+000  0.000000e+000  0.000000e+000  0.000000e+000  0.000000e+000  0.000000e+000  0.000000e+000  0.000000e+000  0.000000e+000  
0.000000e+000  0.000000e+000  0.000000e+000  0.000000e+000  0.000000e+000  0.000000e+000  0.000000e+000  0.000000e+000  0.000000e+000  0.000000e+000  0.000000e+000  0.000000e+000  0.000000e+000  0.000000e+000  0.000000e+000  0.000000e+000  
0.000000e+000  0.000000e+000  0.000000e+000  0.000000e+000  0.000000e+000  0.000000e+000  0.000000e+000  0.000000e+000  0.000000e+000  0.000000e+000  0.000000e+000  0.000000e+000  0.000000e+000  0.000000e+000  0.000000e+000  0.000000e+000  
0.000000e+000  0.000000e+000  0.000000e+000  0.000000e+000  0.000000e+000  0.000000e+000  0.000000e+000  0.000000e+000  0.000000e+000  0.000000e+000  0.000000e+000  0.000000e+000  0.000000e+000  0.000000e+000  0.000000e+000  0.000000e+000  
0.000000e+000  0.000000e+000  0.000000e+000  0.000000e+000  0.000000e+000  0.000000e+000  0.000000e+000  0.000000e+000  0.000000e+000  0.000000e+000  0.000000e+000  0.000000e+000  0.000000e+000  0.000000e+000  0.000000e+000  0.000000e+000  
0.000000e+000  0.000000e+000  0.000000e+000  0.000000e+000  0.000000e+000  0.000000e+000  0.000000e+000  0.000000e+000  0.000000e+000  0.000000e+000  0.000000e+000  0.000000e+000  0.000000e+000  0.000000e+000  0.000000e+000  0.000000e+000  
0.000000e+000  0.000000e+000  0.000000e+000  0.000000e+000  0.000000e+000  0.000000e+000  0.000000e+000  0.000000e+000  0.000000e+000  0.000000e+000  0.000000e+000  0.000000e+000  0.000000e+000  0.000000e+000  0.000000e+000  0.000000e+000  
0.000000e+000  0.000000e+000  0.000000e+000  0.000000e+000  0.000000e+000  0.000000e+000  0.000000e+000  0.000000e+000  0.000000e+000  0.000000e+000  0.000000e+000  0.000000e+000  0.000000e+000  0.000000e+000  0.000000e+000  0.000000e+000  
0.000000e+000  0.000000e+000  0.000000e+000  0.000000e+000  0.000000e+000  0.000000e+000  0.000000e+000  0.000000e+000  0.000000e+000  0.000000e+000  0.000000e+000  0.000000e+000  0.000000e+000  0.000000e+000  0.000000e+000  0.000000e+000  
0.000000e+000  0.000000e+000  0.000000e+000  0.000000e+000  0.000000e+000  0.000000e+000  0.000000e+000  0.000000e+000  0.000000e+000  0.000000e+000  0.000000e+000  0.000000e+000  0.000000e+000  0.000000e+000  0.000000e+000  0.000000e+000  
0.000000e+000  0.000000e+000  0.000000e+000  0.000000e+000  0.000000e+000  0.000000e+000  0.000000e+000  0.000000e+000  0.000000e+000  0.000000e+000  0.000000e+000  0.000000e+000  0.000000e+000  0.000000e+000  0.000000e+000  0.000000e+000  
0.000000e+000  0.000000e+000  0.000000e+000  0.000000e+000  0.000000e+000  0.000000e+000  0.000000e+000  0.000000e+000  0.000000e+000  0.000000e+000  0.000000e+000  0.000000e+000  0.000000e+000  0.000000e+000  0.000000e+000  0.000000e+000  
0.000000e+000  0.000000e+000  0.000000e+000  0.000000e+000  0.000000e+000  0.000000e+000  0.000000e+000  0.000000e+000  0.000000e+000  0.000000e+000  0.000000e+000  0.000000e+000  0.000000e+000  0.000000e+000  0.000000e+000  0.000000e+000  
0.000000e+000  0.000000e+000  0.000000e+000  0.000000e+000  0.000000e+000  0.000000e+000  0.000000e+000  0.000000e+000  0.000000e+000  0.000000e+000  0.000000e+000  0.000000e+000  0.000000e+000  0.000000e+000  0.000000e+000  0.000000e+000  
0.000000e+000  0.000000e+000  0.000000e+000  0.000000e+000  0.000000e+000  0.000000e+000  0.000000e+000  0.000000e+000  0.000000e+000  0.000000e+000  0.000000e+000  0.000000e+000  0.000000e+000  0.000000e+000  0.000000e+000  0.000000e+000  
0.000000e+000  0.000000e+000  0.000000e+000  0.000000e+000  0.000000e+000  0.000000e+000  0.000000e+000  0.000000e+000  0.000000e+000  0.000000e+000  0.000000e+000  0.000000e+000  0.000000e+000  0.000000e+000  0.000000e+000  0.000000e+000  
0.000000e+000  0.000000e+000  0.000000e+000  0.000000e+000  0.000000e+000  0.000000e+000  0.000000e+000  0.000000e+000  0.000000e+000  0.000000e+000  0.000000e+000  0.000000e+000  0.000000e+000  0.000000e+000  0.000000e+000  0.000000e+000  
0.000000e+000  0.000000e+000  0.000000e+000  0.000000e+000  0.000000e+000  0.000000e+000  0.000000e+000  0.000000e+000  0.000000e+000  0.000000e+000  0.000000e+000  0.000000e+000  0.000000e+000  0.000000e+000  0.000000e+000  0.000000e+000  
0.000000e+000  0.000000e+000  0.000000e+000  0.000000e+000  0.000000e+000  0.000000e+000  0.000000e+000  0.000000e+000  0.000000e+000  0.000000e+000  0.000000e+000  0.000000e+000  0.000000e+000  0.000000e+000  0.000000e+000  0.000000e+000  
0.000000e+000  0.000000e+000  0.000000e+000  0.000000e+000  0.000000e+000  0.000000e+000  0.000000e+000  0.000000e+000  0.000000e+000  0.000000e+000  0.000000e+000  0.000000e+000  0.000000e+000  0.000000e+000  0.000000e+000  0.000000e+000  
0.000000e+000  0.000000e+000  0.000000e+000  0.000000e+000  0.000000e+000  0.000000e+000  0.000000e+000  0.000000e+000  0.000000e+000  0.000000e+000  0.000000e+000  0.000000e+000  0.000000e+000  0.000000e+000  0.000000e+000  0.000000e+000  

0.000000e+000  0.000000e+000  0.000000e+000  0.000000e+000  0.000000e+000  0.000000e+000  0.000000e+000  0.000000e+000  0.000000e+000  0.000000e+000  0.000000e+000  0.000000e+000  0.000000e+000  0.000000e+000  0.000000e+000  0.000000e+000  
0.000000e+000  0.000000e+000  0.000000e+000  0.000000e+000  0.000000e+000  0.000000e+000  0.000000e+000  0.000000e+000  0.000000e+000  0.000000e+000  0.000000e+000  0.000000e+000  0.000000e+000  0.000000e+000  0.000000e+000  0.000000e+000  
0.000000e+000  0.000000e+000  0.000000e+000  0.000000e+000  0.000000e+000  0.000000e+000  0.000000e+000  0.000000e+000  0.000000e+000  0.000000e+000  0.000000e+000  0.000000e+000  0.000000e+000  0.000000e+000  0.000000e+000  0.000000e+000  
0.000000e+000  0.000000e+000  0.000000e+000  0.000000e+000  0.000000e+000  0.000000e+000  0.000000e+000  0.000000e+000  0.000000e+000  0.000000e+000  0.000000e+000  0.000000e+000  0.000000e+000  0.000000e+000  0.000000e+000  0.000000e+000  
0.000000e+000  0.000000e+000  0.000000e+000  0.000000e+000  0.000000e+000  0.000000e+000  0.000000e+000  0.000000e+000  0.000000e+000  0.000000e+000  0.000000e+000  0.000000e+000  0.000000e+000  0.000000e+000  0.000000e+000  0.000000e+000  
0.000000e+000  0.000000e+000  0.000000e+000  0.000000e+000  0.000000e+000  0.000000e+000  0.000000e+000  0.000000e+000  0.000000e+000  0.000000e+000  0.000000e+000  0.000000e+000  0.000000e+000  0.000000e+000  0.000000e+000  0.000000e+000  
0.000000e+000  0.000000e+000  0.000000e+000  0.000000e+000  0.000000e+000  0.000000e+000  0.000000e+000  0.000000e+000  0.000000e+000  0.000000e+000  0.000000e+000  0.000000e+000  0.000000e+000  0.000000e+000  0.000000e+000  0.000000e+000  
0.000000e+000  0.000000e+000  0.000000e+000  0.000000e+000  0.000000e+000  0.000000e+000  0.000000e+000  0.000000e+000  0.000000e+000  0.000000e+000  0.000000e+000  0.000000e+000  0.000000e+000  0.000000e+000  0.000000e+000  0.000000e+000  
0.000000e+000  0.000000e+000  0.000000e+000  0.000000e+000  0.000000e+000  0.000000e+000  0.000000e+000  0.000000e+000  0.000000e+000  0.000000e+000  0.000000e+000  0.000000e+000  0.000000e+000  0.000000e+000  0.000000e+000  0.000000e+000  
0.000000e+000  0.000000e+000  0.000000e+000  0.000000e+000  0.000000e+000  0.000000e+000  0.000000e+000  0.000000e+000  0.000000e+000  0.000000e+000  0.000000e+000  0.000000e+000  0.000000e+000  0.000000e+000  0.000000e+000  0.000000e+000  
0.000000e+000  0.000000e+000  0.000000e+000  0.000000e+000  0.000000e+000  0.000000e+000  0.000000e+000  0.000000e+000  0.000000e+000  0.000000e+000  0.000000e+000  0.000000e+000  0.000000e+000  0.000000e+000  0.000000e+000  0.000000e+000  
0.000000e+000  0.000000e+000  0.000000e+000  0.000000e+000  0.000000e+000  0.000000e+000  0.000000e+000  0.000000e+000  0.000000e+000  0.000000e+000  0.000000e+000  0.000000e+000  0.000000e+000  0.000000e+000  0.000000e+000  0.000000e+000  
0.000000e+000  0.000000e+000  0.000000e+000  0.000000e+000  0.000000e+000  0.000000e+000  0.000000e+000  0.000000e+000  0.000000e+000  0.000000e+000  0.000000e+000  0.000000e+000  0.000000e+000  0.000000e+000  0.000000e+000  0.000000e+000  
0.000000e+000  0.000000e+000  0.000000e+000  0.000000e+000  0.000000e+000  0.000000e+000  0.000000e+000  0.000000e+000  0.000000e+000  0.000000e+000  0.000000e+000  0.000000e+000  0.000000e+000  0.000000e+000  0.000000e+000  0.000000e+000  
0.000000e+000  0.000000e+000  0.000000e+000  0.000000e+000  0.000000e+000  0.000000e+000  0.000000e+000  0.000000e+000  0.000000e+000  0.000000e+000  0.000000e+000  0.000000e+000  0.000000e+000  0.000000e+000  0.000000e+000  0.000000e+000  
0.000000e+000  0.000000e+000  0.000000e+000  0.000000e+000  0.000000e+000  0.000000e+000  0.000000e+000  0.000000e+000  0.000000e+000  0.000000e+000  0.000000e+000  0.000000e+000  0.000000e+000  0.000000e+000  0.000000e+000  0.000000e+000  
0.000000e+000  0.000000e+000  0.000000e+000  0.000000e+000  0.000000e+000  0.000000e+000  0.000000e+000  0.000000e+000  0.000000e+000  0.000000e+000  0.000000e+000  0.000000e+000  0.000000e+000  0.000000e+000  0.000000e+000  0.000000e+000  
0.000000e+000  0.000000e+000  0.000000e+000  0.000000e+000  0.000000e+000  0.000000e+000  0.000000e+000  0.000000e+000  0.000000e+000  0.000000e+000  0.000000e+000  0.000000e+000  0.000000e+000  0.000000e+000  0.000000e+000  0.000000e+000  
0.000000e+000  0.000000e+000  0.000000e+000  0.000000e+000  0.000000e+000  0.000000e+000  0.000000e+000  0.000000e+000  0.000000e+000  0.000000e+000  0.000000e+000  0.000000e+000  0.000000e+000  0.000000e+000  0.000000e+000  0.000000e+000  
0.000000e+000  0.000000e+000  0.000000e+000  0.000000e+000  0.000000e+000  0.000000e+000  0.000000e+000  0.000000e+000  0.000000e+000  0.000000e+000  0.000000e+000  0.000000e+000  0.000000e+000  0.000000e+000  0.000000e+000  0.000000e+000  
0.000000e+000  0.000000e+000  0.000000e+000  0.000000e+000  0.000000e+000  0.000000e+000  0.000000e+000  0.000000e+000  0.000000e+000  0.000000e+000  0.000000e+000  0.000000e+000  0.000000e+000  0.000000e+000  0.000000e+000  0.000000e+000  
0.000000e+000  0.000000e+000  0.000000e+000  0.000000e+000  0.000000e+000  0.000000e+000  0.000000e+000  0.000000e+000  0.000000e+000  0.000000e+000  0.000000e+000  0.000000e+000  0.000000e+000  0.000000e+000  0.000000e+000  0.000000e+000  
0.000000e+000  0.000000e+000  0.000000e+000  0.000000e+000  0.000000e+000  0.000000e+000  0.000000e+000  0.000000e+000  0.000000e+000  0.000000e+000  0.000000e+000  0.000000e+000  0.000000e+000  0.000000e+000  0.000000e+000  0.000000e+000  
0.000000e+000  0.000000e+000  0.000000e+000  0.000000e+000  0.000000e+000  0.000000e+000  0.000000e+000  0.000000e+000  0.000000e+000  0.000000e+000  0.000000e+000  0.000000e+000  0.000000e+000  0.000000e+000  0.000000e+000  0.000000e+000  
0.000000e+000  0.000000e+000  0.000000e+000  0.000000e+000  0.000000e+000  0.000000e+000  0.000000e+000  0.000000e+000  0.000000e+000  0.000000e+000  0.000000e+000  0.000000e+000  0.000000e+000  0.000000e+000  0.000000e+000  0.000000e+000  

0.000000e+000  0.000000e+000  0.000000e+000  0.000000e+000  0.000000e+000  0.000000e+000  0.000000e+000  0.000000e+000  0.000000e+000  0.000000e+000  0.000000e+000  0.000000e+000  0.000000e+000  0.000000e+000  0.000000e+000  0.000000e+000  
0.000000e+000  0.000000e+000  0.000000e+000  0.000000e+000  0.000000e+000  0.000000e+000  0.000000e+000  0.000000e+000  0.000000e+000  0.000000e+000  0.000000e+000  0.000000e+000  0.000000e+000  0.000000e+000  0.000000e+000  0.000000e+000  
0.000000e+000  0.000000e+000  0.000000e+000  0.000000e+000  0.000000e+000  0.000000e+000  0.000000e+000  0.000000e+000  0.000000e+000  0.000000e+000  0.000000e+000  0.000000e+000  0.000000e+000  0.000000e+000  0.000000e+000  0.000000e+000  
0.000000e+000  0.000000e+000  0.000000e+000  0.000000e+000  0.000000e+000  0.000000e+000  0.000000e+000  0.000000e+000  0.000000e+000  0.000000e+000  0.000000e+000  0.000000e+000  0.000000e+000  0.000000e+000  0.000000e+000  0.000000e+000  
0.000000e+000  0.000000e+000  0.000000e+000  0.000000e+000  0.000000e+000  0.000000e+000  0.000000e+000  0.000000e+000  0.000000e+000  0.000000e+000  0.000000e+000  0.000000e+000  0.000000e+000  0.000000e+000  0.000000e+000  0.000000e+000  
0.000000e+000  0.000000e+000  0.000000e+000  0.000000e+000  0.000000e+000  0.000000e+000  0.000000e+000  0.000000e+000  0.000000e+000  0.000000e+000  0.000000e+000  0.000000e+000  0.000000e+000  0.000000e+000  0.000000e+000  0.000000e+000  
0.000000e+000  0.000000e+000  0.000000e+000  0.000000e+000  0.000000e+000  0.000000e+000  0.000000e+000  0.000000e+000  0.000000e+000  0.000000e+000  0.000000e+000  0.000000e+000  0.000000e+000  0.000000e+000  0.000000e+000  0.000000e+000  
0.000000e+000  0.000000e+000  0.000000e+000  0.000000e+000  0.000000e+000  0.000000e+000  0.000000e+000  0.000000e+000  0.000000e+000  0.000000e+000  0.000000e+000  0.000000e+000  0.000000e+000  0.000000e+000  0.000000e+000  0.000000e+000  
0.000000e+000  0.000000e+000  0.000000e+000  0.000000e+000  0.000000e+000  0.000000e+000  0.000000e+000  0.000000e+000  0.000000e+000  0.000000e+000  0.000000e+000  0.000000e+000  0.000000e+000  0.000000e+000  0.000000e+000  0.000000e+000  
0.000000e+000  0.000000e+000  0.000000e+000  0.000000e+000  0.000000e+000  0.000000e+000  0.000000e+000  0.000000e+000  0.000000e+000  0.000000e+000  0.000000e+000  0.000000e+000  0.000000e+000  0.000000e+000  0.000000e+000  0.000000e+000  
0.000000e+000  0.000000e+000  0.000000e+000  0.000000e+000  0.000000e+000  0.000000e+000  0.000000e+000  0.000000e+000  0.000000e+000  0.000000e+000  0.000000e+000  0.000000e+000  0.000000e+000  0.000000e+000  0.000000e+000  0.000000e+000  
0.000000e+000  0.000000e+000  0.000000e+000  0.000000e+000  0.000000e+000  0.000000e+000  0.000000e+000  0.000000e+000  0.000000e+000  0.000000e+000  0.000000e+000  0.000000e+000  0.000000e+000  0.000000e+000  0.000000e+000  0.000000e+000  
0.000000e+000  0.000000e+000  0.000000e+000  0.000000e+000  0.000000e+000  0.000000e+000  0.000000e+000  0.000000e+000  0.000000e+000  0.000000e+000  0.000000e+000  0.000000e+000  0.000000e+000  0.000000e+000  0.000000e+000  0.000000e+000  
0.000000e+000  0.000000e+000  0.000000e+000  0.000000e+000  0.000000e+000  0.000000e+000  0.000000e+000  0.000000e+000  0.000000e+000  0.000000e+000  0.000000e+000  0.000000e+000  0.000000e+000  0.000000e+000  0.000000e+000  0.000000e+000  
0.000000e+000  0.000000e+000  0.000000e+000  0.000000e+000  0.000000e+000  0.000000e+000  0.000000e+000  0.000000e+000  0.000000e+000  0.000000e+000  0.000000e+000  0.000000e+000  0.000000e+000  0.000000e+000  0.000000e+000  0.000000e+000  
0.000000e+000  0.000000e+000  0.000000e+000  0.000000e+000  0.000000e+000  0.000000e+000  0.000000e+000  0.000000e+000  0.000000e+000  0.000000e+000  0.000000e+000  0.000000e+000  0.000000e+000  0.000000e+000  0.000000e+000  0.000000e+000  
0.000000e+000  0.000000e+000  0.000000e+000  0.000000e+000  0.000000e+000  0.000000e+000  0.000000e+000  0.000000e+000  0.000000e+000  0.000000e+000  0.000000e+000  0.000000e+000  0.000000e+000  0.000000e+000  0.000000e+000  0.000000e+000  
0.000000e+000  0.000000e+000  0.000000e+000  0.000000e+000  0.000000e+000  0.000000e+000  0.000000e+000  0.000000e+000  0.000000e+000  0.000000e+000  0.000000e+000  0.000000e+000  0.000000e+000  0.000000e+000  0.000000e+000  0.000000e+000  
0.000000e+000  0.000000e+000  0.000000e+000  0.000000e+000  0.000000e+000  0.000000e+000  0.000000e+000  0.000000e+000  0.000000e+000  0.000000e+000  0.000000e+000  0.000000e+000  0.000000e+000  0.000000e+000  0.000000e+000  0.000000e+000  
0.000000e+000  0.000000e+000  0.000000e+000  0.000000e+000  0.000000e+000  0.000000e+000  0.000000e+000  0.000000e+000  0.000000e+000  0.000000e+000  0.000000e+000  0.000000e+000  0.000000e+000  0.000000e+000  0.000000e+000  0.000000e+000  
0.000000e+000  0.000000e+000  0.000000e+000  0.000000e+000  0.000000e+000  0.000000e+000  0.000000e+000  0.000000e+000  0.000000e+000  0.000000e+000  0.000000e+000  0.000000e+000  0.000000e+000  0.000000e+000  0.000000e+000  0.000000e+000  
0.000000e+000  0.000000e+000  0.000000e+000  0.000000e+000  0.000000e+000  0.000000e+000  0.000000e+000  0.000000e+000  0.000000e+000  0.000000e+000  0.000000e+000  0.000000e+000  0.000000e+000  0.000000e+000  0.000000e+000  0.000000e+000  
0.000000e+000  0.000000e+000  0.000000e+000  0.000000e+000  0.000000e+000  0.000000e+000  0.000000e+000  0.000000e+000  0.000000e+000  0.000000e+000  0.000000e+000  0.000000e+000  0.000000e+000  0.000000e+000  0.000000e+000  0.000000e+000  
0.000000e+000  0.000000e+000  0.000000e+000  0.000000e+000  0.000000e+000  0.000000e+000  0.000000e+000  0.000000e+000  0.000000e+000  0.000000e+000  0.000000e+000  0.000000e+000  0.000000e+000  0.000000e+000  0.000000e+000  0.000000e+000  
0.000000e+000  0.000000e+000  0.000000e+000  0.000000e+000  0.000000e+000  0.000000e+000  0.000000e+000  0.000000e+000  0.000000e+000  0.000000e+000  0.000000e+000  0.000000e+000  0.000000e+000  0.000000e+000  0.000000e+000  0.000000e+000  

-2.113274e-008  -6.333965e-008  -1.052194e-007  -1.467200e-007  -2.037375e-007  -2.176956e-007  -1.592368e-007  -1.003979e-007  -9.909649e-008  -1.067171e-007  -1.088507e-007  -1.060972e-007  -1.239470e-007  -7.631751e-008  -2.573010e-008  -0.000000e+000  
-2.113959e-008  -6.337208e-008  -1.052588e-007  -1.459446e-007  -2.008557e-007  -2.167523e-007  -1.594017e-007  -1.018085e-007  -1.038729e-007  -1.083747e-007  -1.098178e-007  -1.063415e-007  -1.242121e-007  -7.655445e-008  -2.580051e-008  -0.000000e+000  
-2.115123e-008  -6.344694e-008  -1.054383e-007  -1.444322e-007  -1.934937e-007  -2.149385e-007  -1.596954e-007  -1.040541e-007  -1.166345e-007  -1.112153e-007  -1.118917e-007  -1.067669e-007  -1.247985e-007  -7.708737e-008  -2.595159e-008  -0.000000e+000  
-2.116754e-008  -6.357197e-008  -1.060775e-007  -1.468193e-007  -1.906510e-007  -2.105672e-007  -1.602629e-007  -1.094461e-007  -1.207719e-007  -1.116615e-007  -1.091108e-007  -1.088384e-007  -1.264681e-007  -7.806340e-008  -2.620497e-008  -0.000000e+000  
-2.117236e-008  -6.369192e-008  -1.070486e-007  -1.550438e-007  -1.922986e-007  -1.990823e-007  -1.612170e-007  -1.224490e-007  -1.157679e-007  -1.090611e-007  -9.743138e-008  -1.138968e-007  -1.294146e-007  -7.954759e-008  -2.654758e-008  -0.000000e+000  
-2.113976e-008  -6.364896e-008  -1.071834e-007  -1.538904e-007  -1.873879e-007  -1.957591e-007  -1.632180e-007  -1.328974e-007  -1.151991e-007  -1.091622e-007  -1.019334e-007  -1.115465e-007  -1.419342e-007  -8.188689e-008  -2.697773e-008  -0.000000e+000  
-2.103065e-008  -6.328328e-008  -1.063465e-007  -1.517174e-007  -1.851485e-007  -1.934418e-007  -1.625489e-007  -1.339553e-007  -1.137044e-007  -1.103636e-007  -1.068746e-007  -1.140282e-007  -1.472155e-007  -8.324127e-008  -2.722523e-008  -0.000000e+000  
-2.086230e-008  -6.266595e-008  -1.047921e-007  -1.482618e-007  -1.861514e-007  -1.902685e-007  -1.588822e-007  -1.297464e-007  -1.063424e-007  -1.116987e-007  -1.168594e-007  -1.197421e-007  -1.455495e-007  -8.266886e-008  -2.709403e-008  -0.000000e+000  
-2.063113e-008  -6.180984e-008  -1.024370e-007  -1.399014e-007  -1.983983e-007  -1.806749e-007  -1.510080e-007  -1.220587e-007  -7.731541e-008  -1.135064e-007  -1.477273e-007  -1.309992e-007  -1.326579e-007  -7.987609e-008  -2.653707e-008  -0.000000e+000  
-2.039417e-008  -6.109400e-008  -1.015297e-007  -1.418444e-007  -1.876005e-007  -1.910901e-007  -1.392244e-007  -8.506599e-008  -9.150070e-008  -1.194933e-007  -1.502919e-007  -1.452352e-007  -1.251114e-007  -7.666322e-008  -2.570576e-008  -0.000000e+000  
-2.021135e-008  -6.053747e-008  -1.006516e-007  -1.408329e-007  -1.842914e-007  -1.889413e-007  -1.342417e-007  -7.813543e-008  -9.044920e-008  -1.193544e-007  -1.504049e-007  -1.470981e-007  -1.223936e-007  -7.477327e-008  -2.509702e-008  -0.000000e+000  
-2.010356e-008  -6.015143e-008  -9.971895e-008  -1.388284e-007  -1.834176e-007  -1.862283e-007  -1.339421e-007  -7.955741e-008  -8.596988e-008  -1.142040e-007  -1.454141e-007  -1.409738e-007  -1.214796e-007  -7.415560e-008  -2.481081e-008  -0.000000e+000  
-2.011912e-008  -6.014886e-008  -9.918482e-008  -1.342208e-007  -1.900554e-007  -1.707832e-007  -1.401773e-007  -1.107589e-007  -6.604155e-008  -1.029040e-007  -1.381855e-007  -1.229070e-007  -1.253792e-007  -7.474308e-008  -2.470315e-008  -0.000000e+000  
-2.023891e-008  -6.065696e-008  -1.008169e-007  -1.408542e-007  -1.740815e-007  -1.755319e-007  -1.426063e-007  -1.127514e-007  -8.949570e-008  -9.626174e-008  -1.035455e-007  -1.091653e-007  -1.348427e-007  -7.497616e-008  -2.436164e-008  -0.000000e+000  
-2.035883e-008  -6.116276e-008  -1.022203e-007  -1.435487e-007  -1.694954e-007  -1.736866e-007  -1.406409e-007  -1.110791e-007  -9.104735e-008  -9.022475e-008  -9.046488e-008  -1.025362e-007  -1.328720e-007  -7.293228e-008  -2.361807e-008  -0.000000e+000  
-2.045212e-008  -6.159120e-008  -1.035395e-007  -1.465145e-007  -1.672643e-007  -1.692250e-007  -1.341350e-007  -1.026175e-007  -8.464892e-008  -8.321560e-008  -8.246444e-008  -1.020292e-007  -1.222324e-007  -6.831721e-008  -2.237169e-008  -0.000000e+000  
-2.046956e-008  -6.175080e-008  -1.044401e-007  -1.516454e-007  -1.663608e-007  -1.630158e-007  -1.240903e-007  -8.438997e-008  -7.408239e-008  -7.634724e-008  -7.439488e-008  -1.126278e-007  -1.011652e-007  -6.242646e-008  -2.098784e-008  -0.000000e+000  
-2.041067e-008  -6.159605e-008  -1.043308e-007  -1.516043e-007  -1.554084e-007  -1.602667e-007  -1.148586e-007  -6.332762e-008  -6.061836e-008  -7.229319e-008  -8.050331e-008  -1.269795e-007  -8.223384e-008  -5.705803e-008  -1.970966e-008  -0.000000e+000  
-2.023631e-008  -6.095935e-008  -1.028475e-007  -1.488744e-007  -1.542191e-007  -1.594581e-007  -1.123923e-007  -5.954150e-008  -5.847815e-008  -7.088503e-008  -7.927883e-008  -1.237860e-007  -7.666934e-008  -5.398667e-008  -1.878443e-008  -0.000000e+000  
-2.001064e-008  -6.006420e-008  -1.003747e-007  -1.431179e-007  -1.635095e-007  -1.630108e-007  -1.167614e-007  -7.051575e-008  -6.891019e-008  -7.282365e-008  -7.227906e-008  -1.035623e-007  -8.443646e-008  -5.385669e-008  -1.844667e-008  -0.000000e+000  
-1.981653e-008  -5.926915e-008  -9.785747e-008  -1.319301e-007  -1.633997e-007  -1.763980e-007  -1.204052e-007  -6.593067e-008  -7.938674e-008  -7.687191e-008  -8.182084e-008  -8.956744e-008  -9.017756e-008  -5.444481e-008  -1.837894e-008  -0.000000e+000  
-1.966382e-008  -5.865915e-008  -9.619489e-008  -1.280221e-007  -1.670252e-007  -1.823933e-007  -1.228412e-007  -6.485777e-008  -7.845209e-008  -7.737596e-008  -8.326792e-008  -8.325331e-008  -9.298277e-008  -5.502740e-008  -1.839627e-008  -0.000000e+000  
-1.956851e-008  -5.829983e-008  -9.544404e-008  -1.288159e-007  -1.747861e-007  -1.851928e-007  -1.241841e-007  -6.471471e-008  -6.733617e-008  -7.505674e-008  -8.052196e-008  -8.095446e-008  -9.452282e-008  -5.542115e-008  -1.842968e-008  -0.000000e+000  
-1.952423e-008  -5.813493e-008  -9.514950e-008  -1.292958e-007  -1.778462e-007  -1.865904e-007  -1.247414e-007  -6.418905e-008  -6.326575e-008  -7.363198e-008  -7.927623e-008  -7.997259e-008  -9.513716e-008  -5.561072e-008  -1.845004e-008  -0.000000e+000  
-0.000000e+000  -0.000000e+000  -0.000000e+000  -0.000000e+000  -0.000000e+000  -0.000000e+000  -0.000000e+000  -0.000000e+000  -0.000000e+000  -0.000000e+000  -0.000000e+000  -0.000000e+000  -0.000000e+000  -0.000000e+000  -0.000000e+000  -0.000000e+000  

