Port monitor named: Port1_e1.prt

nx        = 16
ny        = 25
nz        = 51

nu        = 16
nv        = 25
iu        = 1
iv        = 1

idir      = 2
dcut      = -4.666667e-003
icut      = 1
type      = 0
frequency = 1.250000e+010

fcutoff   = 0.000000e+000
alpha     = 0.000000e+000
beta      = 2.619806e+002
accuracy  = 1.567834e-014

type          = TEM
wave imp.     = 3.767303e+002
wave imp.sig. = 8.611009e-006
line imp.     = 3.945110e+002

ref. port     = 0

0.000000e+000  0.000000e+000  0.000000e+000  0.000000e+000  0.000000e+000  0.000000e+000  0.000000e+000  0.000000e+000  0.000000e+000  0.000000e+000  0.000000e+000  0.000000e+000  0.000000e+000  0.000000e+000  0.000000e+000  0.000000e+000  
2.345796e-007  3.896015e-007  -1.561631e-006  -1.260419e-005  6.126650e-005  -2.327971e-005  -1.535722e-005  -1.311072e-005  -3.440735e-005  -3.062804e-005  -4.891847e-005  1.159922e-005  -1.333887e-005  1.203233e-006  8.347085e-007  0.000000e+000  
5.014340e-007  9.955472e-007  -2.189428e-006  -3.550827e-005  1.596632e-004  -8.105071e-005  -2.827058e-005  -1.689514e-005  -7.695793e-005  -5.458946e-005  -1.170716e-004  3.392720e-005  -2.998843e-005  3.599128e-006  1.773476e-006  0.000000e+000  
8.906299e-007  2.221514e-006  1.142956e-006  -6.032321e-006  3.982667e-005  8.614958e-006  -2.023493e-005  -5.581310e-005  -7.608931e-005  -4.951033e-005  -2.847820e-005  -1.120697e-005  1.477335e-005  1.021325e-005  3.081735e-006  0.000000e+000  
1.346451e-006  3.803865e-006  5.377119e-006  1.418866e-005  -5.520630e-005  9.964532e-005  -8.027724e-006  -1.053293e-004  -9.638132e-005  -4.201842e-005  6.362966e-005  -5.671700e-005  6.328202e-005  1.712356e-005  4.278489e-006  0.000000e+000  
1.918839e-006  5.803226e-006  8.947453e-006  3.556972e-006  5.446302e-006  7.263924e-005  -1.923318e-006  -7.116020e-005  -6.075032e-005  -6.127546e-005  -1.196403e-004  3.142625e-005  6.466419e-005  2.033240e-005  5.047958e-006  0.000000e+000  
2.621067e-006  8.508839e-006  1.579696e-005  2.078538e-005  1.232108e-005  2.105990e-005  -5.403003e-007  -2.286518e-005  -2.429867e-005  -3.775237e-005  -5.370849e-005  4.065842e-006  3.917768e-005  1.801404e-005  4.879155e-006  0.000000e+000  
3.122614e-006  1.077919e-005  2.336126e-005  4.274227e-005  7.107970e-006  7.343593e-006  1.786897e-006  -1.953800e-006  2.302443e-005  -1.194188e-005  -4.196635e-005  -1.020104e-005  2.796304e-005  1.375240e-005  3.893079e-006  0.000000e+000  
3.185490e-006  1.151859e-005  2.881231e-005  8.410228e-005  -1.870471e-005  1.129025e-006  1.748107e-006  -1.558326e-005  1.271585e-004  9.351440e-006  -7.944388e-005  -2.299832e-005  3.013272e-005  8.437557e-006  2.405207e-006  0.000000e+000  
2.262744e-006  7.931980e-006  1.681658e-005  2.535841e-005  -6.795766e-006  2.426098e-005  4.042485e-005  8.146925e-005  -7.666333e-005  -5.023705e-006  5.896298e-005  -1.164977e-004  -4.092045e-005  -5.214329e-006  -1.488105e-007  0.000000e+000  
3.517357e-007  1.416342e-006  3.252672e-006  4.353902e-006  3.163964e-007  4.719591e-006  7.645777e-006  7.500060e-006  -9.697121e-006  -4.894673e-006  -1.127996e-006  -2.784974e-005  -1.467313e-005  -3.247823e-006  -3.377693e-007  0.000000e+000  
-1.845945e-006  -5.711926e-006  -9.727691e-006  -1.190474e-005  -7.794658e-006  -1.204902e-005  -1.491144e-005  -1.478697e-005  2.362250e-006  -2.347603e-006  -5.641211e-006  2.250635e-005  1.328064e-005  3.982601e-006  8.545924e-007  0.000000e+000  
-3.905409e-006  -1.272130e-005  -2.416768e-005  -3.383284e-005  -8.913215e-007  -3.137970e-005  -4.740759e-005  -8.868133e-005  6.899045e-005  -3.106821e-006  -6.712418e-005  1.095864e-004  4.084232e-005  7.398857e-006  1.169877e-006  0.000000e+000  
-5.046293e-006  -1.711297e-005  -3.784988e-005  -9.471379e-005  1.079467e-005  -7.122338e-006  -7.499615e-006  8.950758e-006  -1.352078e-004  -1.906131e-005  6.824179e-005  1.149113e-005  -2.651644e-005  -3.277099e-006  -5.059556e-007  0.000000e+000  
-5.136211e-006  -1.706161e-005  -3.430796e-005  -5.668886e-005  -1.522808e-005  -1.035665e-005  -4.904726e-006  -3.622321e-006  -3.121595e-005  9.099968e-007  2.719390e-005  -1.025305e-005  -1.742587e-005  -5.058550e-006  -1.205603e-006  0.000000e+000  
-4.712351e-006  -1.535639e-005  -2.917011e-005  -4.118706e-005  -2.154685e-005  -1.527511e-005  3.122454e-006  1.824902e-005  1.595933e-005  2.622132e-005  3.584140e-005  -4.521877e-005  -1.319780e-005  -4.779173e-006  -1.556292e-006  0.000000e+000  
-3.909484e-006  -1.266595e-005  -2.459075e-005  -3.679442e-005  -2.181648e-005  -3.718643e-005  1.541131e-005  6.254767e-005  5.147662e-005  5.211937e-005  1.088497e-004  -1.232499e-004  -2.663412e-006  -3.242217e-006  -1.880290e-006  0.000000e+000  
-3.057133e-006  -9.803702e-006  -2.086385e-005  -6.619782e-005  9.145651e-006  2.168249e-005  3.037007e-005  7.334484e-005  8.580873e-005  3.591642e-005  -2.982333e-005  -1.333182e-004  6.424381e-005  -2.350672e-006  -2.557733e-006  0.000000e+000  
-1.837808e-006  -5.112443e-006  -6.948424e-006  -5.950242e-006  -1.269303e-006  -5.863387e-006  9.592667e-006  2.807191e-005  3.459997e-005  2.870821e-005  1.789278e-005  2.474001e-006  -2.746387e-005  -1.533912e-005  -4.519074e-006  0.000000e+000  
-7.389243e-007  -8.532905e-007  6.115737e-006  5.289883e-005  -5.415598e-006  -5.780662e-005  -1.499090e-005  -1.428293e-006  -5.128979e-006  2.584899e-005  6.626957e-005  1.409275e-004  -1.295459e-004  -2.802240e-005  -6.063648e-006  0.000000e+000  
-1.467668e-007  1.042957e-006  7.921051e-006  1.811660e-005  6.116872e-005  -9.830491e-005  -7.810014e-006  6.733763e-005  5.710358e-005  1.736330e-005  -7.427393e-005  1.403680e-004  -9.067133e-005  -2.460683e-005  -5.623173e-006  0.000000e+000  
1.267727e-007  1.768964e-006  8.947409e-006  2.563768e-005  -3.453472e-005  -1.004570e-005  8.656931e-006  3.359715e-005  5.221694e-005  3.442825e-005  2.802751e-005  5.565895e-005  -2.718879e-005  -1.580569e-005  -4.280964e-006  0.000000e+000  
1.949166e-007  1.676086e-006  8.566850e-006  4.637850e-005  -1.562911e-004  7.958139e-005  2.125657e-005  4.795541e-006  6.388311e-005  4.653963e-005  1.185309e-004  -1.166476e-005  2.470922e-005  -7.020862e-006  -2.597496e-006  0.000000e+000  
1.283887e-007  9.874702e-007  4.756006e-006  1.772615e-005  -5.959654e-005  2.244652e-005  1.192906e-005  7.453888e-006  2.830812e-005  2.694846e-005  4.994500e-005  -1.676332e-006  1.123420e-005  -2.881169e-006  -1.262500e-006  0.000000e+000  
0.000000e+000  0.000000e+000  0.000000e+000  0.000000e+000  0.000000e+000  0.000000e+000  0.000000e+000  0.000000e+000  0.000000e+000  0.000000e+000  0.000000e+000  0.000000e+000  0.000000e+000  0.000000e+000  0.000000e+000  0.000000e+000  

5.958691e+003  5.958691e+003  5.958691e+003  5.958691e+003  5.958691e+003  5.958691e+003  5.958691e+003  5.958691e+003  5.958691e+003  5.958691e+003  5.958691e+003  5.958690e+003  5.958690e+003  5.958690e+003  5.958690e+003  5.958690e+003  
5.958691e+003  5.958691e+003  5.958691e+003  5.958691e+003  5.958691e+003  5.958691e+003  5.958691e+003  5.958691e+003  5.958691e+003  5.958691e+003  5.958691e+003  5.958690e+003  5.958690e+003  5.958690e+003  5.958690e+003  5.958690e+003  
5.958690e+003  5.958690e+003  5.958690e+003  5.958690e+003  5.958690e+003  5.958690e+003  5.958690e+003  5.958690e+003  5.958690e+003  5.958690e+003  5.958690e+003  5.958690e+003  5.958690e+003  5.958691e+003  5.958691e+003  5.958691e+003  
5.958690e+003  5.958690e+003  5.958690e+003  5.958690e+003  5.958690e+003  5.958690e+003  5.958690e+003  5.958690e+003  5.958690e+003  5.958690e+003  5.958690e+003  5.958690e+003  5.958690e+003  5.958691e+003  5.958691e+003  5.958691e+003  
5.958691e+003  5.958691e+003  5.958691e+003  5.958691e+003  5.958691e+003  5.958691e+003  5.958691e+003  5.958691e+003  5.958691e+003  5.958691e+003  5.958691e+003  5.958691e+003  5.958691e+003  5.958691e+003  5.958691e+003  5.958691e+003  
5.958690e+003  5.958690e+003  5.958690e+003  5.958690e+003  5.958690e+003  5.958690e+003  5.958690e+003  5.958690e+003  5.958690e+003  5.958690e+003  5.958690e+003  5.958691e+003  5.958690e+003  5.958690e+003  5.958690e+003  5.958690e+003  
5.958690e+003  5.958690e+003  5.958690e+003  5.958690e+003  5.958690e+003  5.958690e+003  5.958690e+003  5.958690e+003  5.958690e+003  5.958690e+003  5.958690e+003  5.958690e+003  5.958690e+003  5.958690e+003  5.958690e+003  5.958690e+003  
5.958690e+003  5.958690e+003  5.958690e+003  5.958690e+003  5.958690e+003  5.958690e+003  5.958690e+003  5.958690e+003  5.958690e+003  5.958690e+003  5.958690e+003  5.958690e+003  5.958690e+003  5.958690e+003  5.958690e+003  5.958690e+003  
5.958690e+003  5.958690e+003  5.958690e+003  5.958690e+003  5.958690e+003  5.958690e+003  5.958690e+003  5.958690e+003  5.958690e+003  5.958690e+003  5.958690e+003  5.958690e+003  5.958690e+003  5.958690e+003  5.958690e+003  5.958690e+003  
5.958691e+003  5.958691e+003  5.958691e+003  5.958691e+003  5.958691e+003  5.958691e+003  5.958691e+003  5.958691e+003  5.958690e+003  5.958691e+003  5.958691e+003  5.958690e+003  5.958691e+003  5.958691e+003  5.958691e+003  5.958691e+003  
5.958691e+003  5.958691e+003  5.958691e+003  5.958691e+003  5.958691e+003  5.958691e+003  5.958691e+003  5.958691e+003  5.958691e+003  5.958691e+003  5.958691e+003  5.958691e+003  5.958691e+003  5.958691e+003  5.958691e+003  5.958691e+003  
5.958691e+003  5.958691e+003  5.958691e+003  5.958691e+003  5.958691e+003  5.958691e+003  5.958691e+003  5.958691e+003  5.958690e+003  5.958691e+003  5.958691e+003  5.958690e+003  5.958691e+003  5.958691e+003  5.958691e+003  5.958691e+003  
5.958690e+003  5.958690e+003  5.958690e+003  5.958690e+003  5.958690e+003  5.958690e+003  5.958690e+003  5.958690e+003  5.958690e+003  5.958690e+003  5.958690e+003  5.958690e+003  5.958690e+003  5.958690e+003  5.958690e+003  5.958690e+003  
5.958690e+003  5.958690e+003  5.958690e+003  5.958690e+003  5.958690e+003  5.958690e+003  5.958690e+003  5.958690e+003  5.958690e+003  5.958690e+003  5.958691e+003  5.958690e+003  5.958690e+003  5.958690e+003  5.958690e+003  5.958690e+003  
5.958690e+003  5.958690e+003  5.958690e+003  5.958690e+003  5.958690e+003  5.958690e+003  5.958690e+003  5.958690e+003  5.958690e+003  5.958690e+003  5.958690e+003  5.958690e+003  5.958690e+003  5.958690e+003  5.958690e+003  5.958690e+003  
5.958690e+003  5.958690e+003  5.958690e+003  5.958690e+003  5.958690e+003  5.958690e+003  5.958690e+003  5.958690e+003  5.958690e+003  5.958690e+003  5.958690e+003  5.958691e+003  5.958690e+003  5.958690e+003  5.958690e+003  5.958690e+003  
5.958691e+003  5.958691e+003  5.958691e+003  5.958691e+003  5.958691e+003  5.958691e+003  5.958691e+003  5.958691e+003  5.958691e+003  5.958691e+003  5.958691e+003  5.958691e+003  5.958691e+003  5.958691e+003  5.958691e+003  5.958691e+003  
5.958690e+003  5.958690e+003  5.958690e+003  5.958690e+003  5.958690e+003  5.958690e+003  5.958690e+003  5.958690e+003  5.958690e+003  5.958690e+003  5.958690e+003  5.958690e+003  5.958691e+003  5.958690e+003  5.958690e+003  5.958690e+003  
5.958690e+003  5.958690e+003  5.958690e+003  5.958690e+003  5.958690e+003  5.958690e+003  5.958690e+003  5.958690e+003  5.958690e+003  5.958690e+003  5.958690e+003  5.958690e+003  5.958691e+003  5.958690e+003  5.958690e+003  5.958690e+003  
5.958691e+003  5.958691e+003  5.958691e+003  5.958691e+003  5.958691e+003  5.958691e+003  5.958691e+003  5.958691e+003  5.958691e+003  5.958691e+003  5.958691e+003  5.958691e+003  5.958691e+003  5.958691e+003  5.958691e+003  5.958691e+003  
5.958690e+003  5.958690e+003  5.958690e+003  5.958690e+003  5.958690e+003  5.958690e+003  5.958690e+003  5.958690e+003  5.958690e+003  5.958690e+003  5.958690e+003  5.958691e+003  5.958690e+003  5.958691e+003  5.958691e+003  5.958691e+003  
5.958690e+003  5.958690e+003  5.958690e+003  5.958690e+003  5.958690e+003  5.958690e+003  5.958690e+003  5.958690e+003  5.958690e+003  5.958690e+003  5.958690e+003  5.958691e+003  5.958690e+003  5.958691e+003  5.958691e+003  5.958691e+003  
5.958691e+003  5.958691e+003  5.958691e+003  5.958691e+003  5.958691e+003  5.958691e+003  5.958691e+003  5.958691e+003  5.958691e+003  5.958691e+003  5.958691e+003  5.958690e+003  5.958690e+003  5.958690e+003  5.958690e+003  5.958690e+003  
5.958691e+003  5.958691e+003  5.958691e+003  5.958691e+003  5.958691e+003  5.958691e+003  5.958691e+003  5.958691e+003  5.958691e+003  5.958691e+003  5.958691e+003  5.958690e+003  5.958690e+003  5.958690e+003  5.958690e+003  5.958690e+003  
0.000000e+000  0.000000e+000  0.000000e+000  0.000000e+000  0.000000e+000  0.000000e+000  0.000000e+000  0.000000e+000  0.000000e+000  0.000000e+000  0.000000e+000  0.000000e+000  0.000000e+000  0.000000e+000  0.000000e+000  0.000000e+000  

0.000000e+000  0.000000e+000  0.000000e+000  0.000000e+000  0.000000e+000  0.000000e+000  0.000000e+000  0.000000e+000  0.000000e+000  0.000000e+000  0.000000e+000  0.000000e+000  0.000000e+000  0.000000e+000  0.000000e+000  0.000000e+000  
0.000000e+000  0.000000e+000  0.000000e+000  0.000000e+000  0.000000e+000  0.000000e+000  0.000000e+000  0.000000e+000  0.000000e+000  0.000000e+000  0.000000e+000  0.000000e+000  0.000000e+000  0.000000e+000  0.000000e+000  0.000000e+000  
0.000000e+000  0.000000e+000  0.000000e+000  0.000000e+000  0.000000e+000  0.000000e+000  0.000000e+000  0.000000e+000  0.000000e+000  0.000000e+000  0.000000e+000  0.000000e+000  0.000000e+000  0.000000e+000  0.000000e+000  0.000000e+000  
0.000000e+000  0.000000e+000  0.000000e+000  0.000000e+000  0.000000e+000  0.000000e+000  0.000000e+000  0.000000e+000  0.000000e+000  0.000000e+000  0.000000e+000  0.000000e+000  0.000000e+000  0.000000e+000  0.000000e+000  0.000000e+000  
0.000000e+000  0.000000e+000  0.000000e+000  0.000000e+000  0.000000e+000  0.000000e+000  0.000000e+000  0.000000e+000  0.000000e+000  0.000000e+000  0.000000e+000  0.000000e+000  0.000000e+000  0.000000e+000  0.000000e+000  0.000000e+000  
0.000000e+000  0.000000e+000  0.000000e+000  0.000000e+000  0.000000e+000  0.000000e+000  0.000000e+000  0.000000e+000  0.000000e+000  0.000000e+000  0.000000e+000  0.000000e+000  0.000000e+000  0.000000e+000  0.000000e+000  0.000000e+000  
0.000000e+000  0.000000e+000  0.000000e+000  0.000000e+000  0.000000e+000  0.000000e+000  0.000000e+000  0.000000e+000  0.000000e+000  0.000000e+000  0.000000e+000  0.000000e+000  0.000000e+000  0.000000e+000  0.000000e+000  0.000000e+000  
0.000000e+000  0.000000e+000  0.000000e+000  0.000000e+000  0.000000e+000  0.000000e+000  0.000000e+000  0.000000e+000  0.000000e+000  0.000000e+000  0.000000e+000  0.000000e+000  0.000000e+000  0.000000e+000  0.000000e+000  0.000000e+000  
0.000000e+000  0.000000e+000  0.000000e+000  0.000000e+000  0.000000e+000  0.000000e+000  0.000000e+000  0.000000e+000  0.000000e+000  0.000000e+000  0.000000e+000  0.000000e+000  0.000000e+000  0.000000e+000  0.000000e+000  0.000000e+000  
0.000000e+000  0.000000e+000  0.000000e+000  0.000000e+000  0.000000e+000  0.000000e+000  0.000000e+000  0.000000e+000  0.000000e+000  0.000000e+000  0.000000e+000  0.000000e+000  0.000000e+000  0.000000e+000  0.000000e+000  0.000000e+000  
0.000000e+000  0.000000e+000  0.000000e+000  0.000000e+000  0.000000e+000  0.000000e+000  0.000000e+000  0.000000e+000  0.000000e+000  0.000000e+000  0.000000e+000  0.000000e+000  0.000000e+000  0.000000e+000  0.000000e+000  0.000000e+000  
0.000000e+000  0.000000e+000  0.000000e+000  0.000000e+000  0.000000e+000  0.000000e+000  0.000000e+000  0.000000e+000  0.000000e+000  0.000000e+000  0.000000e+000  0.000000e+000  0.000000e+000  0.000000e+000  0.000000e+000  0.000000e+000  
0.000000e+000  0.000000e+000  0.000000e+000  0.000000e+000  0.000000e+000  0.000000e+000  0.000000e+000  0.000000e+000  0.000000e+000  0.000000e+000  0.000000e+000  0.000000e+000  0.000000e+000  0.000000e+000  0.000000e+000  0.000000e+000  
0.000000e+000  0.000000e+000  0.000000e+000  0.000000e+000  0.000000e+000  0.000000e+000  0.000000e+000  0.000000e+000  0.000000e+000  0.000000e+000  0.000000e+000  0.000000e+000  0.000000e+000  0.000000e+000  0.000000e+000  0.000000e+000  
0.000000e+000  0.000000e+000  0.000000e+000  0.000000e+000  0.000000e+000  0.000000e+000  0.000000e+000  0.000000e+000  0.000000e+000  0.000000e+000  0.000000e+000  0.000000e+000  0.000000e+000  0.000000e+000  0.000000e+000  0.000000e+000  
0.000000e+000  0.000000e+000  0.000000e+000  0.000000e+000  0.000000e+000  0.000000e+000  0.000000e+000  0.000000e+000  0.000000e+000  0.000000e+000  0.000000e+000  0.000000e+000  0.000000e+000  0.000000e+000  0.000000e+000  0.000000e+000  
0.000000e+000  0.000000e+000  0.000000e+000  0.000000e+000  0.000000e+000  0.000000e+000  0.000000e+000  0.000000e+000  0.000000e+000  0.000000e+000  0.000000e+000  0.000000e+000  0.000000e+000  0.000000e+000  0.000000e+000  0.000000e+000  
0.000000e+000  0.000000e+000  0.000000e+000  0.000000e+000  0.000000e+000  0.000000e+000  0.000000e+000  0.000000e+000  0.000000e+000  0.000000e+000  0.000000e+000  0.000000e+000  0.000000e+000  0.000000e+000  0.000000e+000  0.000000e+000  
0.000000e+000  0.000000e+000  0.000000e+000  0.000000e+000  0.000000e+000  0.000000e+000  0.000000e+000  0.000000e+000  0.000000e+000  0.000000e+000  0.000000e+000  0.000000e+000  0.000000e+000  0.000000e+000  0.000000e+000  0.000000e+000  
0.000000e+000  0.000000e+000  0.000000e+000  0.000000e+000  0.000000e+000  0.000000e+000  0.000000e+000  0.000000e+000  0.000000e+000  0.000000e+000  0.000000e+000  0.000000e+000  0.000000e+000  0.000000e+000  0.000000e+000  0.000000e+000  
0.000000e+000  0.000000e+000  0.000000e+000  0.000000e+000  0.000000e+000  0.000000e+000  0.000000e+000  0.000000e+000  0.000000e+000  0.000000e+000  0.000000e+000  0.000000e+000  0.000000e+000  0.000000e+000  0.000000e+000  0.000000e+000  
0.000000e+000  0.000000e+000  0.000000e+000  0.000000e+000  0.000000e+000  0.000000e+000  0.000000e+000  0.000000e+000  0.000000e+000  0.000000e+000  0.000000e+000  0.000000e+000  0.000000e+000  0.000000e+000  0.000000e+000  0.000000e+000  
0.000000e+000  0.000000e+000  0.000000e+000  0.000000e+000  0.000000e+000  0.000000e+000  0.000000e+000  0.000000e+000  0.000000e+000  0.000000e+000  0.000000e+000  0.000000e+000  0.000000e+000  0.000000e+000  0.000000e+000  0.000000e+000  
0.000000e+000  0.000000e+000  0.000000e+000  0.000000e+000  0.000000e+000  0.000000e+000  0.000000e+000  0.000000e+000  0.000000e+000  0.000000e+000  0.000000e+000  0.000000e+000  0.000000e+000  0.000000e+000  0.000000e+000  0.000000e+000  
0.000000e+000  0.000000e+000  0.000000e+000  0.000000e+000  0.000000e+000  0.000000e+000  0.000000e+000  0.000000e+000  0.000000e+000  0.000000e+000  0.000000e+000  0.000000e+000  0.000000e+000  0.000000e+000  0.000000e+000  0.000000e+000  

0.000000e+000  0.000000e+000  0.000000e+000  0.000000e+000  0.000000e+000  0.000000e+000  0.000000e+000  0.000000e+000  0.000000e+000  0.000000e+000  0.000000e+000  0.000000e+000  0.000000e+000  0.000000e+000  0.000000e+000  0.000000e+000  
0.000000e+000  0.000000e+000  0.000000e+000  0.000000e+000  0.000000e+000  0.000000e+000  0.000000e+000  0.000000e+000  0.000000e+000  0.000000e+000  0.000000e+000  0.000000e+000  0.000000e+000  0.000000e+000  0.000000e+000  0.000000e+000  
0.000000e+000  0.000000e+000  0.000000e+000  0.000000e+000  0.000000e+000  0.000000e+000  0.000000e+000  0.000000e+000  0.000000e+000  0.000000e+000  0.000000e+000  0.000000e+000  0.000000e+000  0.000000e+000  0.000000e+000  0.000000e+000  
0.000000e+000  0.000000e+000  0.000000e+000  0.000000e+000  0.000000e+000  0.000000e+000  0.000000e+000  0.000000e+000  0.000000e+000  0.000000e+000  0.000000e+000  0.000000e+000  0.000000e+000  0.000000e+000  0.000000e+000  0.000000e+000  
0.000000e+000  0.000000e+000  0.000000e+000  0.000000e+000  0.000000e+000  0.000000e+000  0.000000e+000  0.000000e+000  0.000000e+000  0.000000e+000  0.000000e+000  0.000000e+000  0.000000e+000  0.000000e+000  0.000000e+000  0.000000e+000  
0.000000e+000  0.000000e+000  0.000000e+000  0.000000e+000  0.000000e+000  0.000000e+000  0.000000e+000  0.000000e+000  0.000000e+000  0.000000e+000  0.000000e+000  0.000000e+000  0.000000e+000  0.000000e+000  0.000000e+000  0.000000e+000  
0.000000e+000  0.000000e+000  0.000000e+000  0.000000e+000  0.000000e+000  0.000000e+000  0.000000e+000  0.000000e+000  0.000000e+000  0.000000e+000  0.000000e+000  0.000000e+000  0.000000e+000  0.000000e+000  0.000000e+000  0.000000e+000  
0.000000e+000  0.000000e+000  0.000000e+000  0.000000e+000  0.000000e+000  0.000000e+000  0.000000e+000  0.000000e+000  0.000000e+000  0.000000e+000  0.000000e+000  0.000000e+000  0.000000e+000  0.000000e+000  0.000000e+000  0.000000e+000  
0.000000e+000  0.000000e+000  0.000000e+000  0.000000e+000  0.000000e+000  0.000000e+000  0.000000e+000  0.000000e+000  0.000000e+000  0.000000e+000  0.000000e+000  0.000000e+000  0.000000e+000  0.000000e+000  0.000000e+000  0.000000e+000  
0.000000e+000  0.000000e+000  0.000000e+000  0.000000e+000  0.000000e+000  0.000000e+000  0.000000e+000  0.000000e+000  0.000000e+000  0.000000e+000  0.000000e+000  0.000000e+000  0.000000e+000  0.000000e+000  0.000000e+000  0.000000e+000  
0.000000e+000  0.000000e+000  0.000000e+000  0.000000e+000  0.000000e+000  0.000000e+000  0.000000e+000  0.000000e+000  0.000000e+000  0.000000e+000  0.000000e+000  0.000000e+000  0.000000e+000  0.000000e+000  0.000000e+000  0.000000e+000  
0.000000e+000  0.000000e+000  0.000000e+000  0.000000e+000  0.000000e+000  0.000000e+000  0.000000e+000  0.000000e+000  0.000000e+000  0.000000e+000  0.000000e+000  0.000000e+000  0.000000e+000  0.000000e+000  0.000000e+000  0.000000e+000  
0.000000e+000  0.000000e+000  0.000000e+000  0.000000e+000  0.000000e+000  0.000000e+000  0.000000e+000  0.000000e+000  0.000000e+000  0.000000e+000  0.000000e+000  0.000000e+000  0.000000e+000  0.000000e+000  0.000000e+000  0.000000e+000  
0.000000e+000  0.000000e+000  0.000000e+000  0.000000e+000  0.000000e+000  0.000000e+000  0.000000e+000  0.000000e+000  0.000000e+000  0.000000e+000  0.000000e+000  0.000000e+000  0.000000e+000  0.000000e+000  0.000000e+000  0.000000e+000  
0.000000e+000  0.000000e+000  0.000000e+000  0.000000e+000  0.000000e+000  0.000000e+000  0.000000e+000  0.000000e+000  0.000000e+000  0.000000e+000  0.000000e+000  0.000000e+000  0.000000e+000  0.000000e+000  0.000000e+000  0.000000e+000  
0.000000e+000  0.000000e+000  0.000000e+000  0.000000e+000  0.000000e+000  0.000000e+000  0.000000e+000  0.000000e+000  0.000000e+000  0.000000e+000  0.000000e+000  0.000000e+000  0.000000e+000  0.000000e+000  0.000000e+000  0.000000e+000  
0.000000e+000  0.000000e+000  0.000000e+000  0.000000e+000  0.000000e+000  0.000000e+000  0.000000e+000  0.000000e+000  0.000000e+000  0.000000e+000  0.000000e+000  0.000000e+000  0.000000e+000  0.000000e+000  0.000000e+000  0.000000e+000  
0.000000e+000  0.000000e+000  0.000000e+000  0.000000e+000  0.000000e+000  0.000000e+000  0.000000e+000  0.000000e+000  0.000000e+000  0.000000e+000  0.000000e+000  0.000000e+000  0.000000e+000  0.000000e+000  0.000000e+000  0.000000e+000  
0.000000e+000  0.000000e+000  0.000000e+000  0.000000e+000  0.000000e+000  0.000000e+000  0.000000e+000  0.000000e+000  0.000000e+000  0.000000e+000  0.000000e+000  0.000000e+000  0.000000e+000  0.000000e+000  0.000000e+000  0.000000e+000  
0.000000e+000  0.000000e+000  0.000000e+000  0.000000e+000  0.000000e+000  0.000000e+000  0.000000e+000  0.000000e+000  0.000000e+000  0.000000e+000  0.000000e+000  0.000000e+000  0.000000e+000  0.000000e+000  0.000000e+000  0.000000e+000  
0.000000e+000  0.000000e+000  0.000000e+000  0.000000e+000  0.000000e+000  0.000000e+000  0.000000e+000  0.000000e+000  0.000000e+000  0.000000e+000  0.000000e+000  0.000000e+000  0.000000e+000  0.000000e+000  0.000000e+000  0.000000e+000  
0.000000e+000  0.000000e+000  0.000000e+000  0.000000e+000  0.000000e+000  0.000000e+000  0.000000e+000  0.000000e+000  0.000000e+000  0.000000e+000  0.000000e+000  0.000000e+000  0.000000e+000  0.000000e+000  0.000000e+000  0.000000e+000  
0.000000e+000  0.000000e+000  0.000000e+000  0.000000e+000  0.000000e+000  0.000000e+000  0.000000e+000  0.000000e+000  0.000000e+000  0.000000e+000  0.000000e+000  0.000000e+000  0.000000e+000  0.000000e+000  0.000000e+000  0.000000e+000  
0.000000e+000  0.000000e+000  0.000000e+000  0.000000e+000  0.000000e+000  0.000000e+000  0.000000e+000  0.000000e+000  0.000000e+000  0.000000e+000  0.000000e+000  0.000000e+000  0.000000e+000  0.000000e+000  0.000000e+000  0.000000e+000  
0.000000e+000  0.000000e+000  0.000000e+000  0.000000e+000  0.000000e+000  0.000000e+000  0.000000e+000  0.000000e+000  0.000000e+000  0.000000e+000  0.000000e+000  0.000000e+000  0.000000e+000  0.000000e+000  0.000000e+000  0.000000e+000  

0.000000e+000  0.000000e+000  0.000000e+000  0.000000e+000  0.000000e+000  0.000000e+000  0.000000e+000  0.000000e+000  0.000000e+000  0.000000e+000  0.000000e+000  0.000000e+000  0.000000e+000  0.000000e+000  0.000000e+000  0.000000e+000  
0.000000e+000  0.000000e+000  0.000000e+000  0.000000e+000  0.000000e+000  0.000000e+000  0.000000e+000  0.000000e+000  0.000000e+000  0.000000e+000  0.000000e+000  0.000000e+000  0.000000e+000  0.000000e+000  0.000000e+000  0.000000e+000  
0.000000e+000  0.000000e+000  0.000000e+000  0.000000e+000  0.000000e+000  0.000000e+000  0.000000e+000  0.000000e+000  0.000000e+000  0.000000e+000  0.000000e+000  0.000000e+000  0.000000e+000  0.000000e+000  0.000000e+000  0.000000e+000  
0.000000e+000  0.000000e+000  0.000000e+000  0.000000e+000  0.000000e+000  0.000000e+000  0.000000e+000  0.000000e+000  0.000000e+000  0.000000e+000  0.000000e+000  0.000000e+000  0.000000e+000  0.000000e+000  0.000000e+000  0.000000e+000  
0.000000e+000  0.000000e+000  0.000000e+000  0.000000e+000  0.000000e+000  0.000000e+000  0.000000e+000  0.000000e+000  0.000000e+000  0.000000e+000  0.000000e+000  0.000000e+000  0.000000e+000  0.000000e+000  0.000000e+000  0.000000e+000  
0.000000e+000  0.000000e+000  0.000000e+000  0.000000e+000  0.000000e+000  0.000000e+000  0.000000e+000  0.000000e+000  0.000000e+000  0.000000e+000  0.000000e+000  0.000000e+000  0.000000e+000  0.000000e+000  0.000000e+000  0.000000e+000  
0.000000e+000  0.000000e+000  0.000000e+000  0.000000e+000  0.000000e+000  0.000000e+000  0.000000e+000  0.000000e+000  0.000000e+000  0.000000e+000  0.000000e+000  0.000000e+000  0.000000e+000  0.000000e+000  0.000000e+000  0.000000e+000  
0.000000e+000  0.000000e+000  0.000000e+000  0.000000e+000  0.000000e+000  0.000000e+000  0.000000e+000  0.000000e+000  0.000000e+000  0.000000e+000  0.000000e+000  0.000000e+000  0.000000e+000  0.000000e+000  0.000000e+000  0.000000e+000  
0.000000e+000  0.000000e+000  0.000000e+000  0.000000e+000  0.000000e+000  0.000000e+000  0.000000e+000  0.000000e+000  0.000000e+000  0.000000e+000  0.000000e+000  0.000000e+000  0.000000e+000  0.000000e+000  0.000000e+000  0.000000e+000  
0.000000e+000  0.000000e+000  0.000000e+000  0.000000e+000  0.000000e+000  0.000000e+000  0.000000e+000  0.000000e+000  0.000000e+000  0.000000e+000  0.000000e+000  0.000000e+000  0.000000e+000  0.000000e+000  0.000000e+000  0.000000e+000  
0.000000e+000  0.000000e+000  0.000000e+000  0.000000e+000  0.000000e+000  0.000000e+000  0.000000e+000  0.000000e+000  0.000000e+000  0.000000e+000  0.000000e+000  0.000000e+000  0.000000e+000  0.000000e+000  0.000000e+000  0.000000e+000  
0.000000e+000  0.000000e+000  0.000000e+000  0.000000e+000  0.000000e+000  0.000000e+000  0.000000e+000  0.000000e+000  0.000000e+000  0.000000e+000  0.000000e+000  0.000000e+000  0.000000e+000  0.000000e+000  0.000000e+000  0.000000e+000  
0.000000e+000  0.000000e+000  0.000000e+000  0.000000e+000  0.000000e+000  0.000000e+000  0.000000e+000  0.000000e+000  0.000000e+000  0.000000e+000  0.000000e+000  0.000000e+000  0.000000e+000  0.000000e+000  0.000000e+000  0.000000e+000  
0.000000e+000  0.000000e+000  0.000000e+000  0.000000e+000  0.000000e+000  0.000000e+000  0.000000e+000  0.000000e+000  0.000000e+000  0.000000e+000  0.000000e+000  0.000000e+000  0.000000e+000  0.000000e+000  0.000000e+000  0.000000e+000  
0.000000e+000  0.000000e+000  0.000000e+000  0.000000e+000  0.000000e+000  0.000000e+000  0.000000e+000  0.000000e+000  0.000000e+000  0.000000e+000  0.000000e+000  0.000000e+000  0.000000e+000  0.000000e+000  0.000000e+000  0.000000e+000  
0.000000e+000  0.000000e+000  0.000000e+000  0.000000e+000  0.000000e+000  0.000000e+000  0.000000e+000  0.000000e+000  0.000000e+000  0.000000e+000  0.000000e+000  0.000000e+000  0.000000e+000  0.000000e+000  0.000000e+000  0.000000e+000  
0.000000e+000  0.000000e+000  0.000000e+000  0.000000e+000  0.000000e+000  0.000000e+000  0.000000e+000  0.000000e+000  0.000000e+000  0.000000e+000  0.000000e+000  0.000000e+000  0.000000e+000  0.000000e+000  0.000000e+000  0.000000e+000  
0.000000e+000  0.000000e+000  0.000000e+000  0.000000e+000  0.000000e+000  0.000000e+000  0.000000e+000  0.000000e+000  0.000000e+000  0.000000e+000  0.000000e+000  0.000000e+000  0.000000e+000  0.000000e+000  0.000000e+000  0.000000e+000  
0.000000e+000  0.000000e+000  0.000000e+000  0.000000e+000  0.000000e+000  0.000000e+000  0.000000e+000  0.000000e+000  0.000000e+000  0.000000e+000  0.000000e+000  0.000000e+000  0.000000e+000  0.000000e+000  0.000000e+000  0.000000e+000  
0.000000e+000  0.000000e+000  0.000000e+000  0.000000e+000  0.000000e+000  0.000000e+000  0.000000e+000  0.000000e+000  0.000000e+000  0.000000e+000  0.000000e+000  0.000000e+000  0.000000e+000  0.000000e+000  0.000000e+000  0.000000e+000  
0.000000e+000  0.000000e+000  0.000000e+000  0.000000e+000  0.000000e+000  0.000000e+000  0.000000e+000  0.000000e+000  0.000000e+000  0.000000e+000  0.000000e+000  0.000000e+000  0.000000e+000  0.000000e+000  0.000000e+000  0.000000e+000  
0.000000e+000  0.000000e+000  0.000000e+000  0.000000e+000  0.000000e+000  0.000000e+000  0.000000e+000  0.000000e+000  0.000000e+000  0.000000e+000  0.000000e+000  0.000000e+000  0.000000e+000  0.000000e+000  0.000000e+000  0.000000e+000  
0.000000e+000  0.000000e+000  0.000000e+000  0.000000e+000  0.000000e+000  0.000000e+000  0.000000e+000  0.000000e+000  0.000000e+000  0.000000e+000  0.000000e+000  0.000000e+000  0.000000e+000  0.000000e+000  0.000000e+000  0.000000e+000  
0.000000e+000  0.000000e+000  0.000000e+000  0.000000e+000  0.000000e+000  0.000000e+000  0.000000e+000  0.000000e+000  0.000000e+000  0.000000e+000  0.000000e+000  0.000000e+000  0.000000e+000  0.000000e+000  0.000000e+000  0.000000e+000  
0.000000e+000  0.000000e+000  0.000000e+000  0.000000e+000  0.000000e+000  0.000000e+000  0.000000e+000  0.000000e+000  0.000000e+000  0.000000e+000  0.000000e+000  0.000000e+000  0.000000e+000  0.000000e+000  0.000000e+000  0.000000e+000  

0.000000e+000  0.000000e+000  0.000000e+000  0.000000e+000  0.000000e+000  0.000000e+000  0.000000e+000  0.000000e+000  0.000000e+000  0.000000e+000  0.000000e+000  0.000000e+000  0.000000e+000  0.000000e+000  0.000000e+000  0.000000e+000  
-2.352187e-006  -2.345179e-006  -2.306541e-006  -2.260482e-006  -3.172327e-006  -5.393646e-006  -5.933947e-006  -5.840330e-006  -5.029147e-006  -1.755708e-006  -6.191899e-007  4.283586e-008  3.217374e-007  6.737935e-007  9.896471e-007  1.082777e-006  
-4.707522e-006  -4.694031e-006  -4.613831e-006  -4.421463e-006  -6.037345e-006  -1.119594e-005  -1.214290e-005  -1.198861e-005  -1.081735e-005  -2.864718e-006  -1.095069e-006  1.984766e-007  6.405517e-007  1.352122e-006  1.997170e-006  2.180544e-006  
-4.151106e-006  -4.136040e-006  -4.013267e-006  -3.387069e-006  -1.049160e-006  -2.874425e-006  -4.965362e-006  -4.694218e-006  -2.113910e-006  2.497447e-007  5.049985e-007  -1.084426e-006  8.874481e-007  2.740108e-006  3.823335e-006  4.104897e-006  
-3.600311e-006  -3.595889e-006  -3.486794e-006  -2.605492e-006  4.854431e-006  5.834109e-006  7.458237e-007  1.169198e-006  6.929178e-006  4.282012e-006  2.906842e-006  -3.270179e-006  1.189398e-006  4.217590e-006  5.742816e-006  6.094422e-006  
-2.558459e-006  -2.582969e-006  -2.615124e-006  -2.513862e-006  -3.379199e-006  -5.796595e-006  -7.015075e-006  -6.281843e-006  -2.450601e-006  -2.699446e-006  -2.655524e-006  -6.848116e-007  -2.400082e-006  8.250007e-006  1.023968e-005  1.060553e-005  
1.409665e-005  1.402312e-005  1.377628e-005  1.321052e-005  1.174252e-005  1.075015e-005  9.985234e-006  9.764140e-006  1.011320e-005  9.524140e-006  9.997245e-006  1.194377e-005  1.357368e-005  1.761761e-005  1.865489e-005  1.884441e-005  
3.079715e-005  3.068316e-005  3.026623e-005  2.921582e-005  2.688093e-005  2.732503e-005  2.627706e-005  2.506670e-005  2.367768e-005  2.077676e-005  2.130261e-005  2.523643e-005  2.898907e-005  2.771338e-005  2.727514e-005  2.717495e-005  
4.756883e-005  4.743774e-005  4.695326e-005  4.562083e-005  4.088853e-005  4.543390e-005  4.278088e-005  4.060343e-005  3.847807e-005  2.889655e-005  2.949328e-005  3.968278e-005  4.587666e-005  3.760625e-005  3.581440e-005  3.545698e-005  
3.065134e-005  3.054407e-005  3.021995e-005  2.980906e-005  3.068839e-005  2.748333e-005  2.978627e-005  2.718097e-005  1.900188e-005  2.274624e-005  2.432642e-005  2.500331e-005  3.126673e-005  2.739496e-005  2.574677e-005  2.532028e-005  
8.433287e-006  8.355729e-006  8.120525e-006  7.749393e-006  7.321372e-006  6.404355e-006  5.960649e-006  4.931539e-006  3.499855e-006  3.240422e-006  3.206244e-006  3.234520e-006  4.000094e-006  2.698228e-006  1.792941e-006  1.501391e-006  
-1.366151e-005  -1.370733e-005  -1.387044e-005  -1.426509e-005  -1.511308e-005  -1.535579e-005  -1.591652e-005  -1.597883e-005  -1.568514e-005  -1.678958e-005  -1.805936e-005  -1.928959e-005  -2.180645e-005  -2.224392e-005  -2.254000e-005  -2.267728e-005  
-3.568349e-005  -3.567667e-005  -3.567836e-005  -3.592062e-005  -3.800650e-005  -3.603645e-005  -3.945153e-005  -3.807250e-005  -3.117334e-005  -3.643374e-005  -3.941686e-005  -4.132482e-005  -4.927374e-005  -4.727312e-005  -4.697125e-005  -4.702634e-005  
-5.230309e-005  -5.223488e-005  -5.194710e-005  -5.102362e-005  -4.726894e-005  -5.319809e-005  -5.188519e-005  -5.121381e-005  -5.066279e-005  -4.292078e-005  -4.511313e-005  -5.654759e-005  -6.410846e-005  -5.803755e-005  -5.788755e-005  -5.810651e-005  
-3.526997e-005  -3.518891e-005  -3.484709e-005  -3.389872e-005  -3.207838e-005  -3.411037e-005  -3.471944e-005  -3.536794e-005  -3.592019e-005  -3.530827e-005  -3.768703e-005  -4.284090e-005  -4.719444e-005  -4.870331e-005  -5.026811e-005  -5.083732e-005  
-1.828730e-005  -1.822477e-005  -1.793569e-005  -1.704421e-005  -1.504037e-005  -1.602889e-005  -1.750147e-005  -1.964909e-005  -2.244121e-005  -2.496279e-005  -2.772453e-005  -3.087697e-005  -3.120941e-005  -3.935604e-005  -4.288962e-005  -4.384383e-005  
-1.343764e-006  -1.330947e-006  -1.211622e-006  -5.356544e-007  3.316200e-006  2.871502e-006  5.947551e-007  -3.088529e-006  -9.772235e-006  -1.439768e-005  -1.740448e-005  -2.093710e-005  -1.320323e-005  -3.112511e-005  -3.613608e-005  -3.731311e-005  
-6.569664e-008  -1.101815e-007  -2.276334e-007  -3.104569e-007  -3.413752e-007  -5.783703e-006  -6.801945e-006  -1.021866e-005  -1.801520e-005  -2.396511e-005  -2.575679e-005  -2.305701e-005  -1.248510e-005  -2.874313e-005  -3.335343e-005  -3.445124e-005  
2.205691e-007  1.008873e-007  -3.368030e-007  -1.356132e-006  -3.232421e-006  -3.768357e-006  -4.039650e-006  -4.867698e-006  -6.138401e-006  -6.995924e-006  -7.560173e-006  -8.051249e-006  -1.018478e-005  -1.451890e-005  -1.691121e-005  -1.763189e-005  
5.784153e-007  4.073717e-007  -2.709565e-007  -2.145016e-006  -6.507641e-006  -1.890699e-006  -5.756045e-007  1.041103e-006  5.103876e-006  9.714521e-006  1.057116e-005  7.477837e-006  -7.419486e-006  -7.486719e-007  -8.600152e-007  -1.149785e-006  
2.010662e-006  1.834334e-006  1.113095e-006  -1.170210e-006  -1.131755e-005  -1.138268e-005  -5.452184e-006  -3.837276e-006  -5.868475e-006  -3.276962e-007  1.813385e-006  6.859884e-006  -5.476956e-006  4.237865e-007  1.028473e-006  9.592909e-007  
2.953126e-006  2.803257e-006  2.206253e-006  5.776283e-007  -3.250466e-006  -9.220766e-007  1.946090e-006  3.111428e-006  2.597772e-006  2.064329e-006  2.352450e-006  3.179148e-006  -2.832226e-006  2.815624e-007  9.278480e-007  9.475233e-007  
3.939288e-006  3.838213e-006  3.453552e-006  2.651326e-006  3.498749e-006  8.937854e-006  1.040001e-005  1.110120e-005  1.102740e-005  4.100250e-006  2.655449e-006  9.450498e-007  -1.441841e-006  4.234492e-007  8.997779e-007  9.402153e-007  
1.964678e-006  1.911799e-006  1.718456e-006  1.372247e-006  1.936983e-006  4.294454e-006  5.096231e-006  5.416319e-006  5.113957e-006  2.324305e-006  1.346800e-006  4.924438e-007  -6.294960e-007  1.885078e-007  4.410632e-007  4.684962e-007  
0.000000e+000  0.000000e+000  0.000000e+000  0.000000e+000  0.000000e+000  0.000000e+000  0.000000e+000  0.000000e+000  0.000000e+000  0.000000e+000  0.000000e+000  0.000000e+000  0.000000e+000  0.000000e+000  0.000000e+000  0.000000e+000  

