Port monitor named: Port2_e1.prt

nx        = 16
ny        = 25
nz        = 51

nu        = 16
nv        = 25
iu        = 1
iv        = 1

idir      = 2
dcut      = 4.666667e-003
icut      = 51
type      = 0
frequency = 1.250000e+010

fcutoff   = 0.000000e+000
alpha     = 0.000000e+000
beta      = 2.619806e+002
accuracy  = 6.041440e-014

type          = TEM
wave imp.     = 3.767303e+002
wave imp.sig. = 8.611085e-006
line imp.     = 3.945110e+002

ref. port     = 0

0.000000e+000  0.000000e+000  0.000000e+000  0.000000e+000  0.000000e+000  0.000000e+000  0.000000e+000  0.000000e+000  0.000000e+000  0.000000e+000  0.000000e+000  0.000000e+000  0.000000e+000  0.000000e+000  0.000000e+000  0.000000e+000  
2.345788e-007  3.895917e-007  -1.561641e-006  -1.260421e-005  6.126647e-005  -2.327974e-005  -1.535723e-005  -1.311076e-005  -3.440739e-005  -3.062802e-005  -4.891847e-005  1.159921e-005  -1.333888e-005  1.203234e-006  8.347146e-007  0.000000e+000  
5.014223e-007  9.955346e-007  -2.189444e-006  -3.550830e-005  1.596632e-004  -8.105076e-005  -2.827066e-005  -1.689518e-005  -7.695796e-005  -5.458946e-005  -1.170716e-004  3.392718e-005  -2.998844e-005  3.599147e-006  1.773483e-006  0.000000e+000  
8.906130e-007  2.221484e-006  1.142917e-006  -6.032374e-006  3.982661e-005  8.614889e-006  -2.023501e-005  -5.581318e-005  -7.608937e-005  -4.951033e-005  -2.847818e-005  -1.120697e-005  1.477336e-005  1.021327e-005  3.081754e-006  0.000000e+000  
1.346425e-006  3.803826e-006  5.377062e-006  1.418858e-005  -5.520638e-005  9.964523e-005  -8.027807e-006  -1.053293e-004  -9.638140e-005  -4.201843e-005  6.362967e-005  -5.671701e-005  6.328205e-005  1.712361e-005  4.278506e-006  0.000000e+000  
1.918807e-006  5.803166e-006  8.947375e-006  3.556857e-006  5.446187e-006  7.263912e-005  -1.923411e-006  -7.116031e-005  -6.075040e-005  -6.127550e-005  -1.196404e-004  3.142624e-005  6.466424e-005  2.033246e-005  5.047973e-006  0.000000e+000  
2.621029e-006  8.508755e-006  1.579687e-005  2.078525e-005  1.232093e-005  2.105976e-005  -5.404229e-007  -2.286530e-005  -2.429878e-005  -3.775244e-005  -5.370852e-005  4.065815e-006  3.917772e-005  1.801410e-005  4.879164e-006  0.000000e+000  
3.122572e-006  1.077910e-005  2.336116e-005  4.274213e-005  7.107811e-006  7.343446e-006  1.786775e-006  -1.953922e-006  2.302431e-005  -1.194197e-005  -4.196642e-005  -1.020109e-005  2.796305e-005  1.375245e-005  3.893101e-006  0.000000e+000  
3.185451e-006  1.151851e-005  2.881218e-005  8.410214e-005  -1.870486e-005  1.128909e-006  1.747983e-006  -1.558338e-005  1.271583e-004  9.351315e-006  -7.944399e-005  -2.299838e-005  3.013271e-005  8.437602e-006  2.405240e-006  0.000000e+000  
2.262706e-006  7.931911e-006  1.681648e-005  2.535829e-005  -6.795881e-006  2.426088e-005  4.042474e-005  8.146913e-005  -7.666346e-005  -5.023844e-006  5.896285e-005  -1.164978e-004  -4.092049e-005  -5.214318e-006  -1.487863e-007  0.000000e+000  
3.516970e-007  1.416263e-006  3.252540e-006  4.353781e-006  3.162561e-007  4.719444e-006  7.645620e-006  7.499896e-006  -9.697291e-006  -4.894810e-006  -1.128107e-006  -2.784984e-005  -1.467320e-005  -3.247852e-006  -3.377383e-007  0.000000e+000  
-1.845965e-006  -5.712014e-006  -9.727765e-006  -1.190482e-005  -7.794712e-006  -1.204909e-005  -1.491153e-005  -1.478710e-005  2.362092e-006  -2.347759e-006  -5.641346e-006  2.250622e-005  1.328050e-005  3.982551e-006  8.546135e-007  0.000000e+000  
-3.905431e-006  -1.272134e-005  -2.416775e-005  -3.383289e-005  -8.913483e-007  -3.137979e-005  -4.740772e-005  -8.868149e-005  6.899027e-005  -3.107027e-006  -6.712438e-005  1.095862e-004  4.084216e-005  7.398756e-006  1.169856e-006  0.000000e+000  
-5.046319e-006  -1.711302e-005  -3.784994e-005  -9.471384e-005  1.079466e-005  -7.122378e-006  -7.499699e-006  8.950651e-006  -1.352080e-004  -1.906147e-005  6.824159e-005  1.149091e-005  -2.651663e-005  -3.277195e-006  -5.059872e-007  0.000000e+000  
-5.136227e-006  -1.706164e-005  -3.430798e-005  -5.668886e-005  -1.522806e-005  -1.035667e-005  -4.904776e-006  -3.622401e-006  -3.121605e-005  9.098763e-007  2.719373e-005  -1.025326e-005  -1.742606e-005  -5.058636e-006  -1.205640e-006  0.000000e+000  
-4.712361e-006  -1.535641e-005  -2.917010e-005  -4.118702e-005  -2.154680e-005  -1.527511e-005  3.122404e-006  1.824894e-005  1.595925e-005  2.622121e-005  3.584126e-005  -4.521893e-005  -1.319796e-005  -4.779245e-006  -1.556332e-006  0.000000e+000  
-3.909492e-006  -1.266594e-005  -2.459072e-005  -3.679436e-005  -2.181642e-005  -3.718640e-005  1.541128e-005  6.254760e-005  5.147654e-005  5.211929e-005  1.088496e-004  -1.232500e-004  -2.663548e-006  -3.242276e-006  -1.880330e-006  0.000000e+000  
-3.057137e-006  -9.803686e-006  -2.086381e-005  -6.619777e-005  9.145716e-006  2.168251e-005  3.037004e-005  7.334480e-005  8.580867e-005  3.591634e-005  -2.982343e-005  -1.333183e-004  6.424368e-005  -2.350714e-006  -2.557762e-006  0.000000e+000  
-1.837810e-006  -5.112417e-006  -6.948377e-006  -5.950221e-006  -1.269264e-006  -5.863363e-006  9.592668e-006  2.807188e-005  3.459993e-005  2.870813e-005  1.789270e-005  2.473912e-006  -2.746396e-005  -1.533913e-005  -4.519087e-006  0.000000e+000  
-7.389192e-007  -8.532546e-007  6.115790e-006  5.289885e-005  -5.415565e-006  -5.780658e-005  -1.499089e-005  -1.428299e-006  -5.129020e-006  2.584892e-005  6.626949e-005  1.409274e-004  -1.295460e-004  -2.802242e-005  -6.063652e-006  0.000000e+000  
-1.467582e-007  1.042989e-006  7.921109e-006  1.811664e-005  6.116874e-005  -9.830487e-005  -7.809969e-006  6.733764e-005  5.710356e-005  1.736323e-005  -7.427400e-005  1.403680e-004  -9.067139e-005  -2.460685e-005  -5.623173e-006  0.000000e+000  
1.267685e-007  1.768997e-006  8.947458e-006  2.563771e-005  -3.453467e-005  -1.004566e-005  8.656945e-006  3.359716e-005  5.221693e-005  3.442821e-005  2.802747e-005  5.565890e-005  -2.718883e-005  -1.580571e-005  -4.280965e-006  0.000000e+000  
1.949081e-007  1.676104e-006  8.566894e-006  4.637855e-005  -1.562911e-004  7.958143e-005  2.125661e-005  4.795540e-006  6.388310e-005  4.653962e-005  1.185309e-004  -1.166480e-005  2.470918e-005  -7.020877e-006  -2.597499e-006  0.000000e+000  
1.283911e-007  9.874869e-007  4.756032e-006  1.772616e-005  -5.959651e-005  2.244652e-005  1.192905e-005  7.453921e-006  2.830813e-005  2.694846e-005  4.994498e-005  -1.676347e-006  1.123418e-005  -2.881175e-006  -1.262499e-006  0.000000e+000  
0.000000e+000  0.000000e+000  0.000000e+000  0.000000e+000  0.000000e+000  0.000000e+000  0.000000e+000  0.000000e+000  0.000000e+000  0.000000e+000  0.000000e+000  0.000000e+000  0.000000e+000  0.000000e+000  0.000000e+000  0.000000e+000  

5.958691e+003  5.958691e+003  5.958691e+003  5.958691e+003  5.958691e+003  5.958691e+003  5.958691e+003  5.958691e+003  5.958691e+003  5.958691e+003  5.958691e+003  5.958690e+003  5.958690e+003  5.958690e+003  5.958690e+003  5.958690e+003  
5.958691e+003  5.958691e+003  5.958691e+003  5.958691e+003  5.958691e+003  5.958691e+003  5.958691e+003  5.958691e+003  5.958691e+003  5.958691e+003  5.958691e+003  5.958690e+003  5.958690e+003  5.958690e+003  5.958690e+003  5.958690e+003  
5.958690e+003  5.958690e+003  5.958690e+003  5.958690e+003  5.958690e+003  5.958690e+003  5.958690e+003  5.958690e+003  5.958690e+003  5.958690e+003  5.958690e+003  5.958690e+003  5.958690e+003  5.958691e+003  5.958691e+003  5.958691e+003  
5.958690e+003  5.958690e+003  5.958690e+003  5.958690e+003  5.958690e+003  5.958690e+003  5.958690e+003  5.958690e+003  5.958690e+003  5.958690e+003  5.958690e+003  5.958690e+003  5.958690e+003  5.958691e+003  5.958691e+003  5.958691e+003  
5.958691e+003  5.958691e+003  5.958691e+003  5.958691e+003  5.958691e+003  5.958691e+003  5.958691e+003  5.958691e+003  5.958691e+003  5.958691e+003  5.958691e+003  5.958691e+003  5.958691e+003  5.958691e+003  5.958691e+003  5.958691e+003  
5.958690e+003  5.958690e+003  5.958690e+003  5.958690e+003  5.958690e+003  5.958690e+003  5.958690e+003  5.958690e+003  5.958690e+003  5.958690e+003  5.958690e+003  5.958691e+003  5.958690e+003  5.958690e+003  5.958690e+003  5.958690e+003  
5.958690e+003  5.958690e+003  5.958690e+003  5.958690e+003  5.958690e+003  5.958690e+003  5.958690e+003  5.958690e+003  5.958690e+003  5.958690e+003  5.958690e+003  5.958690e+003  5.958690e+003  5.958690e+003  5.958690e+003  5.958690e+003  
5.958690e+003  5.958690e+003  5.958690e+003  5.958690e+003  5.958690e+003  5.958690e+003  5.958690e+003  5.958690e+003  5.958690e+003  5.958690e+003  5.958690e+003  5.958690e+003  5.958690e+003  5.958690e+003  5.958690e+003  5.958690e+003  
5.958690e+003  5.958690e+003  5.958690e+003  5.958690e+003  5.958690e+003  5.958690e+003  5.958690e+003  5.958690e+003  5.958690e+003  5.958690e+003  5.958690e+003  5.958690e+003  5.958690e+003  5.958690e+003  5.958690e+003  5.958690e+003  
5.958691e+003  5.958691e+003  5.958691e+003  5.958691e+003  5.958691e+003  5.958691e+003  5.958691e+003  5.958691e+003  5.958690e+003  5.958691e+003  5.958691e+003  5.958690e+003  5.958691e+003  5.958691e+003  5.958691e+003  5.958691e+003  
5.958691e+003  5.958691e+003  5.958691e+003  5.958691e+003  5.958691e+003  5.958691e+003  5.958691e+003  5.958691e+003  5.958691e+003  5.958691e+003  5.958691e+003  5.958691e+003  5.958691e+003  5.958691e+003  5.958691e+003  5.958691e+003  
5.958691e+003  5.958691e+003  5.958691e+003  5.958691e+003  5.958691e+003  5.958691e+003  5.958691e+003  5.958691e+003  5.958690e+003  5.958691e+003  5.958691e+003  5.958690e+003  5.958691e+003  5.958691e+003  5.958691e+003  5.958691e+003  
5.958690e+003  5.958690e+003  5.958690e+003  5.958690e+003  5.958690e+003  5.958690e+003  5.958690e+003  5.958690e+003  5.958690e+003  5.958690e+003  5.958690e+003  5.958690e+003  5.958690e+003  5.958690e+003  5.958690e+003  5.958690e+003  
5.958690e+003  5.958690e+003  5.958690e+003  5.958690e+003  5.958690e+003  5.958690e+003  5.958690e+003  5.958690e+003  5.958690e+003  5.958690e+003  5.958691e+003  5.958690e+003  5.958690e+003  5.958690e+003  5.958690e+003  5.958690e+003  
5.958690e+003  5.958690e+003  5.958690e+003  5.958690e+003  5.958690e+003  5.958690e+003  5.958690e+003  5.958690e+003  5.958690e+003  5.958690e+003  5.958690e+003  5.958690e+003  5.958690e+003  5.958690e+003  5.958690e+003  5.958690e+003  
5.958690e+003  5.958690e+003  5.958690e+003  5.958690e+003  5.958690e+003  5.958690e+003  5.958690e+003  5.958690e+003  5.958690e+003  5.958690e+003  5.958690e+003  5.958691e+003  5.958690e+003  5.958690e+003  5.958690e+003  5.958690e+003  
5.958691e+003  5.958691e+003  5.958691e+003  5.958691e+003  5.958691e+003  5.958691e+003  5.958691e+003  5.958691e+003  5.958691e+003  5.958691e+003  5.958691e+003  5.958691e+003  5.958691e+003  5.958691e+003  5.958691e+003  5.958691e+003  
5.958690e+003  5.958690e+003  5.958690e+003  5.958690e+003  5.958690e+003  5.958690e+003  5.958690e+003  5.958690e+003  5.958690e+003  5.958690e+003  5.958690e+003  5.958690e+003  5.958691e+003  5.958690e+003  5.958690e+003  5.958690e+003  
5.958690e+003  5.958690e+003  5.958690e+003  5.958690e+003  5.958690e+003  5.958690e+003  5.958690e+003  5.958690e+003  5.958690e+003  5.958690e+003  5.958690e+003  5.958690e+003  5.958691e+003  5.958690e+003  5.958690e+003  5.958690e+003  
5.958691e+003  5.958691e+003  5.958691e+003  5.958691e+003  5.958691e+003  5.958691e+003  5.958691e+003  5.958691e+003  5.958691e+003  5.958691e+003  5.958691e+003  5.958691e+003  5.958691e+003  5.958691e+003  5.958691e+003  5.958691e+003  
5.958690e+003  5.958690e+003  5.958690e+003  5.958690e+003  5.958690e+003  5.958690e+003  5.958690e+003  5.958690e+003  5.958690e+003  5.958690e+003  5.958690e+003  5.958691e+003  5.958690e+003  5.958691e+003  5.958691e+003  5.958691e+003  
5.958690e+003  5.958690e+003  5.958690e+003  5.958690e+003  5.958690e+003  5.958690e+003  5.958690e+003  5.958690e+003  5.958690e+003  5.958690e+003  5.958690e+003  5.958691e+003  5.958690e+003  5.958691e+003  5.958691e+003  5.958691e+003  
5.958691e+003  5.958691e+003  5.958691e+003  5.958691e+003  5.958691e+003  5.958691e+003  5.958691e+003  5.958691e+003  5.958691e+003  5.958691e+003  5.958691e+003  5.958690e+003  5.958690e+003  5.958690e+003  5.958690e+003  5.958690e+003  
5.958691e+003  5.958691e+003  5.958691e+003  5.958691e+003  5.958691e+003  5.958691e+003  5.958691e+003  5.958691e+003  5.958691e+003  5.958691e+003  5.958691e+003  5.958690e+003  5.958690e+003  5.958690e+003  5.958690e+003  5.958690e+003  
0.000000e+000  0.000000e+000  0.000000e+000  0.000000e+000  0.000000e+000  0.000000e+000  0.000000e+000  0.000000e+000  0.000000e+000  0.000000e+000  0.000000e+000  0.000000e+000  0.000000e+000  0.000000e+000  0.000000e+000  0.000000e+000  

0.000000e+000  0.000000e+000  0.000000e+000  0.000000e+000  0.000000e+000  0.000000e+000  0.000000e+000  0.000000e+000  0.000000e+000  0.000000e+000  0.000000e+000  0.000000e+000  0.000000e+000  0.000000e+000  0.000000e+000  0.000000e+000  
0.000000e+000  0.000000e+000  0.000000e+000  0.000000e+000  0.000000e+000  0.000000e+000  0.000000e+000  0.000000e+000  0.000000e+000  0.000000e+000  0.000000e+000  0.000000e+000  0.000000e+000  0.000000e+000  0.000000e+000  0.000000e+000  
0.000000e+000  0.000000e+000  0.000000e+000  0.000000e+000  0.000000e+000  0.000000e+000  0.000000e+000  0.000000e+000  0.000000e+000  0.000000e+000  0.000000e+000  0.000000e+000  0.000000e+000  0.000000e+000  0.000000e+000  0.000000e+000  
0.000000e+000  0.000000e+000  0.000000e+000  0.000000e+000  0.000000e+000  0.000000e+000  0.000000e+000  0.000000e+000  0.000000e+000  0.000000e+000  0.000000e+000  0.000000e+000  0.000000e+000  0.000000e+000  0.000000e+000  0.000000e+000  
0.000000e+000  0.000000e+000  0.000000e+000  0.000000e+000  0.000000e+000  0.000000e+000  0.000000e+000  0.000000e+000  0.000000e+000  0.000000e+000  0.000000e+000  0.000000e+000  0.000000e+000  0.000000e+000  0.000000e+000  0.000000e+000  
0.000000e+000  0.000000e+000  0.000000e+000  0.000000e+000  0.000000e+000  0.000000e+000  0.000000e+000  0.000000e+000  0.000000e+000  0.000000e+000  0.000000e+000  0.000000e+000  0.000000e+000  0.000000e+000  0.000000e+000  0.000000e+000  
0.000000e+000  0.000000e+000  0.000000e+000  0.000000e+000  0.000000e+000  0.000000e+000  0.000000e+000  0.000000e+000  0.000000e+000  0.000000e+000  0.000000e+000  0.000000e+000  0.000000e+000  0.000000e+000  0.000000e+000  0.000000e+000  
0.000000e+000  0.000000e+000  0.000000e+000  0.000000e+000  0.000000e+000  0.000000e+000  0.000000e+000  0.000000e+000  0.000000e+000  0.000000e+000  0.000000e+000  0.000000e+000  0.000000e+000  0.000000e+000  0.000000e+000  0.000000e+000  
0.000000e+000  0.000000e+000  0.000000e+000  0.000000e+000  0.000000e+000  0.000000e+000  0.000000e+000  0.000000e+000  0.000000e+000  0.000000e+000  0.000000e+000  0.000000e+000  0.000000e+000  0.000000e+000  0.000000e+000  0.000000e+000  
0.000000e+000  0.000000e+000  0.000000e+000  0.000000e+000  0.000000e+000  0.000000e+000  0.000000e+000  0.000000e+000  0.000000e+000  0.000000e+000  0.000000e+000  0.000000e+000  0.000000e+000  0.000000e+000  0.000000e+000  0.000000e+000  
0.000000e+000  0.000000e+000  0.000000e+000  0.000000e+000  0.000000e+000  0.000000e+000  0.000000e+000  0.000000e+000  0.000000e+000  0.000000e+000  0.000000e+000  0.000000e+000  0.000000e+000  0.000000e+000  0.000000e+000  0.000000e+000  
0.000000e+000  0.000000e+000  0.000000e+000  0.000000e+000  0.000000e+000  0.000000e+000  0.000000e+000  0.000000e+000  0.000000e+000  0.000000e+000  0.000000e+000  0.000000e+000  0.000000e+000  0.000000e+000  0.000000e+000  0.000000e+000  
0.000000e+000  0.000000e+000  0.000000e+000  0.000000e+000  0.000000e+000  0.000000e+000  0.000000e+000  0.000000e+000  0.000000e+000  0.000000e+000  0.000000e+000  0.000000e+000  0.000000e+000  0.000000e+000  0.000000e+000  0.000000e+000  
0.000000e+000  0.000000e+000  0.000000e+000  0.000000e+000  0.000000e+000  0.000000e+000  0.000000e+000  0.000000e+000  0.000000e+000  0.000000e+000  0.000000e+000  0.000000e+000  0.000000e+000  0.000000e+000  0.000000e+000  0.000000e+000  
0.000000e+000  0.000000e+000  0.000000e+000  0.000000e+000  0.000000e+000  0.000000e+000  0.000000e+000  0.000000e+000  0.000000e+000  0.000000e+000  0.000000e+000  0.000000e+000  0.000000e+000  0.000000e+000  0.000000e+000  0.000000e+000  
0.000000e+000  0.000000e+000  0.000000e+000  0.000000e+000  0.000000e+000  0.000000e+000  0.000000e+000  0.000000e+000  0.000000e+000  0.000000e+000  0.000000e+000  0.000000e+000  0.000000e+000  0.000000e+000  0.000000e+000  0.000000e+000  
0.000000e+000  0.000000e+000  0.000000e+000  0.000000e+000  0.000000e+000  0.000000e+000  0.000000e+000  0.000000e+000  0.000000e+000  0.000000e+000  0.000000e+000  0.000000e+000  0.000000e+000  0.000000e+000  0.000000e+000  0.000000e+000  
0.000000e+000  0.000000e+000  0.000000e+000  0.000000e+000  0.000000e+000  0.000000e+000  0.000000e+000  0.000000e+000  0.000000e+000  0.000000e+000  0.000000e+000  0.000000e+000  0.000000e+000  0.000000e+000  0.000000e+000  0.000000e+000  
0.000000e+000  0.000000e+000  0.000000e+000  0.000000e+000  0.000000e+000  0.000000e+000  0.000000e+000  0.000000e+000  0.000000e+000  0.000000e+000  0.000000e+000  0.000000e+000  0.000000e+000  0.000000e+000  0.000000e+000  0.000000e+000  
0.000000e+000  0.000000e+000  0.000000e+000  0.000000e+000  0.000000e+000  0.000000e+000  0.000000e+000  0.000000e+000  0.000000e+000  0.000000e+000  0.000000e+000  0.000000e+000  0.000000e+000  0.000000e+000  0.000000e+000  0.000000e+000  
0.000000e+000  0.000000e+000  0.000000e+000  0.000000e+000  0.000000e+000  0.000000e+000  0.000000e+000  0.000000e+000  0.000000e+000  0.000000e+000  0.000000e+000  0.000000e+000  0.000000e+000  0.000000e+000  0.000000e+000  0.000000e+000  
0.000000e+000  0.000000e+000  0.000000e+000  0.000000e+000  0.000000e+000  0.000000e+000  0.000000e+000  0.000000e+000  0.000000e+000  0.000000e+000  0.000000e+000  0.000000e+000  0.000000e+000  0.000000e+000  0.000000e+000  0.000000e+000  
0.000000e+000  0.000000e+000  0.000000e+000  0.000000e+000  0.000000e+000  0.000000e+000  0.000000e+000  0.000000e+000  0.000000e+000  0.000000e+000  0.000000e+000  0.000000e+000  0.000000e+000  0.000000e+000  0.000000e+000  0.000000e+000  
0.000000e+000  0.000000e+000  0.000000e+000  0.000000e+000  0.000000e+000  0.000000e+000  0.000000e+000  0.000000e+000  0.000000e+000  0.000000e+000  0.000000e+000  0.000000e+000  0.000000e+000  0.000000e+000  0.000000e+000  0.000000e+000  
0.000000e+000  0.000000e+000  0.000000e+000  0.000000e+000  0.000000e+000  0.000000e+000  0.000000e+000  0.000000e+000  0.000000e+000  0.000000e+000  0.000000e+000  0.000000e+000  0.000000e+000  0.000000e+000  0.000000e+000  0.000000e+000  

0.000000e+000  0.000000e+000  0.000000e+000  0.000000e+000  0.000000e+000  0.000000e+000  0.000000e+000  0.000000e+000  0.000000e+000  0.000000e+000  0.000000e+000  0.000000e+000  0.000000e+000  0.000000e+000  0.000000e+000  0.000000e+000  
0.000000e+000  0.000000e+000  0.000000e+000  0.000000e+000  0.000000e+000  0.000000e+000  0.000000e+000  0.000000e+000  0.000000e+000  0.000000e+000  0.000000e+000  0.000000e+000  0.000000e+000  0.000000e+000  0.000000e+000  0.000000e+000  
0.000000e+000  0.000000e+000  0.000000e+000  0.000000e+000  0.000000e+000  0.000000e+000  0.000000e+000  0.000000e+000  0.000000e+000  0.000000e+000  0.000000e+000  0.000000e+000  0.000000e+000  0.000000e+000  0.000000e+000  0.000000e+000  
0.000000e+000  0.000000e+000  0.000000e+000  0.000000e+000  0.000000e+000  0.000000e+000  0.000000e+000  0.000000e+000  0.000000e+000  0.000000e+000  0.000000e+000  0.000000e+000  0.000000e+000  0.000000e+000  0.000000e+000  0.000000e+000  
0.000000e+000  0.000000e+000  0.000000e+000  0.000000e+000  0.000000e+000  0.000000e+000  0.000000e+000  0.000000e+000  0.000000e+000  0.000000e+000  0.000000e+000  0.000000e+000  0.000000e+000  0.000000e+000  0.000000e+000  0.000000e+000  
0.000000e+000  0.000000e+000  0.000000e+000  0.000000e+000  0.000000e+000  0.000000e+000  0.000000e+000  0.000000e+000  0.000000e+000  0.000000e+000  0.000000e+000  0.000000e+000  0.000000e+000  0.000000e+000  0.000000e+000  0.000000e+000  
0.000000e+000  0.000000e+000  0.000000e+000  0.000000e+000  0.000000e+000  0.000000e+000  0.000000e+000  0.000000e+000  0.000000e+000  0.000000e+000  0.000000e+000  0.000000e+000  0.000000e+000  0.000000e+000  0.000000e+000  0.000000e+000  
0.000000e+000  0.000000e+000  0.000000e+000  0.000000e+000  0.000000e+000  0.000000e+000  0.000000e+000  0.000000e+000  0.000000e+000  0.000000e+000  0.000000e+000  0.000000e+000  0.000000e+000  0.000000e+000  0.000000e+000  0.000000e+000  
0.000000e+000  0.000000e+000  0.000000e+000  0.000000e+000  0.000000e+000  0.000000e+000  0.000000e+000  0.000000e+000  0.000000e+000  0.000000e+000  0.000000e+000  0.000000e+000  0.000000e+000  0.000000e+000  0.000000e+000  0.000000e+000  
0.000000e+000  0.000000e+000  0.000000e+000  0.000000e+000  0.000000e+000  0.000000e+000  0.000000e+000  0.000000e+000  0.000000e+000  0.000000e+000  0.000000e+000  0.000000e+000  0.000000e+000  0.000000e+000  0.000000e+000  0.000000e+000  
0.000000e+000  0.000000e+000  0.000000e+000  0.000000e+000  0.000000e+000  0.000000e+000  0.000000e+000  0.000000e+000  0.000000e+000  0.000000e+000  0.000000e+000  0.000000e+000  0.000000e+000  0.000000e+000  0.000000e+000  0.000000e+000  
0.000000e+000  0.000000e+000  0.000000e+000  0.000000e+000  0.000000e+000  0.000000e+000  0.000000e+000  0.000000e+000  0.000000e+000  0.000000e+000  0.000000e+000  0.000000e+000  0.000000e+000  0.000000e+000  0.000000e+000  0.000000e+000  
0.000000e+000  0.000000e+000  0.000000e+000  0.000000e+000  0.000000e+000  0.000000e+000  0.000000e+000  0.000000e+000  0.000000e+000  0.000000e+000  0.000000e+000  0.000000e+000  0.000000e+000  0.000000e+000  0.000000e+000  0.000000e+000  
0.000000e+000  0.000000e+000  0.000000e+000  0.000000e+000  0.000000e+000  0.000000e+000  0.000000e+000  0.000000e+000  0.000000e+000  0.000000e+000  0.000000e+000  0.000000e+000  0.000000e+000  0.000000e+000  0.000000e+000  0.000000e+000  
0.000000e+000  0.000000e+000  0.000000e+000  0.000000e+000  0.000000e+000  0.000000e+000  0.000000e+000  0.000000e+000  0.000000e+000  0.000000e+000  0.000000e+000  0.000000e+000  0.000000e+000  0.000000e+000  0.000000e+000  0.000000e+000  
0.000000e+000  0.000000e+000  0.000000e+000  0.000000e+000  0.000000e+000  0.000000e+000  0.000000e+000  0.000000e+000  0.000000e+000  0.000000e+000  0.000000e+000  0.000000e+000  0.000000e+000  0.000000e+000  0.000000e+000  0.000000e+000  
0.000000e+000  0.000000e+000  0.000000e+000  0.000000e+000  0.000000e+000  0.000000e+000  0.000000e+000  0.000000e+000  0.000000e+000  0.000000e+000  0.000000e+000  0.000000e+000  0.000000e+000  0.000000e+000  0.000000e+000  0.000000e+000  
0.000000e+000  0.000000e+000  0.000000e+000  0.000000e+000  0.000000e+000  0.000000e+000  0.000000e+000  0.000000e+000  0.000000e+000  0.000000e+000  0.000000e+000  0.000000e+000  0.000000e+000  0.000000e+000  0.000000e+000  0.000000e+000  
0.000000e+000  0.000000e+000  0.000000e+000  0.000000e+000  0.000000e+000  0.000000e+000  0.000000e+000  0.000000e+000  0.000000e+000  0.000000e+000  0.000000e+000  0.000000e+000  0.000000e+000  0.000000e+000  0.000000e+000  0.000000e+000  
0.000000e+000  0.000000e+000  0.000000e+000  0.000000e+000  0.000000e+000  0.000000e+000  0.000000e+000  0.000000e+000  0.000000e+000  0.000000e+000  0.000000e+000  0.000000e+000  0.000000e+000  0.000000e+000  0.000000e+000  0.000000e+000  
0.000000e+000  0.000000e+000  0.000000e+000  0.000000e+000  0.000000e+000  0.000000e+000  0.000000e+000  0.000000e+000  0.000000e+000  0.000000e+000  0.000000e+000  0.000000e+000  0.000000e+000  0.000000e+000  0.000000e+000  0.000000e+000  
0.000000e+000  0.000000e+000  0.000000e+000  0.000000e+000  0.000000e+000  0.000000e+000  0.000000e+000  0.000000e+000  0.000000e+000  0.000000e+000  0.000000e+000  0.000000e+000  0.000000e+000  0.000000e+000  0.000000e+000  0.000000e+000  
0.000000e+000  0.000000e+000  0.000000e+000  0.000000e+000  0.000000e+000  0.000000e+000  0.000000e+000  0.000000e+000  0.000000e+000  0.000000e+000  0.000000e+000  0.000000e+000  0.000000e+000  0.000000e+000  0.000000e+000  0.000000e+000  
0.000000e+000  0.000000e+000  0.000000e+000  0.000000e+000  0.000000e+000  0.000000e+000  0.000000e+000  0.000000e+000  0.000000e+000  0.000000e+000  0.000000e+000  0.000000e+000  0.000000e+000  0.000000e+000  0.000000e+000  0.000000e+000  
0.000000e+000  0.000000e+000  0.000000e+000  0.000000e+000  0.000000e+000  0.000000e+000  0.000000e+000  0.000000e+000  0.000000e+000  0.000000e+000  0.000000e+000  0.000000e+000  0.000000e+000  0.000000e+000  0.000000e+000  0.000000e+000  

0.000000e+000  0.000000e+000  0.000000e+000  0.000000e+000  0.000000e+000  0.000000e+000  0.000000e+000  0.000000e+000  0.000000e+000  0.000000e+000  0.000000e+000  0.000000e+000  0.000000e+000  0.000000e+000  0.000000e+000  0.000000e+000  
0.000000e+000  0.000000e+000  0.000000e+000  0.000000e+000  0.000000e+000  0.000000e+000  0.000000e+000  0.000000e+000  0.000000e+000  0.000000e+000  0.000000e+000  0.000000e+000  0.000000e+000  0.000000e+000  0.000000e+000  0.000000e+000  
0.000000e+000  0.000000e+000  0.000000e+000  0.000000e+000  0.000000e+000  0.000000e+000  0.000000e+000  0.000000e+000  0.000000e+000  0.000000e+000  0.000000e+000  0.000000e+000  0.000000e+000  0.000000e+000  0.000000e+000  0.000000e+000  
0.000000e+000  0.000000e+000  0.000000e+000  0.000000e+000  0.000000e+000  0.000000e+000  0.000000e+000  0.000000e+000  0.000000e+000  0.000000e+000  0.000000e+000  0.000000e+000  0.000000e+000  0.000000e+000  0.000000e+000  0.000000e+000  
0.000000e+000  0.000000e+000  0.000000e+000  0.000000e+000  0.000000e+000  0.000000e+000  0.000000e+000  0.000000e+000  0.000000e+000  0.000000e+000  0.000000e+000  0.000000e+000  0.000000e+000  0.000000e+000  0.000000e+000  0.000000e+000  
0.000000e+000  0.000000e+000  0.000000e+000  0.000000e+000  0.000000e+000  0.000000e+000  0.000000e+000  0.000000e+000  0.000000e+000  0.000000e+000  0.000000e+000  0.000000e+000  0.000000e+000  0.000000e+000  0.000000e+000  0.000000e+000  
0.000000e+000  0.000000e+000  0.000000e+000  0.000000e+000  0.000000e+000  0.000000e+000  0.000000e+000  0.000000e+000  0.000000e+000  0.000000e+000  0.000000e+000  0.000000e+000  0.000000e+000  0.000000e+000  0.000000e+000  0.000000e+000  
0.000000e+000  0.000000e+000  0.000000e+000  0.000000e+000  0.000000e+000  0.000000e+000  0.000000e+000  0.000000e+000  0.000000e+000  0.000000e+000  0.000000e+000  0.000000e+000  0.000000e+000  0.000000e+000  0.000000e+000  0.000000e+000  
0.000000e+000  0.000000e+000  0.000000e+000  0.000000e+000  0.000000e+000  0.000000e+000  0.000000e+000  0.000000e+000  0.000000e+000  0.000000e+000  0.000000e+000  0.000000e+000  0.000000e+000  0.000000e+000  0.000000e+000  0.000000e+000  
0.000000e+000  0.000000e+000  0.000000e+000  0.000000e+000  0.000000e+000  0.000000e+000  0.000000e+000  0.000000e+000  0.000000e+000  0.000000e+000  0.000000e+000  0.000000e+000  0.000000e+000  0.000000e+000  0.000000e+000  0.000000e+000  
0.000000e+000  0.000000e+000  0.000000e+000  0.000000e+000  0.000000e+000  0.000000e+000  0.000000e+000  0.000000e+000  0.000000e+000  0.000000e+000  0.000000e+000  0.000000e+000  0.000000e+000  0.000000e+000  0.000000e+000  0.000000e+000  
0.000000e+000  0.000000e+000  0.000000e+000  0.000000e+000  0.000000e+000  0.000000e+000  0.000000e+000  0.000000e+000  0.000000e+000  0.000000e+000  0.000000e+000  0.000000e+000  0.000000e+000  0.000000e+000  0.000000e+000  0.000000e+000  
0.000000e+000  0.000000e+000  0.000000e+000  0.000000e+000  0.000000e+000  0.000000e+000  0.000000e+000  0.000000e+000  0.000000e+000  0.000000e+000  0.000000e+000  0.000000e+000  0.000000e+000  0.000000e+000  0.000000e+000  0.000000e+000  
0.000000e+000  0.000000e+000  0.000000e+000  0.000000e+000  0.000000e+000  0.000000e+000  0.000000e+000  0.000000e+000  0.000000e+000  0.000000e+000  0.000000e+000  0.000000e+000  0.000000e+000  0.000000e+000  0.000000e+000  0.000000e+000  
0.000000e+000  0.000000e+000  0.000000e+000  0.000000e+000  0.000000e+000  0.000000e+000  0.000000e+000  0.000000e+000  0.000000e+000  0.000000e+000  0.000000e+000  0.000000e+000  0.000000e+000  0.000000e+000  0.000000e+000  0.000000e+000  
0.000000e+000  0.000000e+000  0.000000e+000  0.000000e+000  0.000000e+000  0.000000e+000  0.000000e+000  0.000000e+000  0.000000e+000  0.000000e+000  0.000000e+000  0.000000e+000  0.000000e+000  0.000000e+000  0.000000e+000  0.000000e+000  
0.000000e+000  0.000000e+000  0.000000e+000  0.000000e+000  0.000000e+000  0.000000e+000  0.000000e+000  0.000000e+000  0.000000e+000  0.000000e+000  0.000000e+000  0.000000e+000  0.000000e+000  0.000000e+000  0.000000e+000  0.000000e+000  
0.000000e+000  0.000000e+000  0.000000e+000  0.000000e+000  0.000000e+000  0.000000e+000  0.000000e+000  0.000000e+000  0.000000e+000  0.000000e+000  0.000000e+000  0.000000e+000  0.000000e+000  0.000000e+000  0.000000e+000  0.000000e+000  
0.000000e+000  0.000000e+000  0.000000e+000  0.000000e+000  0.000000e+000  0.000000e+000  0.000000e+000  0.000000e+000  0.000000e+000  0.000000e+000  0.000000e+000  0.000000e+000  0.000000e+000  0.000000e+000  0.000000e+000  0.000000e+000  
0.000000e+000  0.000000e+000  0.000000e+000  0.000000e+000  0.000000e+000  0.000000e+000  0.000000e+000  0.000000e+000  0.000000e+000  0.000000e+000  0.000000e+000  0.000000e+000  0.000000e+000  0.000000e+000  0.000000e+000  0.000000e+000  
0.000000e+000  0.000000e+000  0.000000e+000  0.000000e+000  0.000000e+000  0.000000e+000  0.000000e+000  0.000000e+000  0.000000e+000  0.000000e+000  0.000000e+000  0.000000e+000  0.000000e+000  0.000000e+000  0.000000e+000  0.000000e+000  
0.000000e+000  0.000000e+000  0.000000e+000  0.000000e+000  0.000000e+000  0.000000e+000  0.000000e+000  0.000000e+000  0.000000e+000  0.000000e+000  0.000000e+000  0.000000e+000  0.000000e+000  0.000000e+000  0.000000e+000  0.000000e+000  
0.000000e+000  0.000000e+000  0.000000e+000  0.000000e+000  0.000000e+000  0.000000e+000  0.000000e+000  0.000000e+000  0.000000e+000  0.000000e+000  0.000000e+000  0.000000e+000  0.000000e+000  0.000000e+000  0.000000e+000  0.000000e+000  
0.000000e+000  0.000000e+000  0.000000e+000  0.000000e+000  0.000000e+000  0.000000e+000  0.000000e+000  0.000000e+000  0.000000e+000  0.000000e+000  0.000000e+000  0.000000e+000  0.000000e+000  0.000000e+000  0.000000e+000  0.000000e+000  
0.000000e+000  0.000000e+000  0.000000e+000  0.000000e+000  0.000000e+000  0.000000e+000  0.000000e+000  0.000000e+000  0.000000e+000  0.000000e+000  0.000000e+000  0.000000e+000  0.000000e+000  0.000000e+000  0.000000e+000  0.000000e+000  

0.000000e+000  0.000000e+000  0.000000e+000  0.000000e+000  0.000000e+000  0.000000e+000  0.000000e+000  0.000000e+000  0.000000e+000  0.000000e+000  0.000000e+000  0.000000e+000  0.000000e+000  0.000000e+000  0.000000e+000  0.000000e+000  
-2.352337e-006  -2.343680e-006  -2.305866e-006  -2.260857e-006  -3.172889e-006  -5.391772e-006  -5.934509e-006  -5.837632e-006  -5.030497e-006  -1.757769e-006  -6.180282e-007  4.242362e-008  3.204257e-007  6.752551e-007  9.881855e-007  1.084163e-006  
-4.707485e-006  -4.695305e-006  -4.613943e-006  -4.425023e-006  -6.037458e-006  -1.119875e-005  -1.214406e-005  -1.199190e-005  -1.081813e-005  -2.866967e-006  -1.097842e-006  1.973897e-007  6.417884e-007  1.349985e-006  1.997470e-006  2.181256e-006  
-4.152268e-006  -4.136003e-006  -4.014391e-006  -3.388081e-006  -1.051259e-006  -2.875587e-006  -4.964912e-006  -4.695530e-006  -2.115972e-006  2.479833e-007  5.040615e-007  -1.083264e-006  8.872607e-007  2.741458e-006  3.823710e-006  4.107408e-006  
-3.600611e-006  -3.598100e-006  -3.486457e-006  -2.607291e-006  4.853119e-006  5.832086e-006  7.426756e-007  1.167549e-006  6.927754e-006  4.278939e-006  2.906730e-006  -3.269429e-006  1.190784e-006  4.219314e-006  5.745664e-006  6.097046e-006  
-2.559621e-006  -2.585217e-006  -2.616923e-006  -2.514686e-006  -3.381897e-006  -5.799481e-006  -7.017998e-006  -6.283905e-006  -2.453000e-006  -2.700496e-006  -2.655786e-006  -6.833875e-007  -2.399558e-006  8.253342e-006  1.024350e-005  1.060864e-005  
1.409633e-005  1.402144e-005  1.377390e-005  1.320904e-005  1.174047e-005  1.074749e-005  9.982967e-006  9.762060e-006  1.011119e-005  9.522809e-006  9.996983e-006  1.194493e-005  1.357455e-005  1.762141e-005  1.865908e-005  1.884780e-005  
3.079715e-005  3.068253e-005  3.026417e-005  2.921453e-005  2.687973e-005  2.732360e-005  2.627497e-005  2.506556e-005  2.367665e-005  2.077571e-005  2.130252e-005  2.523675e-005  2.899040e-005  2.771561e-005  2.727870e-005  2.717819e-005  
4.756853e-005  4.743791e-005  4.695281e-005  4.561978e-005  4.088797e-005  4.543228e-005  4.278015e-005  4.060255e-005  3.847775e-005  2.889682e-005  2.949337e-005  3.968358e-005  4.587871e-005  3.760685e-005  3.581627e-005  3.545831e-005  
3.065189e-005  3.054405e-005  3.022134e-005  2.980951e-005  3.068878e-005  2.748327e-005  2.978633e-005  2.718158e-005  1.900252e-005  2.274729e-005  2.432736e-005  2.500319e-005  3.126727e-005  2.739451e-005  2.574673e-005  2.532034e-005  
8.434823e-006  8.356366e-006  8.121706e-006  7.749918e-006  7.322702e-006  6.405517e-006  5.962074e-006  4.933057e-006  3.501035e-006  3.240197e-006  3.206037e-006  3.234688e-006  3.999794e-006  2.698041e-006  1.790168e-006  1.500773e-006  
-1.366093e-005  -1.370556e-005  -1.386934e-005  -1.426316e-005  -1.511182e-005  -1.535437e-005  -1.591521e-005  -1.597697e-005  -1.568340e-005  -1.678909e-005  -1.805951e-005  -1.928989e-005  -2.180673e-005  -2.224718e-005  -2.254362e-005  -2.267938e-005  
-3.568272e-005  -3.567635e-005  -3.567847e-005  -3.592066e-005  -3.800633e-005  -3.603407e-005  -3.944928e-005  -3.807076e-005  -3.117229e-005  -3.643338e-005  -3.941727e-005  -4.132581e-005  -4.927464e-005  -4.727526e-005  -4.697235e-005  -4.702769e-005  
-5.230328e-005  -5.223518e-005  -5.194740e-005  -5.102437e-005  -4.726900e-005  -5.319699e-005  -5.188333e-005  -5.121355e-005  -5.066242e-005  -4.292048e-005  -4.511343e-005  -5.654885e-005  -6.410932e-005  -5.803999e-005  -5.788834e-005  -5.810745e-005  
-3.527072e-005  -3.518962e-005  -3.484697e-005  -3.389773e-005  -3.207819e-005  -3.410879e-005  -3.471873e-005  -3.536698e-005  -3.591989e-005  -3.530822e-005  -3.768701e-005  -4.284167e-005  -4.719479e-005  -4.870422e-005  -5.026815e-005  -5.083747e-005  
-1.828743e-005  -1.822505e-005  -1.793655e-005  -1.704468e-005  -1.504067e-005  -1.602799e-005  -1.750045e-005  -1.964877e-005  -2.244164e-005  -2.496242e-005  -2.772387e-005  -3.087748e-005  -3.120982e-005  -3.935523e-005  -4.288827e-005  -4.384151e-005  
-1.342865e-006  -1.331060e-006  -1.212334e-006  -5.361791e-007  3.315788e-006  2.872364e-006  5.959919e-007  -3.086993e-006  -9.772085e-006  -1.439667e-005  -1.740384e-005  -2.093624e-005  -1.320263e-005  -3.112432e-005  -3.613255e-005  -3.730985e-005  
-6.535935e-008  -1.109310e-007  -2.278208e-007  -3.115063e-007  -3.420123e-007  -5.782541e-006  -6.799996e-006  -1.021840e-005  -1.801340e-005  -2.396350e-005  -2.575507e-005  -2.305585e-005  -1.248334e-005  -2.874181e-005  -3.334924e-005  -3.444727e-005  
2.209813e-007  1.000628e-007  -3.365032e-007  -1.356525e-006  -3.232983e-006  -3.767982e-006  -4.038264e-006  -4.865337e-006  -6.137521e-006  -6.993976e-006  -7.559499e-006  -8.049938e-006  -1.018261e-005  -1.451750e-005  -1.690709e-005  -1.762724e-005  
5.781155e-007  4.075590e-007  -2.706567e-007  -2.143704e-006  -6.507078e-006  -1.890324e-006  -5.742179e-007  1.041777e-006  5.105188e-006  9.715496e-006  1.057199e-005  7.478549e-006  -7.417874e-006  -7.456738e-007  -8.572419e-007  -1.146187e-006  
2.010700e-006  1.834709e-006  1.111784e-006  -1.169535e-006  -1.131609e-005  -1.138216e-005  -5.452747e-006  -3.835028e-006  -5.867089e-006  -3.267593e-007  1.814284e-006  6.860409e-006  -5.476582e-006  4.268221e-007  1.031509e-006  9.630011e-007  
2.952789e-006  2.801870e-006  2.206103e-006  5.802891e-007  -3.250016e-006  -9.223764e-007  1.948376e-006  3.110978e-006  2.596873e-006  2.065903e-006  2.352337e-006  3.181884e-006  -2.830127e-006  2.845605e-007  9.324201e-007  9.508587e-007  
3.940262e-006  3.837801e-006  3.451379e-006  2.650989e-006  3.499386e-006  8.939616e-006  1.039941e-005  1.110116e-005  1.102868e-005  4.099725e-006  2.656910e-006  9.448999e-007  -1.441616e-006  4.237115e-007  9.039753e-007  9.432509e-007  
1.964228e-006  1.911874e-006  1.719506e-006  1.374158e-006  1.936945e-006  4.292318e-006  5.096643e-006  5.417031e-006  5.113395e-006  2.324529e-006  1.347137e-006  4.945799e-007  -6.288964e-007  1.907189e-007  4.427871e-007  4.704449e-007  
0.000000e+000  0.000000e+000  0.000000e+000  0.000000e+000  0.000000e+000  0.000000e+000  0.000000e+000  0.000000e+000  0.000000e+000  0.000000e+000  0.000000e+000  0.000000e+000  0.000000e+000  0.000000e+000  0.000000e+000  0.000000e+000  

