Unknown:
\\chips.eng.utah.edu\home\banerji\.win_desktop\Metamaterials and Advanced Antenna Theory (2017)\proj4\proj4\Result\Model.inf
\\chips.eng.utah.edu\home\banerji\.win_desktop\Metamaterials and Advanced Antenna Theory (2017)\proj4\proj4\Result\Model.log
\\chips.eng.utah.edu\home\banerji\.win_desktop\Metamaterials and Advanced Antenna Theory (2017)\proj4\proj4\Result\Model.sa
\\chips.eng.utah.edu\home\banerji\.win_desktop\Metamaterials and Advanced Antenna Theory (2017)\proj4\proj4\Result\MCalc.log
\\chips.eng.utah.edu\home\banerji\.win_desktop\Metamaterials and Advanced Antenna Theory (2017)\proj4\proj4\Result\Model.pmi
\\chips.eng.utah.edu\home\banerji\.win_desktop\Metamaterials and Advanced Antenna Theory (2017)\proj4\proj4\Result\farfield (f=f)_1.fme
\\chips.eng.utah.edu\home\banerji\.win_desktop\Metamaterials and Advanced Antenna Theory (2017)\proj4\proj4\Result\Postprocessing.log
Mesh:
\\chips.eng.utah.edu\home\banerji\.win_desktop\Metamaterials and Advanced Antenna Theory (2017)\proj4\proj4\Result\Model.mss
\\chips.eng.utah.edu\home\banerji\.win_desktop\Metamaterials and Advanced Antenna Theory (2017)\proj4\proj4\Result\Model.xcfd
\\chips.eng.utah.edu\home\banerji\.win_desktop\Metamaterials and Advanced Antenna Theory (2017)\proj4\proj4\Result\Rho.mat
\\chips.eng.utah.edu\home\banerji\.win_desktop\Metamaterials and Advanced Antenna Theory (2017)\proj4\proj4\Result\dsd.mat
\\chips.eng.utah.edu\home\banerji\.win_desktop\Metamaterials and Advanced Antenna Theory (2017)\proj4\proj4\Result\Model.ntr
\\chips.eng.utah.edu\home\banerji\.win_desktop\Metamaterials and Advanced Antenna Theory (2017)\proj4\proj4\Result\mesher_shapes.fsi
\\chips.eng.utah.edu\home\banerji\.win_desktop\Metamaterials and Advanced Antenna Theory (2017)\proj4\proj4\Result\m^fifx.mem
\\chips.eng.utah.edu\home\banerji\.win_desktop\Metamaterials and Advanced Antenna Theory (2017)\proj4\proj4\Result\Model.fmm
\\chips.eng.utah.edu\home\banerji\.win_desktop\Metamaterials and Advanced Antenna Theory (2017)\proj4\proj4\Result\m^fqq.mem
\\chips.eng.utah.edu\home\banerji\.win_desktop\Metamaterials and Advanced Antenna Theory (2017)\proj4\proj4\Result\Model.spi
\\chips.eng.utah.edu\home\banerji\.win_desktop\Metamaterials and Advanced Antenna Theory (2017)\proj4\proj4\Result\Model.fmf
\\chips.eng.utah.edu\home\banerji\.win_desktop\Metamaterials and Advanced Antenna Theory (2017)\proj4\proj4\Result\Model^PEC.fpf
\\chips.eng.utah.edu\home\banerji\.win_desktop\Metamaterials and Advanced Antenna Theory (2017)\proj4\proj4\Result\p^a.mem
\\chips.eng.utah.edu\home\banerji\.win_desktop\Metamaterials and Advanced Antenna Theory (2017)\proj4\proj4\Result\MCalc.fmp
\\chips.eng.utah.edu\home\banerji\.win_desktop\Metamaterials and Advanced Antenna Theory (2017)\proj4\proj4\Result\Model.fpc
\\chips.eng.utah.edu\home\banerji\.win_desktop\Metamaterials and Advanced Antenna Theory (2017)\proj4\proj4\Result\Model.fwf
\\chips.eng.utah.edu\home\banerji\.win_desktop\Metamaterials and Advanced Antenna Theory (2017)\proj4\proj4\Result\Meta.m2h
\\chips.eng.utah.edu\home\banerji\.win_desktop\Metamaterials and Advanced Antenna Theory (2017)\proj4\proj4\Result\HexMatrix_MCalc.m2h
\\chips.eng.utah.edu\home\banerji\.win_desktop\Metamaterials and Advanced Antenna Theory (2017)\proj4\proj4\Result\S2HMatrix.m2h
\\chips.eng.utah.edu\home\banerji\.win_desktop\Metamaterials and Advanced Antenna Theory (2017)\proj4\proj4\Result\Meta.mat
\\chips.eng.utah.edu\home\banerji\.win_desktop\Metamaterials and Advanced Antenna Theory (2017)\proj4\proj4\Result\PEC.mat
\\chips.eng.utah.edu\home\banerji\.win_desktop\Metamaterials and Advanced Antenna Theory (2017)\proj4\proj4\Result\dA.mat
\\chips.eng.utah.edu\home\banerji\.win_desktop\Metamaterials and Advanced Antenna Theory (2017)\proj4\proj4\Result\ds.mat
\\chips.eng.utah.edu\home\banerji\.win_desktop\Metamaterials and Advanced Antenna Theory (2017)\proj4\proj4\Result\dad.mat
\\chips.eng.utah.edu\home\banerji\.win_desktop\Metamaterials and Advanced Antenna Theory (2017)\proj4\proj4\Result\dsMCalc.mat
\\chips.eng.utah.edu\home\banerji\.win_desktop\Metamaterials and Advanced Antenna Theory (2017)\proj4\proj4\Result\HexMatrix.m2h
\\chips.eng.utah.edu\home\banerji\.win_desktop\Metamaterials and Advanced Antenna Theory (2017)\proj4\proj4\Result\Model.sic
\\chips.eng.utah.edu\home\banerji\.win_desktop\Metamaterials and Advanced Antenna Theory (2017)\proj4\proj4\Result\MCalc.xcfd
\\chips.eng.utah.edu\home\banerji\.win_desktop\Metamaterials and Advanced Antenna Theory (2017)\proj4\proj4\Result\p^m.mem
\\chips.eng.utah.edu\home\banerji\.win_desktop\Metamaterials and Advanced Antenna Theory (2017)\proj4\proj4\Result\Mue.mat
\\chips.eng.utah.edu\home\banerji\.win_desktop\Metamaterials and Advanced Antenna Theory (2017)\proj4\proj4\Result\Eps.mat
\\chips.eng.utah.edu\home\banerji\.win_desktop\Metamaterials and Advanced Antenna Theory (2017)\proj4\proj4\Result\Kappa.mat
\\chips.eng.utah.edu\home\banerji\.win_desktop\Metamaterials and Advanced Antenna Theory (2017)\proj4\proj4\Result\s^pm.mem
\\chips.eng.utah.edu\home\banerji\.win_desktop\Metamaterials and Advanced Antenna Theory (2017)\proj4\proj4\Result\Meshfill\Meta.d_fmf
\\chips.eng.utah.edu\home\banerji\.win_desktop\Metamaterials and Advanced Antenna Theory (2017)\proj4\proj4\Result\Meshfill\Meta.d_fpf
\\chips.eng.utah.edu\home\banerji\.win_desktop\Metamaterials and Advanced Antenna Theory (2017)\proj4\proj4\Result\Hex000\Model.spi
\\chips.eng.utah.edu\home\banerji\.win_desktop\Metamaterials and Advanced Antenna Theory (2017)\proj4\proj4\Result\Hex000\Model.fmf
\\chips.eng.utah.edu\home\banerji\.win_desktop\Metamaterials and Advanced Antenna Theory (2017)\proj4\proj4\Result\Hex000\Model^PEC.fpf
\\chips.eng.utah.edu\home\banerji\.win_desktop\Metamaterials and Advanced Antenna Theory (2017)\proj4\proj4\Result\Hex000\Model.fpc
\\chips.eng.utah.edu\home\banerji\.win_desktop\Metamaterials and Advanced Antenna Theory (2017)\proj4\proj4\Result\Hex000\Model.fwf
\\chips.eng.utah.edu\home\banerji\.win_desktop\Metamaterials and Advanced Antenna Theory (2017)\proj4\proj4\Result\Hex000\dsMCalc.mat
\\chips.eng.utah.edu\home\banerji\.win_desktop\Metamaterials and Advanced Antenna Theory (2017)\proj4\proj4\Result\Hex000\HexMatrix_MCalc.m2h
\\chips.eng.utah.edu\home\banerji\.win_desktop\Metamaterials and Advanced Antenna Theory (2017)\proj4\proj4\Result\Hex000\S2HMatrix.m2h
\\chips.eng.utah.edu\home\banerji\.win_desktop\Metamaterials and Advanced Antenna Theory (2017)\proj4\proj4\Result\Hex000\PEC.mat
\\chips.eng.utah.edu\home\banerji\.win_desktop\Metamaterials and Advanced Antenna Theory (2017)\proj4\proj4\Result\Hex000\Model.sic
\\chips.eng.utah.edu\home\banerji\.win_desktop\Metamaterials and Advanced Antenna Theory (2017)\proj4\proj4\Result\Hex000\m^fbqq.mem
\\chips.eng.utah.edu\home\banerji\.win_desktop\Metamaterials and Advanced Antenna Theory (2017)\proj4\proj4\Result\Hex000\MCalc.fmp
\\chips.eng.utah.edu\home\banerji\.win_desktop\Metamaterials and Advanced Antenna Theory (2017)\proj4\proj4\Result\Hex000\MCalc.xcfd
\\chips.eng.utah.edu\home\banerji\.win_desktop\Metamaterials and Advanced Antenna Theory (2017)\proj4\proj4\Result\Hex000\Meshfill\Model^d0.d_fmf
\\chips.eng.utah.edu\home\banerji\.win_desktop\Metamaterials and Advanced Antenna Theory (2017)\proj4\proj4\Result\Hex000\Meshfill\Model^d1.d_fmf
\\chips.eng.utah.edu\home\banerji\.win_desktop\Metamaterials and Advanced Antenna Theory (2017)\proj4\proj4\Result\Hex000\Meshfill\Model^d0^PEC.d_fpf
\\chips.eng.utah.edu\home\banerji\.win_desktop\Metamaterials and Advanced Antenna Theory (2017)\proj4\proj4\Result\Hex000\Meshfill\Model^d1^PEC.d_fpf
\\chips.eng.utah.edu\home\banerji\.win_desktop\Metamaterials and Advanced Antenna Theory (2017)\proj4\proj4\Result\Hex000\Meshfill\Model^d3^PEC.d_fpf
\\chips.eng.utah.edu\home\banerji\.win_desktop\Metamaterials and Advanced Antenna Theory (2017)\proj4\proj4\Result\Hex000\Meshfill\Model^d4^PEC.d_fpf
\\chips.eng.utah.edu\home\banerji\.win_desktop\Metamaterials and Advanced Antenna Theory (2017)\proj4\proj4\Result\Hex000\Meshfill\Model^d9^PEC.d_fpf
\\chips.eng.utah.edu\home\banerji\.win_desktop\Metamaterials and Advanced Antenna Theory (2017)\proj4\proj4\Result\Hex000\Meshfill\Model^d10^PEC.d_fpf
\\chips.eng.utah.edu\home\banerji\.win_desktop\Metamaterials and Advanced Antenna Theory (2017)\proj4\proj4\Result\Hex000\Meshfill\Model^d12^PEC.d_fpf
\\chips.eng.utah.edu\home\banerji\.win_desktop\Metamaterials and Advanced Antenna Theory (2017)\proj4\proj4\Result\Hex000\Meshfill\Model^d13^PEC.d_fpf
\\chips.eng.utah.edu\home\banerji\.win_desktop\Metamaterials and Advanced Antenna Theory (2017)\proj4\proj4\Result\Hex000\Meshfill\Model^d3.d_fmf
\\chips.eng.utah.edu\home\banerji\.win_desktop\Metamaterials and Advanced Antenna Theory (2017)\proj4\proj4\Result\Hex000\Meshfill\Model^d4.d_fmf
\\chips.eng.utah.edu\home\banerji\.win_desktop\Metamaterials and Advanced Antenna Theory (2017)\proj4\proj4\Result\Hex000\Meshfill\Model^d9.d_fmf
\\chips.eng.utah.edu\home\banerji\.win_desktop\Metamaterials and Advanced Antenna Theory (2017)\proj4\proj4\Result\Hex000\Meshfill\Model^d10.d_fmf
\\chips.eng.utah.edu\home\banerji\.win_desktop\Metamaterials and Advanced Antenna Theory (2017)\proj4\proj4\Result\Hex000\Meshfill\Model^d12.d_fmf
\\chips.eng.utah.edu\home\banerji\.win_desktop\Metamaterials and Advanced Antenna Theory (2017)\proj4\proj4\Result\Hex000\Meshfill\Model^d13.d_fmf
\\chips.eng.utah.edu\home\banerji\.win_desktop\Metamaterials and Advanced Antenna Theory (2017)\proj4\proj4\Result\Hex001\Model.spi
\\chips.eng.utah.edu\home\banerji\.win_desktop\Metamaterials and Advanced Antenna Theory (2017)\proj4\proj4\Result\Hex001\Model.fmf
\\chips.eng.utah.edu\home\banerji\.win_desktop\Metamaterials and Advanced Antenna Theory (2017)\proj4\proj4\Result\Hex001\Model^PEC.fpf
\\chips.eng.utah.edu\home\banerji\.win_desktop\Metamaterials and Advanced Antenna Theory (2017)\proj4\proj4\Result\Hex001\Model.fpc
\\chips.eng.utah.edu\home\banerji\.win_desktop\Metamaterials and Advanced Antenna Theory (2017)\proj4\proj4\Result\Hex001\Model.fwf
\\chips.eng.utah.edu\home\banerji\.win_desktop\Metamaterials and Advanced Antenna Theory (2017)\proj4\proj4\Result\Hex001\dsMCalc.mat
\\chips.eng.utah.edu\home\banerji\.win_desktop\Metamaterials and Advanced Antenna Theory (2017)\proj4\proj4\Result\Hex001\HexMatrix_MCalc.m2h
\\chips.eng.utah.edu\home\banerji\.win_desktop\Metamaterials and Advanced Antenna Theory (2017)\proj4\proj4\Result\Hex001\S2HMatrix.m2h
\\chips.eng.utah.edu\home\banerji\.win_desktop\Metamaterials and Advanced Antenna Theory (2017)\proj4\proj4\Result\Hex001\PEC.mat
\\chips.eng.utah.edu\home\banerji\.win_desktop\Metamaterials and Advanced Antenna Theory (2017)\proj4\proj4\Result\Hex001\Model.sic
\\chips.eng.utah.edu\home\banerji\.win_desktop\Metamaterials and Advanced Antenna Theory (2017)\proj4\proj4\Result\Hex001\m^fbqq.mem
\\chips.eng.utah.edu\home\banerji\.win_desktop\Metamaterials and Advanced Antenna Theory (2017)\proj4\proj4\Result\Hex001\MCalc.fmp
\\chips.eng.utah.edu\home\banerji\.win_desktop\Metamaterials and Advanced Antenna Theory (2017)\proj4\proj4\Result\Hex001\MCalc.xcfd
\\chips.eng.utah.edu\home\banerji\.win_desktop\Metamaterials and Advanced Antenna Theory (2017)\proj4\proj4\Result\Hex001\Meshfill\Model^d1^PEC.d_fpf
\\chips.eng.utah.edu\home\banerji\.win_desktop\Metamaterials and Advanced Antenna Theory (2017)\proj4\proj4\Result\Hex001\Meshfill\Model^d2^PEC.d_fpf
\\chips.eng.utah.edu\home\banerji\.win_desktop\Metamaterials and Advanced Antenna Theory (2017)\proj4\proj4\Result\Hex001\Meshfill\Model^d4^PEC.d_fpf
\\chips.eng.utah.edu\home\banerji\.win_desktop\Metamaterials and Advanced Antenna Theory (2017)\proj4\proj4\Result\Hex001\Meshfill\Model^d5^PEC.d_fpf
\\chips.eng.utah.edu\home\banerji\.win_desktop\Metamaterials and Advanced Antenna Theory (2017)\proj4\proj4\Result\Hex001\Meshfill\Model^d10^PEC.d_fpf
\\chips.eng.utah.edu\home\banerji\.win_desktop\Metamaterials and Advanced Antenna Theory (2017)\proj4\proj4\Result\Hex001\Meshfill\Model^d11^PEC.d_fpf
\\chips.eng.utah.edu\home\banerji\.win_desktop\Metamaterials and Advanced Antenna Theory (2017)\proj4\proj4\Result\Hex001\Meshfill\Model^d13^PEC.d_fpf
\\chips.eng.utah.edu\home\banerji\.win_desktop\Metamaterials and Advanced Antenna Theory (2017)\proj4\proj4\Result\Hex001\Meshfill\Model^d14^PEC.d_fpf
\\chips.eng.utah.edu\home\banerji\.win_desktop\Metamaterials and Advanced Antenna Theory (2017)\proj4\proj4\Result\Hex001\Meshfill\Model^d1.d_fmf
\\chips.eng.utah.edu\home\banerji\.win_desktop\Metamaterials and Advanced Antenna Theory (2017)\proj4\proj4\Result\Hex001\Meshfill\Model^d2.d_fmf
\\chips.eng.utah.edu\home\banerji\.win_desktop\Metamaterials and Advanced Antenna Theory (2017)\proj4\proj4\Result\Hex001\Meshfill\Model^d4.d_fmf
\\chips.eng.utah.edu\home\banerji\.win_desktop\Metamaterials and Advanced Antenna Theory (2017)\proj4\proj4\Result\Hex001\Meshfill\Model^d5.d_fmf
\\chips.eng.utah.edu\home\banerji\.win_desktop\Metamaterials and Advanced Antenna Theory (2017)\proj4\proj4\Result\Hex001\Meshfill\Model^d10.d_fmf
\\chips.eng.utah.edu\home\banerji\.win_desktop\Metamaterials and Advanced Antenna Theory (2017)\proj4\proj4\Result\Hex001\Meshfill\Model^d11.d_fmf
\\chips.eng.utah.edu\home\banerji\.win_desktop\Metamaterials and Advanced Antenna Theory (2017)\proj4\proj4\Result\Hex001\Meshfill\Model^d13.d_fmf
\\chips.eng.utah.edu\home\banerji\.win_desktop\Metamaterials and Advanced Antenna Theory (2017)\proj4\proj4\Result\Hex001\Meshfill\Model^d14.d_fmf
\\chips.eng.utah.edu\home\banerji\.win_desktop\Metamaterials and Advanced Antenna Theory (2017)\proj4\proj4\Result\Hex002\Model.spi
\\chips.eng.utah.edu\home\banerji\.win_desktop\Metamaterials and Advanced Antenna Theory (2017)\proj4\proj4\Result\Hex002\Model.fmf
\\chips.eng.utah.edu\home\banerji\.win_desktop\Metamaterials and Advanced Antenna Theory (2017)\proj4\proj4\Result\Hex002\Model^PEC.fpf
\\chips.eng.utah.edu\home\banerji\.win_desktop\Metamaterials and Advanced Antenna Theory (2017)\proj4\proj4\Result\Hex002\Model.fpc
\\chips.eng.utah.edu\home\banerji\.win_desktop\Metamaterials and Advanced Antenna Theory (2017)\proj4\proj4\Result\Hex002\Model.fwf
\\chips.eng.utah.edu\home\banerji\.win_desktop\Metamaterials and Advanced Antenna Theory (2017)\proj4\proj4\Result\Hex002\dsMCalc.mat
\\chips.eng.utah.edu\home\banerji\.win_desktop\Metamaterials and Advanced Antenna Theory (2017)\proj4\proj4\Result\Hex002\HexMatrix_MCalc.m2h
\\chips.eng.utah.edu\home\banerji\.win_desktop\Metamaterials and Advanced Antenna Theory (2017)\proj4\proj4\Result\Hex002\S2HMatrix.m2h
\\chips.eng.utah.edu\home\banerji\.win_desktop\Metamaterials and Advanced Antenna Theory (2017)\proj4\proj4\Result\Hex002\PEC.mat
\\chips.eng.utah.edu\home\banerji\.win_desktop\Metamaterials and Advanced Antenna Theory (2017)\proj4\proj4\Result\Hex002\Model.sic
\\chips.eng.utah.edu\home\banerji\.win_desktop\Metamaterials and Advanced Antenna Theory (2017)\proj4\proj4\Result\Hex002\m^fbqq.mem
\\chips.eng.utah.edu\home\banerji\.win_desktop\Metamaterials and Advanced Antenna Theory (2017)\proj4\proj4\Result\Hex002\MCalc.fmp
\\chips.eng.utah.edu\home\banerji\.win_desktop\Metamaterials and Advanced Antenna Theory (2017)\proj4\proj4\Result\Hex002\MCalc.xcfd
\\chips.eng.utah.edu\home\banerji\.win_desktop\Metamaterials and Advanced Antenna Theory (2017)\proj4\proj4\Result\Hex002\Meshfill\Model^d3^PEC.d_fpf
\\chips.eng.utah.edu\home\banerji\.win_desktop\Metamaterials and Advanced Antenna Theory (2017)\proj4\proj4\Result\Hex002\Meshfill\Model^d4^PEC.d_fpf
\\chips.eng.utah.edu\home\banerji\.win_desktop\Metamaterials and Advanced Antenna Theory (2017)\proj4\proj4\Result\Hex002\Meshfill\Model^d6^PEC.d_fpf
\\chips.eng.utah.edu\home\banerji\.win_desktop\Metamaterials and Advanced Antenna Theory (2017)\proj4\proj4\Result\Hex002\Meshfill\Model^d7^PEC.d_fpf
\\chips.eng.utah.edu\home\banerji\.win_desktop\Metamaterials and Advanced Antenna Theory (2017)\proj4\proj4\Result\Hex002\Meshfill\Model^d12^PEC.d_fpf
\\chips.eng.utah.edu\home\banerji\.win_desktop\Metamaterials and Advanced Antenna Theory (2017)\proj4\proj4\Result\Hex002\Meshfill\Model^d13^PEC.d_fpf
\\chips.eng.utah.edu\home\banerji\.win_desktop\Metamaterials and Advanced Antenna Theory (2017)\proj4\proj4\Result\Hex002\Meshfill\Model^d15^PEC.d_fpf
\\chips.eng.utah.edu\home\banerji\.win_desktop\Metamaterials and Advanced Antenna Theory (2017)\proj4\proj4\Result\Hex002\Meshfill\Model^d16^PEC.d_fpf
\\chips.eng.utah.edu\home\banerji\.win_desktop\Metamaterials and Advanced Antenna Theory (2017)\proj4\proj4\Result\Hex002\Meshfill\Model^d3.d_fmf
\\chips.eng.utah.edu\home\banerji\.win_desktop\Metamaterials and Advanced Antenna Theory (2017)\proj4\proj4\Result\Hex002\Meshfill\Model^d4.d_fmf
\\chips.eng.utah.edu\home\banerji\.win_desktop\Metamaterials and Advanced Antenna Theory (2017)\proj4\proj4\Result\Hex002\Meshfill\Model^d6.d_fmf
\\chips.eng.utah.edu\home\banerji\.win_desktop\Metamaterials and Advanced Antenna Theory (2017)\proj4\proj4\Result\Hex002\Meshfill\Model^d7.d_fmf
\\chips.eng.utah.edu\home\banerji\.win_desktop\Metamaterials and Advanced Antenna Theory (2017)\proj4\proj4\Result\Hex002\Meshfill\Model^d12.d_fmf
\\chips.eng.utah.edu\home\banerji\.win_desktop\Metamaterials and Advanced Antenna Theory (2017)\proj4\proj4\Result\Hex002\Meshfill\Model^d13.d_fmf
\\chips.eng.utah.edu\home\banerji\.win_desktop\Metamaterials and Advanced Antenna Theory (2017)\proj4\proj4\Result\Hex002\Meshfill\Model^d15.d_fmf
\\chips.eng.utah.edu\home\banerji\.win_desktop\Metamaterials and Advanced Antenna Theory (2017)\proj4\proj4\Result\Hex002\Meshfill\Model^d16.d_fmf
\\chips.eng.utah.edu\home\banerji\.win_desktop\Metamaterials and Advanced Antenna Theory (2017)\proj4\proj4\Result\Hex003\Model.spi
\\chips.eng.utah.edu\home\banerji\.win_desktop\Metamaterials and Advanced Antenna Theory (2017)\proj4\proj4\Result\Hex003\Model.fmf
\\chips.eng.utah.edu\home\banerji\.win_desktop\Metamaterials and Advanced Antenna Theory (2017)\proj4\proj4\Result\Hex003\Model.fpc
\\chips.eng.utah.edu\home\banerji\.win_desktop\Metamaterials and Advanced Antenna Theory (2017)\proj4\proj4\Result\Hex003\Model^PEC.fpf
\\chips.eng.utah.edu\home\banerji\.win_desktop\Metamaterials and Advanced Antenna Theory (2017)\proj4\proj4\Result\Hex003\Model.fwf
\\chips.eng.utah.edu\home\banerji\.win_desktop\Metamaterials and Advanced Antenna Theory (2017)\proj4\proj4\Result\Hex003\dsMCalc.mat
\\chips.eng.utah.edu\home\banerji\.win_desktop\Metamaterials and Advanced Antenna Theory (2017)\proj4\proj4\Result\Hex003\HexMatrix_MCalc.m2h
\\chips.eng.utah.edu\home\banerji\.win_desktop\Metamaterials and Advanced Antenna Theory (2017)\proj4\proj4\Result\Hex003\S2HMatrix.m2h
\\chips.eng.utah.edu\home\banerji\.win_desktop\Metamaterials and Advanced Antenna Theory (2017)\proj4\proj4\Result\Hex003\PEC.mat
\\chips.eng.utah.edu\home\banerji\.win_desktop\Metamaterials and Advanced Antenna Theory (2017)\proj4\proj4\Result\Hex003\Model.sic
\\chips.eng.utah.edu\home\banerji\.win_desktop\Metamaterials and Advanced Antenna Theory (2017)\proj4\proj4\Result\Hex003\m^fbqq.mem
\\chips.eng.utah.edu\home\banerji\.win_desktop\Metamaterials and Advanced Antenna Theory (2017)\proj4\proj4\Result\Hex003\MCalc.fmp
\\chips.eng.utah.edu\home\banerji\.win_desktop\Metamaterials and Advanced Antenna Theory (2017)\proj4\proj4\Result\Hex003\MCalc.xcfd
\\chips.eng.utah.edu\home\banerji\.win_desktop\Metamaterials and Advanced Antenna Theory (2017)\proj4\proj4\Result\Hex003\Meshfill\Model^d4^PEC.d_fpf
\\chips.eng.utah.edu\home\banerji\.win_desktop\Metamaterials and Advanced Antenna Theory (2017)\proj4\proj4\Result\Hex003\Meshfill\Model^d5^PEC.d_fpf
\\chips.eng.utah.edu\home\banerji\.win_desktop\Metamaterials and Advanced Antenna Theory (2017)\proj4\proj4\Result\Hex003\Meshfill\Model^d7^PEC.d_fpf
\\chips.eng.utah.edu\home\banerji\.win_desktop\Metamaterials and Advanced Antenna Theory (2017)\proj4\proj4\Result\Hex003\Meshfill\Model^d8^PEC.d_fpf
\\chips.eng.utah.edu\home\banerji\.win_desktop\Metamaterials and Advanced Antenna Theory (2017)\proj4\proj4\Result\Hex003\Meshfill\Model^d13^PEC.d_fpf
\\chips.eng.utah.edu\home\banerji\.win_desktop\Metamaterials and Advanced Antenna Theory (2017)\proj4\proj4\Result\Hex003\Meshfill\Model^d14^PEC.d_fpf
\\chips.eng.utah.edu\home\banerji\.win_desktop\Metamaterials and Advanced Antenna Theory (2017)\proj4\proj4\Result\Hex003\Meshfill\Model^d16^PEC.d_fpf
\\chips.eng.utah.edu\home\banerji\.win_desktop\Metamaterials and Advanced Antenna Theory (2017)\proj4\proj4\Result\Hex003\Meshfill\Model^d17^PEC.d_fpf
\\chips.eng.utah.edu\home\banerji\.win_desktop\Metamaterials and Advanced Antenna Theory (2017)\proj4\proj4\Result\Hex003\Meshfill\Model^d4.d_fmf
\\chips.eng.utah.edu\home\banerji\.win_desktop\Metamaterials and Advanced Antenna Theory (2017)\proj4\proj4\Result\Hex003\Meshfill\Model^d5.d_fmf
\\chips.eng.utah.edu\home\banerji\.win_desktop\Metamaterials and Advanced Antenna Theory (2017)\proj4\proj4\Result\Hex003\Meshfill\Model^d7.d_fmf
\\chips.eng.utah.edu\home\banerji\.win_desktop\Metamaterials and Advanced Antenna Theory (2017)\proj4\proj4\Result\Hex003\Meshfill\Model^d8.d_fmf
\\chips.eng.utah.edu\home\banerji\.win_desktop\Metamaterials and Advanced Antenna Theory (2017)\proj4\proj4\Result\Hex003\Meshfill\Model^d13.d_fmf
\\chips.eng.utah.edu\home\banerji\.win_desktop\Metamaterials and Advanced Antenna Theory (2017)\proj4\proj4\Result\Hex003\Meshfill\Model^d14.d_fmf
\\chips.eng.utah.edu\home\banerji\.win_desktop\Metamaterials and Advanced Antenna Theory (2017)\proj4\proj4\Result\Hex003\Meshfill\Model^d16.d_fmf
\\chips.eng.utah.edu\home\banerji\.win_desktop\Metamaterials and Advanced Antenna Theory (2017)\proj4\proj4\Result\Hex003\Meshfill\Model^d17.d_fmf
