*** Warning ***

This software is licensed for educational purposes only.

--------------------------------------------------------------------------------
Build version: 2016.7 Release from 2016-11-11 (change 480100)

Starting adaptive port meshing.

--------------------------------------------------------------------------------
Mode calculation for port 1:

--------------------------------------------------------------------------------

--------------------------------------------------------------------------------

--------------------------------------------------------------------------------
*** Warning ***

Waveguide port 1 touches transversal open boundary! This may lead to inaccurate
results. Please check your structure.

--------------------------------------------------------------------------------
Port mode solver: Detected dispersive material(s) at port 1. 
Using a constant approximation of dispersive material(s) at 20 GHz and
neglecting loss terms. 

--------------------------------------------------------------------------------
  -------------------------------- F-Calc 20 ---------------------------------
  Port   Mode   Type        Z-Wave        Z-Wave-Sigma  Z-Line        F-Cutoff
  1      1      QTEM        241           5.64e-008     55            ---
  ----------------------------------------------------------------------------

*** Warning ***

Some higher order propagating modes at port 1 are not considered in time domain
calculation. This possibly leads to an inaccurate energy balance. Consider to
increase the number of modes or decrease the upper frequency limit. More...

--------------------------------------------------------------------------------
Pass 1 successfully completed. 

--------------------------------------------------------------------------------

--------------------------------------------------------------------------------
  -------------------------------- F-Calc 20 ---------------------------------
  Port   Mode   Type        Z-Wave        Z-Wave-Sigma  Z-Line        F-Cutoff
  1      1      QTEM        270           24.1          55.1          ---
  ----------------------------------------------------------------------------

Pass 2 successfully completed. Delta (Line Imp.): 0.160676%

--------------------------------------------------------------------------------

--------------------------------------------------------------------------------
  -------------------------------- F-Calc 20 ---------------------------------
  Port   Mode   Type        Z-Wave        Z-Wave-Sigma  Z-Line        F-Cutoff
  1      1      QTEM        294           7.77e-011     55.1          ---
  ----------------------------------------------------------------------------

Pass 3 successfully completed. Delta (Line Imp.): 0.059620%
Mode calculation for port 2:

--------------------------------------------------------------------------------

--------------------------------------------------------------------------------

--------------------------------------------------------------------------------
*** Warning ***

Waveguide port 2 touches transversal open boundary! This may lead to inaccurate
results. Please check your structure.

--------------------------------------------------------------------------------
Port mode solver: Detected dispersive material(s) at port 2. 
Using a constant approximation of dispersive material(s) at 20 GHz and
neglecting loss terms. 

--------------------------------------------------------------------------------
  -------------------------------- F-Calc 20 ---------------------------------
  Port   Mode   Type        Z-Wave        Z-Wave-Sigma  Z-Line        F-Cutoff
  2      1      QTEM        241           5.64e-008     55            ---
  ----------------------------------------------------------------------------

*** Warning ***

Some higher order propagating modes at port 2 are not considered in time domain
calculation. This possibly leads to an inaccurate energy balance. Consider to
increase the number of modes or decrease the upper frequency limit. More...

--------------------------------------------------------------------------------
Pass 1 successfully completed. 

--------------------------------------------------------------------------------

--------------------------------------------------------------------------------
  -------------------------------- F-Calc 20 ---------------------------------
  Port   Mode   Type        Z-Wave        Z-Wave-Sigma  Z-Line        F-Cutoff
  2      1      QTEM        270           24.1          55.1          ---
  ----------------------------------------------------------------------------

Pass 2 successfully completed. Delta (Line Imp.): 0.160676%

--------------------------------------------------------------------------------

--------------------------------------------------------------------------------
  -------------------------------- F-Calc 20 ---------------------------------
  Port   Mode   Type        Z-Wave        Z-Wave-Sigma  Z-Line        F-Cutoff
  2      1      QTEM        294           3.90e-012     55.1          ---
  ----------------------------------------------------------------------------

Pass 3 successfully completed. Delta (Line Imp.): 0.059620%
Adaptive port meshing finished. 

--------------------------------------------------------------------------------

Solver started at: 03:57 PM Tuesday, 21. November 2017

  Module:  Time Domain: S-Parameter (Win 64)
  Version: 2016.7 Release from 2016-11-11 (change 480100)


--------------------------------------------------------------------------------

--------------------------------------------------------------------------------
======================================================================
 Solver cycle: 1
======================================================================

Stimulation at port 1 (mode 1) 


--------------------------------------------------------------------------------
Units settings: 

  Dimensions: mm
  Frequency:  GHz
  Time:       ns

--------------------------------------------------------------------------------
Mesh statistics:

   Hexahedral mesh type: FPBA [accuracy enhancement is enabled]

   Parallelization type: domain decomposition
      Number of parallel working threads: 2
      Number of calculation domains used: 2

   Used point accuracy enhancement value: 75.00%.
   PBA fill limit: 99.00% (inverse)


--------------------------------------------------------------------------------
*** Warning ***

Waveguide port 1 touches transversal open boundary! This may lead to inaccurate
results. Please check your structure.

--------------------------------------------------------------------------------
*** Warning ***

Waveguide port 2 touches transversal open boundary! This may lead to inaccurate
results. Please check your structure.

--------------------------------------------------------------------------------
Port mode solver: Detected dispersive material(s) at port 1, 2. 
Using a constant approximation of dispersive material(s) at 20 GHz and
neglecting loss terms. 

--------------------------------------------------------------------------------
Boundary conditions: 

  YZsymmetry: none
  XZsymmetry: none
  XYsymmetry: none

  Xmin: expanded open, 4 Layer, depth 1.77094 mm
  Xmax: expanded open, 4 Layer, depth 1.77094 mm

  Ymin: expanded open, 4 Layer, depth 1.78798 mm
  Ymax: expanded open, 4 Layer, depth 1.78901 mm

  Zmin: open, 4 Layer, depth 1.1427 mm
  Zmax: open, 4 Layer, depth 1.1427 mm

  PML-Type: Convolution PML

--------------------------------------------------------------------------------
Frequency settings: 

  Fmin:         0
  Fmax:         40
  Nfsteps(lin): 1001

--------------------------------------------------------------------------------
Waveguide boundaries:

Port: 1

  -------------------------------- F-Calc 20 ---------------------------------
  Port   Mode   Type        Z-Wave        Z-Wave-Sigma  Z-Line        F-Cutoff
  1      1      QTEM        241           5.64e-008     55.1          ---
  ----------------------------------------------------------------------------

Port: 2

  -------------------------------- F-Calc 20 ---------------------------------
  Port   Mode   Type        Z-Wave        Z-Wave-Sigma  Z-Line        F-Cutoff
  2      1      QTEM        241           1.74e-007     55.1          ---
  ----------------------------------------------------------------------------

*** Warning ***

Some higher order propagating modes at port 1 are not considered in time domain
calculation. This possibly leads to an inaccurate energy balance. Consider to
increase the number of modes or decrease the upper frequency limit. More...

--------------------------------------------------------------------------------
*** Warning ***

Some higher order propagating modes at port 2 are not considered in time domain
calculation. This possibly leads to an inaccurate energy balance. Consider to
increase the number of modes or decrease the upper frequency limit. More...

--------------------------------------------------------------------------------
Field update statistics:

  Number of components in total: 	466264
  Number of lossy metal components:	8840
  Number of disp. elements:		37342

Subcycling state:      Automatically deactivated

--------------------------------------------------------------------------------

--------------------------------------------------------------------------------

--------------------------------------------------------------------------------
Steady state energy criterion met, solver finished successfully.

--------------------------------------------------------------------------------
Frequency domain results normalized to default signal.

--------------------------------------------------------------------------------

  ----------------------------------------------------------------------------
                      Peak memory used (kB)         Free physical memory (kB) 
                                                    At begin     Minimum      
  ----------------------------------------------------------------------------
  Matrices calc.      134332                        10865448     10745312     
  Solver run total    302580                        10900180     10635880     
  ----------------------------------------------------------------------------

--------------------------------------------------------------------------------
Solver Statistics:

  Hardware:
     Computer name:                 	ECELAB23 

     Number of CPU threads:             4
     Hardware info:                  	Hardware acceleration not activated

  Number of mesh cells:             	74871
  Excitation duration:              	8.88637187e-002 ns 
  Calculation time for excitation:  	1      	s
  Number of calculated pulse widths:	6.19834 
  Steady state accuracy limit:      	-40	dB 
  Simulated number of time steps:   	1178   
  Maximum number of time steps:     	3801   
  Time step width:
     without subcycles:             	4.67578754e-004 ns
     used:                          	4.67578754e-004 ns

  Matrix calculation time:          	68     	s
  Solver setup time:                	5      	s
  Solver loop time:                 	5      	s
  Solver post processing time:      	1      	s
                                    	------------
  Total solver time:                	79     	s  ( = 0 h, 1 m, 19 s )

--------------------------------------------------------------------------------

  Adaptive port meshing time:       	66     	s  ( = 0 h, 1 m, 6 s )
  Total solver time (all cycles):   	80     	s  ( = 0 h, 1 m, 20 s )
                                    	------------
  Total simulation time:            	146    	s  ( = 0 h, 2 m, 26 s )

--------------------------------------------------------------------------------
Solver finished at: 03:58 PM Tuesday, 21. November 2017


--------------------------------------------------------------------------------
Creating parametric 1D results for Run ID 1

--------------------------------------------------------------------------------
